ARM GAS  C:\Users\Brian\AppData\Local\Temp\ccXHxdti.s 			page 1


   1              		.syntax unified
   2              		.cpu cortex-m3
   3              		.fpu softvfp
   4              		.eabi_attribute 20, 1
   5              		.eabi_attribute 21, 1
   6              		.eabi_attribute 23, 3
   7              		.eabi_attribute 24, 1
   8              		.eabi_attribute 25, 1
   9              		.eabi_attribute 26, 1
  10              		.eabi_attribute 30, 6
  11              		.eabi_attribute 34, 1
  12              		.eabi_attribute 18, 4
  13              		.thumb
  14              		.file	"cymetadata.c"
  15              		.text
  16              	.Ltext0:
  17              		.cfi_sections	.debug_frame
  18              		.global	cy_meta_configecc
  19              		.section	.cyconfigecc,"a",%progbits
  20              		.align	2
  21              		.type	cy_meta_configecc, %object
  22              		.size	cy_meta_configecc, 656
  23              	cy_meta_configecc:
  24 0000 04       		.byte	4
  25 0001 52       		.byte	82
  26 0002 00       		.byte	0
  27 0003 40       		.byte	64
  28 0004 01       		.byte	1
  29 0005 64       		.byte	100
  30 0006 00       		.byte	0
  31 0007 40       		.byte	64
  32 0008 02       		.byte	2
  33 0009 05       		.byte	5
  34 000a 01       		.byte	1
  35 000b 40       		.byte	64
  36 000c 02       		.byte	2
  37 000d 09       		.byte	9
  38 000e 01       		.byte	1
  39 000f 40       		.byte	64
  40 0010 37       		.byte	55
  41 0011 0A       		.byte	10
  42 0012 01       		.byte	1
  43 0013 40       		.byte	64
  44 0014 3D       		.byte	61
  45 0015 0B       		.byte	11
  46 0016 01       		.byte	1
  47 0017 40       		.byte	64
  48 0018 30       		.byte	48
  49 0019 0D       		.byte	13
  50 001a 01       		.byte	1
  51 001b 40       		.byte	64
  52 001c 03       		.byte	3
  53 001d 40       		.byte	64
  54 001e 01       		.byte	1
  55 001f 40       		.byte	64
  56 0020 02       		.byte	2
  57 0021 41       		.byte	65
ARM GAS  C:\Users\Brian\AppData\Local\Temp\ccXHxdti.s 			page 2


  58 0022 01       		.byte	1
  59 0023 40       		.byte	64
  60 0024 06       		.byte	6
  61 0025 42       		.byte	66
  62 0026 01       		.byte	1
  63 0027 40       		.byte	64
  64 0028 0C       		.byte	12
  65 0029 44       		.byte	68
  66 002a 01       		.byte	1
  67 002b 40       		.byte	64
  68 002c 09       		.byte	9
  69 002d 45       		.byte	69
  70 002e 01       		.byte	1
  71 002f 40       		.byte	64
  72 0030 0B       		.byte	11
  73 0031 46       		.byte	70
  74 0032 01       		.byte	1
  75 0033 40       		.byte	64
  76 0034 01       		.byte	1
  77 0035 47       		.byte	71
  78 0036 01       		.byte	1
  79 0037 40       		.byte	64
  80 0038 03       		.byte	3
  81 0039 50       		.byte	80
  82 003a 01       		.byte	1
  83 003b 40       		.byte	64
  84 003c 01       		.byte	1
  85 003d 51       		.byte	81
  86 003e 01       		.byte	1
  87 003f 40       		.byte	64
  88 0040 30       		.byte	48
  89 0041 94       		.byte	-108
  90 0042 31       		.byte	49
  91 0043 88       		.byte	-120
  92 0044 34       		.byte	52
  93 0045 40       		.byte	64
  94 0046 60       		.byte	96
  95 0047 40       		.byte	64
  96 0048 8D       		.byte	-115
  97 0049 0F       		.byte	15
  98 004a E2       		.byte	-30
  99 004b 04       		.byte	4
 100 004c E6       		.byte	-26
 101 004d 08       		.byte	8
 102 004e AF       		.byte	-81
 103 004f 10       		.byte	16
 104 0050 E8       		.byte	-24
 105 0051 08       		.byte	8
 106 0052 00       		.byte	0
 107 0053 8D       		.byte	-115
 108 0054 04       		.byte	4
 109 0055 62       		.byte	98
 110 0056 05       		.byte	5
 111 0057 4A       		.byte	74
 112 0058 06       		.byte	6
 113 0059 14       		.byte	20
 114 005a 07       		.byte	7
ARM GAS  C:\Users\Brian\AppData\Local\Temp\ccXHxdti.s 			page 3


 115 005b 35       		.byte	53
 116 005c 09       		.byte	9
 117 005d 07       		.byte	7
 118 005e 0C       		.byte	12
 119 005f 0D       		.byte	13
 120 0060 0E       		.byte	14
 121 0061 80       		.byte	-128
 122 0062 10       		.byte	16
 123 0063 02       		.byte	2
 124 0064 12       		.byte	18
 125 0065 0D       		.byte	13
 126 0066 14       		.byte	20
 127 0067 11       		.byte	17
 128 0068 15       		.byte	21
 129 0069 29       		.byte	41
 130 006a 16       		.byte	22
 131 006b 22       		.byte	34
 132 006c 17       		.byte	23
 133 006d 42       		.byte	66
 134 006e 18       		.byte	24
 135 006f 40       		.byte	64
 136 0070 1B       		.byte	27
 137 0071 10       		.byte	16
 138 0072 1C       		.byte	28
 139 0073 42       		.byte	66
 140 0074 1E       		.byte	30
 141 0075 08       		.byte	8
 142 0076 20       		.byte	32
 143 0077 8D       		.byte	-115
 144 0078 24       		.byte	36
 145 0079 8D       		.byte	-115
 146 007a 28       		.byte	40
 147 007b 8D       		.byte	-115
 148 007c 2D       		.byte	45
 149 007d 02       		.byte	2
 150 007e 2E       		.byte	46
 151 007f 80       		.byte	-128
 152 0080 2F       		.byte	47
 153 0081 7C       		.byte	124
 154 0082 30       		.byte	48
 155 0083 0F       		.byte	15
 156 0084 32       		.byte	50
 157 0085 80       		.byte	-128
 158 0086 33       		.byte	51
 159 0087 0F       		.byte	15
 160 0088 35       		.byte	53
 161 0089 30       		.byte	48
 162 008a 36       		.byte	54
 163 008b 70       		.byte	112
 164 008c 37       		.byte	55
 165 008d 40       		.byte	64
 166 008e 39       		.byte	57
 167 008f 08       		.byte	8
 168 0090 3A       		.byte	58
 169 0091 82       		.byte	-126
 170 0092 3E       		.byte	62
 171 0093 04       		.byte	4
ARM GAS  C:\Users\Brian\AppData\Local\Temp\ccXHxdti.s 			page 4


 172 0094 3F       		.byte	63
 173 0095 40       		.byte	64
 174 0096 54       		.byte	84
 175 0097 09       		.byte	9
 176 0098 56       		.byte	86
 177 0099 04       		.byte	4
 178 009a 58       		.byte	88
 179 009b 04       		.byte	4
 180 009c 59       		.byte	89
 181 009d 04       		.byte	4
 182 009e 5B       		.byte	91
 183 009f 04       		.byte	4
 184 00a0 5F       		.byte	95
 185 00a1 01       		.byte	1
 186 00a2 84       		.byte	-124
 187 00a3 05       		.byte	5
 188 00a4 86       		.byte	-122
 189 00a5 0A       		.byte	10
 190 00a6 8C       		.byte	-116
 191 00a7 09       		.byte	9
 192 00a8 8E       		.byte	-114
 193 00a9 06       		.byte	6
 194 00aa 90       		.byte	-112
 195 00ab 02       		.byte	2
 196 00ac 92       		.byte	-110
 197 00ad 0D       		.byte	13
 198 00ae 94       		.byte	-108
 199 00af 03       		.byte	3
 200 00b0 96       		.byte	-106
 201 00b1 0C       		.byte	12
 202 00b2 B0       		.byte	-80
 203 00b3 0F       		.byte	15
 204 00b4 BA       		.byte	-70
 205 00b5 02       		.byte	2
 206 00b6 D4       		.byte	-44
 207 00b7 40       		.byte	64
 208 00b8 D6       		.byte	-42
 209 00b9 04       		.byte	4
 210 00ba D8       		.byte	-40
 211 00bb 04       		.byte	4
 212 00bc DB       		.byte	-37
 213 00bd 04       		.byte	4
 214 00be DF       		.byte	-33
 215 00bf 01       		.byte	1
 216 00c0 00       		.byte	0
 217 00c1 04       		.byte	4
 218 00c2 01       		.byte	1
 219 00c3 41       		.byte	65
 220 00c4 04       		.byte	4
 221 00c5 04       		.byte	4
 222 00c6 05       		.byte	5
 223 00c7 40       		.byte	64
 224 00c8 08       		.byte	8
 225 00c9 10       		.byte	16
 226 00ca 09       		.byte	9
 227 00cb 08       		.byte	8
 228 00cc 0A       		.byte	10
ARM GAS  C:\Users\Brian\AppData\Local\Temp\ccXHxdti.s 			page 5


 229 00cd 41       		.byte	65
 230 00ce 0B       		.byte	11
 231 00cf 08       		.byte	8
 232 00d0 0D       		.byte	13
 233 00d1 08       		.byte	8
 234 00d2 0E       		.byte	14
 235 00d3 80       		.byte	-128
 236 00d4 10       		.byte	16
 237 00d5 0B       		.byte	11
 238 00d6 11       		.byte	17
 239 00d7 04       		.byte	4
 240 00d8 13       		.byte	19
 241 00d9 02       		.byte	2
 242 00da 19       		.byte	25
 243 00db 48       		.byte	72
 244 00dc 1A       		.byte	26
 245 00dd 41       		.byte	65
 246 00de 1C       		.byte	28
 247 00df 40       		.byte	64
 248 00e0 1E       		.byte	30
 249 00e1 80       		.byte	-128
 250 00e2 21       		.byte	33
 251 00e3 20       		.byte	32
 252 00e4 22       		.byte	34
 253 00e5 40       		.byte	64
 254 00e6 23       		.byte	35
 255 00e7 10       		.byte	16
 256 00e8 29       		.byte	41
 257 00e9 40       		.byte	64
 258 00ea 31       		.byte	49
 259 00eb 28       		.byte	40
 260 00ec 38       		.byte	56
 261 00ed 04       		.byte	4
 262 00ee 3B       		.byte	59
 263 00ef 10       		.byte	16
 264 00f0 58       		.byte	88
 265 00f1 10       		.byte	16
 266 00f2 59       		.byte	89
 267 00f3 05       		.byte	5
 268 00f4 5A       		.byte	90
 269 00f5 80       		.byte	-128
 270 00f6 62       		.byte	98
 271 00f7 80       		.byte	-128
 272 00f8 63       		.byte	99
 273 00f9 80       		.byte	-128
 274 00fa 64       		.byte	100
 275 00fb 01       		.byte	1
 276 00fc 65       		.byte	101
 277 00fd 08       		.byte	8
 278 00fe 66       		.byte	102
 279 00ff 12       		.byte	18
 280 0100 68       		.byte	104
 281 0101 01       		.byte	1
 282 0102 69       		.byte	105
 283 0103 10       		.byte	16
 284 0104 6B       		.byte	107
 285 0105 10       		.byte	16
ARM GAS  C:\Users\Brian\AppData\Local\Temp\ccXHxdti.s 			page 6


 286 0106 83       		.byte	-125
 287 0107 40       		.byte	64
 288 0108 86       		.byte	-122
 289 0109 02       		.byte	2
 290 010a 89       		.byte	-119
 291 010b 30       		.byte	48
 292 010c 8F       		.byte	-113
 293 010d 10       		.byte	16
 294 010e 90       		.byte	-112
 295 010f 04       		.byte	4
 296 0110 91       		.byte	-111
 297 0111 45       		.byte	69
 298 0112 93       		.byte	-109
 299 0113 08       		.byte	8
 300 0114 94       		.byte	-108
 301 0115 40       		.byte	64
 302 0116 99       		.byte	-103
 303 0117 05       		.byte	5
 304 0118 9A       		.byte	-102
 305 0119 10       		.byte	16
 306 011a 9B       		.byte	-101
 307 011b 02       		.byte	2
 308 011c 9D       		.byte	-99
 309 011d 40       		.byte	64
 310 011e A0       		.byte	-96
 311 011f 0A       		.byte	10
 312 0120 A1       		.byte	-95
 313 0121 08       		.byte	8
 314 0122 A2       		.byte	-94
 315 0123 80       		.byte	-128
 316 0124 A4       		.byte	-92
 317 0125 01       		.byte	1
 318 0126 B2       		.byte	-78
 319 0127 84       		.byte	-124
 320 0128 B4       		.byte	-76
 321 0129 10       		.byte	16
 322 012a C0       		.byte	-64
 323 012b AD       		.byte	-83
 324 012c C2       		.byte	-62
 325 012d 3F       		.byte	63
 326 012e C4       		.byte	-60
 327 012f 0F       		.byte	15
 328 0130 CA       		.byte	-54
 329 0131 08       		.byte	8
 330 0132 CC       		.byte	-52
 331 0133 06       		.byte	6
 332 0134 CE       		.byte	-50
 333 0135 06       		.byte	6
 334 0136 D6       		.byte	-42
 335 0137 0F       		.byte	15
 336 0138 D8       		.byte	-40
 337 0139 F9       		.byte	-7
 338 013a 00       		.byte	0
 339 013b 94       		.byte	-108
 340 013c 01       		.byte	1
 341 013d 01       		.byte	1
 342 013e 08       		.byte	8
ARM GAS  C:\Users\Brian\AppData\Local\Temp\ccXHxdti.s 			page 7


 343 013f 01       		.byte	1
 344 0140 09       		.byte	9
 345 0141 08       		.byte	8
 346 0142 0A       		.byte	10
 347 0143 02       		.byte	2
 348 0144 10       		.byte	16
 349 0145 08       		.byte	8
 350 0146 11       		.byte	17
 351 0147 44       		.byte	68
 352 0148 13       		.byte	19
 353 0149 02       		.byte	2
 354 014a 18       		.byte	24
 355 014b 10       		.byte	16
 356 014c 19       		.byte	25
 357 014d 01       		.byte	1
 358 014e 1A       		.byte	26
 359 014f 48       		.byte	72
 360 0150 20       		.byte	32
 361 0151 04       		.byte	4
 362 0152 21       		.byte	33
 363 0153 28       		.byte	40
 364 0154 22       		.byte	34
 365 0155 01       		.byte	1
 366 0156 28       		.byte	40
 367 0157 01       		.byte	1
 368 0158 29       		.byte	41
 369 0159 40       		.byte	64
 370 015a 2A       		.byte	42
 371 015b 02       		.byte	2
 372 015c 2B       		.byte	43
 373 015d 08       		.byte	8
 374 015e 31       		.byte	49
 375 015f 28       		.byte	40
 376 0160 32       		.byte	50
 377 0161 01       		.byte	1
 378 0162 33       		.byte	51
 379 0163 40       		.byte	64
 380 0164 39       		.byte	57
 381 0165 54       		.byte	84
 382 0166 40       		.byte	64
 383 0167 04       		.byte	4
 384 0168 41       		.byte	65
 385 0169 08       		.byte	8
 386 016a 42       		.byte	66
 387 016b 40       		.byte	64
 388 016c 48       		.byte	72
 389 016d 44       		.byte	68
 390 016e 49       		.byte	73
 391 016f 44       		.byte	68
 392 0170 50       		.byte	80
 393 0171 02       		.byte	2
 394 0172 52       		.byte	82
 395 0173 10       		.byte	16
 396 0174 53       		.byte	83
 397 0175 0C       		.byte	12
 398 0176 60       		.byte	96
 399 0177 40       		.byte	64
ARM GAS  C:\Users\Brian\AppData\Local\Temp\ccXHxdti.s 			page 8


 400 0178 68       		.byte	104
 401 0179 08       		.byte	8
 402 017a 69       		.byte	105
 403 017b 55       		.byte	85
 404 017c 6B       		.byte	107
 405 017d 40       		.byte	64
 406 017e 72       		.byte	114
 407 017f 02       		.byte	2
 408 0180 73       		.byte	115
 409 0181 02       		.byte	2
 410 0182 88       		.byte	-120
 411 0183 01       		.byte	1
 412 0184 A0       		.byte	-96
 413 0185 04       		.byte	4
 414 0186 B0       		.byte	-80
 415 0187 04       		.byte	4
 416 0188 C0       		.byte	-64
 417 0189 0F       		.byte	15
 418 018a C2       		.byte	-62
 419 018b 0D       		.byte	13
 420 018c C4       		.byte	-60
 421 018d 0F       		.byte	15
 422 018e CA       		.byte	-54
 423 018f 0D       		.byte	13
 424 0190 CC       		.byte	-52
 425 0191 0F       		.byte	15
 426 0192 CE       		.byte	-50
 427 0193 0E       		.byte	14
 428 0194 D0       		.byte	-48
 429 0195 07       		.byte	7
 430 0196 D2       		.byte	-46
 431 0197 0C       		.byte	12
 432 0198 D8       		.byte	-40
 433 0199 01       		.byte	1
 434 019a 33       		.byte	51
 435 019b 80       		.byte	-128
 436 019c 35       		.byte	53
 437 019d 80       		.byte	-128
 438 019e CC       		.byte	-52
 439 019f 30       		.byte	48
 440 01a0 9D       		.byte	-99
 441 01a1 80       		.byte	-128
 442 01a2 A7       		.byte	-89
 443 01a3 80       		.byte	-128
 444 01a4 81       		.byte	-127
 445 01a5 80       		.byte	-128
 446 01a6 87       		.byte	-121
 447 01a7 80       		.byte	-128
 448 01a8 9D       		.byte	-99
 449 01a9 80       		.byte	-128
 450 01aa A7       		.byte	-89
 451 01ab 80       		.byte	-128
 452 01ac E2       		.byte	-30
 453 01ad 20       		.byte	32
 454 01ae E6       		.byte	-26
 455 01af 10       		.byte	16
 456 01b0 08       		.byte	8
ARM GAS  C:\Users\Brian\AppData\Local\Temp\ccXHxdti.s 			page 9


 457 01b1 10       		.byte	16
 458 01b2 57       		.byte	87
 459 01b3 40       		.byte	64
 460 01b4 58       		.byte	88
 461 01b5 20       		.byte	32
 462 01b6 5B       		.byte	91
 463 01b7 02       		.byte	2
 464 01b8 5C       		.byte	92
 465 01b9 08       		.byte	8
 466 01ba 67       		.byte	103
 467 01bb 80       		.byte	-128
 468 01bc 74       		.byte	116
 469 01bd 02       		.byte	2
 470 01be C2       		.byte	-62
 471 01bf 02       		.byte	2
 472 01c0 D4       		.byte	-44
 473 01c1 03       		.byte	3
 474 01c2 D6       		.byte	-42
 475 01c3 03       		.byte	3
 476 01c4 D8       		.byte	-40
 477 01c5 01       		.byte	1
 478 01c6 DE       		.byte	-34
 479 01c7 04       		.byte	4
 480 01c8 88       		.byte	-120
 481 01c9 08       		.byte	8
 482 01ca 97       		.byte	-105
 483 01cb 80       		.byte	-128
 484 01cc 9C       		.byte	-100
 485 01cd 28       		.byte	40
 486 01ce 9F       		.byte	-97
 487 01cf 02       		.byte	2
 488 01d0 A4       		.byte	-92
 489 01d1 02       		.byte	2
 490 01d2 A7       		.byte	-89
 491 01d3 40       		.byte	64
 492 01d4 B0       		.byte	-80
 493 01d5 10       		.byte	16
 494 01d6 E0       		.byte	-32
 495 01d7 01       		.byte	1
 496 01d8 EA       		.byte	-22
 497 01d9 04       		.byte	4
 498 01da 88       		.byte	-120
 499 01db 20       		.byte	32
 500 01dc 8B       		.byte	-117
 501 01dd 40       		.byte	64
 502 01de 8F       		.byte	-113
 503 01df 40       		.byte	64
 504 01e0 97       		.byte	-105
 505 01e1 80       		.byte	-128
 506 01e2 9C       		.byte	-100
 507 01e3 20       		.byte	32
 508 01e4 A4       		.byte	-92
 509 01e5 02       		.byte	2
 510 01e6 A7       		.byte	-89
 511 01e7 40       		.byte	64
 512 01e8 B7       		.byte	-73
 513 01e9 02       		.byte	2
ARM GAS  C:\Users\Brian\AppData\Local\Temp\ccXHxdti.s 			page 10


 514 01ea E0       		.byte	-32
 515 01eb 01       		.byte	1
 516 01ec E4       		.byte	-28
 517 01ed 03       		.byte	3
 518 01ee E8       		.byte	-24
 519 01ef 08       		.byte	8
 520 01f0 AC       		.byte	-84
 521 01f1 02       		.byte	2
 522 01f2 00       		.byte	0
 523 01f3 01       		.byte	1
 524 01f4 0C       		.byte	12
 525 01f5 01       		.byte	1
 526 01f6 0E       		.byte	14
 527 01f7 01       		.byte	1
 528 01f8 00       		.byte	0
 529 01f9 0F       		.byte	15
 530 01fa 00       		.byte	0
 531 01fb 00       		.byte	0
 532 01fc 84       		.byte	-124
 533 01fd 00       		.byte	0
 534 01fe 00       		.byte	0
 535 01ff 00       		.byte	0
 536 0200 0A       		.byte	10
 537 0201 92       		.byte	-110
 538 0202 10       		.byte	16
 539 0203 04       		.byte	4
 540 0204 01       		.byte	1
 541 0205 04       		.byte	4
 542 0206 00       		.byte	0
 543 0207 92       		.byte	-110
 544 0208 60       		.byte	96
 545 0209 92       		.byte	-110
 546 020a 00       		.byte	0
 547 020b 04       		.byte	4
 548 020c 56       		.byte	86
 549 020d 32       		.byte	50
 550 020e 09       		.byte	9
 551 020f C0       		.byte	-64
 552 0210 07       		.byte	7
 553 0211 07       		.byte	7
 554 0212 38       		.byte	56
 555 0213 68       		.byte	104
 556 0214 00       		.byte	0
 557 0215 21       		.byte	33
 558 0216 00       		.byte	0
 559 0217 D2       		.byte	-46
 560 0218 04       		.byte	4
 561 0219 96       		.byte	-106
 562 021a 00       		.byte	0
 563 021b 00       		.byte	0
 564 021c 84       		.byte	-124
 565 021d 96       		.byte	-106
 566 021e 00       		.byte	0
 567 021f 00       		.byte	0
 568 0220 84       		.byte	-124
 569 0221 00       		.byte	0
 570 0222 00       		.byte	0
ARM GAS  C:\Users\Brian\AppData\Local\Temp\ccXHxdti.s 			page 11


 571 0223 00       		.byte	0
 572 0224 80       		.byte	-128
 573 0225 04       		.byte	4
 574 0226 04       		.byte	4
 575 0227 00       		.byte	0
 576 0228 04       		.byte	4
 577 0229 FA       		.byte	-6
 578 022a 80       		.byte	-128
 579 022b 05       		.byte	5
 580 022c 80       		.byte	-128
 581 022d E0       		.byte	-32
 582 022e 7F       		.byte	127
 583 022f 07       		.byte	7
 584 0230 02       		.byte	2
 585 0231 1D       		.byte	29
 586 0232 00       		.byte	0
 587 0233 00       		.byte	0
 588 0234 08       		.byte	8
 589 0235 00       		.byte	0
 590 0236 00       		.byte	0
 591 0237 22       		.byte	34
 592 0238 00       		.byte	0
 593 0239 00       		.byte	0
 594 023a 11       		.byte	17
 595 023b 00       		.byte	0
 596 023c 25       		.byte	37
 597 023d 03       		.byte	3
 598 023e 40       		.byte	64
 599 023f 00       		.byte	0
 600 0240 06       		.byte	6
 601 0241 BE       		.byte	-66
 602 0242 F0       		.byte	-16
 603 0243 DC       		.byte	-36
 604 0244 3B       		.byte	59
 605 0245 FF       		.byte	-1
 606 0246 FF       		.byte	-1
 607 0247 FF       		.byte	-1
 608 0248 22       		.byte	34
 609 0249 00       		.byte	0
 610 024a F0       		.byte	-16
 611 024b 08       		.byte	8
 612 024c 04       		.byte	4
 613 024d 00       		.byte	0
 614 024e 00       		.byte	0
 615 024f 00       		.byte	0
 616 0250 00       		.byte	0
 617 0251 00       		.byte	0
 618 0252 02       		.byte	2
 619 0253 2C       		.byte	44
 620 0254 04       		.byte	4
 621 0255 04       		.byte	4
 622 0256 04       		.byte	4
 623 0257 04       		.byte	4
 624 0258 00       		.byte	0
 625 0259 00       		.byte	0
 626 025a 00       		.byte	0
 627 025b 01       		.byte	1
ARM GAS  C:\Users\Brian\AppData\Local\Temp\ccXHxdti.s 			page 12


 628 025c 00       		.byte	0
 629 025d 00       		.byte	0
 630 025e C0       		.byte	-64
 631 025f 00       		.byte	0
 632 0260 40       		.byte	64
 633 0261 01       		.byte	1
 634 0262 10       		.byte	16
 635 0263 11       		.byte	17
 636 0264 C0       		.byte	-64
 637 0265 01       		.byte	1
 638 0266 00       		.byte	0
 639 0267 11       		.byte	17
 640 0268 40       		.byte	64
 641 0269 01       		.byte	1
 642 026a 40       		.byte	64
 643 026b 01       		.byte	1
 644 026c 00       		.byte	0
 645 026d 00       		.byte	0
 646 026e 00       		.byte	0
 647 026f 00       		.byte	0
 648 0270 00       		.byte	0
 649 0271 00       		.byte	0
 650 0272 00       		.byte	0
 651 0273 00       		.byte	0
 652 0274 00       		.byte	0
 653 0275 00       		.byte	0
 654 0276 00       		.byte	0
 655 0277 00       		.byte	0
 656 0278 00       		.byte	0
 657 0279 00       		.byte	0
 658 027a 00       		.byte	0
 659 027b 00       		.byte	0
 660 027c 00       		.byte	0
 661 027d 40       		.byte	64
 662 027e 40       		.byte	64
 663 027f 00       		.byte	0
 664 0280 40       		.byte	64
 665 0281 00       		.byte	0
 666 0282 00       		.byte	0
 667 0283 00       		.byte	0
 668 0284 04       		.byte	4
 669 0285 00       		.byte	0
 670 0286 40       		.byte	64
 671 0287 BC       		.byte	-68
 672 0288 BC       		.byte	-68
 673 0289 00       		.byte	0
 674 028a BC       		.byte	-68
 675 028b 00       		.byte	0
 676 028c 00       		.byte	0
 677 028d 00       		.byte	0
 678 028e 00       		.byte	0
 679 028f 00       		.byte	0
 680              		.global	cy_meta_custnvl
 681              		.section	.cycustnvl,"a",%progbits
 682              		.align	2
 683              		.type	cy_meta_custnvl, %object
 684              		.size	cy_meta_custnvl, 4
ARM GAS  C:\Users\Brian\AppData\Local\Temp\ccXHxdti.s 			page 13


 685              	cy_meta_custnvl:
 686 0000 00       		.byte	0
 687 0001 00       		.byte	0
 688 0002 40       		.byte	64
 689 0003 05       		.byte	5
 690              		.global	cy_meta_wonvl
 691              		.section	.cywolatch,"a",%progbits
 692              		.align	2
 693              		.type	cy_meta_wonvl, %object
 694              		.size	cy_meta_wonvl, 4
 695              	cy_meta_wonvl:
 696 0000 BC       		.byte	-68
 697 0001 90       		.byte	-112
 698 0002 AC       		.byte	-84
 699 0003 AF       		.byte	-81
 700              		.global	cy_meta_flashprotect
 701              		.section	.cyflashprotect,"a",%progbits
 702              		.align	2
 703              		.type	cy_meta_flashprotect, %object
 704              		.size	cy_meta_flashprotect, 256
 705              	cy_meta_flashprotect:
 706 0000 00000000 		.space	256
 706      00000000 
 706      00000000 
 706      00000000 
 706      00000000 
 707              		.global	cy_metadata
 708              		.section	.cymeta,"a",%progbits
 709              		.align	2
 710              		.type	cy_metadata, %object
 711              		.size	cy_metadata, 12
 712              	cy_metadata:
 713 0000 00       		.byte	0
 714 0001 01       		.byte	1
 715 0002 2E       		.byte	46
 716 0003 12       		.byte	18
 717 0004 30       		.byte	48
 718 0005 69       		.byte	105
 719 0006 00       		.byte	0
 720 0007 01       		.byte	1
 721 0008 00       		.byte	0
 722 0009 00       		.byte	0
 723 000a 00       		.byte	0
 724 000b 00       		.byte	0
 725              		.text
 726              	.Letext0:
 727              		.file 1 ".\\Generated_Source\\PSoC5\\cymetadata.c"
 728              		.file 2 ".\\Generated_Source\\PSoC5\\cytypes.h"
 729              		.section	.debug_info,"",%progbits
 730              	.Ldebug_info0:
 731 0000 3B010000 		.4byte	0x13b
 732 0004 0200     		.2byte	0x2
 733 0006 00000000 		.4byte	.Ldebug_abbrev0
 734 000a 04       		.byte	0x4
 735 000b 01       		.uleb128 0x1
 736 000c 62010000 		.4byte	.LASF18
 737 0010 01       		.byte	0x1
ARM GAS  C:\Users\Brian\AppData\Local\Temp\ccXHxdti.s 			page 14


 738 0011 5B000000 		.4byte	.LASF19
 739 0015 00000000 		.4byte	.LASF20
 740 0019 00000000 		.4byte	.Ldebug_line0
 741 001d 02       		.uleb128 0x2
 742 001e 01       		.byte	0x1
 743 001f 06       		.byte	0x6
 744 0020 B4010000 		.4byte	.LASF0
 745 0024 02       		.uleb128 0x2
 746 0025 01       		.byte	0x1
 747 0026 08       		.byte	0x8
 748 0027 93000000 		.4byte	.LASF1
 749 002b 02       		.uleb128 0x2
 750 002c 02       		.byte	0x2
 751 002d 05       		.byte	0x5
 752 002e 52010000 		.4byte	.LASF2
 753 0032 02       		.uleb128 0x2
 754 0033 02       		.byte	0x2
 755 0034 07       		.byte	0x7
 756 0035 B3000000 		.4byte	.LASF3
 757 0039 02       		.uleb128 0x2
 758 003a 04       		.byte	0x4
 759 003b 05       		.byte	0x5
 760 003c AB010000 		.4byte	.LASF4
 761 0040 02       		.uleb128 0x2
 762 0041 04       		.byte	0x4
 763 0042 07       		.byte	0x7
 764 0043 A1000000 		.4byte	.LASF5
 765 0047 02       		.uleb128 0x2
 766 0048 08       		.byte	0x8
 767 0049 05       		.byte	0x5
 768 004a 3F010000 		.4byte	.LASF6
 769 004e 02       		.uleb128 0x2
 770 004f 08       		.byte	0x8
 771 0050 07       		.byte	0x7
 772 0051 FC000000 		.4byte	.LASF7
 773 0055 03       		.uleb128 0x3
 774 0056 04       		.byte	0x4
 775 0057 05       		.byte	0x5
 776 0058 696E7400 		.ascii	"int\000"
 777 005c 02       		.uleb128 0x2
 778 005d 04       		.byte	0x4
 779 005e 07       		.byte	0x7
 780 005f EF000000 		.4byte	.LASF8
 781 0063 04       		.uleb128 0x4
 782 0064 5C010000 		.4byte	.LASF21
 783 0068 02       		.byte	0x2
 784 0069 5B       		.byte	0x5b
 785 006a 24000000 		.4byte	0x24
 786 006e 02       		.uleb128 0x2
 787 006f 04       		.byte	0x4
 788 0070 04       		.byte	0x4
 789 0071 8D000000 		.4byte	.LASF9
 790 0075 02       		.uleb128 0x2
 791 0076 08       		.byte	0x8
 792 0077 04       		.byte	0x4
 793 0078 C6000000 		.4byte	.LASF10
 794 007c 02       		.uleb128 0x2
ARM GAS  C:\Users\Brian\AppData\Local\Temp\ccXHxdti.s 			page 15


 795 007d 01       		.byte	0x1
 796 007e 08       		.byte	0x8
 797 007f 4D010000 		.4byte	.LASF11
 798 0083 05       		.uleb128 0x5
 799 0084 63000000 		.4byte	0x63
 800 0088 94000000 		.4byte	0x94
 801 008c 06       		.uleb128 0x6
 802 008d 94000000 		.4byte	0x94
 803 0091 8F02     		.2byte	0x28f
 804 0093 00       		.byte	0
 805 0094 02       		.uleb128 0x2
 806 0095 04       		.byte	0x4
 807 0096 07       		.byte	0x7
 808 0097 36010000 		.4byte	.LASF12
 809 009b 07       		.uleb128 0x7
 810 009c DD000000 		.4byte	.LASF13
 811 00a0 01       		.byte	0x1
 812 00a1 1C       		.byte	0x1c
 813 00a2 AD000000 		.4byte	0xad
 814 00a6 01       		.byte	0x1
 815 00a7 05       		.byte	0x5
 816 00a8 03       		.byte	0x3
 817 00a9 00000000 		.4byte	cy_meta_configecc
 818 00ad 08       		.uleb128 0x8
 819 00ae 83000000 		.4byte	0x83
 820 00b2 05       		.uleb128 0x5
 821 00b3 63000000 		.4byte	0x63
 822 00b7 C2000000 		.4byte	0xc2
 823 00bb 09       		.uleb128 0x9
 824 00bc 94000000 		.4byte	0x94
 825 00c0 03       		.byte	0x3
 826 00c1 00       		.byte	0
 827 00c2 07       		.uleb128 0x7
 828 00c3 CD000000 		.4byte	.LASF14
 829 00c7 01       		.byte	0x1
 830 00c8 78       		.byte	0x78
 831 00c9 D4000000 		.4byte	0xd4
 832 00cd 01       		.byte	0x1
 833 00ce 05       		.byte	0x5
 834 00cf 03       		.byte	0x3
 835 00d0 00000000 		.4byte	cy_meta_custnvl
 836 00d4 08       		.uleb128 0x8
 837 00d5 B2000000 		.4byte	0xb2
 838 00d9 07       		.uleb128 0x7
 839 00da 28010000 		.4byte	.LASF15
 840 00de 01       		.byte	0x1
 841 00df 83       		.byte	0x83
 842 00e0 EB000000 		.4byte	0xeb
 843 00e4 01       		.byte	0x1
 844 00e5 05       		.byte	0x5
 845 00e6 03       		.byte	0x3
 846 00e7 00000000 		.4byte	cy_meta_wonvl
 847 00eb 08       		.uleb128 0x8
 848 00ec B2000000 		.4byte	0xb2
 849 00f0 05       		.uleb128 0x5
 850 00f1 63000000 		.4byte	0x63
 851 00f5 00010000 		.4byte	0x100
ARM GAS  C:\Users\Brian\AppData\Local\Temp\ccXHxdti.s 			page 16


 852 00f9 09       		.uleb128 0x9
 853 00fa 94000000 		.4byte	0x94
 854 00fe FF       		.byte	0xff
 855 00ff 00       		.byte	0
 856 0100 07       		.uleb128 0x7
 857 0101 13010000 		.4byte	.LASF16
 858 0105 01       		.byte	0x1
 859 0106 8E       		.byte	0x8e
 860 0107 12010000 		.4byte	0x112
 861 010b 01       		.byte	0x1
 862 010c 05       		.byte	0x5
 863 010d 03       		.byte	0x3
 864 010e 00000000 		.4byte	cy_meta_flashprotect
 865 0112 08       		.uleb128 0x8
 866 0113 F0000000 		.4byte	0xf0
 867 0117 05       		.uleb128 0x5
 868 0118 63000000 		.4byte	0x63
 869 011c 27010000 		.4byte	0x127
 870 0120 09       		.uleb128 0x9
 871 0121 94000000 		.4byte	0x94
 872 0125 0B       		.byte	0xb
 873 0126 00       		.byte	0
 874 0127 07       		.uleb128 0x7
 875 0128 81000000 		.4byte	.LASF17
 876 012c 01       		.byte	0x1
 877 012d B8       		.byte	0xb8
 878 012e 39010000 		.4byte	0x139
 879 0132 01       		.byte	0x1
 880 0133 05       		.byte	0x5
 881 0134 03       		.byte	0x3
 882 0135 00000000 		.4byte	cy_metadata
 883 0139 08       		.uleb128 0x8
 884 013a 17010000 		.4byte	0x117
 885 013e 00       		.byte	0
 886              		.section	.debug_abbrev,"",%progbits
 887              	.Ldebug_abbrev0:
 888 0000 01       		.uleb128 0x1
 889 0001 11       		.uleb128 0x11
 890 0002 01       		.byte	0x1
 891 0003 25       		.uleb128 0x25
 892 0004 0E       		.uleb128 0xe
 893 0005 13       		.uleb128 0x13
 894 0006 0B       		.uleb128 0xb
 895 0007 03       		.uleb128 0x3
 896 0008 0E       		.uleb128 0xe
 897 0009 1B       		.uleb128 0x1b
 898 000a 0E       		.uleb128 0xe
 899 000b 10       		.uleb128 0x10
 900 000c 06       		.uleb128 0x6
 901 000d 00       		.byte	0
 902 000e 00       		.byte	0
 903 000f 02       		.uleb128 0x2
 904 0010 24       		.uleb128 0x24
 905 0011 00       		.byte	0
 906 0012 0B       		.uleb128 0xb
 907 0013 0B       		.uleb128 0xb
 908 0014 3E       		.uleb128 0x3e
ARM GAS  C:\Users\Brian\AppData\Local\Temp\ccXHxdti.s 			page 17


 909 0015 0B       		.uleb128 0xb
 910 0016 03       		.uleb128 0x3
 911 0017 0E       		.uleb128 0xe
 912 0018 00       		.byte	0
 913 0019 00       		.byte	0
 914 001a 03       		.uleb128 0x3
 915 001b 24       		.uleb128 0x24
 916 001c 00       		.byte	0
 917 001d 0B       		.uleb128 0xb
 918 001e 0B       		.uleb128 0xb
 919 001f 3E       		.uleb128 0x3e
 920 0020 0B       		.uleb128 0xb
 921 0021 03       		.uleb128 0x3
 922 0022 08       		.uleb128 0x8
 923 0023 00       		.byte	0
 924 0024 00       		.byte	0
 925 0025 04       		.uleb128 0x4
 926 0026 16       		.uleb128 0x16
 927 0027 00       		.byte	0
 928 0028 03       		.uleb128 0x3
 929 0029 0E       		.uleb128 0xe
 930 002a 3A       		.uleb128 0x3a
 931 002b 0B       		.uleb128 0xb
 932 002c 3B       		.uleb128 0x3b
 933 002d 0B       		.uleb128 0xb
 934 002e 49       		.uleb128 0x49
 935 002f 13       		.uleb128 0x13
 936 0030 00       		.byte	0
 937 0031 00       		.byte	0
 938 0032 05       		.uleb128 0x5
 939 0033 01       		.uleb128 0x1
 940 0034 01       		.byte	0x1
 941 0035 49       		.uleb128 0x49
 942 0036 13       		.uleb128 0x13
 943 0037 01       		.uleb128 0x1
 944 0038 13       		.uleb128 0x13
 945 0039 00       		.byte	0
 946 003a 00       		.byte	0
 947 003b 06       		.uleb128 0x6
 948 003c 21       		.uleb128 0x21
 949 003d 00       		.byte	0
 950 003e 49       		.uleb128 0x49
 951 003f 13       		.uleb128 0x13
 952 0040 2F       		.uleb128 0x2f
 953 0041 05       		.uleb128 0x5
 954 0042 00       		.byte	0
 955 0043 00       		.byte	0
 956 0044 07       		.uleb128 0x7
 957 0045 34       		.uleb128 0x34
 958 0046 00       		.byte	0
 959 0047 03       		.uleb128 0x3
 960 0048 0E       		.uleb128 0xe
 961 0049 3A       		.uleb128 0x3a
 962 004a 0B       		.uleb128 0xb
 963 004b 3B       		.uleb128 0x3b
 964 004c 0B       		.uleb128 0xb
 965 004d 49       		.uleb128 0x49
ARM GAS  C:\Users\Brian\AppData\Local\Temp\ccXHxdti.s 			page 18


 966 004e 13       		.uleb128 0x13
 967 004f 3F       		.uleb128 0x3f
 968 0050 0C       		.uleb128 0xc
 969 0051 02       		.uleb128 0x2
 970 0052 0A       		.uleb128 0xa
 971 0053 00       		.byte	0
 972 0054 00       		.byte	0
 973 0055 08       		.uleb128 0x8
 974 0056 26       		.uleb128 0x26
 975 0057 00       		.byte	0
 976 0058 49       		.uleb128 0x49
 977 0059 13       		.uleb128 0x13
 978 005a 00       		.byte	0
 979 005b 00       		.byte	0
 980 005c 09       		.uleb128 0x9
 981 005d 21       		.uleb128 0x21
 982 005e 00       		.byte	0
 983 005f 49       		.uleb128 0x49
 984 0060 13       		.uleb128 0x13
 985 0061 2F       		.uleb128 0x2f
 986 0062 0B       		.uleb128 0xb
 987 0063 00       		.byte	0
 988 0064 00       		.byte	0
 989 0065 00       		.byte	0
 990              		.section	.debug_aranges,"",%progbits
 991 0000 14000000 		.4byte	0x14
 992 0004 0200     		.2byte	0x2
 993 0006 00000000 		.4byte	.Ldebug_info0
 994 000a 04       		.byte	0x4
 995 000b 00       		.byte	0
 996 000c 0000     		.2byte	0
 997 000e 0000     		.2byte	0
 998 0010 00000000 		.4byte	0
 999 0014 00000000 		.4byte	0
 1000              		.section	.debug_line,"",%progbits
 1001              	.Ldebug_line0:
 1002 0000 4F000000 		.section	.debug_str,"MS",%progbits,1
 1002      02004900 
 1002      00000201 
 1002      FB0E0D00 
 1002      01010101 
 1003              	.LASF20:
 1004 0000 433A5C55 		.ascii	"C:\\Users\\Brian\\Dropbox\\RPiSoC\\Projects\\tft_te"
 1004      73657273 
 1004      5C427269 
 1004      616E5C44 
 1004      726F7062 
 1005 002d 73742E42 		.ascii	"st.Bundle01_Rev_b - touch\\touch_buttons.cydsn\000"
 1005      756E646C 
 1005      6530315F 
 1005      5265765F 
 1005      62202D20 
 1006              	.LASF19:
 1007 005b 2E5C4765 		.ascii	".\\Generated_Source\\PSoC5\\cymetadata.c\000"
 1007      6E657261 
 1007      7465645F 
 1007      536F7572 
ARM GAS  C:\Users\Brian\AppData\Local\Temp\ccXHxdti.s 			page 19


 1007      63655C50 
 1008              	.LASF17:
 1009 0081 63795F6D 		.ascii	"cy_metadata\000"
 1009      65746164 
 1009      61746100 
 1010              	.LASF9:
 1011 008d 666C6F61 		.ascii	"float\000"
 1011      7400
 1012              	.LASF1:
 1013 0093 756E7369 		.ascii	"unsigned char\000"
 1013      676E6564 
 1013      20636861 
 1013      7200
 1014              	.LASF5:
 1015 00a1 6C6F6E67 		.ascii	"long unsigned int\000"
 1015      20756E73 
 1015      69676E65 
 1015      6420696E 
 1015      7400
 1016              	.LASF3:
 1017 00b3 73686F72 		.ascii	"short unsigned int\000"
 1017      7420756E 
 1017      7369676E 
 1017      65642069 
 1017      6E7400
 1018              	.LASF10:
 1019 00c6 646F7562 		.ascii	"double\000"
 1019      6C6500
 1020              	.LASF14:
 1021 00cd 63795F6D 		.ascii	"cy_meta_custnvl\000"
 1021      6574615F 
 1021      63757374 
 1021      6E766C00 
 1022              	.LASF13:
 1023 00dd 63795F6D 		.ascii	"cy_meta_configecc\000"
 1023      6574615F 
 1023      636F6E66 
 1023      69676563 
 1023      6300
 1024              	.LASF8:
 1025 00ef 756E7369 		.ascii	"unsigned int\000"
 1025      676E6564 
 1025      20696E74 
 1025      00
 1026              	.LASF7:
 1027 00fc 6C6F6E67 		.ascii	"long long unsigned int\000"
 1027      206C6F6E 
 1027      6720756E 
 1027      7369676E 
 1027      65642069 
 1028              	.LASF16:
 1029 0113 63795F6D 		.ascii	"cy_meta_flashprotect\000"
 1029      6574615F 
 1029      666C6173 
 1029      6870726F 
 1029      74656374 
 1030              	.LASF15:
ARM GAS  C:\Users\Brian\AppData\Local\Temp\ccXHxdti.s 			page 20


 1031 0128 63795F6D 		.ascii	"cy_meta_wonvl\000"
 1031      6574615F 
 1031      776F6E76 
 1031      6C00
 1032              	.LASF12:
 1033 0136 73697A65 		.ascii	"sizetype\000"
 1033      74797065 
 1033      00
 1034              	.LASF6:
 1035 013f 6C6F6E67 		.ascii	"long long int\000"
 1035      206C6F6E 
 1035      6720696E 
 1035      7400
 1036              	.LASF11:
 1037 014d 63686172 		.ascii	"char\000"
 1037      00
 1038              	.LASF2:
 1039 0152 73686F72 		.ascii	"short int\000"
 1039      7420696E 
 1039      7400
 1040              	.LASF21:
 1041 015c 75696E74 		.ascii	"uint8\000"
 1041      3800
 1042              	.LASF18:
 1043 0162 474E5520 		.ascii	"GNU C 4.7.3 20130312 (release) [ARM/embedded-4_7-br"
 1043      4320342E 
 1043      372E3320 
 1043      32303133 
 1043      30333132 
 1044 0195 616E6368 		.ascii	"anch revision 196615]\000"
 1044      20726576 
 1044      6973696F 
 1044      6E203139 
 1044      36363135 
 1045              	.LASF4:
 1046 01ab 6C6F6E67 		.ascii	"long int\000"
 1046      20696E74 
 1046      00
 1047              	.LASF0:
 1048 01b4 7369676E 		.ascii	"signed char\000"
 1048      65642063 
 1048      68617200 
 1049              		.ident	"GCC: (GNU Tools for ARM Embedded Processors) 4.7.3 20130312 (release) [ARM/embedded-4_7-br
