ARM GAS  C:\Users\Brian\AppData\Local\Temp\ccqQdbjp.s 			page 1


   1              		.syntax unified
   2              		.cpu cortex-m3
   3              		.fpu softvfp
   4              		.eabi_attribute 20, 1
   5              		.eabi_attribute 21, 1
   6              		.eabi_attribute 23, 3
   7              		.eabi_attribute 24, 1
   8              		.eabi_attribute 25, 1
   9              		.eabi_attribute 26, 1
  10              		.eabi_attribute 30, 6
  11              		.eabi_attribute 34, 1
  12              		.eabi_attribute 18, 4
  13              		.thumb
  14              		.file	"main.c"
  15              		.text
  16              	.Ltext0:
  17              		.cfi_sections	.debug_frame
  18              		.comm	cursor_x,2,2
  19              		.comm	cursor_y,2,2
  20              		.comm	textcolor,2,2
  21              		.comm	textbgcolor,2,2
  22              		.comm	textsize,1,1
  23              		.comm	rotation,1,1
  24              		.comm	wrap,1,1
  25              		.comm	_width,4,4
  26              		.comm	_height,4,4
  27              		.comm	oldcolor,4,4
  28              		.comm	currentcolor,4,4
  29              		.section	.text.main,"ax",%progbits
  30              		.align	2
  31              		.global	main
  32              		.thumb
  33              		.thumb_func
  34              		.type	main, %function
  35              	main:
  36              	.LFB56:
  37              		.file 1 ".\\main.c"
   1:.\main.c      **** /*******************************************************************************
   2:.\main.c      **** * \file main.c
   3:.\main.c      **** * \brief This file is used to demonstrate the TFTSHIELD API.
   4:.\main.c      **** *
   5:.\main.c      **** * Version 1.0
   6:.\main.c      **** *
   7:.\main.c      **** * \author Robert Barron
   8:.\main.c      **** *
   9:.\main.c      **** * \bug 
  10:.\main.c      **** *******************************************************************************/
  11:.\main.c      **** #include <project.h>
  12:.\main.c      **** #include "stdio.h"
  13:.\main.c      **** 
  14:.\main.c      **** // This is calibration data for the raw touch data to the screen coordinates
  15:.\main.c      **** #define TS_MINX 150
  16:.\main.c      **** #define TS_MINY 130
  17:.\main.c      **** #define TS_MAXX 3800
  18:.\main.c      **** #define TS_MAXY 4000
  19:.\main.c      **** // Size of the color selection boxes and the paintbrush size
  20:.\main.c      **** #define BOXSIZE 40
ARM GAS  C:\Users\Brian\AppData\Local\Temp\ccqQdbjp.s 			page 2


  21:.\main.c      **** #define PENRADIUS 3
  22:.\main.c      **** int oldcolor, currentcolor;
  23:.\main.c      **** 
  24:.\main.c      **** long mapCoor(long x, long in_min, long in_max, long out_min, long out_max);
  25:.\main.c      **** 
  26:.\main.c      **** 
  27:.\main.c      **** int main()
  28:.\main.c      **** {   
  38              		.loc 1 28 0
  39              		.cfi_startproc
  40              		@ args = 0, pretend = 0, frame = 64
  41              		@ frame_needed = 1, uses_anonymous_args = 0
  42 0000 80B5     		push	{r7, lr}
  43              	.LCFI0:
  44              		.cfi_def_cfa_offset 8
  45              		.cfi_offset 7, -8
  46              		.cfi_offset 14, -4
  47 0002 92B0     		sub	sp, sp, #72
  48              	.LCFI1:
  49              		.cfi_def_cfa_offset 80
  50 0004 02AF     		add	r7, sp, #8
  51              	.LCFI2:
  52              		.cfi_def_cfa 7, 72
  29:.\main.c      ****     //initializes tft
  30:.\main.c      ****     CyDelay(1000);
  53              		.loc 1 30 0
  54 0006 4FF47A70 		mov	r0, #1000
  55 000a FFF7FEFF 		bl	CyDelay
  31:.\main.c      ****     Clock_1_SetDividerValue(24);
  56              		.loc 1 31 0
  57 000e 4FF01700 		mov	r0, #23
  58 0012 4FF00101 		mov	r1, #1
  59 0016 FFF7FEFF 		bl	Clock_1_SetDividerRegister
  32:.\main.c      ****     CyDelay(10);
  60              		.loc 1 32 0
  61 001a 4FF00A00 		mov	r0, #10
  62 001e FFF7FEFF 		bl	CyDelay
  33:.\main.c      ****     //TFTSHIELD_1_StartTouch();
  34:.\main.c      ****     bool touch_en = 0;
  63              		.loc 1 34 0
  64 0022 4FF00003 		mov	r3, #0
  65 0026 87F83F30 		strb	r3, [r7, #63]
  35:.\main.c      ****     
  36:.\main.c      ****     if(TFTSHIELD_1_StartTouch())
  66              		.loc 1 36 0
  67 002a FFF7FEFF 		bl	TFTSHIELD_1_StartTouch
  68 002e 0346     		mov	r3, r0
  69 0030 002B     		cmp	r3, #0
  70 0032 03D0     		beq	.L2
  37:.\main.c      ****     {
  38:.\main.c      ****        touch_en = 1;
  71              		.loc 1 38 0
  72 0034 4FF00103 		mov	r3, #1
  73 0038 87F83F30 		strb	r3, [r7, #63]
  74              	.L2:
  39:.\main.c      ****     }
  40:.\main.c      ****     
ARM GAS  C:\Users\Brian\AppData\Local\Temp\ccqQdbjp.s 			page 3


  41:.\main.c      ****     Clock_1_SetDividerValue(1);
  75              		.loc 1 41 0
  76 003c 4FF00000 		mov	r0, #0
  77 0040 4FF00101 		mov	r1, #1
  78 0044 FFF7FEFF 		bl	Clock_1_SetDividerRegister
  42:.\main.c      ****     CyDelay(10);
  79              		.loc 1 42 0
  80 0048 4FF00A00 		mov	r0, #10
  81 004c FFF7FEFF 		bl	CyDelay
  43:.\main.c      ****     TFTSHIELD_1_Start();
  82              		.loc 1 43 0
  83 0050 FFF7FEFF 		bl	TFTSHIELD_1_Start
  44:.\main.c      ****     
  45:.\main.c      ****     TFTSHIELD_1_FillScreen(BLACK);
  84              		.loc 1 45 0
  85 0054 4FF00000 		mov	r0, #0
  86 0058 FFF7FEFF 		bl	TFTSHIELD_1_FillScreen
  46:.\main.c      ****     //start at 0,0 for text
  47:.\main.c      ****     TFTSHIELD_1_SetCursor(0,0);
  87              		.loc 1 47 0
  88 005c 4FF00000 		mov	r0, #0
  89 0060 4FF00001 		mov	r1, #0
  90 0064 FFF7FEFF 		bl	TFTSHIELD_1_SetCursor
  48:.\main.c      ****     TFTSHIELD_1_SetTextColor(WHITE);  
  91              		.loc 1 48 0
  92 0068 4FF6FF70 		movw	r0, #65535
  93 006c FFF7FEFF 		bl	TFTSHIELD_1_SetTextColor
  49:.\main.c      ****     TFTSHIELD_1_SetTextSize(2);
  94              		.loc 1 49 0
  95 0070 4FF00200 		mov	r0, #2
  96 0074 FFF7FEFF 		bl	TFTSHIELD_1_SetTextSize
  50:.\main.c      ****     
  51:.\main.c      ****     //landscape orientation
  52:.\main.c      ****     //TFTSHIELD_1_SetRotation(1);
  53:.\main.c      ****     //TFTSHIELD_1_PrintString("tft lcd screen with word wrap working blah blah blah");
  54:.\main.c      ****     
  55:.\main.c      ****     //TFTSHIELD_1_DrawLine(50, 150, 100, 150, GREEN);
  56:.\main.c      ****    // TFTSHIELD_1_DrawLine(35, 100, 35 , 200, BLUE);
  57:.\main.c      ****     //TFTSHIELD_1_FillCircle(100,100,10,MAGENTA);
  58:.\main.c      ****     
  59:.\main.c      ****     //TFTSHIELD_1_FillRect(150, 150, 75,75, YELLOW);
  60:.\main.c      ****     if(touch_en)
  61:.\main.c      ****     {
  62:.\main.c      ****         //TFTSHIELD_1_PrintString("GO1");
  63:.\main.c      ****     }
  64:.\main.c      ****     //initializes touchscreen
  65:.\main.c      ****     //clock must be set to 1MHZ when polling the touchscreen..
  66:.\main.c      ****     Clock_1_SetDividerValue(24);
  97              		.loc 1 66 0
  98 0078 4FF01700 		mov	r0, #23
  99 007c 4FF00101 		mov	r1, #1
 100 0080 FFF7FEFF 		bl	Clock_1_SetDividerRegister
  67:.\main.c      ****     CyDelay(10);
 101              		.loc 1 67 0
 102 0084 4FF00A00 		mov	r0, #10
 103 0088 FFF7FEFF 		bl	CyDelay
  68:.\main.c      ****     
ARM GAS  C:\Users\Brian\AppData\Local\Temp\ccqQdbjp.s 			page 4


  69:.\main.c      ****     //int touchon = 0;
  70:.\main.c      ****     if(TFTSHIELD_1_StartTouch())
 104              		.loc 1 70 0
 105 008c FFF7FEFF 		bl	TFTSHIELD_1_StartTouch
  71:.\main.c      ****     {
  72:.\main.c      ****          //touchon = 1;  
  73:.\main.c      ****         /*Clock_1_SetDividerValue(1);
  74:.\main.c      ****         CyDelay(1);
  75:.\main.c      ****         TFTSHIELD_1_PrintString("     GO2");
  76:.\main.c      ****         Clock_1_SetDividerValue(24);*/
  77:.\main.c      ****     }
  78:.\main.c      ****     
  79:.\main.c      ****     Clock_1_SetDividerValue(1);
 106              		.loc 1 79 0
 107 0090 4FF00000 		mov	r0, #0
 108 0094 4FF00101 		mov	r1, #1
 109 0098 FFF7FEFF 		bl	Clock_1_SetDividerRegister
  80:.\main.c      ****     CyDelay(10);
 110              		.loc 1 80 0
 111 009c 4FF00A00 		mov	r0, #10
 112 00a0 FFF7FEFF 		bl	CyDelay
  81:.\main.c      ****     
  82:.\main.c      ****     //leds
  83:.\main.c      ****     TFTSHIELD_1_FillCircle(120,40,20,GRAY);
 113              		.loc 1 83 0
 114 00a4 4FF07800 		mov	r0, #120
 115 00a8 4FF02801 		mov	r1, #40
 116 00ac 4FF01402 		mov	r2, #20
 117 00b0 47F6EF33 		movw	r3, #31727
 118 00b4 FFF7FEFF 		bl	TFTSHIELD_1_FillCircle
  84:.\main.c      ****     TFTSHIELD_1_FillCircle(120,120,20,GRAY);
 119              		.loc 1 84 0
 120 00b8 4FF07800 		mov	r0, #120
 121 00bc 4FF07801 		mov	r1, #120
 122 00c0 4FF01402 		mov	r2, #20
 123 00c4 47F6EF33 		movw	r3, #31727
 124 00c8 FFF7FEFF 		bl	TFTSHIELD_1_FillCircle
  85:.\main.c      ****     TFTSHIELD_1_FillCircle(120,200,20,GRAY);
 125              		.loc 1 85 0
 126 00cc 4FF07800 		mov	r0, #120
 127 00d0 4FF0C801 		mov	r1, #200
 128 00d4 4FF01402 		mov	r2, #20
 129 00d8 47F6EF33 		movw	r3, #31727
 130 00dc FFF7FEFF 		bl	TFTSHIELD_1_FillCircle
  86:.\main.c      ****     TFTSHIELD_1_FillCircle(120,280,20,GRAY);
 131              		.loc 1 86 0
 132 00e0 4FF07800 		mov	r0, #120
 133 00e4 4FF48C71 		mov	r1, #280
 134 00e8 4FF01402 		mov	r2, #20
 135 00ec 47F6EF33 		movw	r3, #31727
 136 00f0 FFF7FEFF 		bl	TFTSHIELD_1_FillCircle
  87:.\main.c      ****     
  88:.\main.c      ****     //pushbuttons
  89:.\main.c      ****     TFTSHIELD_1_FillRect(175,15,50,50,GRAY);
 137              		.loc 1 89 0
 138 00f4 47F6EF33 		movw	r3, #31727
 139 00f8 0093     		str	r3, [sp, #0]
ARM GAS  C:\Users\Brian\AppData\Local\Temp\ccqQdbjp.s 			page 5


 140 00fa 4FF0AF00 		mov	r0, #175
 141 00fe 4FF00F01 		mov	r1, #15
 142 0102 4FF03202 		mov	r2, #50
 143 0106 4FF03203 		mov	r3, #50
 144 010a FFF7FEFF 		bl	TFTSHIELD_1_FillRect
  90:.\main.c      ****     TFTSHIELD_1_FillRect(175,95,50,50,GRAY);
 145              		.loc 1 90 0
 146 010e 47F6EF33 		movw	r3, #31727
 147 0112 0093     		str	r3, [sp, #0]
 148 0114 4FF0AF00 		mov	r0, #175
 149 0118 4FF05F01 		mov	r1, #95
 150 011c 4FF03202 		mov	r2, #50
 151 0120 4FF03203 		mov	r3, #50
 152 0124 FFF7FEFF 		bl	TFTSHIELD_1_FillRect
  91:.\main.c      ****     TFTSHIELD_1_FillRect(175,175,50,50,GRAY);
 153              		.loc 1 91 0
 154 0128 47F6EF33 		movw	r3, #31727
 155 012c 0093     		str	r3, [sp, #0]
 156 012e 4FF0AF00 		mov	r0, #175
 157 0132 4FF0AF01 		mov	r1, #175
 158 0136 4FF03202 		mov	r2, #50
 159 013a 4FF03203 		mov	r3, #50
 160 013e FFF7FEFF 		bl	TFTSHIELD_1_FillRect
  92:.\main.c      ****     TFTSHIELD_1_FillRect(175,255,50,50,GRAY);
 161              		.loc 1 92 0
 162 0142 47F6EF33 		movw	r3, #31727
 163 0146 0093     		str	r3, [sp, #0]
 164 0148 4FF0AF00 		mov	r0, #175
 165 014c 4FF0FF01 		mov	r1, #255
 166 0150 4FF03202 		mov	r2, #50
 167 0154 4FF03203 		mov	r3, #50
 168 0158 FFF7FEFF 		bl	TFTSHIELD_1_FillRect
  93:.\main.c      ****     TFTSHIELD_1_FillCircle(200,40,20,BLACK);
 169              		.loc 1 93 0
 170 015c 4FF0C800 		mov	r0, #200
 171 0160 4FF02801 		mov	r1, #40
 172 0164 4FF01402 		mov	r2, #20
 173 0168 4FF00003 		mov	r3, #0
 174 016c FFF7FEFF 		bl	TFTSHIELD_1_FillCircle
  94:.\main.c      ****     TFTSHIELD_1_FillCircle(200,120,20,BLACK);
 175              		.loc 1 94 0
 176 0170 4FF0C800 		mov	r0, #200
 177 0174 4FF07801 		mov	r1, #120
 178 0178 4FF01402 		mov	r2, #20
 179 017c 4FF00003 		mov	r3, #0
 180 0180 FFF7FEFF 		bl	TFTSHIELD_1_FillCircle
  95:.\main.c      ****     TFTSHIELD_1_FillCircle(200,200,20,BLACK);
 181              		.loc 1 95 0
 182 0184 4FF0C800 		mov	r0, #200
 183 0188 4FF0C801 		mov	r1, #200
 184 018c 4FF01402 		mov	r2, #20
 185 0190 4FF00003 		mov	r3, #0
 186 0194 FFF7FEFF 		bl	TFTSHIELD_1_FillCircle
  96:.\main.c      ****     TFTSHIELD_1_FillCircle(200,280,20,BLACK);
 187              		.loc 1 96 0
 188 0198 4FF0C800 		mov	r0, #200
 189 019c 4FF48C71 		mov	r1, #280
ARM GAS  C:\Users\Brian\AppData\Local\Temp\ccqQdbjp.s 			page 6


 190 01a0 4FF01402 		mov	r2, #20
 191 01a4 4FF00003 		mov	r3, #0
 192 01a8 FFF7FEFF 		bl	TFTSHIELD_1_FillCircle
 193              	.L15:
 194              	.LBB2:
  97:.\main.c      ****     
  98:.\main.c      ****     for(;;)
  99:.\main.c      ****     {
 100:.\main.c      ****         Clock_1_SetDividerValue(24);
 195              		.loc 1 100 0
 196 01ac 4FF01700 		mov	r0, #23
 197 01b0 4FF00101 		mov	r1, #1
 198 01b4 FFF7FEFF 		bl	Clock_1_SetDividerRegister
 101:.\main.c      ****         uint16_t x, y;
 102:.\main.c      ****         uint8_t z, buf;
 103:.\main.c      ****         char buffer[50];
 104:.\main.c      ****         //Clock_1_SetDividerValue(24);
 105:.\main.c      ****         CyDelay(1);
 199              		.loc 1 105 0
 200 01b8 4FF00100 		mov	r0, #1
 201 01bc FFF7FEFF 		bl	CyDelay
 106:.\main.c      ****         if(TFTSHIELD_1_Touched())
 202              		.loc 1 106 0
 203 01c0 FFF7FEFF 		bl	TFTSHIELD_1_Touched
 204 01c4 0346     		mov	r3, r0
 205 01c6 002B     		cmp	r3, #0
 206 01c8 00F0CF80 		beq	.L3
 107:.\main.c      ****         {
 108:.\main.c      ****            
 109:.\main.c      ****             TFTSHIELD_1_ReadData(&x,&y,&z);
 207              		.loc 1 109 0
 208 01cc 07F13C01 		add	r1, r7, #60
 209 01d0 07F13A02 		add	r2, r7, #58
 210 01d4 07F13903 		add	r3, r7, #57
 211 01d8 0846     		mov	r0, r1
 212 01da 1146     		mov	r1, r2
 213 01dc 1A46     		mov	r2, r3
 214 01de FFF7FEFF 		bl	TFTSHIELD_1_ReadData
 110:.\main.c      ****             x = mapCoor(x, TS_MINX, TS_MAXX, 0, 240);
 215              		.loc 1 110 0
 216 01e2 BB8F     		ldrh	r3, [r7, #60]
 217 01e4 4FF0F002 		mov	r2, #240
 218 01e8 0092     		str	r2, [sp, #0]
 219 01ea 1846     		mov	r0, r3
 220 01ec 4FF09601 		mov	r1, #150
 221 01f0 40F6D862 		movw	r2, #3800
 222 01f4 4FF00003 		mov	r3, #0
 223 01f8 FFF7FEFF 		bl	mapCoor
 224 01fc 0346     		mov	r3, r0
 225 01fe 9BB2     		uxth	r3, r3
 226 0200 BB87     		strh	r3, [r7, #60]	@ movhi
 111:.\main.c      ****             y = mapCoor(y, TS_MINY, TS_MAXY, 0, 320);
 227              		.loc 1 111 0
 228 0202 7B8F     		ldrh	r3, [r7, #58]
 229 0204 4FF4A072 		mov	r2, #320
 230 0208 0092     		str	r2, [sp, #0]
 231 020a 1846     		mov	r0, r3
ARM GAS  C:\Users\Brian\AppData\Local\Temp\ccqQdbjp.s 			page 7


 232 020c 4FF08201 		mov	r1, #130
 233 0210 4FF47A62 		mov	r2, #4000
 234 0214 4FF00003 		mov	r3, #0
 235 0218 FFF7FEFF 		bl	mapCoor
 236 021c 0346     		mov	r3, r0
 237 021e 9BB2     		uxth	r3, r3
 238 0220 7B87     		strh	r3, [r7, #58]	@ movhi
 112:.\main.c      ****             Clock_1_SetDividerValue(1);
 239              		.loc 1 112 0
 240 0222 4FF00000 		mov	r0, #0
 241 0226 4FF00101 		mov	r1, #1
 242 022a FFF7FEFF 		bl	Clock_1_SetDividerRegister
 113:.\main.c      ****             if(x > 175 && x < 225)
 243              		.loc 1 113 0
 244 022e BB8F     		ldrh	r3, [r7, #60]
 245 0230 AF2B     		cmp	r3, #175
 246 0232 70D9     		bls	.L4
 247              		.loc 1 113 0 is_stmt 0 discriminator 1
 248 0234 BB8F     		ldrh	r3, [r7, #60]
 249 0236 E02B     		cmp	r3, #224
 250 0238 6DD8     		bhi	.L4
 114:.\main.c      ****             {
 115:.\main.c      ****                 if(y > 15 && y < 65)
 251              		.loc 1 115 0 is_stmt 1
 252 023a 7B8F     		ldrh	r3, [r7, #58]
 253 023c 0F2B     		cmp	r3, #15
 254 023e 0DD9     		bls	.L5
 255              		.loc 1 115 0 is_stmt 0 discriminator 1
 256 0240 7B8F     		ldrh	r3, [r7, #58]
 257 0242 402B     		cmp	r3, #64
 258 0244 0AD8     		bhi	.L5
 116:.\main.c      ****                 {
 117:.\main.c      ****                     TFTSHIELD_1_FillCircle(120,40,20,RED);
 259              		.loc 1 117 0 is_stmt 1
 260 0246 4FF07800 		mov	r0, #120
 261 024a 4FF02801 		mov	r1, #40
 262 024e 4FF01402 		mov	r2, #20
 263 0252 4FF47843 		mov	r3, #63488
 264 0256 FFF7FEFF 		bl	TFTSHIELD_1_FillCircle
 265 025a 09E0     		b	.L6
 266              	.L5:
 118:.\main.c      ****                 }
 119:.\main.c      ****                 else
 120:.\main.c      ****                 {
 121:.\main.c      ****                     TFTSHIELD_1_FillCircle(120,40,20,GRAY);
 267              		.loc 1 121 0
 268 025c 4FF07800 		mov	r0, #120
 269 0260 4FF02801 		mov	r1, #40
 270 0264 4FF01402 		mov	r2, #20
 271 0268 47F6EF33 		movw	r3, #31727
 272 026c FFF7FEFF 		bl	TFTSHIELD_1_FillCircle
 273              	.L6:
 122:.\main.c      ****                 }
 123:.\main.c      ****                  if(y > 95 && y < 145)
 274              		.loc 1 123 0
 275 0270 7B8F     		ldrh	r3, [r7, #58]
 276 0272 5F2B     		cmp	r3, #95
ARM GAS  C:\Users\Brian\AppData\Local\Temp\ccqQdbjp.s 			page 8


 277 0274 0DD9     		bls	.L7
 278              		.loc 1 123 0 is_stmt 0 discriminator 1
 279 0276 7B8F     		ldrh	r3, [r7, #58]
 280 0278 902B     		cmp	r3, #144
 281 027a 0AD8     		bhi	.L7
 124:.\main.c      ****                 {
 125:.\main.c      ****                     TFTSHIELD_1_FillCircle(120,120,20,RED);
 282              		.loc 1 125 0 is_stmt 1
 283 027c 4FF07800 		mov	r0, #120
 284 0280 4FF07801 		mov	r1, #120
 285 0284 4FF01402 		mov	r2, #20
 286 0288 4FF47843 		mov	r3, #63488
 287 028c FFF7FEFF 		bl	TFTSHIELD_1_FillCircle
 288 0290 09E0     		b	.L8
 289              	.L7:
 126:.\main.c      ****                 }
 127:.\main.c      ****                 else
 128:.\main.c      ****                 {
 129:.\main.c      ****                     TFTSHIELD_1_FillCircle(120,120,20,GRAY);
 290              		.loc 1 129 0
 291 0292 4FF07800 		mov	r0, #120
 292 0296 4FF07801 		mov	r1, #120
 293 029a 4FF01402 		mov	r2, #20
 294 029e 47F6EF33 		movw	r3, #31727
 295 02a2 FFF7FEFF 		bl	TFTSHIELD_1_FillCircle
 296              	.L8:
 130:.\main.c      ****                  }
 131:.\main.c      ****                  if(y > 175 && y < 225)
 297              		.loc 1 131 0
 298 02a6 7B8F     		ldrh	r3, [r7, #58]
 299 02a8 AF2B     		cmp	r3, #175
 300 02aa 0DD9     		bls	.L9
 301              		.loc 1 131 0 is_stmt 0 discriminator 1
 302 02ac 7B8F     		ldrh	r3, [r7, #58]
 303 02ae E02B     		cmp	r3, #224
 304 02b0 0AD8     		bhi	.L9
 132:.\main.c      ****                 {
 133:.\main.c      ****                     TFTSHIELD_1_FillCircle(120,200,20,RED);
 305              		.loc 1 133 0 is_stmt 1
 306 02b2 4FF07800 		mov	r0, #120
 307 02b6 4FF0C801 		mov	r1, #200
 308 02ba 4FF01402 		mov	r2, #20
 309 02be 4FF47843 		mov	r3, #63488
 310 02c2 FFF7FEFF 		bl	TFTSHIELD_1_FillCircle
 311 02c6 09E0     		b	.L10
 312              	.L9:
 134:.\main.c      ****                 }
 135:.\main.c      ****                 else
 136:.\main.c      ****                 {
 137:.\main.c      ****                     TFTSHIELD_1_FillCircle(120,200,20,GRAY);
 313              		.loc 1 137 0
 314 02c8 4FF07800 		mov	r0, #120
 315 02cc 4FF0C801 		mov	r1, #200
 316 02d0 4FF01402 		mov	r2, #20
 317 02d4 47F6EF33 		movw	r3, #31727
 318 02d8 FFF7FEFF 		bl	TFTSHIELD_1_FillCircle
 319              	.L10:
ARM GAS  C:\Users\Brian\AppData\Local\Temp\ccqQdbjp.s 			page 9


 138:.\main.c      ****                  }
 139:.\main.c      ****                   if(y > 255 && y < 295)
 320              		.loc 1 139 0
 321 02dc 7B8F     		ldrh	r3, [r7, #58]
 322 02de FF2B     		cmp	r3, #255
 323 02e0 0ED9     		bls	.L11
 324              		.loc 1 139 0 is_stmt 0 discriminator 1
 325 02e2 7B8F     		ldrh	r3, [r7, #58]
 326 02e4 B3F5937F 		cmp	r3, #294
 327 02e8 0AD8     		bhi	.L11
 140:.\main.c      ****                 {
 141:.\main.c      ****                     TFTSHIELD_1_FillCircle(120,280,20,RED);
 328              		.loc 1 141 0 is_stmt 1
 329 02ea 4FF07800 		mov	r0, #120
 330 02ee 4FF48C71 		mov	r1, #280
 331 02f2 4FF01402 		mov	r2, #20
 332 02f6 4FF47843 		mov	r3, #63488
 333 02fa FFF7FEFF 		bl	TFTSHIELD_1_FillCircle
 139:.\main.c      ****                   if(y > 255 && y < 295)
 334              		.loc 1 139 0
 335 02fe 33E0     		b	.L13
 336              	.L11:
 142:.\main.c      ****                 }
 143:.\main.c      ****                 
 144:.\main.c      ****                 else
 145:.\main.c      ****                 {
 146:.\main.c      ****                      TFTSHIELD_1_FillCircle(120,280,20,GRAY);
 337              		.loc 1 146 0
 338 0300 4FF07800 		mov	r0, #120
 339 0304 4FF48C71 		mov	r1, #280
 340 0308 4FF01402 		mov	r2, #20
 341 030c 47F6EF33 		movw	r3, #31727
 342 0310 FFF7FEFF 		bl	TFTSHIELD_1_FillCircle
 139:.\main.c      ****                   if(y > 255 && y < 295)
 343              		.loc 1 139 0
 344 0314 28E0     		b	.L13
 345              	.L4:
 147:.\main.c      ****                  }
 148:.\main.c      ****                 
 149:.\main.c      ****             }
 150:.\main.c      ****             else
 151:.\main.c      ****             {
 152:.\main.c      ****             TFTSHIELD_1_FillCircle(120,40,20,GRAY);
 346              		.loc 1 152 0
 347 0316 4FF07800 		mov	r0, #120
 348 031a 4FF02801 		mov	r1, #40
 349 031e 4FF01402 		mov	r2, #20
 350 0322 47F6EF33 		movw	r3, #31727
 351 0326 FFF7FEFF 		bl	TFTSHIELD_1_FillCircle
 153:.\main.c      ****             TFTSHIELD_1_FillCircle(120,120,20,GRAY);
 352              		.loc 1 153 0
 353 032a 4FF07800 		mov	r0, #120
 354 032e 4FF07801 		mov	r1, #120
 355 0332 4FF01402 		mov	r2, #20
 356 0336 47F6EF33 		movw	r3, #31727
 357 033a FFF7FEFF 		bl	TFTSHIELD_1_FillCircle
 154:.\main.c      ****             TFTSHIELD_1_FillCircle(120,200,20,GRAY);
ARM GAS  C:\Users\Brian\AppData\Local\Temp\ccqQdbjp.s 			page 10


 358              		.loc 1 154 0
 359 033e 4FF07800 		mov	r0, #120
 360 0342 4FF0C801 		mov	r1, #200
 361 0346 4FF01402 		mov	r2, #20
 362 034a 47F6EF33 		movw	r3, #31727
 363 034e FFF7FEFF 		bl	TFTSHIELD_1_FillCircle
 155:.\main.c      ****             TFTSHIELD_1_FillCircle(120,280,20,GRAY);
 364              		.loc 1 155 0
 365 0352 4FF07800 		mov	r0, #120
 366 0356 4FF48C71 		mov	r1, #280
 367 035a 4FF01402 		mov	r2, #20
 368 035e 47F6EF33 		movw	r3, #31727
 369 0362 FFF7FEFF 		bl	TFTSHIELD_1_FillCircle
 370              	.LBE2:
 156:.\main.c      ****             }
 157:.\main.c      ****         }
 158:.\main.c      ****         else
 159:.\main.c      ****         {
 160:.\main.c      ****             TFTSHIELD_1_ResetBuffer();
 161:.\main.c      ****              Clock_1_SetDividerValue(1);
 162:.\main.c      ****             //leds
 163:.\main.c      ****             TFTSHIELD_1_FillCircle(120,40,20,GRAY);
 164:.\main.c      ****             TFTSHIELD_1_FillCircle(120,120,20,GRAY);
 165:.\main.c      ****             TFTSHIELD_1_FillCircle(120,200,20,GRAY);
 166:.\main.c      ****             TFTSHIELD_1_FillCircle(120,280,20,GRAY);
 167:.\main.c      ****         }
 168:.\main.c      ****     
 169:.\main.c      ****     }
 371              		.loc 1 169 0
 372 0366 21E7     		b	.L15
 373              	.L13:
 374 0368 20E7     		b	.L15
 375              	.L3:
 376              	.LBB3:
 160:.\main.c      ****             TFTSHIELD_1_ResetBuffer();
 377              		.loc 1 160 0
 378 036a FFF7FEFF 		bl	TFTSHIELD_1_ResetBuffer
 161:.\main.c      ****              Clock_1_SetDividerValue(1);
 379              		.loc 1 161 0
 380 036e 4FF00000 		mov	r0, #0
 381 0372 4FF00101 		mov	r1, #1
 382 0376 FFF7FEFF 		bl	Clock_1_SetDividerRegister
 163:.\main.c      ****             TFTSHIELD_1_FillCircle(120,40,20,GRAY);
 383              		.loc 1 163 0
 384 037a 4FF07800 		mov	r0, #120
 385 037e 4FF02801 		mov	r1, #40
 386 0382 4FF01402 		mov	r2, #20
 387 0386 47F6EF33 		movw	r3, #31727
 388 038a FFF7FEFF 		bl	TFTSHIELD_1_FillCircle
 164:.\main.c      ****             TFTSHIELD_1_FillCircle(120,120,20,GRAY);
 389              		.loc 1 164 0
 390 038e 4FF07800 		mov	r0, #120
 391 0392 4FF07801 		mov	r1, #120
 392 0396 4FF01402 		mov	r2, #20
 393 039a 47F6EF33 		movw	r3, #31727
 394 039e FFF7FEFF 		bl	TFTSHIELD_1_FillCircle
 165:.\main.c      ****             TFTSHIELD_1_FillCircle(120,200,20,GRAY);
ARM GAS  C:\Users\Brian\AppData\Local\Temp\ccqQdbjp.s 			page 11


 395              		.loc 1 165 0
 396 03a2 4FF07800 		mov	r0, #120
 397 03a6 4FF0C801 		mov	r1, #200
 398 03aa 4FF01402 		mov	r2, #20
 399 03ae 47F6EF33 		movw	r3, #31727
 400 03b2 FFF7FEFF 		bl	TFTSHIELD_1_FillCircle
 166:.\main.c      ****             TFTSHIELD_1_FillCircle(120,280,20,GRAY);
 401              		.loc 1 166 0
 402 03b6 4FF07800 		mov	r0, #120
 403 03ba 4FF48C71 		mov	r1, #280
 404 03be 4FF01402 		mov	r2, #20
 405 03c2 47F6EF33 		movw	r3, #31727
 406 03c6 FFF7FEFF 		bl	TFTSHIELD_1_FillCircle
 407              	.LBE3:
 408              		.loc 1 169 0
 409 03ca EFE6     		b	.L15
 410              		.cfi_endproc
 411              	.LFE56:
 412              		.size	main, .-main
 413              		.section	.text.mapCoor,"ax",%progbits
 414              		.align	2
 415              		.global	mapCoor
 416              		.thumb
 417              		.thumb_func
 418              		.type	mapCoor, %function
 419              	mapCoor:
 420              	.LFB57:
 170:.\main.c      ****     
 171:.\main.c      ****     
 172:.\main.c      **** }
 173:.\main.c      **** 
 174:.\main.c      **** long mapCoor(long x, long in_min, long in_max, long out_min, long out_max)
 175:.\main.c      **** {
 421              		.loc 1 175 0
 422              		.cfi_startproc
 423              		@ args = 4, pretend = 0, frame = 16
 424              		@ frame_needed = 1, uses_anonymous_args = 0
 425              		@ link register save eliminated.
 426 0000 80B4     		push	{r7}
 427              	.LCFI3:
 428              		.cfi_def_cfa_offset 4
 429              		.cfi_offset 7, -4
 430 0002 85B0     		sub	sp, sp, #20
 431              	.LCFI4:
 432              		.cfi_def_cfa_offset 24
 433 0004 00AF     		add	r7, sp, #0
 434              	.LCFI5:
 435              		.cfi_def_cfa_register 7
 436 0006 F860     		str	r0, [r7, #12]
 437 0008 B960     		str	r1, [r7, #8]
 438 000a 7A60     		str	r2, [r7, #4]
 439 000c 3B60     		str	r3, [r7, #0]
 176:.\main.c      ****   return (x - in_min) * (out_max - out_min) / (in_max - in_min) + out_min;
 440              		.loc 1 176 0
 441 000e FA68     		ldr	r2, [r7, #12]
 442 0010 BB68     		ldr	r3, [r7, #8]
 443 0012 D31A     		subs	r3, r2, r3
ARM GAS  C:\Users\Brian\AppData\Local\Temp\ccqQdbjp.s 			page 12


 444 0014 B969     		ldr	r1, [r7, #24]
 445 0016 3A68     		ldr	r2, [r7, #0]
 446 0018 8A1A     		subs	r2, r1, r2
 447 001a 02FB03F2 		mul	r2, r2, r3
 448 001e 7968     		ldr	r1, [r7, #4]
 449 0020 BB68     		ldr	r3, [r7, #8]
 450 0022 CB1A     		subs	r3, r1, r3
 451 0024 92FBF3F2 		sdiv	r2, r2, r3
 452 0028 3B68     		ldr	r3, [r7, #0]
 453 002a D318     		adds	r3, r2, r3
 177:.\main.c      **** }...
 454              		.loc 1 177 0
 455 002c 1846     		mov	r0, r3
 456 002e 07F11407 		add	r7, r7, #20
 457 0032 BD46     		mov	sp, r7
 458 0034 80BC     		pop	{r7}
 459 0036 7047     		bx	lr
 460              		.cfi_endproc
 461              	.LFE57:
 462              		.size	mapCoor, .-mapCoor
 463              		.text
 464              	.Letext0:
 465              		.file 2 "c:\\program files (x86)\\cypress\\psoc creator\\3.0\\psoc creator\\import\\gnu_cs\\arm\\4
 466              		.file 3 "./Generated_Source/PSoC5/TFTSHIELD_1.h"
 467              		.file 4 "./Generated_Source/PSoC5/core_cm3.h"
 468              		.section	.debug_info,"",%progbits
 469              	.Ldebug_info0:
 470 0000 77020000 		.4byte	0x277
 471 0004 0200     		.2byte	0x2
 472 0006 00000000 		.4byte	.Ldebug_abbrev0
 473 000a 04       		.byte	0x4
 474 000b 01       		.uleb128 0x1
 475 000c A2010000 		.4byte	.LASF36
 476 0010 01       		.byte	0x1
 477 0011 AF000000 		.4byte	.LASF37
 478 0015 00000000 		.4byte	.LASF38
 479 0019 18000000 		.4byte	.Ldebug_ranges0+0x18
 480 001d 00000000 		.4byte	0
 481 0021 00000000 		.4byte	0
 482 0025 00000000 		.4byte	.Ldebug_line0
 483 0029 02       		.uleb128 0x2
 484 002a 01       		.byte	0x1
 485 002b 06       		.byte	0x6
 486 002c 05020000 		.4byte	.LASF0
 487 0030 03       		.uleb128 0x3
 488 0031 3F010000 		.4byte	.LASF2
 489 0035 02       		.byte	0x2
 490 0036 2A       		.byte	0x2a
 491 0037 3B000000 		.4byte	0x3b
 492 003b 02       		.uleb128 0x2
 493 003c 01       		.byte	0x1
 494 003d 08       		.byte	0x8
 495 003e A1000000 		.4byte	.LASF1
 496 0042 03       		.uleb128 0x3
 497 0043 47010000 		.4byte	.LASF3
 498 0047 02       		.byte	0x2
 499 0048 35       		.byte	0x35
ARM GAS  C:\Users\Brian\AppData\Local\Temp\ccqQdbjp.s 			page 13


 500 0049 4D000000 		.4byte	0x4d
 501 004d 02       		.uleb128 0x2
 502 004e 02       		.byte	0x2
 503 004f 05       		.byte	0x5
 504 0050 88010000 		.4byte	.LASF4
 505 0054 03       		.uleb128 0x3
 506 0055 99010000 		.4byte	.LASF5
 507 0059 02       		.byte	0x2
 508 005a 36       		.byte	0x36
 509 005b 5F000000 		.4byte	0x5f
 510 005f 02       		.uleb128 0x2
 511 0060 02       		.byte	0x2
 512 0061 07       		.byte	0x7
 513 0062 BF000000 		.4byte	.LASF6
 514 0066 03       		.uleb128 0x3
 515 0067 58010000 		.4byte	.LASF7
 516 006b 02       		.byte	0x2
 517 006c 4F       		.byte	0x4f
 518 006d 71000000 		.4byte	0x71
 519 0071 02       		.uleb128 0x2
 520 0072 04       		.byte	0x4
 521 0073 05       		.byte	0x5
 522 0074 F7010000 		.4byte	.LASF8
 523 0078 02       		.uleb128 0x2
 524 0079 04       		.byte	0x4
 525 007a 07       		.byte	0x7
 526 007b F1000000 		.4byte	.LASF9
 527 007f 02       		.uleb128 0x2
 528 0080 08       		.byte	0x8
 529 0081 05       		.byte	0x5
 530 0082 69010000 		.4byte	.LASF10
 531 0086 02       		.uleb128 0x2
 532 0087 08       		.byte	0x8
 533 0088 07       		.byte	0x7
 534 0089 28010000 		.4byte	.LASF11
 535 008d 04       		.uleb128 0x4
 536 008e 04       		.byte	0x4
 537 008f 05       		.byte	0x5
 538 0090 696E7400 		.ascii	"int\000"
 539 0094 02       		.uleb128 0x2
 540 0095 04       		.byte	0x4
 541 0096 07       		.byte	0x7
 542 0097 12010000 		.4byte	.LASF12
 543 009b 02       		.uleb128 0x2
 544 009c 04       		.byte	0x4
 545 009d 04       		.byte	0x4
 546 009e 92000000 		.4byte	.LASF13
 547 00a2 02       		.uleb128 0x2
 548 00a3 08       		.byte	0x8
 549 00a4 04       		.byte	0x4
 550 00a5 74000000 		.4byte	.LASF14
 551 00a9 02       		.uleb128 0x2
 552 00aa 01       		.byte	0x1
 553 00ab 08       		.byte	0x8
 554 00ac 00020000 		.4byte	.LASF15
 555 00b0 02       		.uleb128 0x2
 556 00b1 04       		.byte	0x4
ARM GAS  C:\Users\Brian\AppData\Local\Temp\ccqQdbjp.s 			page 14


 557 00b2 07       		.byte	0x7
 558 00b3 60010000 		.4byte	.LASF16
 559 00b7 05       		.uleb128 0x5
 560 00b8 01       		.byte	0x1
 561 00b9 0D010000 		.4byte	.LASF39
 562 00bd 01       		.byte	0x1
 563 00be 1B       		.byte	0x1b
 564 00bf 8D000000 		.4byte	0x8d
 565 00c3 00000000 		.4byte	.LFB56
 566 00c7 CC030000 		.4byte	.LFE56
 567 00cb 00000000 		.4byte	.LLST0
 568 00cf 01       		.byte	0x1
 569 00d0 27010000 		.4byte	0x127
 570 00d4 06       		.uleb128 0x6
 571 00d5 4F010000 		.4byte	.LASF17
 572 00d9 01       		.byte	0x1
 573 00da 22       		.byte	0x22
 574 00db 27010000 		.4byte	0x127
 575 00df 02       		.byte	0x2
 576 00e0 91       		.byte	0x91
 577 00e1 77       		.sleb128 -9
 578 00e2 07       		.uleb128 0x7
 579 00e3 00000000 		.4byte	.Ldebug_ranges0+0
 580 00e7 08       		.uleb128 0x8
 581 00e8 7800     		.ascii	"x\000"
 582 00ea 01       		.byte	0x1
 583 00eb 65       		.byte	0x65
 584 00ec 54000000 		.4byte	0x54
 585 00f0 02       		.byte	0x2
 586 00f1 91       		.byte	0x91
 587 00f2 74       		.sleb128 -12
 588 00f3 08       		.uleb128 0x8
 589 00f4 7900     		.ascii	"y\000"
 590 00f6 01       		.byte	0x1
 591 00f7 65       		.byte	0x65
 592 00f8 54000000 		.4byte	0x54
 593 00fc 02       		.byte	0x2
 594 00fd 91       		.byte	0x91
 595 00fe 72       		.sleb128 -14
 596 00ff 08       		.uleb128 0x8
 597 0100 7A00     		.ascii	"z\000"
 598 0102 01       		.byte	0x1
 599 0103 66       		.byte	0x66
 600 0104 30000000 		.4byte	0x30
 601 0108 02       		.byte	0x2
 602 0109 91       		.byte	0x91
 603 010a 71       		.sleb128 -15
 604 010b 09       		.uleb128 0x9
 605 010c 62756600 		.ascii	"buf\000"
 606 0110 01       		.byte	0x1
 607 0111 66       		.byte	0x66
 608 0112 30000000 		.4byte	0x30
 609 0116 06       		.uleb128 0x6
 610 0117 92010000 		.4byte	.LASF18
 611 011b 01       		.byte	0x1
 612 011c 67       		.byte	0x67
 613 011d 2E010000 		.4byte	0x12e
ARM GAS  C:\Users\Brian\AppData\Local\Temp\ccqQdbjp.s 			page 15


 614 0121 03       		.byte	0x3
 615 0122 91       		.byte	0x91
 616 0123 BC7F     		.sleb128 -68
 617 0125 00       		.byte	0
 618 0126 00       		.byte	0
 619 0127 02       		.uleb128 0x2
 620 0128 01       		.byte	0x1
 621 0129 02       		.byte	0x2
 622 012a 19020000 		.4byte	.LASF19
 623 012e 0A       		.uleb128 0xa
 624 012f A9000000 		.4byte	0xa9
 625 0133 3E010000 		.4byte	0x13e
 626 0137 0B       		.uleb128 0xb
 627 0138 B0000000 		.4byte	0xb0
 628 013c 31       		.byte	0x31
 629 013d 00       		.byte	0
 630 013e 0C       		.uleb128 0xc
 631 013f 01       		.byte	0x1
 632 0140 11020000 		.4byte	.LASF40
 633 0144 01       		.byte	0x1
 634 0145 AE       		.byte	0xae
 635 0146 01       		.byte	0x1
 636 0147 71000000 		.4byte	0x71
 637 014b 00000000 		.4byte	.LFB57
 638 014f 38000000 		.4byte	.LFE57
 639 0153 3A000000 		.4byte	.LLST1
 640 0157 01       		.byte	0x1
 641 0158 A1010000 		.4byte	0x1a1
 642 015c 0D       		.uleb128 0xd
 643 015d 7800     		.ascii	"x\000"
 644 015f 01       		.byte	0x1
 645 0160 AE       		.byte	0xae
 646 0161 71000000 		.4byte	0x71
 647 0165 02       		.byte	0x2
 648 0166 91       		.byte	0x91
 649 0167 74       		.sleb128 -12
 650 0168 0E       		.uleb128 0xe
 651 0169 B8000000 		.4byte	.LASF20
 652 016d 01       		.byte	0x1
 653 016e AE       		.byte	0xae
 654 016f 71000000 		.4byte	0x71
 655 0173 02       		.byte	0x2
 656 0174 91       		.byte	0x91
 657 0175 70       		.sleb128 -16
 658 0176 0E       		.uleb128 0xe
 659 0177 7B000000 		.4byte	.LASF21
 660 017b 01       		.byte	0x1
 661 017c AE       		.byte	0xae
 662 017d 71000000 		.4byte	0x71
 663 0181 02       		.byte	0x2
 664 0182 91       		.byte	0x91
 665 0183 6C       		.sleb128 -20
 666 0184 0E       		.uleb128 0xe
 667 0185 8A000000 		.4byte	.LASF22
 668 0189 01       		.byte	0x1
 669 018a AE       		.byte	0xae
 670 018b 71000000 		.4byte	0x71
ARM GAS  C:\Users\Brian\AppData\Local\Temp\ccqQdbjp.s 			page 16


 671 018f 02       		.byte	0x2
 672 0190 91       		.byte	0x91
 673 0191 68       		.sleb128 -24
 674 0192 0E       		.uleb128 0xe
 675 0193 82000000 		.4byte	.LASF23
 676 0197 01       		.byte	0x1
 677 0198 AE       		.byte	0xae
 678 0199 71000000 		.4byte	0x71
 679 019d 02       		.byte	0x2
 680 019e 91       		.byte	0x91
 681 019f 00       		.sleb128 0
 682 01a0 00       		.byte	0
 683 01a1 0F       		.uleb128 0xf
 684 01a2 D2000000 		.4byte	.LASF24
 685 01a6 03       		.byte	0x3
 686 01a7 6D       		.byte	0x6d
 687 01a8 42000000 		.4byte	0x42
 688 01ac 01       		.byte	0x1
 689 01ad 05       		.byte	0x5
 690 01ae 03       		.byte	0x3
 691 01af 00000000 		.4byte	cursor_x
 692 01b3 0F       		.uleb128 0xf
 693 01b4 DB000000 		.4byte	.LASF25
 694 01b8 03       		.byte	0x3
 695 01b9 6E       		.byte	0x6e
 696 01ba 42000000 		.4byte	0x42
 697 01be 01       		.byte	0x1
 698 01bf 05       		.byte	0x5
 699 01c0 03       		.byte	0x3
 700 01c1 00000000 		.4byte	cursor_y
 701 01c5 0F       		.uleb128 0xf
 702 01c6 03010000 		.4byte	.LASF26
 703 01ca 03       		.byte	0x3
 704 01cb 6F       		.byte	0x6f
 705 01cc 54000000 		.4byte	0x54
 706 01d0 01       		.byte	0x1
 707 01d1 05       		.byte	0x5
 708 01d2 03       		.byte	0x3
 709 01d3 00000000 		.4byte	textcolor
 710 01d7 0F       		.uleb128 0xf
 711 01d8 EB010000 		.4byte	.LASF27
 712 01dc 03       		.byte	0x3
 713 01dd 70       		.byte	0x70
 714 01de 54000000 		.4byte	0x54
 715 01e2 01       		.byte	0x1
 716 01e3 05       		.byte	0x5
 717 01e4 03       		.byte	0x3
 718 01e5 00000000 		.4byte	textbgcolor
 719 01e9 0F       		.uleb128 0xf
 720 01ea 77010000 		.4byte	.LASF28
 721 01ee 03       		.byte	0x3
 722 01ef 71       		.byte	0x71
 723 01f0 30000000 		.4byte	0x30
 724 01f4 01       		.byte	0x1
 725 01f5 05       		.byte	0x5
 726 01f6 03       		.byte	0x3
 727 01f7 00000000 		.4byte	textsize
ARM GAS  C:\Users\Brian\AppData\Local\Temp\ccqQdbjp.s 			page 17


 728 01fb 0F       		.uleb128 0xf
 729 01fc 1F010000 		.4byte	.LASF29
 730 0200 03       		.byte	0x3
 731 0201 72       		.byte	0x72
 732 0202 30000000 		.4byte	0x30
 733 0206 01       		.byte	0x1
 734 0207 05       		.byte	0x5
 735 0208 03       		.byte	0x3
 736 0209 00000000 		.4byte	rotation
 737 020d 0F       		.uleb128 0xf
 738 020e 62000000 		.4byte	.LASF30
 739 0212 03       		.byte	0x3
 740 0213 73       		.byte	0x73
 741 0214 30000000 		.4byte	0x30
 742 0218 01       		.byte	0x1
 743 0219 05       		.byte	0x5
 744 021a 03       		.byte	0x3
 745 021b 00000000 		.4byte	wrap
 746 021f 0F       		.uleb128 0xf
 747 0220 5B000000 		.4byte	.LASF31
 748 0224 03       		.byte	0x3
 749 0225 74       		.byte	0x74
 750 0226 8D000000 		.4byte	0x8d
 751 022a 01       		.byte	0x1
 752 022b 05       		.byte	0x5
 753 022c 03       		.byte	0x3
 754 022d 00000000 		.4byte	_width
 755 0231 0F       		.uleb128 0xf
 756 0232 80010000 		.4byte	.LASF32
 757 0236 03       		.byte	0x3
 758 0237 75       		.byte	0x75
 759 0238 8D000000 		.4byte	0x8d
 760 023c 01       		.byte	0x1
 761 023d 05       		.byte	0x5
 762 023e 03       		.byte	0x3
 763 023f 00000000 		.4byte	_height
 764 0243 10       		.uleb128 0x10
 765 0244 E4000000 		.4byte	.LASF33
 766 0248 04       		.byte	0x4
 767 0249 1606     		.2byte	0x616
 768 024b 51020000 		.4byte	0x251
 769 024f 01       		.byte	0x1
 770 0250 01       		.byte	0x1
 771 0251 11       		.uleb128 0x11
 772 0252 66000000 		.4byte	0x66
 773 0256 0F       		.uleb128 0xf
 774 0257 98000000 		.4byte	.LASF34
 775 025b 01       		.byte	0x1
 776 025c 16       		.byte	0x16
 777 025d 8D000000 		.4byte	0x8d
 778 0261 01       		.byte	0x1
 779 0262 05       		.byte	0x5
 780 0263 03       		.byte	0x3
 781 0264 00000000 		.4byte	oldcolor
 782 0268 0F       		.uleb128 0xf
 783 0269 67000000 		.4byte	.LASF35
 784 026d 01       		.byte	0x1
ARM GAS  C:\Users\Brian\AppData\Local\Temp\ccqQdbjp.s 			page 18


 785 026e 16       		.byte	0x16
 786 026f 8D000000 		.4byte	0x8d
 787 0273 01       		.byte	0x1
 788 0274 05       		.byte	0x5
 789 0275 03       		.byte	0x3
 790 0276 00000000 		.4byte	currentcolor
 791 027a 00       		.byte	0
 792              		.section	.debug_abbrev,"",%progbits
 793              	.Ldebug_abbrev0:
 794 0000 01       		.uleb128 0x1
 795 0001 11       		.uleb128 0x11
 796 0002 01       		.byte	0x1
 797 0003 25       		.uleb128 0x25
 798 0004 0E       		.uleb128 0xe
 799 0005 13       		.uleb128 0x13
 800 0006 0B       		.uleb128 0xb
 801 0007 03       		.uleb128 0x3
 802 0008 0E       		.uleb128 0xe
 803 0009 1B       		.uleb128 0x1b
 804 000a 0E       		.uleb128 0xe
 805 000b 55       		.uleb128 0x55
 806 000c 06       		.uleb128 0x6
 807 000d 11       		.uleb128 0x11
 808 000e 01       		.uleb128 0x1
 809 000f 52       		.uleb128 0x52
 810 0010 01       		.uleb128 0x1
 811 0011 10       		.uleb128 0x10
 812 0012 06       		.uleb128 0x6
 813 0013 00       		.byte	0
 814 0014 00       		.byte	0
 815 0015 02       		.uleb128 0x2
 816 0016 24       		.uleb128 0x24
 817 0017 00       		.byte	0
 818 0018 0B       		.uleb128 0xb
 819 0019 0B       		.uleb128 0xb
 820 001a 3E       		.uleb128 0x3e
 821 001b 0B       		.uleb128 0xb
 822 001c 03       		.uleb128 0x3
 823 001d 0E       		.uleb128 0xe
 824 001e 00       		.byte	0
 825 001f 00       		.byte	0
 826 0020 03       		.uleb128 0x3
 827 0021 16       		.uleb128 0x16
 828 0022 00       		.byte	0
 829 0023 03       		.uleb128 0x3
 830 0024 0E       		.uleb128 0xe
 831 0025 3A       		.uleb128 0x3a
 832 0026 0B       		.uleb128 0xb
 833 0027 3B       		.uleb128 0x3b
 834 0028 0B       		.uleb128 0xb
 835 0029 49       		.uleb128 0x49
 836 002a 13       		.uleb128 0x13
 837 002b 00       		.byte	0
 838 002c 00       		.byte	0
 839 002d 04       		.uleb128 0x4
 840 002e 24       		.uleb128 0x24
 841 002f 00       		.byte	0
ARM GAS  C:\Users\Brian\AppData\Local\Temp\ccqQdbjp.s 			page 19


 842 0030 0B       		.uleb128 0xb
 843 0031 0B       		.uleb128 0xb
 844 0032 3E       		.uleb128 0x3e
 845 0033 0B       		.uleb128 0xb
 846 0034 03       		.uleb128 0x3
 847 0035 08       		.uleb128 0x8
 848 0036 00       		.byte	0
 849 0037 00       		.byte	0
 850 0038 05       		.uleb128 0x5
 851 0039 2E       		.uleb128 0x2e
 852 003a 01       		.byte	0x1
 853 003b 3F       		.uleb128 0x3f
 854 003c 0C       		.uleb128 0xc
 855 003d 03       		.uleb128 0x3
 856 003e 0E       		.uleb128 0xe
 857 003f 3A       		.uleb128 0x3a
 858 0040 0B       		.uleb128 0xb
 859 0041 3B       		.uleb128 0x3b
 860 0042 0B       		.uleb128 0xb
 861 0043 49       		.uleb128 0x49
 862 0044 13       		.uleb128 0x13
 863 0045 11       		.uleb128 0x11
 864 0046 01       		.uleb128 0x1
 865 0047 12       		.uleb128 0x12
 866 0048 01       		.uleb128 0x1
 867 0049 40       		.uleb128 0x40
 868 004a 06       		.uleb128 0x6
 869 004b 9642     		.uleb128 0x2116
 870 004d 0C       		.uleb128 0xc
 871 004e 01       		.uleb128 0x1
 872 004f 13       		.uleb128 0x13
 873 0050 00       		.byte	0
 874 0051 00       		.byte	0
 875 0052 06       		.uleb128 0x6
 876 0053 34       		.uleb128 0x34
 877 0054 00       		.byte	0
 878 0055 03       		.uleb128 0x3
 879 0056 0E       		.uleb128 0xe
 880 0057 3A       		.uleb128 0x3a
 881 0058 0B       		.uleb128 0xb
 882 0059 3B       		.uleb128 0x3b
 883 005a 0B       		.uleb128 0xb
 884 005b 49       		.uleb128 0x49
 885 005c 13       		.uleb128 0x13
 886 005d 02       		.uleb128 0x2
 887 005e 0A       		.uleb128 0xa
 888 005f 00       		.byte	0
 889 0060 00       		.byte	0
 890 0061 07       		.uleb128 0x7
 891 0062 0B       		.uleb128 0xb
 892 0063 01       		.byte	0x1
 893 0064 55       		.uleb128 0x55
 894 0065 06       		.uleb128 0x6
 895 0066 00       		.byte	0
 896 0067 00       		.byte	0
 897 0068 08       		.uleb128 0x8
 898 0069 34       		.uleb128 0x34
ARM GAS  C:\Users\Brian\AppData\Local\Temp\ccqQdbjp.s 			page 20


 899 006a 00       		.byte	0
 900 006b 03       		.uleb128 0x3
 901 006c 08       		.uleb128 0x8
 902 006d 3A       		.uleb128 0x3a
 903 006e 0B       		.uleb128 0xb
 904 006f 3B       		.uleb128 0x3b
 905 0070 0B       		.uleb128 0xb
 906 0071 49       		.uleb128 0x49
 907 0072 13       		.uleb128 0x13
 908 0073 02       		.uleb128 0x2
 909 0074 0A       		.uleb128 0xa
 910 0075 00       		.byte	0
 911 0076 00       		.byte	0
 912 0077 09       		.uleb128 0x9
 913 0078 34       		.uleb128 0x34
 914 0079 00       		.byte	0
 915 007a 03       		.uleb128 0x3
 916 007b 08       		.uleb128 0x8
 917 007c 3A       		.uleb128 0x3a
 918 007d 0B       		.uleb128 0xb
 919 007e 3B       		.uleb128 0x3b
 920 007f 0B       		.uleb128 0xb
 921 0080 49       		.uleb128 0x49
 922 0081 13       		.uleb128 0x13
 923 0082 00       		.byte	0
 924 0083 00       		.byte	0
 925 0084 0A       		.uleb128 0xa
 926 0085 01       		.uleb128 0x1
 927 0086 01       		.byte	0x1
 928 0087 49       		.uleb128 0x49
 929 0088 13       		.uleb128 0x13
 930 0089 01       		.uleb128 0x1
 931 008a 13       		.uleb128 0x13
 932 008b 00       		.byte	0
 933 008c 00       		.byte	0
 934 008d 0B       		.uleb128 0xb
 935 008e 21       		.uleb128 0x21
 936 008f 00       		.byte	0
 937 0090 49       		.uleb128 0x49
 938 0091 13       		.uleb128 0x13
 939 0092 2F       		.uleb128 0x2f
 940 0093 0B       		.uleb128 0xb
 941 0094 00       		.byte	0
 942 0095 00       		.byte	0
 943 0096 0C       		.uleb128 0xc
 944 0097 2E       		.uleb128 0x2e
 945 0098 01       		.byte	0x1
 946 0099 3F       		.uleb128 0x3f
 947 009a 0C       		.uleb128 0xc
 948 009b 03       		.uleb128 0x3
 949 009c 0E       		.uleb128 0xe
 950 009d 3A       		.uleb128 0x3a
 951 009e 0B       		.uleb128 0xb
 952 009f 3B       		.uleb128 0x3b
 953 00a0 0B       		.uleb128 0xb
 954 00a1 27       		.uleb128 0x27
 955 00a2 0C       		.uleb128 0xc
ARM GAS  C:\Users\Brian\AppData\Local\Temp\ccqQdbjp.s 			page 21


 956 00a3 49       		.uleb128 0x49
 957 00a4 13       		.uleb128 0x13
 958 00a5 11       		.uleb128 0x11
 959 00a6 01       		.uleb128 0x1
 960 00a7 12       		.uleb128 0x12
 961 00a8 01       		.uleb128 0x1
 962 00a9 40       		.uleb128 0x40
 963 00aa 06       		.uleb128 0x6
 964 00ab 9742     		.uleb128 0x2117
 965 00ad 0C       		.uleb128 0xc
 966 00ae 01       		.uleb128 0x1
 967 00af 13       		.uleb128 0x13
 968 00b0 00       		.byte	0
 969 00b1 00       		.byte	0
 970 00b2 0D       		.uleb128 0xd
 971 00b3 05       		.uleb128 0x5
 972 00b4 00       		.byte	0
 973 00b5 03       		.uleb128 0x3
 974 00b6 08       		.uleb128 0x8
 975 00b7 3A       		.uleb128 0x3a
 976 00b8 0B       		.uleb128 0xb
 977 00b9 3B       		.uleb128 0x3b
 978 00ba 0B       		.uleb128 0xb
 979 00bb 49       		.uleb128 0x49
 980 00bc 13       		.uleb128 0x13
 981 00bd 02       		.uleb128 0x2
 982 00be 0A       		.uleb128 0xa
 983 00bf 00       		.byte	0
 984 00c0 00       		.byte	0
 985 00c1 0E       		.uleb128 0xe
 986 00c2 05       		.uleb128 0x5
 987 00c3 00       		.byte	0
 988 00c4 03       		.uleb128 0x3
 989 00c5 0E       		.uleb128 0xe
 990 00c6 3A       		.uleb128 0x3a
 991 00c7 0B       		.uleb128 0xb
 992 00c8 3B       		.uleb128 0x3b
 993 00c9 0B       		.uleb128 0xb
 994 00ca 49       		.uleb128 0x49
 995 00cb 13       		.uleb128 0x13
 996 00cc 02       		.uleb128 0x2
 997 00cd 0A       		.uleb128 0xa
 998 00ce 00       		.byte	0
 999 00cf 00       		.byte	0
 1000 00d0 0F       		.uleb128 0xf
 1001 00d1 34       		.uleb128 0x34
 1002 00d2 00       		.byte	0
 1003 00d3 03       		.uleb128 0x3
 1004 00d4 0E       		.uleb128 0xe
 1005 00d5 3A       		.uleb128 0x3a
 1006 00d6 0B       		.uleb128 0xb
 1007 00d7 3B       		.uleb128 0x3b
 1008 00d8 0B       		.uleb128 0xb
 1009 00d9 49       		.uleb128 0x49
 1010 00da 13       		.uleb128 0x13
 1011 00db 3F       		.uleb128 0x3f
 1012 00dc 0C       		.uleb128 0xc
ARM GAS  C:\Users\Brian\AppData\Local\Temp\ccqQdbjp.s 			page 22


 1013 00dd 02       		.uleb128 0x2
 1014 00de 0A       		.uleb128 0xa
 1015 00df 00       		.byte	0
 1016 00e0 00       		.byte	0
 1017 00e1 10       		.uleb128 0x10
 1018 00e2 34       		.uleb128 0x34
 1019 00e3 00       		.byte	0
 1020 00e4 03       		.uleb128 0x3
 1021 00e5 0E       		.uleb128 0xe
 1022 00e6 3A       		.uleb128 0x3a
 1023 00e7 0B       		.uleb128 0xb
 1024 00e8 3B       		.uleb128 0x3b
 1025 00e9 05       		.uleb128 0x5
 1026 00ea 49       		.uleb128 0x49
 1027 00eb 13       		.uleb128 0x13
 1028 00ec 3F       		.uleb128 0x3f
 1029 00ed 0C       		.uleb128 0xc
 1030 00ee 3C       		.uleb128 0x3c
 1031 00ef 0C       		.uleb128 0xc
 1032 00f0 00       		.byte	0
 1033 00f1 00       		.byte	0
 1034 00f2 11       		.uleb128 0x11
 1035 00f3 35       		.uleb128 0x35
 1036 00f4 00       		.byte	0
 1037 00f5 49       		.uleb128 0x49
 1038 00f6 13       		.uleb128 0x13
 1039 00f7 00       		.byte	0
 1040 00f8 00       		.byte	0
 1041 00f9 00       		.byte	0
 1042              		.section	.debug_loc,"",%progbits
 1043              	.Ldebug_loc0:
 1044              	.LLST0:
 1045 0000 00000000 		.4byte	.LFB56
 1046 0004 02000000 		.4byte	.LCFI0
 1047 0008 0200     		.2byte	0x2
 1048 000a 7D       		.byte	0x7d
 1049 000b 00       		.sleb128 0
 1050 000c 02000000 		.4byte	.LCFI0
 1051 0010 04000000 		.4byte	.LCFI1
 1052 0014 0200     		.2byte	0x2
 1053 0016 7D       		.byte	0x7d
 1054 0017 08       		.sleb128 8
 1055 0018 04000000 		.4byte	.LCFI1
 1056 001c 06000000 		.4byte	.LCFI2
 1057 0020 0300     		.2byte	0x3
 1058 0022 7D       		.byte	0x7d
 1059 0023 D000     		.sleb128 80
 1060 0025 06000000 		.4byte	.LCFI2
 1061 0029 CC030000 		.4byte	.LFE56
 1062 002d 0300     		.2byte	0x3
 1063 002f 77       		.byte	0x77
 1064 0030 C800     		.sleb128 72
 1065 0032 00000000 		.4byte	0
 1066 0036 00000000 		.4byte	0
 1067              	.LLST1:
 1068 003a 00000000 		.4byte	.LFB57
 1069 003e 02000000 		.4byte	.LCFI3
ARM GAS  C:\Users\Brian\AppData\Local\Temp\ccqQdbjp.s 			page 23


 1070 0042 0200     		.2byte	0x2
 1071 0044 7D       		.byte	0x7d
 1072 0045 00       		.sleb128 0
 1073 0046 02000000 		.4byte	.LCFI3
 1074 004a 04000000 		.4byte	.LCFI4
 1075 004e 0200     		.2byte	0x2
 1076 0050 7D       		.byte	0x7d
 1077 0051 04       		.sleb128 4
 1078 0052 04000000 		.4byte	.LCFI4
 1079 0056 06000000 		.4byte	.LCFI5
 1080 005a 0200     		.2byte	0x2
 1081 005c 7D       		.byte	0x7d
 1082 005d 18       		.sleb128 24
 1083 005e 06000000 		.4byte	.LCFI5
 1084 0062 38000000 		.4byte	.LFE57
 1085 0066 0200     		.2byte	0x2
 1086 0068 77       		.byte	0x77
 1087 0069 18       		.sleb128 24
 1088 006a 00000000 		.4byte	0
 1089 006e 00000000 		.4byte	0
 1090              		.section	.debug_aranges,"",%progbits
 1091 0000 24000000 		.4byte	0x24
 1092 0004 0200     		.2byte	0x2
 1093 0006 00000000 		.4byte	.Ldebug_info0
 1094 000a 04       		.byte	0x4
 1095 000b 00       		.byte	0
 1096 000c 0000     		.2byte	0
 1097 000e 0000     		.2byte	0
 1098 0010 00000000 		.4byte	.LFB56
 1099 0014 CC030000 		.4byte	.LFE56-.LFB56
 1100 0018 00000000 		.4byte	.LFB57
 1101 001c 38000000 		.4byte	.LFE57-.LFB57
 1102 0020 00000000 		.4byte	0
 1103 0024 00000000 		.4byte	0
 1104              		.section	.debug_ranges,"",%progbits
 1105              	.Ldebug_ranges0:
 1106 0000 AC010000 		.4byte	.LBB2
 1107 0004 66030000 		.4byte	.LBE2
 1108 0008 6A030000 		.4byte	.LBB3
 1109 000c CA030000 		.4byte	.LBE3
 1110 0010 00000000 		.4byte	0
 1111 0014 00000000 		.4byte	0
 1112 0018 00000000 		.4byte	.LFB56
 1113 001c CC030000 		.4byte	.LFE56
 1114 0020 00000000 		.4byte	.LFB57
 1115 0024 38000000 		.4byte	.LFE57
 1116 0028 00000000 		.4byte	0
 1117 002c 00000000 		.4byte	0
 1118              		.section	.debug_line,"",%progbits
 1119              	.Ldebug_line0:
 1120 0000 93010000 		.section	.debug_str,"MS",%progbits,1
 1120      0200FD00 
 1120      00000201 
 1120      FB0E0D00 
 1120      01010101 
 1121              	.LASF38:
 1122 0000 433A5C55 		.ascii	"C:\\Users\\Brian\\Dropbox\\RPiSoC\\Projects\\tft_te"
ARM GAS  C:\Users\Brian\AppData\Local\Temp\ccqQdbjp.s 			page 24


 1122      73657273 
 1122      5C427269 
 1122      616E5C44 
 1122      726F7062 
 1123 002d 73742E42 		.ascii	"st.Bundle01_Rev_b - touch\\touch_buttons.cydsn\000"
 1123      756E646C 
 1123      6530315F 
 1123      5265765F 
 1123      62202D20 
 1124              	.LASF31:
 1125 005b 5F776964 		.ascii	"_width\000"
 1125      746800
 1126              	.LASF30:
 1127 0062 77726170 		.ascii	"wrap\000"
 1127      00
 1128              	.LASF35:
 1129 0067 63757272 		.ascii	"currentcolor\000"
 1129      656E7463 
 1129      6F6C6F72 
 1129      00
 1130              	.LASF14:
 1131 0074 646F7562 		.ascii	"double\000"
 1131      6C6500
 1132              	.LASF21:
 1133 007b 696E5F6D 		.ascii	"in_max\000"
 1133      617800
 1134              	.LASF23:
 1135 0082 6F75745F 		.ascii	"out_max\000"
 1135      6D617800 
 1136              	.LASF22:
 1137 008a 6F75745F 		.ascii	"out_min\000"
 1137      6D696E00 
 1138              	.LASF13:
 1139 0092 666C6F61 		.ascii	"float\000"
 1139      7400
 1140              	.LASF34:
 1141 0098 6F6C6463 		.ascii	"oldcolor\000"
 1141      6F6C6F72 
 1141      00
 1142              	.LASF1:
 1143 00a1 756E7369 		.ascii	"unsigned char\000"
 1143      676E6564 
 1143      20636861 
 1143      7200
 1144              	.LASF37:
 1145 00af 2E5C6D61 		.ascii	".\\main.c\000"
 1145      696E2E63 
 1145      00
 1146              	.LASF20:
 1147 00b8 696E5F6D 		.ascii	"in_min\000"
 1147      696E00
 1148              	.LASF6:
 1149 00bf 73686F72 		.ascii	"short unsigned int\000"
 1149      7420756E 
 1149      7369676E 
 1149      65642069 
 1149      6E7400
ARM GAS  C:\Users\Brian\AppData\Local\Temp\ccqQdbjp.s 			page 25


 1150              	.LASF24:
 1151 00d2 63757273 		.ascii	"cursor_x\000"
 1151      6F725F78 
 1151      00
 1152              	.LASF25:
 1153 00db 63757273 		.ascii	"cursor_y\000"
 1153      6F725F79 
 1153      00
 1154              	.LASF33:
 1155 00e4 49544D5F 		.ascii	"ITM_RxBuffer\000"
 1155      52784275 
 1155      66666572 
 1155      00
 1156              	.LASF9:
 1157 00f1 6C6F6E67 		.ascii	"long unsigned int\000"
 1157      20756E73 
 1157      69676E65 
 1157      6420696E 
 1157      7400
 1158              	.LASF26:
 1159 0103 74657874 		.ascii	"textcolor\000"
 1159      636F6C6F 
 1159      7200
 1160              	.LASF39:
 1161 010d 6D61696E 		.ascii	"main\000"
 1161      00
 1162              	.LASF12:
 1163 0112 756E7369 		.ascii	"unsigned int\000"
 1163      676E6564 
 1163      20696E74 
 1163      00
 1164              	.LASF29:
 1165 011f 726F7461 		.ascii	"rotation\000"
 1165      74696F6E 
 1165      00
 1166              	.LASF11:
 1167 0128 6C6F6E67 		.ascii	"long long unsigned int\000"
 1167      206C6F6E 
 1167      6720756E 
 1167      7369676E 
 1167      65642069 
 1168              	.LASF2:
 1169 013f 75696E74 		.ascii	"uint8_t\000"
 1169      385F7400 
 1170              	.LASF3:
 1171 0147 696E7431 		.ascii	"int16_t\000"
 1171      365F7400 
 1172              	.LASF17:
 1173 014f 746F7563 		.ascii	"touch_en\000"
 1173      685F656E 
 1173      00
 1174              	.LASF7:
 1175 0158 696E7433 		.ascii	"int32_t\000"
 1175      325F7400 
 1176              	.LASF16:
 1177 0160 73697A65 		.ascii	"sizetype\000"
 1177      74797065 
ARM GAS  C:\Users\Brian\AppData\Local\Temp\ccqQdbjp.s 			page 26


 1177      00
 1178              	.LASF10:
 1179 0169 6C6F6E67 		.ascii	"long long int\000"
 1179      206C6F6E 
 1179      6720696E 
 1179      7400
 1180              	.LASF28:
 1181 0177 74657874 		.ascii	"textsize\000"
 1181      73697A65 
 1181      00
 1182              	.LASF32:
 1183 0180 5F686569 		.ascii	"_height\000"
 1183      67687400 
 1184              	.LASF4:
 1185 0188 73686F72 		.ascii	"short int\000"
 1185      7420696E 
 1185      7400
 1186              	.LASF18:
 1187 0192 62756666 		.ascii	"buffer\000"
 1187      657200
 1188              	.LASF5:
 1189 0199 75696E74 		.ascii	"uint16_t\000"
 1189      31365F74 
 1189      00
 1190              	.LASF36:
 1191 01a2 474E5520 		.ascii	"GNU C 4.7.3 20130312 (release) [ARM/embedded-4_7-br"
 1191      4320342E 
 1191      372E3320 
 1191      32303133 
 1191      30333132 
 1192 01d5 616E6368 		.ascii	"anch revision 196615]\000"
 1192      20726576 
 1192      6973696F 
 1192      6E203139 
 1192      36363135 
 1193              	.LASF27:
 1194 01eb 74657874 		.ascii	"textbgcolor\000"
 1194      6267636F 
 1194      6C6F7200 
 1195              	.LASF8:
 1196 01f7 6C6F6E67 		.ascii	"long int\000"
 1196      20696E74 
 1196      00
 1197              	.LASF15:
 1198 0200 63686172 		.ascii	"char\000"
 1198      00
 1199              	.LASF0:
 1200 0205 7369676E 		.ascii	"signed char\000"
 1200      65642063 
 1200      68617200 
 1201              	.LASF40:
 1202 0211 6D617043 		.ascii	"mapCoor\000"
 1202      6F6F7200 
 1203              	.LASF19:
 1204 0219 5F426F6F 		.ascii	"_Bool\000"
 1204      6C00
 1205              		.ident	"GCC: (GNU Tools for ARM Embedded Processors) 4.7.3 20130312 (release) [ARM/embedded-4_7-br
ARM GAS  C:\Users\Brian\AppData\Local\Temp\ccqQdbjp.s 			page 27


