ARM GAS  C:\Users\LilRobby\AppData\Local\Temp\ccoo7hqR.s 			page 1


   1              		.syntax unified
   2              		.cpu cortex-m3
   3              		.fpu softvfp
   4              		.eabi_attribute 20, 1
   5              		.eabi_attribute 21, 1
   6              		.eabi_attribute 23, 3
   7              		.eabi_attribute 24, 1
   8              		.eabi_attribute 25, 1
   9              		.eabi_attribute 26, 1
  10              		.eabi_attribute 30, 6
  11              		.eabi_attribute 34, 1
  12              		.eabi_attribute 18, 4
  13              		.thumb
  14              		.file	"cymetadata.c"
  15              		.text
  16              	.Ltext0:
  17              		.cfi_sections	.debug_frame
  18              		.global	cy_meta_configecc
  19              		.section	.cyconfigecc,"a",%progbits
  20              		.align	2
  21              		.type	cy_meta_configecc, %object
  22              		.size	cy_meta_configecc, 900
  23              	cy_meta_configecc:
  24 0000 03       		.byte	3
  25 0001 52       		.byte	82
  26 0002 00       		.byte	0
  27 0003 40       		.byte	64
  28 0004 01       		.byte	1
  29 0005 64       		.byte	100
  30 0006 00       		.byte	0
  31 0007 40       		.byte	64
  32 0008 01       		.byte	1
  33 0009 03       		.byte	3
  34 000a 01       		.byte	1
  35 000b 40       		.byte	64
  36 000c 01       		.byte	1
  37 000d 05       		.byte	5
  38 000e 01       		.byte	1
  39 000f 40       		.byte	64
  40 0010 40       		.byte	64
  41 0011 0A       		.byte	10
  42 0012 01       		.byte	1
  43 0013 40       		.byte	64
  44 0014 37       		.byte	55
  45 0015 0B       		.byte	11
  46 0016 01       		.byte	1
  47 0017 40       		.byte	64
  48 0018 05       		.byte	5
  49 0019 0C       		.byte	12
  50 001a 01       		.byte	1
  51 001b 40       		.byte	64
  52 001c 38       		.byte	56
  53 001d 0D       		.byte	13
  54 001e 01       		.byte	1
  55 001f 40       		.byte	64
  56 0020 43       		.byte	67
  57 0021 0E       		.byte	14
ARM GAS  C:\Users\LilRobby\AppData\Local\Temp\ccoo7hqR.s 			page 2


  58 0022 01       		.byte	1
  59 0023 40       		.byte	64
  60 0024 2C       		.byte	44
  61 0025 0F       		.byte	15
  62 0026 01       		.byte	1
  63 0027 40       		.byte	64
  64 0028 03       		.byte	3
  65 0029 40       		.byte	64
  66 002a 01       		.byte	1
  67 002b 40       		.byte	64
  68 002c 04       		.byte	4
  69 002d 41       		.byte	65
  70 002e 01       		.byte	1
  71 002f 40       		.byte	64
  72 0030 03       		.byte	3
  73 0031 42       		.byte	66
  74 0032 01       		.byte	1
  75 0033 40       		.byte	64
  76 0034 0F       		.byte	15
  77 0035 44       		.byte	68
  78 0036 01       		.byte	1
  79 0037 40       		.byte	64
  80 0038 07       		.byte	7
  81 0039 45       		.byte	69
  82 003a 01       		.byte	1
  83 003b 40       		.byte	64
  84 003c 03       		.byte	3
  85 003d 46       		.byte	70
  86 003e 01       		.byte	1
  87 003f 40       		.byte	64
  88 0040 03       		.byte	3
  89 0041 50       		.byte	80
  90 0042 01       		.byte	1
  91 0043 40       		.byte	64
  92 0044 01       		.byte	1
  93 0045 51       		.byte	81
  94 0046 01       		.byte	1
  95 0047 40       		.byte	64
  96 0048 30       		.byte	48
  97 0049 84       		.byte	-124
  98 004a 31       		.byte	49
  99 004b 90       		.byte	-112
 100 004c 34       		.byte	52
 101 004d 40       		.byte	64
 102 004e 8C       		.byte	-116
 103 004f 0F       		.byte	15
 104 0050 E6       		.byte	-26
 105 0051 02       		.byte	2
 106 0052 E2       		.byte	-30
 107 0053 04       		.byte	4
 108 0054 00       		.byte	0
 109 0055 10       		.byte	16
 110 0056 04       		.byte	4
 111 0057 43       		.byte	67
 112 0058 05       		.byte	5
 113 0059 0D       		.byte	13
 114 005a 06       		.byte	6
ARM GAS  C:\Users\LilRobby\AppData\Local\Temp\ccoo7hqR.s 			page 3


 115 005b B0       		.byte	-80
 116 005c 07       		.byte	7
 117 005d 02       		.byte	2
 118 005e 08       		.byte	8
 119 005f E0       		.byte	-32
 120 0060 0C       		.byte	12
 121 0061 10       		.byte	16
 122 0062 0E       		.byte	14
 123 0063 04       		.byte	4
 124 0064 10       		.byte	16
 125 0065 58       		.byte	88
 126 0066 11       		.byte	17
 127 0067 09       		.byte	9
 128 0068 12       		.byte	18
 129 0069 87       		.byte	-121
 130 006a 14       		.byte	20
 131 006b 26       		.byte	38
 132 006c 16       		.byte	22
 133 006d 49       		.byte	73
 134 006e 18       		.byte	24
 135 006f 04       		.byte	4
 136 0070 19       		.byte	25
 137 0071 03       		.byte	3
 138 0072 1A       		.byte	26
 139 0073 10       		.byte	16
 140 0074 1B       		.byte	27
 141 0075 04       		.byte	4
 142 0076 1C       		.byte	28
 143 0077 14       		.byte	20
 144 0078 20       		.byte	32
 145 0079 14       		.byte	20
 146 007a 24       		.byte	36
 147 007b 10       		.byte	16
 148 007c 25       		.byte	37
 149 007d 08       		.byte	8
 150 007e 26       		.byte	38
 151 007f 04       		.byte	4
 152 0080 28       		.byte	40
 153 0081 04       		.byte	4
 154 0082 30       		.byte	48
 155 0083 01       		.byte	1
 156 0084 31       		.byte	49
 157 0085 0E       		.byte	14
 158 0086 32       		.byte	50
 159 0087 E2       		.byte	-30
 160 0088 34       		.byte	52
 161 0089 1E       		.byte	30
 162 008a 37       		.byte	55
 163 008b 01       		.byte	1
 164 008c 38       		.byte	56
 165 008d 08       		.byte	8
 166 008e 3A       		.byte	58
 167 008f 20       		.byte	32
 168 0090 3B       		.byte	59
 169 0091 02       		.byte	2
 170 0092 3E       		.byte	62
 171 0093 01       		.byte	1
ARM GAS  C:\Users\LilRobby\AppData\Local\Temp\ccoo7hqR.s 			page 4


 172 0094 3F       		.byte	63
 173 0095 40       		.byte	64
 174 0096 54       		.byte	84
 175 0097 09       		.byte	9
 176 0098 56       		.byte	86
 177 0099 04       		.byte	4
 178 009a 58       		.byte	88
 179 009b 04       		.byte	4
 180 009c 59       		.byte	89
 181 009d 04       		.byte	4
 182 009e 5B       		.byte	91
 183 009f 04       		.byte	4
 184 00a0 5C       		.byte	92
 185 00a1 11       		.byte	17
 186 00a2 5D       		.byte	93
 187 00a3 10       		.byte	16
 188 00a4 5F       		.byte	95
 189 00a5 01       		.byte	1
 190 00a6 81       		.byte	-127
 191 00a7 D0       		.byte	-48
 192 00a8 85       		.byte	-123
 193 00a9 25       		.byte	37
 194 00aa 87       		.byte	-121
 195 00ab 4A       		.byte	74
 196 00ac 89       		.byte	-119
 197 00ad D0       		.byte	-48
 198 00ae 8D       		.byte	-115
 199 00af 29       		.byte	41
 200 00b0 8F       		.byte	-113
 201 00b1 86       		.byte	-122
 202 00b2 91       		.byte	-111
 203 00b3 D0       		.byte	-48
 204 00b4 95       		.byte	-107
 205 00b5 13       		.byte	19
 206 00b6 97       		.byte	-105
 207 00b7 2C       		.byte	44
 208 00b8 99       		.byte	-103
 209 00b9 02       		.byte	2
 210 00ba 9B       		.byte	-101
 211 00bb 0D       		.byte	13
 212 00bc 9D       		.byte	-99
 213 00bd 20       		.byte	32
 214 00be 9F       		.byte	-97
 215 00bf D0       		.byte	-48
 216 00c0 A5       		.byte	-91
 217 00c1 D0       		.byte	-48
 218 00c2 AD       		.byte	-83
 219 00c3 D0       		.byte	-48
 220 00c4 B5       		.byte	-75
 221 00c5 0F       		.byte	15
 222 00c6 B7       		.byte	-73
 223 00c7 F0       		.byte	-16
 224 00c8 BB       		.byte	-69
 225 00c9 A0       		.byte	-96
 226 00ca D4       		.byte	-44
 227 00cb 0F       		.byte	15
 228 00cc D9       		.byte	-39
ARM GAS  C:\Users\LilRobby\AppData\Local\Temp\ccoo7hqR.s 			page 5


 229 00cd 04       		.byte	4
 230 00ce DB       		.byte	-37
 231 00cf 04       		.byte	4
 232 00d0 DC       		.byte	-36
 233 00d1 10       		.byte	16
 234 00d2 DF       		.byte	-33
 235 00d3 01       		.byte	1
 236 00d4 00       		.byte	0
 237 00d5 04       		.byte	4
 238 00d6 01       		.byte	1
 239 00d7 42       		.byte	66
 240 00d8 03       		.byte	3
 241 00d9 08       		.byte	8
 242 00da 09       		.byte	9
 243 00db 12       		.byte	18
 244 00dc 0A       		.byte	10
 245 00dd 21       		.byte	33
 246 00de 10       		.byte	16
 247 00df 20       		.byte	32
 248 00e0 12       		.byte	18
 249 00e1 04       		.byte	4
 250 00e2 13       		.byte	19
 251 00e3 02       		.byte	2
 252 00e4 18       		.byte	24
 253 00e5 04       		.byte	4
 254 00e6 1A       		.byte	26
 255 00e7 40       		.byte	64
 256 00e8 1B       		.byte	27
 257 00e9 08       		.byte	8
 258 00ea 20       		.byte	32
 259 00eb 40       		.byte	64
 260 00ec 21       		.byte	33
 261 00ed 02       		.byte	2
 262 00ee 23       		.byte	35
 263 00ef 01       		.byte	1
 264 00f0 26       		.byte	38
 265 00f1 A0       		.byte	-96
 266 00f2 27       		.byte	39
 267 00f3 04       		.byte	4
 268 00f4 28       		.byte	40
 269 00f5 10       		.byte	16
 270 00f6 2A       		.byte	42
 271 00f7 04       		.byte	4
 272 00f8 2C       		.byte	44
 273 00f9 20       		.byte	32
 274 00fa 2D       		.byte	45
 275 00fb 40       		.byte	64
 276 00fc 31       		.byte	49
 277 00fd 02       		.byte	2
 278 00fe 32       		.byte	50
 279 00ff 10       		.byte	16
 280 0100 36       		.byte	54
 281 0101 A0       		.byte	-96
 282 0102 37       		.byte	55
 283 0103 0A       		.byte	10
 284 0104 38       		.byte	56
 285 0105 04       		.byte	4
ARM GAS  C:\Users\LilRobby\AppData\Local\Temp\ccoo7hqR.s 			page 6


 286 0106 3C       		.byte	60
 287 0107 44       		.byte	68
 288 0108 3D       		.byte	61
 289 0109 20       		.byte	32
 290 010a 3E       		.byte	62
 291 010b 01       		.byte	1
 292 010c 46       		.byte	70
 293 010d 20       		.byte	32
 294 010e 47       		.byte	71
 295 010f 04       		.byte	4
 296 0110 58       		.byte	88
 297 0111 10       		.byte	16
 298 0112 59       		.byte	89
 299 0113 04       		.byte	4
 300 0114 5A       		.byte	90
 301 0115 42       		.byte	66
 302 0116 5E       		.byte	94
 303 0117 AA       		.byte	-86
 304 0118 63       		.byte	99
 305 0119 81       		.byte	-127
 306 011a 6E       		.byte	110
 307 011b AA       		.byte	-86
 308 011c 83       		.byte	-125
 309 011d 40       		.byte	64
 310 011e 8B       		.byte	-117
 311 011f 08       		.byte	8
 312 0120 91       		.byte	-111
 313 0121 40       		.byte	64
 314 0122 92       		.byte	-110
 315 0123 23       		.byte	35
 316 0124 94       		.byte	-108
 317 0125 44       		.byte	68
 318 0126 99       		.byte	-103
 319 0127 06       		.byte	6
 320 0128 9A       		.byte	-102
 321 0129 04       		.byte	4
 322 012a 9B       		.byte	-101
 323 012b 0A       		.byte	10
 324 012c 9E       		.byte	-98
 325 012d 20       		.byte	32
 326 012e A0       		.byte	-96
 327 012f 20       		.byte	32
 328 0130 A1       		.byte	-95
 329 0131 10       		.byte	16
 330 0132 C0       		.byte	-64
 331 0133 0F       		.byte	15
 332 0134 C2       		.byte	-62
 333 0135 0F       		.byte	15
 334 0136 C4       		.byte	-60
 335 0137 0E       		.byte	14
 336 0138 CA       		.byte	-54
 337 0139 52       		.byte	82
 338 013a CC       		.byte	-52
 339 013b F5       		.byte	-11
 340 013c CE       		.byte	-50
 341 013d F2       		.byte	-14
 342 013e D6       		.byte	-42
ARM GAS  C:\Users\LilRobby\AppData\Local\Temp\ccoo7hqR.s 			page 7


 343 013f FF       		.byte	-1
 344 0140 D8       		.byte	-40
 345 0141 09       		.byte	9
 346 0142 56       		.byte	86
 347 0143 02       		.byte	2
 348 0144 57       		.byte	87
 349 0145 24       		.byte	36
 350 0146 5B       		.byte	91
 351 0147 04       		.byte	4
 352 0148 5D       		.byte	93
 353 0149 10       		.byte	16
 354 014a 5F       		.byte	95
 355 014b 01       		.byte	1
 356 014c 00       		.byte	0
 357 014d 44       		.byte	68
 358 014e 0A       		.byte	10
 359 014f A1       		.byte	-95
 360 0150 10       		.byte	16
 361 0151 28       		.byte	40
 362 0152 11       		.byte	17
 363 0153 40       		.byte	64
 364 0154 13       		.byte	19
 365 0155 02       		.byte	2
 366 0156 18       		.byte	24
 367 0157 01       		.byte	1
 368 0158 19       		.byte	25
 369 0159 03       		.byte	3
 370 015a 1A       		.byte	26
 371 015b 82       		.byte	-126
 372 015c 20       		.byte	32
 373 015d 08       		.byte	8
 374 015e 21       		.byte	33
 375 015f 18       		.byte	24
 376 0160 22       		.byte	34
 377 0161 10       		.byte	16
 378 0162 23       		.byte	35
 379 0163 08       		.byte	8
 380 0164 2A       		.byte	42
 381 0165 44       		.byte	68
 382 0166 2B       		.byte	43
 383 0167 80       		.byte	-128
 384 0168 30       		.byte	48
 385 0169 28       		.byte	40
 386 016a 31       		.byte	49
 387 016b 41       		.byte	65
 388 016c 38       		.byte	56
 389 016d 46       		.byte	70
 390 016e 39       		.byte	57
 391 016f 20       		.byte	32
 392 0170 40       		.byte	64
 393 0171 45       		.byte	69
 394 0172 48       		.byte	72
 395 0173 05       		.byte	5
 396 0174 49       		.byte	73
 397 0175 04       		.byte	4
 398 0176 4B       		.byte	75
 399 0177 01       		.byte	1
ARM GAS  C:\Users\LilRobby\AppData\Local\Temp\ccoo7hqR.s 			page 8


 400 0178 52       		.byte	82
 401 0179 54       		.byte	84
 402 017a 61       		.byte	97
 403 017b 08       		.byte	8
 404 017c 62       		.byte	98
 405 017d 50       		.byte	80
 406 017e 63       		.byte	99
 407 017f 40       		.byte	64
 408 0180 66       		.byte	102
 409 0181 20       		.byte	32
 410 0182 6C       		.byte	108
 411 0183 29       		.byte	41
 412 0184 6D       		.byte	109
 413 0185 60       		.byte	96
 414 0186 6E       		.byte	110
 415 0187 01       		.byte	1
 416 0188 6F       		.byte	111
 417 0189 80       		.byte	-128
 418 018a 74       		.byte	116
 419 018b 80       		.byte	-128
 420 018c 75       		.byte	117
 421 018d 40       		.byte	64
 422 018e 77       		.byte	119
 423 018f 02       		.byte	2
 424 0190 87       		.byte	-121
 425 0191 40       		.byte	64
 426 0192 94       		.byte	-108
 427 0193 44       		.byte	68
 428 0194 95       		.byte	-107
 429 0195 40       		.byte	64
 430 0196 96       		.byte	-106
 431 0197 A0       		.byte	-96
 432 0198 97       		.byte	-105
 433 0199 01       		.byte	1
 434 019a A0       		.byte	-96
 435 019b 01       		.byte	1
 436 019c A4       		.byte	-92
 437 019d A8       		.byte	-88
 438 019e A7       		.byte	-89
 439 019f 80       		.byte	-128
 440 01a0 A8       		.byte	-88
 441 01a1 10       		.byte	16
 442 01a2 B0       		.byte	-80
 443 01a3 01       		.byte	1
 444 01a4 B1       		.byte	-79
 445 01a5 01       		.byte	1
 446 01a6 B7       		.byte	-73
 447 01a7 08       		.byte	8
 448 01a8 C0       		.byte	-64
 449 01a9 05       		.byte	5
 450 01aa C2       		.byte	-62
 451 01ab 0D       		.byte	13
 452 01ac C4       		.byte	-60
 453 01ad 0F       		.byte	15
 454 01ae CA       		.byte	-54
 455 01af 0B       		.byte	11
 456 01b0 CC       		.byte	-52
ARM GAS  C:\Users\LilRobby\AppData\Local\Temp\ccoo7hqR.s 			page 9


 457 01b1 0F       		.byte	15
 458 01b2 CE       		.byte	-50
 459 01b3 0F       		.byte	15
 460 01b4 D0       		.byte	-48
 461 01b5 0D       		.byte	13
 462 01b6 D2       		.byte	-46
 463 01b7 0C       		.byte	12
 464 01b8 D8       		.byte	-40
 465 01b9 2F       		.byte	47
 466 01ba EC       		.byte	-20
 467 01bb 01       		.byte	1
 468 01bc 00       		.byte	0
 469 01bd 04       		.byte	4
 470 01be 03       		.byte	3
 471 01bf 40       		.byte	64
 472 01c0 04       		.byte	4
 473 01c1 0A       		.byte	10
 474 01c2 06       		.byte	6
 475 01c3 10       		.byte	16
 476 01c4 07       		.byte	7
 477 01c5 C0       		.byte	-64
 478 01c6 08       		.byte	8
 479 01c7 01       		.byte	1
 480 01c8 09       		.byte	9
 481 01c9 23       		.byte	35
 482 01ca 0C       		.byte	12
 483 01cb 56       		.byte	86
 484 01cc 0E       		.byte	14
 485 01cd 09       		.byte	9
 486 01ce 0F       		.byte	15
 487 01cf C0       		.byte	-64
 488 01d0 10       		.byte	16
 489 01d1 04       		.byte	4
 490 01d2 14       		.byte	20
 491 01d3 07       		.byte	7
 492 01d4 16       		.byte	22
 493 01d5 38       		.byte	56
 494 01d6 19       		.byte	25
 495 01d7 80       		.byte	-128
 496 01d8 1C       		.byte	28
 497 01d9 60       		.byte	96
 498 01da 1D       		.byte	29
 499 01db 0F       		.byte	15
 500 01dc 1F       		.byte	31
 501 01dd 10       		.byte	16
 502 01de 20       		.byte	32
 503 01df 04       		.byte	4
 504 01e0 24       		.byte	36
 505 01e1 04       		.byte	4
 506 01e2 29       		.byte	41
 507 01e3 18       		.byte	24
 508 01e4 2A       		.byte	42
 509 01e5 04       		.byte	4
 510 01e6 2B       		.byte	43
 511 01e7 05       		.byte	5
 512 01e8 2C       		.byte	44
 513 01e9 04       		.byte	4
ARM GAS  C:\Users\LilRobby\AppData\Local\Temp\ccoo7hqR.s 			page 10


 514 01ea 2D       		.byte	45
 515 01eb 08       		.byte	8
 516 01ec 2F       		.byte	47
 517 01ed 16       		.byte	22
 518 01ee 31       		.byte	49
 519 01ef C0       		.byte	-64
 520 01f0 32       		.byte	50
 521 01f1 7F       		.byte	127
 522 01f2 33       		.byte	51
 523 01f3 3C       		.byte	60
 524 01f4 35       		.byte	53
 525 01f5 07       		.byte	7
 526 01f6 38       		.byte	56
 527 01f7 08       		.byte	8
 528 01f8 39       		.byte	57
 529 01f9 20       		.byte	32
 530 01fa 3F       		.byte	63
 531 01fb 14       		.byte	20
 532 01fc 58       		.byte	88
 533 01fd 04       		.byte	4
 534 01fe 59       		.byte	89
 535 01ff 04       		.byte	4
 536 0200 5B       		.byte	91
 537 0201 04       		.byte	4
 538 0202 5C       		.byte	92
 539 0203 11       		.byte	17
 540 0204 5F       		.byte	95
 541 0205 01       		.byte	1
 542 0206 80       		.byte	-128
 543 0207 3B       		.byte	59
 544 0208 81       		.byte	-127
 545 0209 31       		.byte	49
 546 020a 82       		.byte	-126
 547 020b C4       		.byte	-60
 548 020c 83       		.byte	-125
 549 020d 02       		.byte	2
 550 020e 85       		.byte	-123
 551 020f 06       		.byte	6
 552 0210 87       		.byte	-121
 553 0211 19       		.byte	25
 554 0212 89       		.byte	-119
 555 0213 15       		.byte	21
 556 0214 8B       		.byte	-117
 557 0215 0A       		.byte	10
 558 0216 8D       		.byte	-115
 559 0217 03       		.byte	3
 560 0218 8F       		.byte	-113
 561 0219 2C       		.byte	44
 562 021a 90       		.byte	-112
 563 021b B0       		.byte	-80
 564 021c 92       		.byte	-110
 565 021d 0A       		.byte	10
 566 021e 94       		.byte	-108
 567 021f 1D       		.byte	29
 568 0220 96       		.byte	-106
 569 0221 62       		.byte	98
 570 0222 98       		.byte	-104
ARM GAS  C:\Users\LilRobby\AppData\Local\Temp\ccoo7hqR.s 			page 11


 571 0223 29       		.byte	41
 572 0224 9A       		.byte	-102
 573 0225 D6       		.byte	-42
 574 0226 B0       		.byte	-80
 575 0227 18       		.byte	24
 576 0228 B1       		.byte	-79
 577 0229 34       		.byte	52
 578 022a B2       		.byte	-78
 579 022b 07       		.byte	7
 580 022c B4       		.byte	-76
 581 022d E0       		.byte	-32
 582 022e B7       		.byte	-73
 583 022f 0F       		.byte	15
 584 0230 B8       		.byte	-72
 585 0231 2A       		.byte	42
 586 0232 B9       		.byte	-71
 587 0233 82       		.byte	-126
 588 0234 BE       		.byte	-66
 589 0235 15       		.byte	21
 590 0236 BF       		.byte	-65
 591 0237 41       		.byte	65
 592 0238 D4       		.byte	-44
 593 0239 7F       		.byte	127
 594 023a D8       		.byte	-40
 595 023b 04       		.byte	4
 596 023c D9       		.byte	-39
 597 023d 04       		.byte	4
 598 023e DB       		.byte	-37
 599 023f 04       		.byte	4
 600 0240 DF       		.byte	-33
 601 0241 01       		.byte	1
 602 0242 00       		.byte	0
 603 0243 54       		.byte	84
 604 0244 03       		.byte	3
 605 0245 80       		.byte	-128
 606 0246 07       		.byte	7
 607 0247 40       		.byte	64
 608 0248 0A       		.byte	10
 609 0249 A0       		.byte	-96
 610 024a 0B       		.byte	11
 611 024b 01       		.byte	1
 612 024c 0E       		.byte	14
 613 024d 54       		.byte	84
 614 024e 10       		.byte	16
 615 024f A8       		.byte	-88
 616 0250 11       		.byte	17
 617 0251 40       		.byte	64
 618 0252 18       		.byte	24
 619 0253 10       		.byte	16
 620 0254 1D       		.byte	29
 621 0255 04       		.byte	4
 622 0256 1E       		.byte	30
 623 0257 88       		.byte	-120
 624 0258 21       		.byte	33
 625 0259 01       		.byte	1
 626 025a 23       		.byte	35
 627 025b 24       		.byte	36
ARM GAS  C:\Users\LilRobby\AppData\Local\Temp\ccoo7hqR.s 			page 12


 628 025c 26       		.byte	38
 629 025d 01       		.byte	1
 630 025e 27       		.byte	39
 631 025f 02       		.byte	2
 632 0260 2B       		.byte	43
 633 0261 0A       		.byte	10
 634 0262 32       		.byte	50
 635 0263 10       		.byte	16
 636 0264 33       		.byte	51
 637 0265 40       		.byte	64
 638 0266 38       		.byte	56
 639 0267 64       		.byte	100
 640 0268 39       		.byte	57
 641 0269 02       		.byte	2
 642 026a 3D       		.byte	61
 643 026b 82       		.byte	-126
 644 026c 3E       		.byte	62
 645 026d 14       		.byte	20
 646 026e 49       		.byte	73
 647 026f 80       		.byte	-128
 648 0270 4A       		.byte	74
 649 0271 01       		.byte	1
 650 0272 5E       		.byte	94
 651 0273 88       		.byte	-120
 652 0274 5F       		.byte	95
 653 0275 22       		.byte	34
 654 0276 65       		.byte	101
 655 0277 84       		.byte	-124
 656 0278 67       		.byte	103
 657 0279 04       		.byte	4
 658 027a 69       		.byte	105
 659 027b 80       		.byte	-128
 660 027c 6B       		.byte	107
 661 027d 18       		.byte	24
 662 027e 6C       		.byte	108
 663 027f 10       		.byte	16
 664 0280 6D       		.byte	109
 665 0281 82       		.byte	-126
 666 0282 6E       		.byte	110
 667 0283 54       		.byte	84
 668 0284 6F       		.byte	111
 669 0285 4A       		.byte	74
 670 0286 8D       		.byte	-115
 671 0287 40       		.byte	64
 672 0288 8F       		.byte	-113
 673 0289 10       		.byte	16
 674 028a C0       		.byte	-64
 675 028b 1F       		.byte	31
 676 028c C2       		.byte	-62
 677 028d 7D       		.byte	125
 678 028e C4       		.byte	-60
 679 028f 0F       		.byte	15
 680 0290 CA       		.byte	-54
 681 0291 0C       		.byte	12
 682 0292 CC       		.byte	-52
 683 0293 0C       		.byte	12
 684 0294 CE       		.byte	-50
ARM GAS  C:\Users\LilRobby\AppData\Local\Temp\ccoo7hqR.s 			page 13


 685 0295 FF       		.byte	-1
 686 0296 D6       		.byte	-42
 687 0297 F0       		.byte	-16
 688 0298 D8       		.byte	-40
 689 0299 70       		.byte	112
 690 029a 32       		.byte	50
 691 029b 20       		.byte	32
 692 029c 35       		.byte	53
 693 029d 80       		.byte	-128
 694 029e CC       		.byte	-52
 695 029f 30       		.byte	48
 696 02a0 86       		.byte	-122
 697 02a1 20       		.byte	32
 698 02a2 9D       		.byte	-99
 699 02a3 80       		.byte	-128
 700 02a4 A6       		.byte	-90
 701 02a5 20       		.byte	32
 702 02a6 E6       		.byte	-26
 703 02a7 40       		.byte	64
 704 02a8 81       		.byte	-127
 705 02a9 80       		.byte	-128
 706 02aa 9D       		.byte	-99
 707 02ab 80       		.byte	-128
 708 02ac E2       		.byte	-30
 709 02ad 20       		.byte	32
 710 02ae 08       		.byte	8
 711 02af 40       		.byte	64
 712 02b0 52       		.byte	82
 713 02b1 08       		.byte	8
 714 02b2 56       		.byte	86
 715 02b3 20       		.byte	32
 716 02b4 5B       		.byte	91
 717 02b5 02       		.byte	2
 718 02b6 61       		.byte	97
 719 02b7 02       		.byte	2
 720 02b8 64       		.byte	100
 721 02b9 10       		.byte	16
 722 02ba 78       		.byte	120
 723 02bb 80       		.byte	-128
 724 02bc 8D       		.byte	-115
 725 02bd 02       		.byte	2
 726 02be 8E       		.byte	-114
 727 02bf 20       		.byte	32
 728 02c0 C2       		.byte	-62
 729 02c1 02       		.byte	2
 730 02c2 D4       		.byte	-44
 731 02c3 06       		.byte	6
 732 02c4 D6       		.byte	-42
 733 02c5 02       		.byte	2
 734 02c6 D8       		.byte	-40
 735 02c7 03       		.byte	3
 736 02c8 DC       		.byte	-36
 737 02c9 01       		.byte	1
 738 02ca E4       		.byte	-28
 739 02cb 0A       		.byte	10
 740 02cc 9C       		.byte	-100
 741 02cd 80       		.byte	-128
ARM GAS  C:\Users\LilRobby\AppData\Local\Temp\ccoo7hqR.s 			page 14


 742 02ce AB       		.byte	-85
 743 02cf 02       		.byte	2
 744 02d0 B0       		.byte	-80
 745 02d1 50       		.byte	80
 746 02d2 B6       		.byte	-74
 747 02d3 08       		.byte	8
 748 02d4 E8       		.byte	-24
 749 02d5 04       		.byte	4
 750 02d6 EA       		.byte	-22
 751 02d7 01       		.byte	1
 752 02d8 EC       		.byte	-20
 753 02d9 02       		.byte	2
 754 02da 88       		.byte	-120
 755 02db 80       		.byte	-128
 756 02dc 9C       		.byte	-100
 757 02dd 80       		.byte	-128
 758 02de E0       		.byte	-32
 759 02df 04       		.byte	4
 760 02e0 00       		.byte	0
 761 02e1 03       		.byte	3
 762 02e2 0C       		.byte	12
 763 02e3 03       		.byte	3
 764 02e4 0E       		.byte	14
 765 02e5 03       		.byte	3
 766 02e6 00       		.byte	0
 767 02e7 0F       		.byte	15
 768 02e8 00       		.byte	0
 769 02e9 04       		.byte	4
 770 02ea 00       		.byte	0
 771 02eb 09       		.byte	9
 772 02ec 01       		.byte	1
 773 02ed 02       		.byte	2
 774 02ee 06       		.byte	6
 775 02ef 04       		.byte	4
 776 02f0 00       		.byte	0
 777 02f1 0E       		.byte	14
 778 02f2 00       		.byte	0
 779 02f3 00       		.byte	0
 780 02f4 07       		.byte	7
 781 02f5 04       		.byte	4
 782 02f6 00       		.byte	0
 783 02f7 0A       		.byte	10
 784 02f8 01       		.byte	1
 785 02f9 04       		.byte	4
 786 02fa 06       		.byte	6
 787 02fb 00       		.byte	0
 788 02fc 00       		.byte	0
 789 02fd 09       		.byte	9
 790 02fe 03       		.byte	3
 791 02ff 04       		.byte	4
 792 0300 00       		.byte	0
 793 0301 05       		.byte	5
 794 0302 00       		.byte	0
 795 0303 08       		.byte	8
 796 0304 0C       		.byte	12
 797 0305 0D       		.byte	13
 798 0306 00       		.byte	0
ARM GAS  C:\Users\LilRobby\AppData\Local\Temp\ccoo7hqR.s 			page 15


 799 0307 00       		.byte	0
 800 0308 0C       		.byte	12
 801 0309 0D       		.byte	13
 802 030a 00       		.byte	0
 803 030b 00       		.byte	0
 804 030c 0C       		.byte	12
 805 030d 08       		.byte	8
 806 030e 00       		.byte	0
 807 030f 00       		.byte	0
 808 0310 08       		.byte	8
 809 0311 00       		.byte	0
 810 0312 04       		.byte	4
 811 0313 00       		.byte	0
 812 0314 04       		.byte	4
 813 0315 00       		.byte	0
 814 0316 08       		.byte	8
 815 0317 01       		.byte	1
 816 0318 07       		.byte	7
 817 0319 00       		.byte	0
 818 031a 00       		.byte	0
 819 031b 01       		.byte	1
 820 031c 00       		.byte	0
 821 031d 0E       		.byte	14
 822 031e 08       		.byte	8
 823 031f 00       		.byte	0
 824 0320 00       		.byte	0
 825 0321 00       		.byte	0
 826 0322 02       		.byte	2
 827 0323 00       		.byte	0
 828 0324 00       		.byte	0
 829 0325 00       		.byte	0
 830 0326 40       		.byte	64
 831 0327 04       		.byte	4
 832 0328 24       		.byte	36
 833 0329 06       		.byte	6
 834 032a 10       		.byte	16
 835 032b 00       		.byte	0
 836 032c 05       		.byte	5
 837 032d BE       		.byte	-66
 838 032e FD       		.byte	-3
 839 032f 0C       		.byte	12
 840 0330 1F       		.byte	31
 841 0331 FF       		.byte	-1
 842 0332 FF       		.byte	-1
 843 0333 FF       		.byte	-1
 844 0334 22       		.byte	34
 845 0335 00       		.byte	0
 846 0336 F0       		.byte	-16
 847 0337 08       		.byte	8
 848 0338 04       		.byte	4
 849 0339 00       		.byte	0
 850 033a 00       		.byte	0
 851 033b 00       		.byte	0
 852 033c 40       		.byte	64
 853 033d 00       		.byte	0
 854 033e 04       		.byte	4
 855 033f 00       		.byte	0
ARM GAS  C:\Users\LilRobby\AppData\Local\Temp\ccoo7hqR.s 			page 16


 856 0340 04       		.byte	4
 857 0341 04       		.byte	4
 858 0342 04       		.byte	4
 859 0343 04       		.byte	4
 860 0344 11       		.byte	17
 861 0345 11       		.byte	17
 862 0346 00       		.byte	0
 863 0347 01       		.byte	1
 864 0348 00       		.byte	0
 865 0349 00       		.byte	0
 866 034a C0       		.byte	-64
 867 034b 00       		.byte	0
 868 034c 40       		.byte	64
 869 034d 01       		.byte	1
 870 034e 10       		.byte	16
 871 034f 11       		.byte	17
 872 0350 C0       		.byte	-64
 873 0351 01       		.byte	1
 874 0352 00       		.byte	0
 875 0353 11       		.byte	17
 876 0354 40       		.byte	64
 877 0355 01       		.byte	1
 878 0356 40       		.byte	64
 879 0357 01       		.byte	1
 880 0358 00       		.byte	0
 881 0359 00       		.byte	0
 882 035a 00       		.byte	0
 883 035b 00       		.byte	0
 884 035c 00       		.byte	0
 885 035d 00       		.byte	0
 886 035e 00       		.byte	0
 887 035f 00       		.byte	0
 888 0360 00       		.byte	0
 889 0361 00       		.byte	0
 890 0362 00       		.byte	0
 891 0363 00       		.byte	0
 892 0364 00       		.byte	0
 893 0365 00       		.byte	0
 894 0366 00       		.byte	0
 895 0367 00       		.byte	0
 896 0368 00       		.byte	0
 897 0369 40       		.byte	64
 898 036a 40       		.byte	64
 899 036b 00       		.byte	0
 900 036c 40       		.byte	64
 901 036d 00       		.byte	0
 902 036e 00       		.byte	0
 903 036f 00       		.byte	0
 904 0370 00       		.byte	0
 905 0371 0B       		.byte	11
 906 0372 0B       		.byte	11
 907 0373 00       		.byte	0
 908 0374 00       		.byte	0
 909 0375 00       		.byte	0
 910 0376 00       		.byte	0
 911 0377 00       		.byte	0
 912 0378 04       		.byte	4
ARM GAS  C:\Users\LilRobby\AppData\Local\Temp\ccoo7hqR.s 			page 17


 913 0379 00       		.byte	0
 914 037a 40       		.byte	64
 915 037b BC       		.byte	-68
 916 037c BC       		.byte	-68
 917 037d 00       		.byte	0
 918 037e BC       		.byte	-68
 919 037f 00       		.byte	0
 920 0380 00       		.byte	0
 921 0381 00       		.byte	0
 922 0382 00       		.byte	0
 923 0383 00       		.byte	0
 924              		.global	cy_meta_custnvl
 925              		.section	.cycustnvl,"a",%progbits
 926              		.align	2
 927              		.type	cy_meta_custnvl, %object
 928              		.size	cy_meta_custnvl, 4
 929              	cy_meta_custnvl:
 930 0000 00       		.byte	0
 931 0001 00       		.byte	0
 932 0002 40       		.byte	64
 933 0003 05       		.byte	5
 934              		.global	cy_meta_wonvl
 935              		.section	.cywolatch,"a",%progbits
 936              		.align	2
 937              		.type	cy_meta_wonvl, %object
 938              		.size	cy_meta_wonvl, 4
 939              	cy_meta_wonvl:
 940 0000 BC       		.byte	-68
 941 0001 90       		.byte	-112
 942 0002 AC       		.byte	-84
 943 0003 AF       		.byte	-81
 944              		.global	cy_meta_flashprotect
 945              		.section	.cyflashprotect,"a",%progbits
 946              		.align	2
 947              		.type	cy_meta_flashprotect, %object
 948              		.size	cy_meta_flashprotect, 256
 949              	cy_meta_flashprotect:
 950 0000 00000000 		.space	256
 950      00000000 
 950      00000000 
 950      00000000 
 950      00000000 
 951              		.global	cy_metadata
 952              		.section	.cymeta,"a",%progbits
 953              		.align	2
 954              		.type	cy_metadata, %object
 955              		.size	cy_metadata, 12
 956              	cy_metadata:
 957 0000 00       		.byte	0
 958 0001 01       		.byte	1
 959 0002 2E       		.byte	46
 960 0003 12       		.byte	18
 961 0004 30       		.byte	48
 962 0005 69       		.byte	105
 963 0006 00       		.byte	0
 964 0007 01       		.byte	1
 965 0008 00       		.byte	0
ARM GAS  C:\Users\LilRobby\AppData\Local\Temp\ccoo7hqR.s 			page 18


 966 0009 00       		.byte	0
 967 000a 00       		.byte	0
 968 000b 00       		.byte	0
 969              		.text
 970              	.Letext0:
 971              		.file 1 "Generated_Source\\PSoC5\\cymetadata.c"
 972              		.file 2 "Generated_Source\\PSoC5\\cytypes.h"
 973              		.section	.debug_info,"",%progbits
 974              	.Ldebug_info0:
 975 0000 36010000 		.4byte	0x136
 976 0004 0400     		.2byte	0x4
 977 0006 00000000 		.4byte	.Ldebug_abbrev0
 978 000a 04       		.byte	0x4
 979 000b 01       		.uleb128 0x1
 980 000c 0E000000 		.4byte	.LASF18
 981 0010 01       		.byte	0x1
 982 0011 CA010000 		.4byte	.LASF19
 983 0015 5A010000 		.4byte	.LASF20
 984 0019 00000000 		.4byte	.Ldebug_line0
 985 001d 02       		.uleb128 0x2
 986 001e 01       		.byte	0x1
 987 001f 06       		.byte	0x6
 988 0020 BE010000 		.4byte	.LASF0
 989 0024 02       		.uleb128 0x2
 990 0025 01       		.byte	0x1
 991 0026 08       		.byte	0x8
 992 0027 AE000000 		.4byte	.LASF1
 993 002b 02       		.uleb128 0x2
 994 002c 02       		.byte	0x2
 995 002d 05       		.byte	0x5
 996 002e A5010000 		.4byte	.LASF2
 997 0032 02       		.uleb128 0x2
 998 0033 02       		.byte	0x2
 999 0034 07       		.byte	0x7
 1000 0035 CE000000 		.4byte	.LASF3
 1001 0039 02       		.uleb128 0x2
 1002 003a 04       		.byte	0x4
 1003 003b 05       		.byte	0x5
 1004 003c B5010000 		.4byte	.LASF4
 1005 0040 02       		.uleb128 0x2
 1006 0041 04       		.byte	0x4
 1007 0042 07       		.byte	0x7
 1008 0043 BC000000 		.4byte	.LASF5
 1009 0047 02       		.uleb128 0x2
 1010 0048 08       		.byte	0x8
 1011 0049 05       		.byte	0x5
 1012 004a 00000000 		.4byte	.LASF6
 1013 004e 02       		.uleb128 0x2
 1014 004f 08       		.byte	0x8
 1015 0050 07       		.byte	0x7
 1016 0051 17010000 		.4byte	.LASF7
 1017 0055 03       		.uleb128 0x3
 1018 0056 04       		.byte	0x4
 1019 0057 05       		.byte	0x5
 1020 0058 696E7400 		.ascii	"int\000"
 1021 005c 02       		.uleb128 0x2
 1022 005d 04       		.byte	0x4
ARM GAS  C:\Users\LilRobby\AppData\Local\Temp\ccoo7hqR.s 			page 19


 1023 005e 07       		.byte	0x7
 1024 005f 0A010000 		.4byte	.LASF8
 1025 0063 04       		.uleb128 0x4
 1026 0064 AF010000 		.4byte	.LASF21
 1027 0068 02       		.byte	0x2
 1028 0069 5B       		.byte	0x5b
 1029 006a 24000000 		.4byte	0x24
 1030 006e 02       		.uleb128 0x2
 1031 006f 04       		.byte	0x4
 1032 0070 04       		.byte	0x4
 1033 0071 A8000000 		.4byte	.LASF9
 1034 0075 02       		.uleb128 0x2
 1035 0076 08       		.byte	0x8
 1036 0077 04       		.byte	0x4
 1037 0078 E1000000 		.4byte	.LASF10
 1038 007c 02       		.uleb128 0x2
 1039 007d 01       		.byte	0x1
 1040 007e 08       		.byte	0x8
 1041 007f A0010000 		.4byte	.LASF11
 1042 0083 05       		.uleb128 0x5
 1043 0084 63000000 		.4byte	0x63
 1044 0088 94000000 		.4byte	0x94
 1045 008c 06       		.uleb128 0x6
 1046 008d 94000000 		.4byte	0x94
 1047 0091 8303     		.2byte	0x383
 1048 0093 00       		.byte	0
 1049 0094 02       		.uleb128 0x2
 1050 0095 04       		.byte	0x4
 1051 0096 07       		.byte	0x7
 1052 0097 51010000 		.4byte	.LASF12
 1053 009b 07       		.uleb128 0x7
 1054 009c F8000000 		.4byte	.LASF13
 1055 00a0 01       		.byte	0x1
 1056 00a1 1F       		.byte	0x1f
 1057 00a2 AC000000 		.4byte	0xac
 1058 00a6 05       		.uleb128 0x5
 1059 00a7 03       		.byte	0x3
 1060 00a8 00000000 		.4byte	cy_meta_configecc
 1061 00ac 08       		.uleb128 0x8
 1062 00ad 83000000 		.4byte	0x83
 1063 00b1 05       		.uleb128 0x5
 1064 00b2 63000000 		.4byte	0x63
 1065 00b6 C1000000 		.4byte	0xc1
 1066 00ba 09       		.uleb128 0x9
 1067 00bb 94000000 		.4byte	0x94
 1068 00bf 03       		.byte	0x3
 1069 00c0 00       		.byte	0
 1070 00c1 07       		.uleb128 0x7
 1071 00c2 E8000000 		.4byte	.LASF14
 1072 00c6 01       		.byte	0x1
 1073 00c7 9D       		.byte	0x9d
 1074 00c8 D2000000 		.4byte	0xd2
 1075 00cc 05       		.uleb128 0x5
 1076 00cd 03       		.byte	0x3
 1077 00ce 00000000 		.4byte	cy_meta_custnvl
 1078 00d2 08       		.uleb128 0x8
 1079 00d3 B1000000 		.4byte	0xb1
ARM GAS  C:\Users\LilRobby\AppData\Local\Temp\ccoo7hqR.s 			page 20


 1080 00d7 07       		.uleb128 0x7
 1081 00d8 43010000 		.4byte	.LASF15
 1082 00dc 01       		.byte	0x1
 1083 00dd AB       		.byte	0xab
 1084 00de E8000000 		.4byte	0xe8
 1085 00e2 05       		.uleb128 0x5
 1086 00e3 03       		.byte	0x3
 1087 00e4 00000000 		.4byte	cy_meta_wonvl
 1088 00e8 08       		.uleb128 0x8
 1089 00e9 B1000000 		.4byte	0xb1
 1090 00ed 05       		.uleb128 0x5
 1091 00ee 63000000 		.4byte	0x63
 1092 00f2 FD000000 		.4byte	0xfd
 1093 00f6 09       		.uleb128 0x9
 1094 00f7 94000000 		.4byte	0x94
 1095 00fb FF       		.byte	0xff
 1096 00fc 00       		.byte	0
 1097 00fd 07       		.uleb128 0x7
 1098 00fe 2E010000 		.4byte	.LASF16
 1099 0102 01       		.byte	0x1
 1100 0103 B9       		.byte	0xb9
 1101 0104 0E010000 		.4byte	0x10e
 1102 0108 05       		.uleb128 0x5
 1103 0109 03       		.byte	0x3
 1104 010a 00000000 		.4byte	cy_meta_flashprotect
 1105 010e 08       		.uleb128 0x8
 1106 010f ED000000 		.4byte	0xed
 1107 0113 05       		.uleb128 0x5
 1108 0114 63000000 		.4byte	0x63
 1109 0118 23010000 		.4byte	0x123
 1110 011c 09       		.uleb128 0x9
 1111 011d 94000000 		.4byte	0x94
 1112 0121 0B       		.byte	0xb
 1113 0122 00       		.byte	0
 1114 0123 07       		.uleb128 0x7
 1115 0124 9C000000 		.4byte	.LASF17
 1116 0128 01       		.byte	0x1
 1117 0129 E6       		.byte	0xe6
 1118 012a 34010000 		.4byte	0x134
 1119 012e 05       		.uleb128 0x5
 1120 012f 03       		.byte	0x3
 1121 0130 00000000 		.4byte	cy_metadata
 1122 0134 08       		.uleb128 0x8
 1123 0135 13010000 		.4byte	0x113
 1124 0139 00       		.byte	0
 1125              		.section	.debug_abbrev,"",%progbits
 1126              	.Ldebug_abbrev0:
 1127 0000 01       		.uleb128 0x1
 1128 0001 11       		.uleb128 0x11
 1129 0002 01       		.byte	0x1
 1130 0003 25       		.uleb128 0x25
 1131 0004 0E       		.uleb128 0xe
 1132 0005 13       		.uleb128 0x13
 1133 0006 0B       		.uleb128 0xb
 1134 0007 03       		.uleb128 0x3
 1135 0008 0E       		.uleb128 0xe
 1136 0009 1B       		.uleb128 0x1b
ARM GAS  C:\Users\LilRobby\AppData\Local\Temp\ccoo7hqR.s 			page 21


 1137 000a 0E       		.uleb128 0xe
 1138 000b 10       		.uleb128 0x10
 1139 000c 17       		.uleb128 0x17
 1140 000d 00       		.byte	0
 1141 000e 00       		.byte	0
 1142 000f 02       		.uleb128 0x2
 1143 0010 24       		.uleb128 0x24
 1144 0011 00       		.byte	0
 1145 0012 0B       		.uleb128 0xb
 1146 0013 0B       		.uleb128 0xb
 1147 0014 3E       		.uleb128 0x3e
 1148 0015 0B       		.uleb128 0xb
 1149 0016 03       		.uleb128 0x3
 1150 0017 0E       		.uleb128 0xe
 1151 0018 00       		.byte	0
 1152 0019 00       		.byte	0
 1153 001a 03       		.uleb128 0x3
 1154 001b 24       		.uleb128 0x24
 1155 001c 00       		.byte	0
 1156 001d 0B       		.uleb128 0xb
 1157 001e 0B       		.uleb128 0xb
 1158 001f 3E       		.uleb128 0x3e
 1159 0020 0B       		.uleb128 0xb
 1160 0021 03       		.uleb128 0x3
 1161 0022 08       		.uleb128 0x8
 1162 0023 00       		.byte	0
 1163 0024 00       		.byte	0
 1164 0025 04       		.uleb128 0x4
 1165 0026 16       		.uleb128 0x16
 1166 0027 00       		.byte	0
 1167 0028 03       		.uleb128 0x3
 1168 0029 0E       		.uleb128 0xe
 1169 002a 3A       		.uleb128 0x3a
 1170 002b 0B       		.uleb128 0xb
 1171 002c 3B       		.uleb128 0x3b
 1172 002d 0B       		.uleb128 0xb
 1173 002e 49       		.uleb128 0x49
 1174 002f 13       		.uleb128 0x13
 1175 0030 00       		.byte	0
 1176 0031 00       		.byte	0
 1177 0032 05       		.uleb128 0x5
 1178 0033 01       		.uleb128 0x1
 1179 0034 01       		.byte	0x1
 1180 0035 49       		.uleb128 0x49
 1181 0036 13       		.uleb128 0x13
 1182 0037 01       		.uleb128 0x1
 1183 0038 13       		.uleb128 0x13
 1184 0039 00       		.byte	0
 1185 003a 00       		.byte	0
 1186 003b 06       		.uleb128 0x6
 1187 003c 21       		.uleb128 0x21
 1188 003d 00       		.byte	0
 1189 003e 49       		.uleb128 0x49
 1190 003f 13       		.uleb128 0x13
 1191 0040 2F       		.uleb128 0x2f
 1192 0041 05       		.uleb128 0x5
 1193 0042 00       		.byte	0
ARM GAS  C:\Users\LilRobby\AppData\Local\Temp\ccoo7hqR.s 			page 22


 1194 0043 00       		.byte	0
 1195 0044 07       		.uleb128 0x7
 1196 0045 34       		.uleb128 0x34
 1197 0046 00       		.byte	0
 1198 0047 03       		.uleb128 0x3
 1199 0048 0E       		.uleb128 0xe
 1200 0049 3A       		.uleb128 0x3a
 1201 004a 0B       		.uleb128 0xb
 1202 004b 3B       		.uleb128 0x3b
 1203 004c 0B       		.uleb128 0xb
 1204 004d 49       		.uleb128 0x49
 1205 004e 13       		.uleb128 0x13
 1206 004f 3F       		.uleb128 0x3f
 1207 0050 19       		.uleb128 0x19
 1208 0051 02       		.uleb128 0x2
 1209 0052 18       		.uleb128 0x18
 1210 0053 00       		.byte	0
 1211 0054 00       		.byte	0
 1212 0055 08       		.uleb128 0x8
 1213 0056 26       		.uleb128 0x26
 1214 0057 00       		.byte	0
 1215 0058 49       		.uleb128 0x49
 1216 0059 13       		.uleb128 0x13
 1217 005a 00       		.byte	0
 1218 005b 00       		.byte	0
 1219 005c 09       		.uleb128 0x9
 1220 005d 21       		.uleb128 0x21
 1221 005e 00       		.byte	0
 1222 005f 49       		.uleb128 0x49
 1223 0060 13       		.uleb128 0x13
 1224 0061 2F       		.uleb128 0x2f
 1225 0062 0B       		.uleb128 0xb
 1226 0063 00       		.byte	0
 1227 0064 00       		.byte	0
 1228 0065 00       		.byte	0
 1229              		.section	.debug_aranges,"",%progbits
 1230 0000 14000000 		.4byte	0x14
 1231 0004 0200     		.2byte	0x2
 1232 0006 00000000 		.4byte	.Ldebug_info0
 1233 000a 04       		.byte	0x4
 1234 000b 00       		.byte	0
 1235 000c 0000     		.2byte	0
 1236 000e 0000     		.2byte	0
 1237 0010 00000000 		.4byte	0
 1238 0014 00000000 		.4byte	0
 1239              		.section	.debug_line,"",%progbits
 1240              	.Ldebug_line0:
 1241 0000 4D000000 		.section	.debug_str,"MS",%progbits,1
 1241      02004700 
 1241      00000201 
 1241      FB0E0D00 
 1241      01010101 
 1242              	.LASF6:
 1243 0000 6C6F6E67 		.ascii	"long long int\000"
 1243      206C6F6E 
 1243      6720696E 
 1243      7400
ARM GAS  C:\Users\LilRobby\AppData\Local\Temp\ccoo7hqR.s 			page 23


 1244              	.LASF18:
 1245 000e 474E5520 		.ascii	"GNU C 4.9.3 20150303 (release) [ARM/embedded-4_9-br"
 1245      4320342E 
 1245      392E3320 
 1245      32303135 
 1245      30333033 
 1246 0041 616E6368 		.ascii	"anch revision 221220] -mcpu=cortex-m3 -mthumb -g -O"
 1246      20726576 
 1246      6973696F 
 1246      6E203232 
 1246      31323230 
 1247 0074 30202D66 		.ascii	"0 -ffunction-sections -ffat-lto-objects\000"
 1247      66756E63 
 1247      74696F6E 
 1247      2D736563 
 1247      74696F6E 
 1248              	.LASF17:
 1249 009c 63795F6D 		.ascii	"cy_metadata\000"
 1249      65746164 
 1249      61746100 
 1250              	.LASF9:
 1251 00a8 666C6F61 		.ascii	"float\000"
 1251      7400
 1252              	.LASF1:
 1253 00ae 756E7369 		.ascii	"unsigned char\000"
 1253      676E6564 
 1253      20636861 
 1253      7200
 1254              	.LASF5:
 1255 00bc 6C6F6E67 		.ascii	"long unsigned int\000"
 1255      20756E73 
 1255      69676E65 
 1255      6420696E 
 1255      7400
 1256              	.LASF3:
 1257 00ce 73686F72 		.ascii	"short unsigned int\000"
 1257      7420756E 
 1257      7369676E 
 1257      65642069 
 1257      6E7400
 1258              	.LASF10:
 1259 00e1 646F7562 		.ascii	"double\000"
 1259      6C6500
 1260              	.LASF14:
 1261 00e8 63795F6D 		.ascii	"cy_meta_custnvl\000"
 1261      6574615F 
 1261      63757374 
 1261      6E766C00 
 1262              	.LASF13:
 1263 00f8 63795F6D 		.ascii	"cy_meta_configecc\000"
 1263      6574615F 
 1263      636F6E66 
 1263      69676563 
 1263      6300
 1264              	.LASF8:
 1265 010a 756E7369 		.ascii	"unsigned int\000"
 1265      676E6564 
ARM GAS  C:\Users\LilRobby\AppData\Local\Temp\ccoo7hqR.s 			page 24


 1265      20696E74 
 1265      00
 1266              	.LASF7:
 1267 0117 6C6F6E67 		.ascii	"long long unsigned int\000"
 1267      206C6F6E 
 1267      6720756E 
 1267      7369676E 
 1267      65642069 
 1268              	.LASF16:
 1269 012e 63795F6D 		.ascii	"cy_meta_flashprotect\000"
 1269      6574615F 
 1269      666C6173 
 1269      6870726F 
 1269      74656374 
 1270              	.LASF15:
 1271 0143 63795F6D 		.ascii	"cy_meta_wonvl\000"
 1271      6574615F 
 1271      776F6E76 
 1271      6C00
 1272              	.LASF12:
 1273 0151 73697A65 		.ascii	"sizetype\000"
 1273      74797065 
 1273      00
 1274              	.LASF20:
 1275 015a 433A5C55 		.ascii	"C:\\Users\\LilRobby\\Downloads\\TFTSHIELD-master - "
 1275      73657273 
 1275      5C4C696C 
 1275      526F6262 
 1275      795C446F 
 1276 0189 315C496E 		.ascii	"1\\Inputs_outputs.cydsn\000"
 1276      70757473 
 1276      5F6F7574 
 1276      70757473 
 1276      2E637964 
 1277              	.LASF11:
 1278 01a0 63686172 		.ascii	"char\000"
 1278      00
 1279              	.LASF2:
 1280 01a5 73686F72 		.ascii	"short int\000"
 1280      7420696E 
 1280      7400
 1281              	.LASF21:
 1282 01af 75696E74 		.ascii	"uint8\000"
 1282      3800
 1283              	.LASF4:
 1284 01b5 6C6F6E67 		.ascii	"long int\000"
 1284      20696E74 
 1284      00
 1285              	.LASF0:
 1286 01be 7369676E 		.ascii	"signed char\000"
 1286      65642063 
 1286      68617200 
 1287              	.LASF19:
 1288 01ca 47656E65 		.ascii	"Generated_Source\\PSoC5\\cymetadata.c\000"
 1288      72617465 
 1288      645F536F 
 1288      75726365 
ARM GAS  C:\Users\LilRobby\AppData\Local\Temp\ccoo7hqR.s 			page 25


 1288      5C50536F 
 1289              		.ident	"GCC: (GNU Tools for ARM Embedded Processors) 4.9.3 20150303 (release) [ARM/embedded-4_9-br
