ARM GAS  C:\Users\LilRobby\AppData\Local\Temp\ccABq3bt.s 			page 1


   1              		.syntax unified
   2              		.cpu cortex-m3
   3              		.fpu softvfp
   4              		.eabi_attribute 20, 1
   5              		.eabi_attribute 21, 1
   6              		.eabi_attribute 23, 3
   7              		.eabi_attribute 24, 1
   8              		.eabi_attribute 25, 1
   9              		.eabi_attribute 26, 1
  10              		.eabi_attribute 30, 6
  11              		.eabi_attribute 34, 1
  12              		.eabi_attribute 18, 4
  13              		.thumb
  14              		.file	"cymetadata.c"
  15              		.text
  16              	.Ltext0:
  17              		.cfi_sections	.debug_frame
  18              		.global	cy_meta_configecc
  19              		.section	.cyconfigecc,"a",%progbits
  20              		.align	2
  21              		.type	cy_meta_configecc, %object
  22              		.size	cy_meta_configecc, 660
  23              	cy_meta_configecc:
  24 0000 03       		.byte	3
  25 0001 52       		.byte	82
  26 0002 00       		.byte	0
  27 0003 40       		.byte	64
  28 0004 01       		.byte	1
  29 0005 64       		.byte	100
  30 0006 00       		.byte	0
  31 0007 40       		.byte	64
  32 0008 02       		.byte	2
  33 0009 05       		.byte	5
  34 000a 01       		.byte	1
  35 000b 40       		.byte	64
  36 000c 04       		.byte	4
  37 000d 09       		.byte	9
  38 000e 01       		.byte	1
  39 000f 40       		.byte	64
  40 0010 38       		.byte	56
  41 0011 0A       		.byte	10
  42 0012 01       		.byte	1
  43 0013 40       		.byte	64
  44 0014 40       		.byte	64
  45 0015 0B       		.byte	11
  46 0016 01       		.byte	1
  47 0017 40       		.byte	64
  48 0018 2E       		.byte	46
  49 0019 0D       		.byte	13
  50 001a 01       		.byte	1
  51 001b 40       		.byte	64
  52 001c 03       		.byte	3
  53 001d 40       		.byte	64
  54 001e 01       		.byte	1
  55 001f 40       		.byte	64
  56 0020 02       		.byte	2
  57 0021 41       		.byte	65
ARM GAS  C:\Users\LilRobby\AppData\Local\Temp\ccABq3bt.s 			page 2


  58 0022 01       		.byte	1
  59 0023 40       		.byte	64
  60 0024 06       		.byte	6
  61 0025 42       		.byte	66
  62 0026 01       		.byte	1
  63 0027 40       		.byte	64
  64 0028 0C       		.byte	12
  65 0029 44       		.byte	68
  66 002a 01       		.byte	1
  67 002b 40       		.byte	64
  68 002c 09       		.byte	9
  69 002d 45       		.byte	69
  70 002e 01       		.byte	1
  71 002f 40       		.byte	64
  72 0030 05       		.byte	5
  73 0031 46       		.byte	70
  74 0032 01       		.byte	1
  75 0033 40       		.byte	64
  76 0034 03       		.byte	3
  77 0035 47       		.byte	71
  78 0036 01       		.byte	1
  79 0037 40       		.byte	64
  80 0038 03       		.byte	3
  81 0039 50       		.byte	80
  82 003a 01       		.byte	1
  83 003b 40       		.byte	64
  84 003c 01       		.byte	1
  85 003d 51       		.byte	81
  86 003e 01       		.byte	1
  87 003f 40       		.byte	64
  88 0040 30       		.byte	48
  89 0041 98       		.byte	-104
  90 0042 31       		.byte	49
  91 0043 88       		.byte	-120
  92 0044 34       		.byte	52
  93 0045 40       		.byte	64
  94 0046 8D       		.byte	-115
  95 0047 0F       		.byte	15
  96 0048 E2       		.byte	-30
  97 0049 08       		.byte	8
  98 004a E6       		.byte	-26
  99 004b 01       		.byte	1
 100 004c A9       		.byte	-87
 101 004d 08       		.byte	8
 102 004e AD       		.byte	-83
 103 004f 12       		.byte	18
 104 0050 B0       		.byte	-80
 105 0051 10       		.byte	16
 106 0052 E8       		.byte	-24
 107 0053 01       		.byte	1
 108 0054 00       		.byte	0
 109 0055 80       		.byte	-128
 110 0056 04       		.byte	4
 111 0057 1D       		.byte	29
 112 0058 05       		.byte	5
 113 0059 0A       		.byte	10
 114 005a 07       		.byte	7
ARM GAS  C:\Users\LilRobby\AppData\Local\Temp\ccABq3bt.s 			page 3


 115 005b 35       		.byte	53
 116 005c 08       		.byte	8
 117 005d 1D       		.byte	29
 118 005e 0C       		.byte	12
 119 005f 0D       		.byte	13
 120 0060 0E       		.byte	14
 121 0061 10       		.byte	16
 122 0062 10       		.byte	16
 123 0063 82       		.byte	-126
 124 0064 12       		.byte	18
 125 0065 08       		.byte	8
 126 0066 14       		.byte	20
 127 0067 02       		.byte	2
 128 0068 15       		.byte	21
 129 0069 07       		.byte	7
 130 006a 16       		.byte	22
 131 006b 0D       		.byte	13
 132 006c 1B       		.byte	27
 133 006d 10       		.byte	16
 134 006e 1C       		.byte	28
 135 006f 1D       		.byte	29
 136 0070 1D       		.byte	29
 137 0071 29       		.byte	41
 138 0072 1F       		.byte	31
 139 0073 02       		.byte	2
 140 0074 20       		.byte	32
 141 0075 21       		.byte	33
 142 0076 22       		.byte	34
 143 0077 42       		.byte	66
 144 0078 24       		.byte	36
 145 0079 1D       		.byte	29
 146 007a 28       		.byte	40
 147 007b C2       		.byte	-62
 148 007c 2A       		.byte	42
 149 007d 24       		.byte	36
 150 007e 2D       		.byte	45
 151 007f 02       		.byte	2
 152 0080 2E       		.byte	46
 153 0081 10       		.byte	16
 154 0082 2F       		.byte	47
 155 0083 3C       		.byte	60
 156 0084 30       		.byte	48
 157 0085 E0       		.byte	-32
 158 0086 32       		.byte	50
 159 0087 0F       		.byte	15
 160 0088 33       		.byte	51
 161 0089 0F       		.byte	15
 162 008a 34       		.byte	52
 163 008b 10       		.byte	16
 164 008c 35       		.byte	53
 165 008d 30       		.byte	48
 166 008e 39       		.byte	57
 167 008f 08       		.byte	8
 168 0090 3A       		.byte	58
 169 0091 0A       		.byte	10
 170 0092 3E       		.byte	62
 171 0093 10       		.byte	16
ARM GAS  C:\Users\LilRobby\AppData\Local\Temp\ccABq3bt.s 			page 4


 172 0094 54       		.byte	84
 173 0095 40       		.byte	64
 174 0096 56       		.byte	86
 175 0097 04       		.byte	4
 176 0098 58       		.byte	88
 177 0099 04       		.byte	4
 178 009a 59       		.byte	89
 179 009b 04       		.byte	4
 180 009c 5B       		.byte	91
 181 009d 04       		.byte	4
 182 009e 5F       		.byte	95
 183 009f 01       		.byte	1
 184 00a0 80       		.byte	-128
 185 00a1 02       		.byte	2
 186 00a2 82       		.byte	-126
 187 00a3 0D       		.byte	13
 188 00a4 8C       		.byte	-116
 189 00a5 23       		.byte	35
 190 00a6 8E       		.byte	-114
 191 00a7 1C       		.byte	28
 192 00a8 9C       		.byte	-100
 193 00a9 29       		.byte	41
 194 00aa 9E       		.byte	-98
 195 00ab 16       		.byte	22
 196 00ac A8       		.byte	-88
 197 00ad 35       		.byte	53
 198 00ae AA       		.byte	-86
 199 00af 0A       		.byte	10
 200 00b0 B0       		.byte	-80
 201 00b1 10       		.byte	16
 202 00b2 B2       		.byte	-78
 203 00b3 20       		.byte	32
 204 00b4 B6       		.byte	-74
 205 00b5 0F       		.byte	15
 206 00b6 BA       		.byte	-70
 207 00b7 80       		.byte	-128
 208 00b8 BE       		.byte	-66
 209 00b9 05       		.byte	5
 210 00ba D4       		.byte	-44
 211 00bb 09       		.byte	9
 212 00bc D6       		.byte	-42
 213 00bd 04       		.byte	4
 214 00be D8       		.byte	-40
 215 00bf 04       		.byte	4
 216 00c0 DB       		.byte	-37
 217 00c1 04       		.byte	4
 218 00c2 DF       		.byte	-33
 219 00c3 01       		.byte	1
 220 00c4 00       		.byte	0
 221 00c5 08       		.byte	8
 222 00c6 01       		.byte	1
 223 00c7 42       		.byte	66
 224 00c8 02       		.byte	2
 225 00c9 08       		.byte	8
 226 00ca 04       		.byte	4
 227 00cb 01       		.byte	1
 228 00cc 07       		.byte	7
ARM GAS  C:\Users\LilRobby\AppData\Local\Temp\ccABq3bt.s 			page 5


 229 00cd 02       		.byte	2
 230 00ce 0A       		.byte	10
 231 00cf 90       		.byte	-112
 232 00d0 0B       		.byte	11
 233 00d1 01       		.byte	1
 234 00d2 0F       		.byte	15
 235 00d3 02       		.byte	2
 236 00d4 10       		.byte	16
 237 00d5 22       		.byte	34
 238 00d6 13       		.byte	19
 239 00d7 62       		.byte	98
 240 00d8 17       		.byte	23
 241 00d9 20       		.byte	32
 242 00da 18       		.byte	24
 243 00db 40       		.byte	64
 244 00dc 1A       		.byte	26
 245 00dd 90       		.byte	-112
 246 00de 1B       		.byte	27
 247 00df 11       		.byte	17
 248 00e0 1C       		.byte	28
 249 00e1 01       		.byte	1
 250 00e2 1D       		.byte	29
 251 00e3 40       		.byte	64
 252 00e4 1E       		.byte	30
 253 00e5 40       		.byte	64
 254 00e6 1F       		.byte	31
 255 00e7 08       		.byte	8
 256 00e8 21       		.byte	33
 257 00e9 08       		.byte	8
 258 00ea 22       		.byte	34
 259 00eb 10       		.byte	16
 260 00ec 2B       		.byte	43
 261 00ed 01       		.byte	1
 262 00ee 31       		.byte	49
 263 00ef 88       		.byte	-120
 264 00f0 32       		.byte	50
 265 00f1 10       		.byte	16
 266 00f2 39       		.byte	57
 267 00f3 08       		.byte	8
 268 00f4 3A       		.byte	58
 269 00f5 40       		.byte	64
 270 00f6 3B       		.byte	59
 271 00f7 40       		.byte	64
 272 00f8 5D       		.byte	93
 273 00f9 18       		.byte	24
 274 00fa 5E       		.byte	94
 275 00fb 41       		.byte	65
 276 00fc 60       		.byte	96
 277 00fd 80       		.byte	-128
 278 00fe 62       		.byte	98
 279 00ff 60       		.byte	96
 280 0100 63       		.byte	99
 281 0101 20       		.byte	32
 282 0102 64       		.byte	100
 283 0103 02       		.byte	2
 284 0104 67       		.byte	103
 285 0105 80       		.byte	-128
ARM GAS  C:\Users\LilRobby\AppData\Local\Temp\ccABq3bt.s 			page 6


 286 0106 68       		.byte	104
 287 0107 11       		.byte	17
 288 0108 6B       		.byte	107
 289 0109 08       		.byte	8
 290 010a 80       		.byte	-128
 291 010b 80       		.byte	-128
 292 010c 82       		.byte	-126
 293 010d 10       		.byte	16
 294 010e 84       		.byte	-124
 295 010f 01       		.byte	1
 296 0110 87       		.byte	-121
 297 0111 40       		.byte	64
 298 0112 88       		.byte	-120
 299 0113 02       		.byte	2
 300 0114 8B       		.byte	-117
 301 0115 08       		.byte	8
 302 0116 91       		.byte	-111
 303 0117 48       		.byte	72
 304 0118 92       		.byte	-110
 305 0119 01       		.byte	1
 306 011a 93       		.byte	-109
 307 011b 01       		.byte	1
 308 011c 94       		.byte	-108
 309 011d 40       		.byte	64
 310 011e 99       		.byte	-103
 311 011f 0A       		.byte	10
 312 0120 9B       		.byte	-101
 313 0121 22       		.byte	34
 314 0122 9D       		.byte	-99
 315 0123 40       		.byte	64
 316 0124 9F       		.byte	-97
 317 0125 08       		.byte	8
 318 0126 A0       		.byte	-96
 319 0127 26       		.byte	38
 320 0128 A1       		.byte	-95
 321 0129 80       		.byte	-128
 322 012a A2       		.byte	-94
 323 012b 28       		.byte	40
 324 012c A7       		.byte	-89
 325 012d 01       		.byte	1
 326 012e B1       		.byte	-79
 327 012f 01       		.byte	1
 328 0130 B2       		.byte	-78
 329 0131 08       		.byte	8
 330 0132 C0       		.byte	-64
 331 0133 9F       		.byte	-97
 332 0134 C2       		.byte	-62
 333 0135 8D       		.byte	-115
 334 0136 C4       		.byte	-60
 335 0137 4F       		.byte	79
 336 0138 CA       		.byte	-54
 337 0139 08       		.byte	8
 338 013a CC       		.byte	-52
 339 013b 0E       		.byte	14
 340 013c CE       		.byte	-50
 341 013d 02       		.byte	2
 342 013e D6       		.byte	-42
ARM GAS  C:\Users\LilRobby\AppData\Local\Temp\ccABq3bt.s 			page 7


 343 013f F0       		.byte	-16
 344 0140 D8       		.byte	-40
 345 0141 9F       		.byte	-97
 346 0142 E4       		.byte	-28
 347 0143 0C       		.byte	12
 348 0144 00       		.byte	0
 349 0145 54       		.byte	84
 350 0146 01       		.byte	1
 351 0147 01       		.byte	1
 352 0148 09       		.byte	9
 353 0149 80       		.byte	-128
 354 014a 0A       		.byte	10
 355 014b 50       		.byte	80
 356 014c 0B       		.byte	11
 357 014d 08       		.byte	8
 358 014e 10       		.byte	16
 359 014f 20       		.byte	32
 360 0150 13       		.byte	19
 361 0151 21       		.byte	33
 362 0152 18       		.byte	24
 363 0153 11       		.byte	17
 364 0154 1A       		.byte	26
 365 0155 01       		.byte	1
 366 0156 20       		.byte	32
 367 0157 06       		.byte	6
 368 0158 21       		.byte	33
 369 0159 84       		.byte	-124
 370 015a 22       		.byte	34
 371 015b 14       		.byte	20
 372 015c 23       		.byte	35
 373 015d 22       		.byte	34
 374 015e 29       		.byte	41
 375 015f 02       		.byte	2
 376 0160 2B       		.byte	43
 377 0161 01       		.byte	1
 378 0162 31       		.byte	49
 379 0163 80       		.byte	-128
 380 0164 32       		.byte	50
 381 0165 15       		.byte	21
 382 0166 39       		.byte	57
 383 0167 54       		.byte	84
 384 0168 3B       		.byte	59
 385 0169 01       		.byte	1
 386 016a 40       		.byte	64
 387 016b 41       		.byte	65
 388 016c 41       		.byte	65
 389 016d 04       		.byte	4
 390 016e 48       		.byte	72
 391 016f 01       		.byte	1
 392 0170 49       		.byte	73
 393 0171 2A       		.byte	42
 394 0172 50       		.byte	80
 395 0173 02       		.byte	2
 396 0174 52       		.byte	82
 397 0175 20       		.byte	32
 398 0176 53       		.byte	83
 399 0177 04       		.byte	4
ARM GAS  C:\Users\LilRobby\AppData\Local\Temp\ccABq3bt.s 			page 8


 400 0178 61       		.byte	97
 401 0179 40       		.byte	64
 402 017a 68       		.byte	104
 403 017b 24       		.byte	36
 404 017c 69       		.byte	105
 405 017d 55       		.byte	85
 406 017e 6A       		.byte	106
 407 017f 52       		.byte	82
 408 0180 73       		.byte	115
 409 0181 01       		.byte	1
 410 0182 8F       		.byte	-113
 411 0183 08       		.byte	8
 412 0184 94       		.byte	-108
 413 0185 10       		.byte	16
 414 0186 99       		.byte	-103
 415 0187 20       		.byte	32
 416 0188 A8       		.byte	-88
 417 0189 10       		.byte	16
 418 018a B1       		.byte	-79
 419 018b 20       		.byte	32
 420 018c C0       		.byte	-64
 421 018d 0F       		.byte	15
 422 018e C2       		.byte	-62
 423 018f 0F       		.byte	15
 424 0190 C4       		.byte	-60
 425 0191 0E       		.byte	14
 426 0192 CA       		.byte	-54
 427 0193 09       		.byte	9
 428 0194 CC       		.byte	-52
 429 0195 0F       		.byte	15
 430 0196 CE       		.byte	-50
 431 0197 0F       		.byte	15
 432 0198 D0       		.byte	-48
 433 0199 0B       		.byte	11
 434 019a D2       		.byte	-46
 435 019b 0C       		.byte	12
 436 019c D8       		.byte	-40
 437 019d 08       		.byte	8
 438 019e EC       		.byte	-20
 439 019f 01       		.byte	1
 440 01a0 32       		.byte	50
 441 01a1 40       		.byte	64
 442 01a2 35       		.byte	53
 443 01a3 80       		.byte	-128
 444 01a4 CC       		.byte	-52
 445 01a5 30       		.byte	48
 446 01a6 96       		.byte	-106
 447 01a7 80       		.byte	-128
 448 01a8 9D       		.byte	-99
 449 01a9 80       		.byte	-128
 450 01aa 82       		.byte	-126
 451 01ab 40       		.byte	64
 452 01ac 85       		.byte	-123
 453 01ad 80       		.byte	-128
 454 01ae 96       		.byte	-106
 455 01af 80       		.byte	-128
 456 01b0 9D       		.byte	-99
ARM GAS  C:\Users\LilRobby\AppData\Local\Temp\ccABq3bt.s 			page 9


 457 01b1 80       		.byte	-128
 458 01b2 E2       		.byte	-30
 459 01b3 10       		.byte	16
 460 01b4 E6       		.byte	-26
 461 01b5 80       		.byte	-128
 462 01b6 08       		.byte	8
 463 01b7 10       		.byte	16
 464 01b8 52       		.byte	82
 465 01b9 08       		.byte	8
 466 01ba 57       		.byte	87
 467 01bb 02       		.byte	2
 468 01bc 5B       		.byte	91
 469 01bd 02       		.byte	2
 470 01be 5D       		.byte	93
 471 01bf 02       		.byte	2
 472 01c0 65       		.byte	101
 473 01c1 10       		.byte	16
 474 01c2 73       		.byte	115
 475 01c3 20       		.byte	32
 476 01c4 C2       		.byte	-62
 477 01c5 02       		.byte	2
 478 01c6 D4       		.byte	-44
 479 01c7 04       		.byte	4
 480 01c8 D6       		.byte	-42
 481 01c9 07       		.byte	7
 482 01ca D8       		.byte	-40
 483 01cb 01       		.byte	1
 484 01cc DC       		.byte	-36
 485 01cd 01       		.byte	1
 486 01ce 8F       		.byte	-113
 487 01cf 02       		.byte	2
 488 01d0 9D       		.byte	-99
 489 01d1 12       		.byte	18
 490 01d2 9F       		.byte	-97
 491 01d3 20       		.byte	32
 492 01d4 A6       		.byte	-90
 493 01d5 08       		.byte	8
 494 01d6 A7       		.byte	-89
 495 01d7 02       		.byte	2
 496 01d8 AB       		.byte	-85
 497 01d9 02       		.byte	2
 498 01da B0       		.byte	-80
 499 01db 10       		.byte	16
 500 01dc E4       		.byte	-28
 501 01dd 02       		.byte	2
 502 01de EA       		.byte	-22
 503 01df 04       		.byte	4
 504 01e0 81       		.byte	-127
 505 01e1 10       		.byte	16
 506 01e2 85       		.byte	-123
 507 01e3 02       		.byte	2
 508 01e4 9D       		.byte	-99
 509 01e5 12       		.byte	18
 510 01e6 9F       		.byte	-97
 511 01e7 20       		.byte	32
 512 01e8 A6       		.byte	-90
 513 01e9 08       		.byte	8
ARM GAS  C:\Users\LilRobby\AppData\Local\Temp\ccABq3bt.s 			page 10


 514 01ea AB       		.byte	-85
 515 01eb 20       		.byte	32
 516 01ec B2       		.byte	-78
 517 01ed 08       		.byte	8
 518 01ee EC       		.byte	-20
 519 01ef 01       		.byte	1
 520 01f0 00       		.byte	0
 521 01f1 01       		.byte	1
 522 01f2 0C       		.byte	12
 523 01f3 01       		.byte	1
 524 01f4 0E       		.byte	14
 525 01f5 01       		.byte	1
 526 01f6 00       		.byte	0
 527 01f7 0F       		.byte	15
 528 01f8 84       		.byte	-124
 529 01f9 9A       		.byte	-102
 530 01fa 00       		.byte	0
 531 01fb 00       		.byte	0
 532 01fc 04       		.byte	4
 533 01fd 98       		.byte	-104
 534 01fe 00       		.byte	0
 535 01ff 02       		.byte	2
 536 0200 01       		.byte	1
 537 0201 02       		.byte	2
 538 0202 00       		.byte	0
 539 0203 98       		.byte	-104
 540 0204 56       		.byte	86
 541 0205 98       		.byte	-104
 542 0206 09       		.byte	9
 543 0207 02       		.byte	2
 544 0208 04       		.byte	4
 545 0209 9A       		.byte	-102
 546 020a 80       		.byte	-128
 547 020b 00       		.byte	0
 548 020c 80       		.byte	-128
 549 020d 21       		.byte	33
 550 020e 04       		.byte	4
 551 020f D8       		.byte	-40
 552 0210 60       		.byte	96
 553 0211 38       		.byte	56
 554 0212 00       		.byte	0
 555 0213 C0       		.byte	-64
 556 0214 07       		.byte	7
 557 0215 13       		.byte	19
 558 0216 38       		.byte	56
 559 0217 64       		.byte	100
 560 0218 84       		.byte	-124
 561 0219 02       		.byte	2
 562 021a 00       		.byte	0
 563 021b 00       		.byte	0
 564 021c 84       		.byte	-124
 565 021d 00       		.byte	0
 566 021e 00       		.byte	0
 567 021f 00       		.byte	0
 568 0220 0A       		.byte	10
 569 0221 00       		.byte	0
 570 0222 10       		.byte	16
ARM GAS  C:\Users\LilRobby\AppData\Local\Temp\ccABq3bt.s 			page 11


 571 0223 00       		.byte	0
 572 0224 00       		.byte	0
 573 0225 FC       		.byte	-4
 574 0226 00       		.byte	0
 575 0227 03       		.byte	3
 576 0228 00       		.byte	0
 577 0229 00       		.byte	0
 578 022a 7F       		.byte	127
 579 022b 0F       		.byte	15
 580 022c 00       		.byte	0
 581 022d E0       		.byte	-32
 582 022e 80       		.byte	-128
 583 022f 13       		.byte	19
 584 0230 08       		.byte	8
 585 0231 00       		.byte	0
 586 0232 00       		.byte	0
 587 0233 28       		.byte	40
 588 0234 00       		.byte	0
 589 0235 00       		.byte	0
 590 0236 40       		.byte	64
 591 0237 00       		.byte	0
 592 0238 34       		.byte	52
 593 0239 05       		.byte	5
 594 023a 10       		.byte	16
 595 023b 00       		.byte	0
 596 023c 06       		.byte	6
 597 023d CE       		.byte	-50
 598 023e F0       		.byte	-16
 599 023f DB       		.byte	-37
 600 0240 3B       		.byte	59
 601 0241 FF       		.byte	-1
 602 0242 FF       		.byte	-1
 603 0243 FF       		.byte	-1
 604 0244 22       		.byte	34
 605 0245 00       		.byte	0
 606 0246 F0       		.byte	-16
 607 0247 08       		.byte	8
 608 0248 04       		.byte	4
 609 0249 00       		.byte	0
 610 024a 00       		.byte	0
 611 024b 00       		.byte	0
 612 024c 00       		.byte	0
 613 024d 00       		.byte	0
 614 024e 02       		.byte	2
 615 024f 20       		.byte	32
 616 0250 04       		.byte	4
 617 0251 04       		.byte	4
 618 0252 04       		.byte	4
 619 0253 04       		.byte	4
 620 0254 00       		.byte	0
 621 0255 00       		.byte	0
 622 0256 00       		.byte	0
 623 0257 01       		.byte	1
 624 0258 00       		.byte	0
 625 0259 00       		.byte	0
 626 025a C0       		.byte	-64
 627 025b 00       		.byte	0
ARM GAS  C:\Users\LilRobby\AppData\Local\Temp\ccABq3bt.s 			page 12


 628 025c 40       		.byte	64
 629 025d 01       		.byte	1
 630 025e 10       		.byte	16
 631 025f 11       		.byte	17
 632 0260 C0       		.byte	-64
 633 0261 01       		.byte	1
 634 0262 00       		.byte	0
 635 0263 11       		.byte	17
 636 0264 40       		.byte	64
 637 0265 01       		.byte	1
 638 0266 40       		.byte	64
 639 0267 01       		.byte	1
 640 0268 00       		.byte	0
 641 0269 00       		.byte	0
 642 026a 00       		.byte	0
 643 026b 00       		.byte	0
 644 026c 00       		.byte	0
 645 026d 00       		.byte	0
 646 026e 00       		.byte	0
 647 026f 00       		.byte	0
 648 0270 00       		.byte	0
 649 0271 00       		.byte	0
 650 0272 00       		.byte	0
 651 0273 00       		.byte	0
 652 0274 00       		.byte	0
 653 0275 00       		.byte	0
 654 0276 00       		.byte	0
 655 0277 00       		.byte	0
 656 0278 00       		.byte	0
 657 0279 40       		.byte	64
 658 027a 40       		.byte	64
 659 027b 00       		.byte	0
 660 027c 40       		.byte	64
 661 027d 00       		.byte	0
 662 027e 00       		.byte	0
 663 027f 00       		.byte	0
 664 0280 00       		.byte	0
 665 0281 0B       		.byte	11
 666 0282 0B       		.byte	11
 667 0283 00       		.byte	0
 668 0284 00       		.byte	0
 669 0285 00       		.byte	0
 670 0286 00       		.byte	0
 671 0287 00       		.byte	0
 672 0288 04       		.byte	4
 673 0289 00       		.byte	0
 674 028a 40       		.byte	64
 675 028b BC       		.byte	-68
 676 028c BC       		.byte	-68
 677 028d 00       		.byte	0
 678 028e BC       		.byte	-68
 679 028f 00       		.byte	0
 680 0290 00       		.byte	0
 681 0291 00       		.byte	0
 682 0292 00       		.byte	0
 683 0293 00       		.byte	0
 684              		.global	cy_meta_custnvl
ARM GAS  C:\Users\LilRobby\AppData\Local\Temp\ccABq3bt.s 			page 13


 685              		.section	.cycustnvl,"a",%progbits
 686              		.align	2
 687              		.type	cy_meta_custnvl, %object
 688              		.size	cy_meta_custnvl, 4
 689              	cy_meta_custnvl:
 690 0000 00       		.byte	0
 691 0001 00       		.byte	0
 692 0002 40       		.byte	64
 693 0003 05       		.byte	5
 694              		.global	cy_meta_wonvl
 695              		.section	.cywolatch,"a",%progbits
 696              		.align	2
 697              		.type	cy_meta_wonvl, %object
 698              		.size	cy_meta_wonvl, 4
 699              	cy_meta_wonvl:
 700 0000 BC       		.byte	-68
 701 0001 90       		.byte	-112
 702 0002 AC       		.byte	-84
 703 0003 AF       		.byte	-81
 704              		.global	cy_meta_flashprotect
 705              		.section	.cyflashprotect,"a",%progbits
 706              		.align	2
 707              		.type	cy_meta_flashprotect, %object
 708              		.size	cy_meta_flashprotect, 256
 709              	cy_meta_flashprotect:
 710 0000 00000000 		.space	256
 710      00000000 
 710      00000000 
 710      00000000 
 710      00000000 
 711              		.global	cy_metadata
 712              		.section	.cymeta,"a",%progbits
 713              		.align	2
 714              		.type	cy_metadata, %object
 715              		.size	cy_metadata, 12
 716              	cy_metadata:
 717 0000 00       		.byte	0
 718 0001 01       		.byte	1
 719 0002 2E       		.byte	46
 720 0003 12       		.byte	18
 721 0004 30       		.byte	48
 722 0005 69       		.byte	105
 723 0006 00       		.byte	0
 724 0007 01       		.byte	1
 725 0008 00       		.byte	0
 726 0009 00       		.byte	0
 727 000a 00       		.byte	0
 728 000b 00       		.byte	0
 729              		.text
 730              	.Letext0:
 731              		.file 1 "Generated_Source\\PSoC5\\cymetadata.c"
 732              		.file 2 "Generated_Source\\PSoC5\\cytypes.h"
 733              		.section	.debug_info,"",%progbits
 734              	.Ldebug_info0:
 735 0000 36010000 		.4byte	0x136
 736 0004 0400     		.2byte	0x4
 737 0006 00000000 		.4byte	.Ldebug_abbrev0
ARM GAS  C:\Users\LilRobby\AppData\Local\Temp\ccABq3bt.s 			page 14


 738 000a 04       		.byte	0x4
 739 000b 01       		.uleb128 0x1
 740 000c 00000000 		.4byte	.LASF18
 741 0010 01       		.byte	0x1
 742 0011 C9010000 		.4byte	.LASF19
 743 0015 AE000000 		.4byte	.LASF20
 744 0019 00000000 		.4byte	.Ldebug_line0
 745 001d 02       		.uleb128 0x2
 746 001e 01       		.byte	0x1
 747 001f 06       		.byte	0x6
 748 0020 BD010000 		.4byte	.LASF0
 749 0024 02       		.uleb128 0x2
 750 0025 01       		.byte	0x1
 751 0026 08       		.byte	0x8
 752 0027 A0000000 		.4byte	.LASF1
 753 002b 02       		.uleb128 0x2
 754 002c 02       		.byte	0x2
 755 002d 05       		.byte	0x5
 756 002e A4010000 		.4byte	.LASF2
 757 0032 02       		.uleb128 0x2
 758 0033 02       		.byte	0x2
 759 0034 07       		.byte	0x7
 760 0035 05010000 		.4byte	.LASF3
 761 0039 02       		.uleb128 0x2
 762 003a 04       		.byte	0x4
 763 003b 05       		.byte	0x5
 764 003c B4010000 		.4byte	.LASF4
 765 0040 02       		.uleb128 0x2
 766 0041 04       		.byte	0x4
 767 0042 07       		.byte	0x7
 768 0043 F3000000 		.4byte	.LASF5
 769 0047 02       		.uleb128 0x2
 770 0048 08       		.byte	0x8
 771 0049 05       		.byte	0x5
 772 004a 91010000 		.4byte	.LASF6
 773 004e 02       		.uleb128 0x2
 774 004f 08       		.byte	0x8
 775 0050 07       		.byte	0x7
 776 0051 4E010000 		.4byte	.LASF7
 777 0055 03       		.uleb128 0x3
 778 0056 04       		.byte	0x4
 779 0057 05       		.byte	0x5
 780 0058 696E7400 		.ascii	"int\000"
 781 005c 02       		.uleb128 0x2
 782 005d 04       		.byte	0x4
 783 005e 07       		.byte	0x7
 784 005f 41010000 		.4byte	.LASF8
 785 0063 04       		.uleb128 0x4
 786 0064 AE010000 		.4byte	.LASF21
 787 0068 02       		.byte	0x2
 788 0069 5B       		.byte	0x5b
 789 006a 24000000 		.4byte	0x24
 790 006e 02       		.uleb128 0x2
 791 006f 04       		.byte	0x4
 792 0070 04       		.byte	0x4
 793 0071 9A000000 		.4byte	.LASF9
 794 0075 02       		.uleb128 0x2
ARM GAS  C:\Users\LilRobby\AppData\Local\Temp\ccABq3bt.s 			page 15


 795 0076 08       		.byte	0x8
 796 0077 04       		.byte	0x4
 797 0078 18010000 		.4byte	.LASF10
 798 007c 02       		.uleb128 0x2
 799 007d 01       		.byte	0x1
 800 007e 08       		.byte	0x8
 801 007f 9F010000 		.4byte	.LASF11
 802 0083 05       		.uleb128 0x5
 803 0084 63000000 		.4byte	0x63
 804 0088 94000000 		.4byte	0x94
 805 008c 06       		.uleb128 0x6
 806 008d 94000000 		.4byte	0x94
 807 0091 9302     		.2byte	0x293
 808 0093 00       		.byte	0
 809 0094 02       		.uleb128 0x2
 810 0095 04       		.byte	0x4
 811 0096 07       		.byte	0x7
 812 0097 88010000 		.4byte	.LASF12
 813 009b 07       		.uleb128 0x7
 814 009c 2F010000 		.4byte	.LASF13
 815 00a0 01       		.byte	0x1
 816 00a1 1F       		.byte	0x1f
 817 00a2 AC000000 		.4byte	0xac
 818 00a6 05       		.uleb128 0x5
 819 00a7 03       		.byte	0x3
 820 00a8 00000000 		.4byte	cy_meta_configecc
 821 00ac 08       		.uleb128 0x8
 822 00ad 83000000 		.4byte	0x83
 823 00b1 05       		.uleb128 0x5
 824 00b2 63000000 		.4byte	0x63
 825 00b6 C1000000 		.4byte	0xc1
 826 00ba 09       		.uleb128 0x9
 827 00bb 94000000 		.4byte	0x94
 828 00bf 03       		.byte	0x3
 829 00c0 00       		.byte	0
 830 00c1 07       		.uleb128 0x7
 831 00c2 1F010000 		.4byte	.LASF14
 832 00c6 01       		.byte	0x1
 833 00c7 7F       		.byte	0x7f
 834 00c8 D2000000 		.4byte	0xd2
 835 00cc 05       		.uleb128 0x5
 836 00cd 03       		.byte	0x3
 837 00ce 00000000 		.4byte	cy_meta_custnvl
 838 00d2 08       		.uleb128 0x8
 839 00d3 B1000000 		.4byte	0xb1
 840 00d7 07       		.uleb128 0x7
 841 00d8 7A010000 		.4byte	.LASF15
 842 00dc 01       		.byte	0x1
 843 00dd 8D       		.byte	0x8d
 844 00de E8000000 		.4byte	0xe8
 845 00e2 05       		.uleb128 0x5
 846 00e3 03       		.byte	0x3
 847 00e4 00000000 		.4byte	cy_meta_wonvl
 848 00e8 08       		.uleb128 0x8
 849 00e9 B1000000 		.4byte	0xb1
 850 00ed 05       		.uleb128 0x5
 851 00ee 63000000 		.4byte	0x63
ARM GAS  C:\Users\LilRobby\AppData\Local\Temp\ccABq3bt.s 			page 16


 852 00f2 FD000000 		.4byte	0xfd
 853 00f6 09       		.uleb128 0x9
 854 00f7 94000000 		.4byte	0x94
 855 00fb FF       		.byte	0xff
 856 00fc 00       		.byte	0
 857 00fd 07       		.uleb128 0x7
 858 00fe 65010000 		.4byte	.LASF16
 859 0102 01       		.byte	0x1
 860 0103 9B       		.byte	0x9b
 861 0104 0E010000 		.4byte	0x10e
 862 0108 05       		.uleb128 0x5
 863 0109 03       		.byte	0x3
 864 010a 00000000 		.4byte	cy_meta_flashprotect
 865 010e 08       		.uleb128 0x8
 866 010f ED000000 		.4byte	0xed
 867 0113 05       		.uleb128 0x5
 868 0114 63000000 		.4byte	0x63
 869 0118 23010000 		.4byte	0x123
 870 011c 09       		.uleb128 0x9
 871 011d 94000000 		.4byte	0x94
 872 0121 0B       		.byte	0xb
 873 0122 00       		.byte	0
 874 0123 07       		.uleb128 0x7
 875 0124 8E000000 		.4byte	.LASF17
 876 0128 01       		.byte	0x1
 877 0129 C8       		.byte	0xc8
 878 012a 34010000 		.4byte	0x134
 879 012e 05       		.uleb128 0x5
 880 012f 03       		.byte	0x3
 881 0130 00000000 		.4byte	cy_metadata
 882 0134 08       		.uleb128 0x8
 883 0135 13010000 		.4byte	0x113
 884 0139 00       		.byte	0
 885              		.section	.debug_abbrev,"",%progbits
 886              	.Ldebug_abbrev0:
 887 0000 01       		.uleb128 0x1
 888 0001 11       		.uleb128 0x11
 889 0002 01       		.byte	0x1
 890 0003 25       		.uleb128 0x25
 891 0004 0E       		.uleb128 0xe
 892 0005 13       		.uleb128 0x13
 893 0006 0B       		.uleb128 0xb
 894 0007 03       		.uleb128 0x3
 895 0008 0E       		.uleb128 0xe
 896 0009 1B       		.uleb128 0x1b
 897 000a 0E       		.uleb128 0xe
 898 000b 10       		.uleb128 0x10
 899 000c 17       		.uleb128 0x17
 900 000d 00       		.byte	0
 901 000e 00       		.byte	0
 902 000f 02       		.uleb128 0x2
 903 0010 24       		.uleb128 0x24
 904 0011 00       		.byte	0
 905 0012 0B       		.uleb128 0xb
 906 0013 0B       		.uleb128 0xb
 907 0014 3E       		.uleb128 0x3e
 908 0015 0B       		.uleb128 0xb
ARM GAS  C:\Users\LilRobby\AppData\Local\Temp\ccABq3bt.s 			page 17


 909 0016 03       		.uleb128 0x3
 910 0017 0E       		.uleb128 0xe
 911 0018 00       		.byte	0
 912 0019 00       		.byte	0
 913 001a 03       		.uleb128 0x3
 914 001b 24       		.uleb128 0x24
 915 001c 00       		.byte	0
 916 001d 0B       		.uleb128 0xb
 917 001e 0B       		.uleb128 0xb
 918 001f 3E       		.uleb128 0x3e
 919 0020 0B       		.uleb128 0xb
 920 0021 03       		.uleb128 0x3
 921 0022 08       		.uleb128 0x8
 922 0023 00       		.byte	0
 923 0024 00       		.byte	0
 924 0025 04       		.uleb128 0x4
 925 0026 16       		.uleb128 0x16
 926 0027 00       		.byte	0
 927 0028 03       		.uleb128 0x3
 928 0029 0E       		.uleb128 0xe
 929 002a 3A       		.uleb128 0x3a
 930 002b 0B       		.uleb128 0xb
 931 002c 3B       		.uleb128 0x3b
 932 002d 0B       		.uleb128 0xb
 933 002e 49       		.uleb128 0x49
 934 002f 13       		.uleb128 0x13
 935 0030 00       		.byte	0
 936 0031 00       		.byte	0
 937 0032 05       		.uleb128 0x5
 938 0033 01       		.uleb128 0x1
 939 0034 01       		.byte	0x1
 940 0035 49       		.uleb128 0x49
 941 0036 13       		.uleb128 0x13
 942 0037 01       		.uleb128 0x1
 943 0038 13       		.uleb128 0x13
 944 0039 00       		.byte	0
 945 003a 00       		.byte	0
 946 003b 06       		.uleb128 0x6
 947 003c 21       		.uleb128 0x21
 948 003d 00       		.byte	0
 949 003e 49       		.uleb128 0x49
 950 003f 13       		.uleb128 0x13
 951 0040 2F       		.uleb128 0x2f
 952 0041 05       		.uleb128 0x5
 953 0042 00       		.byte	0
 954 0043 00       		.byte	0
 955 0044 07       		.uleb128 0x7
 956 0045 34       		.uleb128 0x34
 957 0046 00       		.byte	0
 958 0047 03       		.uleb128 0x3
 959 0048 0E       		.uleb128 0xe
 960 0049 3A       		.uleb128 0x3a
 961 004a 0B       		.uleb128 0xb
 962 004b 3B       		.uleb128 0x3b
 963 004c 0B       		.uleb128 0xb
 964 004d 49       		.uleb128 0x49
 965 004e 13       		.uleb128 0x13
ARM GAS  C:\Users\LilRobby\AppData\Local\Temp\ccABq3bt.s 			page 18


 966 004f 3F       		.uleb128 0x3f
 967 0050 19       		.uleb128 0x19
 968 0051 02       		.uleb128 0x2
 969 0052 18       		.uleb128 0x18
 970 0053 00       		.byte	0
 971 0054 00       		.byte	0
 972 0055 08       		.uleb128 0x8
 973 0056 26       		.uleb128 0x26
 974 0057 00       		.byte	0
 975 0058 49       		.uleb128 0x49
 976 0059 13       		.uleb128 0x13
 977 005a 00       		.byte	0
 978 005b 00       		.byte	0
 979 005c 09       		.uleb128 0x9
 980 005d 21       		.uleb128 0x21
 981 005e 00       		.byte	0
 982 005f 49       		.uleb128 0x49
 983 0060 13       		.uleb128 0x13
 984 0061 2F       		.uleb128 0x2f
 985 0062 0B       		.uleb128 0xb
 986 0063 00       		.byte	0
 987 0064 00       		.byte	0
 988 0065 00       		.byte	0
 989              		.section	.debug_aranges,"",%progbits
 990 0000 14000000 		.4byte	0x14
 991 0004 0200     		.2byte	0x2
 992 0006 00000000 		.4byte	.Ldebug_info0
 993 000a 04       		.byte	0x4
 994 000b 00       		.byte	0
 995 000c 0000     		.2byte	0
 996 000e 0000     		.2byte	0
 997 0010 00000000 		.4byte	0
 998 0014 00000000 		.4byte	0
 999              		.section	.debug_line,"",%progbits
 1000              	.Ldebug_line0:
 1001 0000 4D000000 		.section	.debug_str,"MS",%progbits,1
 1001      02004700 
 1001      00000201 
 1001      FB0E0D00 
 1001      01010101 
 1002              	.LASF18:
 1003 0000 474E5520 		.ascii	"GNU C 4.9.3 20150303 (release) [ARM/embedded-4_9-br"
 1003      4320342E 
 1003      392E3320 
 1003      32303135 
 1003      30333033 
 1004 0033 616E6368 		.ascii	"anch revision 221220] -mcpu=cortex-m3 -mthumb -g -O"
 1004      20726576 
 1004      6973696F 
 1004      6E203232 
 1004      31323230 
 1005 0066 30202D66 		.ascii	"0 -ffunction-sections -ffat-lto-objects\000"
 1005      66756E63 
 1005      74696F6E 
 1005      2D736563 
 1005      74696F6E 
 1006              	.LASF17:
ARM GAS  C:\Users\LilRobby\AppData\Local\Temp\ccABq3bt.s 			page 19


 1007 008e 63795F6D 		.ascii	"cy_metadata\000"
 1007      65746164 
 1007      61746100 
 1008              	.LASF9:
 1009 009a 666C6F61 		.ascii	"float\000"
 1009      7400
 1010              	.LASF1:
 1011 00a0 756E7369 		.ascii	"unsigned char\000"
 1011      676E6564 
 1011      20636861 
 1011      7200
 1012              	.LASF20:
 1013 00ae 433A5C55 		.ascii	"C:\\Users\\LilRobby\\Downloads\\TFTSHIELD-master - "
 1013      73657273 
 1013      5C4C696C 
 1013      526F6262 
 1013      795C446F 
 1014 00dd 315C746F 		.ascii	"1\\touch_buttons.cydsn\000"
 1014      7563685F 
 1014      62757474 
 1014      6F6E732E 
 1014      63796473 
 1015              	.LASF5:
 1016 00f3 6C6F6E67 		.ascii	"long unsigned int\000"
 1016      20756E73 
 1016      69676E65 
 1016      6420696E 
 1016      7400
 1017              	.LASF3:
 1018 0105 73686F72 		.ascii	"short unsigned int\000"
 1018      7420756E 
 1018      7369676E 
 1018      65642069 
 1018      6E7400
 1019              	.LASF10:
 1020 0118 646F7562 		.ascii	"double\000"
 1020      6C6500
 1021              	.LASF14:
 1022 011f 63795F6D 		.ascii	"cy_meta_custnvl\000"
 1022      6574615F 
 1022      63757374 
 1022      6E766C00 
 1023              	.LASF13:
 1024 012f 63795F6D 		.ascii	"cy_meta_configecc\000"
 1024      6574615F 
 1024      636F6E66 
 1024      69676563 
 1024      6300
 1025              	.LASF8:
 1026 0141 756E7369 		.ascii	"unsigned int\000"
 1026      676E6564 
 1026      20696E74 
 1026      00
 1027              	.LASF7:
 1028 014e 6C6F6E67 		.ascii	"long long unsigned int\000"
 1028      206C6F6E 
 1028      6720756E 
ARM GAS  C:\Users\LilRobby\AppData\Local\Temp\ccABq3bt.s 			page 20


 1028      7369676E 
 1028      65642069 
 1029              	.LASF16:
 1030 0165 63795F6D 		.ascii	"cy_meta_flashprotect\000"
 1030      6574615F 
 1030      666C6173 
 1030      6870726F 
 1030      74656374 
 1031              	.LASF15:
 1032 017a 63795F6D 		.ascii	"cy_meta_wonvl\000"
 1032      6574615F 
 1032      776F6E76 
 1032      6C00
 1033              	.LASF12:
 1034 0188 73697A65 		.ascii	"sizetype\000"
 1034      74797065 
 1034      00
 1035              	.LASF6:
 1036 0191 6C6F6E67 		.ascii	"long long int\000"
 1036      206C6F6E 
 1036      6720696E 
 1036      7400
 1037              	.LASF11:
 1038 019f 63686172 		.ascii	"char\000"
 1038      00
 1039              	.LASF2:
 1040 01a4 73686F72 		.ascii	"short int\000"
 1040      7420696E 
 1040      7400
 1041              	.LASF21:
 1042 01ae 75696E74 		.ascii	"uint8\000"
 1042      3800
 1043              	.LASF4:
 1044 01b4 6C6F6E67 		.ascii	"long int\000"
 1044      20696E74 
 1044      00
 1045              	.LASF0:
 1046 01bd 7369676E 		.ascii	"signed char\000"
 1046      65642063 
 1046      68617200 
 1047              	.LASF19:
 1048 01c9 47656E65 		.ascii	"Generated_Source\\PSoC5\\cymetadata.c\000"
 1048      72617465 
 1048      645F536F 
 1048      75726365 
 1048      5C50536F 
 1049              		.ident	"GCC: (GNU Tools for ARM Embedded Processors) 4.9.3 20150303 (release) [ARM/embedded-4_9-br
