ARM GAS  C:\Users\barror2\AppData\Local\Temp\ccCM4S3r.s 			page 1


   1              		.syntax unified
   2              		.cpu cortex-m3
   3              		.fpu softvfp
   4              		.eabi_attribute 20, 1
   5              		.eabi_attribute 21, 1
   6              		.eabi_attribute 23, 3
   7              		.eabi_attribute 24, 1
   8              		.eabi_attribute 25, 1
   9              		.eabi_attribute 26, 1
  10              		.eabi_attribute 30, 6
  11              		.eabi_attribute 34, 1
  12              		.eabi_attribute 18, 4
  13              		.thumb
  14              		.file	"cymetadata.c"
  15              		.text
  16              	.Ltext0:
  17              		.cfi_sections	.debug_frame
  18              		.global	cy_meta_configecc
  19              		.section	.cyconfigecc,"a",%progbits
  20              		.align	2
  21              		.type	cy_meta_configecc, %object
  22              		.size	cy_meta_configecc, 1104
  23              	cy_meta_configecc:
  24 0000 05       		.byte	5
  25 0001 52       		.byte	82
  26 0002 00       		.byte	0
  27 0003 40       		.byte	64
  28 0004 03       		.byte	3
  29 0005 64       		.byte	100
  30 0006 00       		.byte	0
  31 0007 40       		.byte	64
  32 0008 01       		.byte	1
  33 0009 01       		.byte	1
  34 000a 01       		.byte	1
  35 000b 40       		.byte	64
  36 000c 02       		.byte	2
  37 000d 03       		.byte	3
  38 000e 01       		.byte	1
  39 000f 40       		.byte	64
  40 0010 01       		.byte	1
  41 0011 05       		.byte	5
  42 0012 01       		.byte	1
  43 0013 40       		.byte	64
  44 0014 04       		.byte	4
  45 0015 09       		.byte	9
  46 0016 01       		.byte	1
  47 0017 40       		.byte	64
  48 0018 43       		.byte	67
  49 0019 0A       		.byte	10
  50 001a 01       		.byte	1
  51 001b 40       		.byte	64
  52 001c 41       		.byte	65
  53 001d 0B       		.byte	11
  54 001e 01       		.byte	1
  55 001f 40       		.byte	64
  56 0020 15       		.byte	21
  57 0021 0C       		.byte	12
ARM GAS  C:\Users\barror2\AppData\Local\Temp\ccCM4S3r.s 			page 2


  58 0022 01       		.byte	1
  59 0023 40       		.byte	64
  60 0024 49       		.byte	73
  61 0025 0D       		.byte	13
  62 0026 01       		.byte	1
  63 0027 40       		.byte	64
  64 0028 10       		.byte	16
  65 0029 0E       		.byte	14
  66 002a 01       		.byte	1
  67 002b 40       		.byte	64
  68 002c 3C       		.byte	60
  69 002d 0F       		.byte	15
  70 002e 01       		.byte	1
  71 002f 40       		.byte	64
  72 0030 02       		.byte	2
  73 0031 19       		.byte	25
  74 0032 01       		.byte	1
  75 0033 40       		.byte	64
  76 0034 02       		.byte	2
  77 0035 1B       		.byte	27
  78 0036 01       		.byte	1
  79 0037 40       		.byte	64
  80 0038 08       		.byte	8
  81 0039 40       		.byte	64
  82 003a 01       		.byte	1
  83 003b 40       		.byte	64
  84 003c 06       		.byte	6
  85 003d 41       		.byte	65
  86 003e 01       		.byte	1
  87 003f 40       		.byte	64
  88 0040 03       		.byte	3
  89 0041 42       		.byte	66
  90 0042 01       		.byte	1
  91 0043 40       		.byte	64
  92 0044 0C       		.byte	12
  93 0045 44       		.byte	68
  94 0046 01       		.byte	1
  95 0047 40       		.byte	64
  96 0048 06       		.byte	6
  97 0049 45       		.byte	69
  98 004a 01       		.byte	1
  99 004b 40       		.byte	64
 100 004c 02       		.byte	2
 101 004d 4C       		.byte	76
 102 004e 01       		.byte	1
 103 004f 40       		.byte	64
 104 0050 02       		.byte	2
 105 0051 4D       		.byte	77
 106 0052 01       		.byte	1
 107 0053 40       		.byte	64
 108 0054 03       		.byte	3
 109 0055 50       		.byte	80
 110 0056 01       		.byte	1
 111 0057 40       		.byte	64
 112 0058 01       		.byte	1
 113 0059 51       		.byte	81
 114 005a 01       		.byte	1
ARM GAS  C:\Users\barror2\AppData\Local\Temp\ccCM4S3r.s 			page 3


 115 005b 40       		.byte	64
 116 005c 0C       		.byte	12
 117 005d 04       		.byte	4
 118 005e 20       		.byte	32
 119 005f 10       		.byte	16
 120 0060 30       		.byte	48
 121 0061 03       		.byte	3
 122 0062 31       		.byte	49
 123 0063 25       		.byte	37
 124 0064 34       		.byte	52
 125 0065 10       		.byte	16
 126 0066 8A       		.byte	-118
 127 0067 72       		.byte	114
 128 0068 8B       		.byte	-117
 129 0069 38       		.byte	56
 130 006a 8D       		.byte	-115
 131 006b 0F       		.byte	15
 132 006c E2       		.byte	-30
 133 006d 04       		.byte	4
 134 006e E6       		.byte	-26
 135 006f 02       		.byte	2
 136 0070 EE       		.byte	-18
 137 0071 04       		.byte	4
 138 0072 E2       		.byte	-30
 139 0073 08       		.byte	8
 140 0074 9C       		.byte	-100
 141 0075 20       		.byte	32
 142 0076 A7       		.byte	-89
 143 0077 04       		.byte	4
 144 0078 B1       		.byte	-79
 145 0079 92       		.byte	-110
 146 007a B3       		.byte	-77
 147 007b 08       		.byte	8
 148 007c 00       		.byte	0
 149 007d 1F       		.byte	31
 150 007e 01       		.byte	1
 151 007f 80       		.byte	-128
 152 0080 02       		.byte	2
 153 0081 20       		.byte	32
 154 0082 04       		.byte	4
 155 0083 33       		.byte	51
 156 0084 06       		.byte	6
 157 0085 0C       		.byte	12
 158 0086 07       		.byte	7
 159 0087 E3       		.byte	-29
 160 0088 09       		.byte	9
 161 0089 18       		.byte	24
 162 008a 0A       		.byte	10
 163 008b 23       		.byte	35
 164 008c 0C       		.byte	12
 165 008d 03       		.byte	3
 166 008e 0D       		.byte	13
 167 008f C0       		.byte	-64
 168 0090 10       		.byte	16
 169 0091 02       		.byte	2
 170 0092 11       		.byte	17
 171 0093 3C       		.byte	60
ARM GAS  C:\Users\barror2\AppData\Local\Temp\ccCM4S3r.s 			page 4


 172 0094 13       		.byte	19
 173 0095 C2       		.byte	-62
 174 0096 14       		.byte	20
 175 0097 3F       		.byte	63
 176 0098 15       		.byte	21
 177 0099 FF       		.byte	-1
 178 009a 18       		.byte	24
 179 009b 01       		.byte	1
 180 009c 19       		.byte	25
 181 009d E7       		.byte	-25
 182 009e 1A       		.byte	26
 183 009f 40       		.byte	64
 184 00a0 1B       		.byte	27
 185 00a1 18       		.byte	24
 186 00a2 1D       		.byte	29
 187 00a3 10       		.byte	16
 188 00a4 20       		.byte	32
 189 00a5 08       		.byte	8
 190 00a6 21       		.byte	33
 191 00a7 1C       		.byte	28
 192 00a8 23       		.byte	35
 193 00a9 E1       		.byte	-31
 194 00aa 24       		.byte	36
 195 00ab 04       		.byte	4
 196 00ac 27       		.byte	39
 197 00ad 04       		.byte	4
 198 00ae 28       		.byte	40
 199 00af 0C       		.byte	12
 200 00b0 29       		.byte	41
 201 00b1 44       		.byte	68
 202 00b2 2C       		.byte	44
 203 00b3 1C       		.byte	28
 204 00b4 2D       		.byte	45
 205 00b5 08       		.byte	8
 206 00b6 2E       		.byte	46
 207 00b7 23       		.byte	35
 208 00b8 30       		.byte	48
 209 00b9 10       		.byte	16
 210 00ba 31       		.byte	49
 211 00bb 1F       		.byte	31
 212 00bc 32       		.byte	50
 213 00bd 40       		.byte	64
 214 00be 33       		.byte	51
 215 00bf 38       		.byte	56
 216 00c0 34       		.byte	52
 217 00c1 0F       		.byte	15
 218 00c2 36       		.byte	54
 219 00c3 2C       		.byte	44
 220 00c4 37       		.byte	55
 221 00c5 C0       		.byte	-64
 222 00c6 3A       		.byte	58
 223 00c7 A0       		.byte	-96
 224 00c8 3B       		.byte	59
 225 00c9 02       		.byte	2
 226 00ca 3E       		.byte	62
 227 00cb 01       		.byte	1
 228 00cc 56       		.byte	86
ARM GAS  C:\Users\barror2\AppData\Local\Temp\ccCM4S3r.s 			page 5


 229 00cd 02       		.byte	2
 230 00ce 57       		.byte	87
 231 00cf 13       		.byte	19
 232 00d0 58       		.byte	88
 233 00d1 04       		.byte	4
 234 00d2 59       		.byte	89
 235 00d3 04       		.byte	4
 236 00d4 5B       		.byte	91
 237 00d5 04       		.byte	4
 238 00d6 5C       		.byte	92
 239 00d7 11       		.byte	17
 240 00d8 5D       		.byte	93
 241 00d9 10       		.byte	16
 242 00da 5F       		.byte	95
 243 00db 01       		.byte	1
 244 00dc 88       		.byte	-120
 245 00dd 01       		.byte	1
 246 00de 92       		.byte	-110
 247 00df 01       		.byte	1
 248 00e0 9F       		.byte	-97
 249 00e1 01       		.byte	1
 250 00e2 A8       		.byte	-88
 251 00e3 01       		.byte	1
 252 00e4 AB       		.byte	-85
 253 00e5 01       		.byte	1
 254 00e6 AE       		.byte	-82
 255 00e7 01       		.byte	1
 256 00e8 B2       		.byte	-78
 257 00e9 01       		.byte	1
 258 00ea B3       		.byte	-77
 259 00eb 01       		.byte	1
 260 00ec B8       		.byte	-72
 261 00ed 08       		.byte	8
 262 00ee BA       		.byte	-70
 263 00ef 20       		.byte	32
 264 00f0 BF       		.byte	-65
 265 00f1 04       		.byte	4
 266 00f2 D4       		.byte	-44
 267 00f3 18       		.byte	24
 268 00f4 D6       		.byte	-42
 269 00f5 04       		.byte	4
 270 00f6 D8       		.byte	-40
 271 00f7 04       		.byte	4
 272 00f8 D9       		.byte	-39
 273 00f9 04       		.byte	4
 274 00fa DB       		.byte	-37
 275 00fb 04       		.byte	4
 276 00fc DC       		.byte	-36
 277 00fd 01       		.byte	1
 278 00fe DD       		.byte	-35
 279 00ff 10       		.byte	16
 280 0100 DF       		.byte	-33
 281 0101 01       		.byte	1
 282 0102 00       		.byte	0
 283 0103 44       		.byte	68
 284 0104 02       		.byte	2
 285 0105 04       		.byte	4
ARM GAS  C:\Users\barror2\AppData\Local\Temp\ccCM4S3r.s 			page 6


 286 0106 03       		.byte	3
 287 0107 80       		.byte	-128
 288 0108 05       		.byte	5
 289 0109 10       		.byte	16
 290 010a 08       		.byte	8
 291 010b 24       		.byte	36
 292 010c 09       		.byte	9
 293 010d 02       		.byte	2
 294 010e 0B       		.byte	11
 295 010f 20       		.byte	32
 296 0110 0F       		.byte	15
 297 0111 80       		.byte	-128
 298 0112 10       		.byte	16
 299 0113 80       		.byte	-128
 300 0114 12       		.byte	18
 301 0115 02       		.byte	2
 302 0116 13       		.byte	19
 303 0117 28       		.byte	40
 304 0118 14       		.byte	20
 305 0119 04       		.byte	4
 306 011a 17       		.byte	23
 307 011b 80       		.byte	-128
 308 011c 18       		.byte	24
 309 011d 04       		.byte	4
 310 011e 19       		.byte	25
 311 011f 15       		.byte	21
 312 0120 1B       		.byte	27
 313 0121 C0       		.byte	-64
 314 0122 1F       		.byte	31
 315 0123 18       		.byte	24
 316 0124 20       		.byte	32
 317 0125 20       		.byte	32
 318 0126 22       		.byte	34
 319 0127 02       		.byte	2
 320 0128 23       		.byte	35
 321 0129 82       		.byte	-126
 322 012a 25       		.byte	37
 323 012b 08       		.byte	8
 324 012c 29       		.byte	41
 325 012d 84       		.byte	-124
 326 012e 2B       		.byte	43
 327 012f 84       		.byte	-124
 328 0130 2F       		.byte	47
 329 0131 08       		.byte	8
 330 0132 30       		.byte	48
 331 0133 84       		.byte	-124
 332 0134 31       		.byte	49
 333 0135 10       		.byte	16
 334 0136 32       		.byte	50
 335 0137 02       		.byte	2
 336 0138 36       		.byte	54
 337 0139 80       		.byte	-128
 338 013a 38       		.byte	56
 339 013b 40       		.byte	64
 340 013c 39       		.byte	57
 341 013d 0A       		.byte	10
 342 013e 3A       		.byte	58
ARM GAS  C:\Users\barror2\AppData\Local\Temp\ccCM4S3r.s 			page 7


 343 013f 04       		.byte	4
 344 0140 3B       		.byte	59
 345 0141 10       		.byte	16
 346 0142 41       		.byte	65
 347 0143 03       		.byte	3
 348 0144 45       		.byte	69
 349 0145 08       		.byte	8
 350 0146 46       		.byte	70
 351 0147 20       		.byte	32
 352 0148 59       		.byte	89
 353 0149 01       		.byte	1
 354 014a 5F       		.byte	95
 355 014b 02       		.byte	2
 356 014c 65       		.byte	101
 357 014d 40       		.byte	64
 358 014e 66       		.byte	102
 359 014f 20       		.byte	32
 360 0150 67       		.byte	103
 361 0151 80       		.byte	-128
 362 0152 69       		.byte	105
 363 0153 40       		.byte	64
 364 0154 6B       		.byte	107
 365 0155 14       		.byte	20
 366 0156 70       		.byte	112
 367 0157 80       		.byte	-128
 368 0158 73       		.byte	115
 369 0159 38       		.byte	56
 370 015a 87       		.byte	-121
 371 015b 40       		.byte	64
 372 015c 90       		.byte	-112
 373 015d 40       		.byte	64
 374 015e 91       		.byte	-111
 375 015f 28       		.byte	40
 376 0160 94       		.byte	-108
 377 0161 04       		.byte	4
 378 0162 95       		.byte	-107
 379 0163 40       		.byte	64
 380 0164 97       		.byte	-105
 381 0165 20       		.byte	32
 382 0166 99       		.byte	-103
 383 0167 40       		.byte	64
 384 0168 9C       		.byte	-100
 385 0169 20       		.byte	32
 386 016a 9F       		.byte	-97
 387 016b 14       		.byte	20
 388 016c A2       		.byte	-94
 389 016d 80       		.byte	-128
 390 016e A4       		.byte	-92
 391 016f 10       		.byte	16
 392 0170 B4       		.byte	-76
 393 0171 20       		.byte	32
 394 0172 B5       		.byte	-75
 395 0173 40       		.byte	64
 396 0174 C0       		.byte	-64
 397 0175 4F       		.byte	79
 398 0176 C2       		.byte	-62
 399 0177 1E       		.byte	30
ARM GAS  C:\Users\barror2\AppData\Local\Temp\ccCM4S3r.s 			page 8


 400 0178 C4       		.byte	-60
 401 0179 CF       		.byte	-49
 402 017a CA       		.byte	-54
 403 017b 2F       		.byte	47
 404 017c CC       		.byte	-52
 405 017d 1F       		.byte	31
 406 017e CE       		.byte	-50
 407 017f 0F       		.byte	15
 408 0180 D6       		.byte	-42
 409 0181 81       		.byte	-127
 410 0182 D8       		.byte	-40
 411 0183 B0       		.byte	-80
 412 0184 15       		.byte	21
 413 0185 05       		.byte	5
 414 0186 16       		.byte	22
 415 0187 03       		.byte	3
 416 0188 17       		.byte	23
 417 0189 0A       		.byte	10
 418 018a 19       		.byte	25
 419 018b 09       		.byte	9
 420 018c 1A       		.byte	26
 421 018d 02       		.byte	2
 422 018e 1B       		.byte	27
 423 018f 06       		.byte	6
 424 0190 1D       		.byte	29
 425 0191 02       		.byte	2
 426 0192 1F       		.byte	31
 427 0193 0D       		.byte	13
 428 0194 21       		.byte	33
 429 0195 03       		.byte	3
 430 0196 23       		.byte	35
 431 0197 0C       		.byte	12
 432 0198 26       		.byte	38
 433 0199 03       		.byte	3
 434 019a 2C       		.byte	44
 435 019b 01       		.byte	1
 436 019c 31       		.byte	49
 437 019d 0F       		.byte	15
 438 019e 34       		.byte	52
 439 019f 03       		.byte	3
 440 01a0 3B       		.byte	59
 441 01a1 02       		.byte	2
 442 01a2 54       		.byte	84
 443 01a3 40       		.byte	64
 444 01a4 56       		.byte	86
 445 01a5 04       		.byte	4
 446 01a6 58       		.byte	88
 447 01a7 04       		.byte	4
 448 01a8 59       		.byte	89
 449 01a9 04       		.byte	4
 450 01aa 5B       		.byte	91
 451 01ab 04       		.byte	4
 452 01ac 5F       		.byte	95
 453 01ad 01       		.byte	1
 454 01ae 00       		.byte	0
 455 01af 28       		.byte	40
 456 01b0 01       		.byte	1
ARM GAS  C:\Users\barror2\AppData\Local\Temp\ccCM4S3r.s 			page 9


 457 01b1 02       		.byte	2
 458 01b2 02       		.byte	2
 459 01b3 40       		.byte	64
 460 01b4 03       		.byte	3
 461 01b5 01       		.byte	1
 462 01b6 0A       		.byte	10
 463 01b7 59       		.byte	89
 464 01b8 0D       		.byte	13
 465 01b9 08       		.byte	8
 466 01ba 0E       		.byte	14
 467 01bb 08       		.byte	8
 468 01bc 10       		.byte	16
 469 01bd 20       		.byte	32
 470 01be 11       		.byte	17
 471 01bf 01       		.byte	1
 472 01c0 12       		.byte	18
 473 01c1 09       		.byte	9
 474 01c2 14       		.byte	20
 475 01c3 10       		.byte	16
 476 01c4 15       		.byte	21
 477 01c5 80       		.byte	-128
 478 01c6 16       		.byte	22
 479 01c7 02       		.byte	2
 480 01c8 18       		.byte	24
 481 01c9 08       		.byte	8
 482 01ca 19       		.byte	25
 483 01cb 40       		.byte	64
 484 01cc 1A       		.byte	26
 485 01cd 40       		.byte	64
 486 01ce 1E       		.byte	30
 487 01cf 08       		.byte	8
 488 01d0 20       		.byte	32
 489 01d1 51       		.byte	81
 490 01d2 21       		.byte	33
 491 01d3 15       		.byte	21
 492 01d4 26       		.byte	38
 493 01d5 02       		.byte	2
 494 01d6 27       		.byte	39
 495 01d7 40       		.byte	64
 496 01d8 28       		.byte	40
 497 01d9 20       		.byte	32
 498 01da 2E       		.byte	46
 499 01db 02       		.byte	2
 500 01dc 33       		.byte	51
 501 01dd 14       		.byte	20
 502 01de 34       		.byte	52
 503 01df 10       		.byte	16
 504 01e0 36       		.byte	54
 505 01e1 08       		.byte	8
 506 01e2 37       		.byte	55
 507 01e3 40       		.byte	64
 508 01e4 38       		.byte	56
 509 01e5 08       		.byte	8
 510 01e6 39       		.byte	57
 511 01e7 62       		.byte	98
 512 01e8 3A       		.byte	58
 513 01e9 08       		.byte	8
ARM GAS  C:\Users\barror2\AppData\Local\Temp\ccCM4S3r.s 			page 10


 514 01ea 40       		.byte	64
 515 01eb 15       		.byte	21
 516 01ec 4A       		.byte	74
 517 01ed 80       		.byte	-128
 518 01ee 4B       		.byte	75
 519 01ef A0       		.byte	-96
 520 01f0 52       		.byte	82
 521 01f1 01       		.byte	1
 522 01f2 62       		.byte	98
 523 01f3 02       		.byte	2
 524 01f4 66       		.byte	102
 525 01f5 58       		.byte	88
 526 01f6 67       		.byte	103
 527 01f7 40       		.byte	64
 528 01f8 68       		.byte	104
 529 01f9 04       		.byte	4
 530 01fa 69       		.byte	105
 531 01fb 05       		.byte	5
 532 01fc 6A       		.byte	106
 533 01fd 08       		.byte	8
 534 01fe 6B       		.byte	107
 535 01ff 89       		.byte	-119
 536 0200 72       		.byte	114
 537 0201 01       		.byte	1
 538 0202 73       		.byte	115
 539 0203 02       		.byte	2
 540 0204 82       		.byte	-126
 541 0205 04       		.byte	4
 542 0206 87       		.byte	-121
 543 0207 40       		.byte	64
 544 0208 88       		.byte	-120
 545 0209 10       		.byte	16
 546 020a 8B       		.byte	-117
 547 020b 40       		.byte	64
 548 020c 91       		.byte	-111
 549 020d 80       		.byte	-128
 550 020e 92       		.byte	-110
 551 020f 10       		.byte	16
 552 0210 95       		.byte	-107
 553 0211 04       		.byte	4
 554 0212 98       		.byte	-104
 555 0213 10       		.byte	16
 556 0214 99       		.byte	-103
 557 0215 02       		.byte	2
 558 0216 9A       		.byte	-102
 559 0217 10       		.byte	16
 560 0218 9F       		.byte	-97
 561 0219 8B       		.byte	-117
 562 021a A1       		.byte	-95
 563 021b 08       		.byte	8
 564 021c A2       		.byte	-94
 565 021d 08       		.byte	8
 566 021e A8       		.byte	-88
 567 021f 54       		.byte	84
 568 0220 A9       		.byte	-87
 569 0221 01       		.byte	1
 570 0222 AD       		.byte	-83
ARM GAS  C:\Users\barror2\AppData\Local\Temp\ccCM4S3r.s 			page 11


 571 0223 10       		.byte	16
 572 0224 B0       		.byte	-80
 573 0225 20       		.byte	32
 574 0226 B3       		.byte	-77
 575 0227 80       		.byte	-128
 576 0228 B4       		.byte	-76
 577 0229 80       		.byte	-128
 578 022a C0       		.byte	-64
 579 022b 0F       		.byte	15
 580 022c C2       		.byte	-62
 581 022d 6F       		.byte	111
 582 022e C4       		.byte	-60
 583 022f AF       		.byte	-81
 584 0230 CA       		.byte	-54
 585 0231 82       		.byte	-126
 586 0232 CC       		.byte	-52
 587 0233 76       		.byte	118
 588 0234 CE       		.byte	-50
 589 0235 0D       		.byte	13
 590 0236 D0       		.byte	-48
 591 0237 0E       		.byte	14
 592 0238 D2       		.byte	-46
 593 0239 0C       		.byte	12
 594 023a D8       		.byte	-40
 595 023b F1       		.byte	-15
 596 023c E4       		.byte	-28
 597 023d 04       		.byte	4
 598 023e EC       		.byte	-20
 599 023f 09       		.byte	9
 600 0240 8C       		.byte	-116
 601 0241 E0       		.byte	-32
 602 0242 94       		.byte	-108
 603 0243 5D       		.byte	93
 604 0244 96       		.byte	-106
 605 0245 A2       		.byte	-94
 606 0246 98       		.byte	-104
 607 0247 49       		.byte	73
 608 0248 9A       		.byte	-102
 609 0249 90       		.byte	-112
 610 024a 9C       		.byte	-100
 611 024b 08       		.byte	8
 612 024c AC       		.byte	-84
 613 024d 33       		.byte	51
 614 024e AE       		.byte	-82
 615 024f 44       		.byte	68
 616 0250 B0       		.byte	-80
 617 0251 F0       		.byte	-16
 618 0252 B2       		.byte	-78
 619 0253 0E       		.byte	14
 620 0254 B6       		.byte	-74
 621 0255 01       		.byte	1
 622 0256 B8       		.byte	-72
 623 0257 02       		.byte	2
 624 0258 BA       		.byte	-70
 625 0259 08       		.byte	8
 626 025a BE       		.byte	-66
 627 025b 40       		.byte	64
ARM GAS  C:\Users\barror2\AppData\Local\Temp\ccCM4S3r.s 			page 12


 628 025c D8       		.byte	-40
 629 025d 04       		.byte	4
 630 025e DF       		.byte	-33
 631 025f 01       		.byte	1
 632 0260 00       		.byte	0
 633 0261 12       		.byte	18
 634 0262 01       		.byte	1
 635 0263 04       		.byte	4
 636 0264 03       		.byte	3
 637 0265 01       		.byte	1
 638 0266 04       		.byte	4
 639 0267 40       		.byte	64
 640 0268 08       		.byte	8
 641 0269 11       		.byte	17
 642 026a 09       		.byte	9
 643 026b 08       		.byte	8
 644 026c 0B       		.byte	11
 645 026d 48       		.byte	72
 646 026e 0C       		.byte	12
 647 026f 90       		.byte	-112
 648 0270 0D       		.byte	13
 649 0271 08       		.byte	8
 650 0272 10       		.byte	16
 651 0273 60       		.byte	96
 652 0274 11       		.byte	17
 653 0275 40       		.byte	64
 654 0276 12       		.byte	18
 655 0277 04       		.byte	4
 656 0278 13       		.byte	19
 657 0279 8A       		.byte	-118
 658 027a 15       		.byte	21
 659 027b 80       		.byte	-128
 660 027c 18       		.byte	24
 661 027d 14       		.byte	20
 662 027e 19       		.byte	25
 663 027f 80       		.byte	-128
 664 0280 1C       		.byte	28
 665 0281 40       		.byte	64
 666 0282 1D       		.byte	29
 667 0283 40       		.byte	64
 668 0284 1E       		.byte	30
 669 0285 10       		.byte	16
 670 0286 1F       		.byte	31
 671 0287 0C       		.byte	12
 672 0288 20       		.byte	32
 673 0289 02       		.byte	2
 674 028a 21       		.byte	33
 675 028b 48       		.byte	72
 676 028c 22       		.byte	34
 677 028d 08       		.byte	8
 678 028e 23       		.byte	35
 679 028f 41       		.byte	65
 680 0290 28       		.byte	40
 681 0291 41       		.byte	65
 682 0292 2B       		.byte	43
 683 0293 08       		.byte	8
 684 0294 30       		.byte	48
ARM GAS  C:\Users\barror2\AppData\Local\Temp\ccCM4S3r.s 			page 13


 685 0295 A0       		.byte	-96
 686 0296 31       		.byte	49
 687 0297 08       		.byte	8
 688 0298 33       		.byte	51
 689 0299 01       		.byte	1
 690 029a 39       		.byte	57
 691 029b 44       		.byte	68
 692 029c 3B       		.byte	59
 693 029d 01       		.byte	1
 694 029e 40       		.byte	64
 695 029f 84       		.byte	-124
 696 02a0 43       		.byte	67
 697 02a1 08       		.byte	8
 698 02a2 48       		.byte	72
 699 02a3 01       		.byte	1
 700 02a4 49       		.byte	73
 701 02a5 06       		.byte	6
 702 02a6 4A       		.byte	74
 703 02a7 08       		.byte	8
 704 02a8 50       		.byte	80
 705 02a9 80       		.byte	-128
 706 02aa 52       		.byte	82
 707 02ab 14       		.byte	20
 708 02ac 53       		.byte	83
 709 02ad 80       		.byte	-128
 710 02ae 58       		.byte	88
 711 02af 20       		.byte	32
 712 02b0 59       		.byte	89
 713 02b1 85       		.byte	-123
 714 02b2 61       		.byte	97
 715 02b3 40       		.byte	64
 716 02b4 63       		.byte	99
 717 02b5 80       		.byte	-128
 718 02b6 69       		.byte	105
 719 02b7 10       		.byte	16
 720 02b8 6A       		.byte	106
 721 02b9 40       		.byte	64
 722 02ba 6B       		.byte	107
 723 02bb 20       		.byte	32
 724 02bc 83       		.byte	-125
 725 02bd 40       		.byte	64
 726 02be 87       		.byte	-121
 727 02bf 20       		.byte	32
 728 02c0 8E       		.byte	-114
 729 02c1 40       		.byte	64
 730 02c2 C0       		.byte	-64
 731 02c3 8F       		.byte	-113
 732 02c4 C2       		.byte	-62
 733 02c5 EE       		.byte	-18
 734 02c6 C4       		.byte	-60
 735 02c7 8F       		.byte	-113
 736 02c8 CA       		.byte	-54
 737 02c9 0D       		.byte	13
 738 02ca CC       		.byte	-52
 739 02cb 0F       		.byte	15
 740 02cc CE       		.byte	-50
 741 02cd 0B       		.byte	11
ARM GAS  C:\Users\barror2\AppData\Local\Temp\ccCM4S3r.s 			page 14


 742 02ce D0       		.byte	-48
 743 02cf 07       		.byte	7
 744 02d0 D2       		.byte	-46
 745 02d1 0C       		.byte	12
 746 02d2 D6       		.byte	-42
 747 02d3 0F       		.byte	15
 748 02d4 D8       		.byte	-40
 749 02d5 09       		.byte	9
 750 02d6 E0       		.byte	-32
 751 02d7 02       		.byte	2
 752 02d8 9C       		.byte	-100
 753 02d9 20       		.byte	32
 754 02da A7       		.byte	-89
 755 02db 04       		.byte	4
 756 02dc B4       		.byte	-76
 757 02dd 20       		.byte	32
 758 02de B7       		.byte	-73
 759 02df 04       		.byte	4
 760 02e0 30       		.byte	48
 761 02e1 02       		.byte	2
 762 02e2 32       		.byte	50
 763 02e3 20       		.byte	32
 764 02e4 35       		.byte	53
 765 02e5 80       		.byte	-128
 766 02e6 5D       		.byte	93
 767 02e7 02       		.byte	2
 768 02e8 81       		.byte	-127
 769 02e9 80       		.byte	-128
 770 02ea CC       		.byte	-52
 771 02eb 70       		.byte	112
 772 02ec D6       		.byte	-42
 773 02ed 80       		.byte	-128
 774 02ee E2       		.byte	-30
 775 02ef 20       		.byte	32
 776 02f0 86       		.byte	-122
 777 02f1 20       		.byte	32
 778 02f2 A4       		.byte	-92
 779 02f3 02       		.byte	2
 780 02f4 A6       		.byte	-90
 781 02f5 20       		.byte	32
 782 02f6 A9       		.byte	-87
 783 02f7 02       		.byte	2
 784 02f8 E6       		.byte	-26
 785 02f9 40       		.byte	64
 786 02fa EE       		.byte	-18
 787 02fb 20       		.byte	32
 788 02fc 84       		.byte	-124
 789 02fd 02       		.byte	2
 790 02fe A4       		.byte	-92
 791 02ff 02       		.byte	2
 792 0300 E2       		.byte	-30
 793 0301 10       		.byte	16
 794 0302 08       		.byte	8
 795 0303 02       		.byte	2
 796 0304 50       		.byte	80
 797 0305 06       		.byte	6
 798 0306 57       		.byte	87
ARM GAS  C:\Users\barror2\AppData\Local\Temp\ccCM4S3r.s 			page 15


 799 0307 80       		.byte	-128
 800 0308 5F       		.byte	95
 801 0309 80       		.byte	-128
 802 030a 60       		.byte	96
 803 030b 20       		.byte	32
 804 030c 87       		.byte	-121
 805 030d 80       		.byte	-128
 806 030e 8C       		.byte	-116
 807 030f 02       		.byte	2
 808 0310 C2       		.byte	-62
 809 0311 08       		.byte	8
 810 0312 D4       		.byte	-44
 811 0313 07       		.byte	7
 812 0314 D6       		.byte	-42
 813 0315 04       		.byte	4
 814 0316 D8       		.byte	-40
 815 0317 02       		.byte	2
 816 0318 E4       		.byte	-28
 817 0319 02       		.byte	2
 818 031a 80       		.byte	-128
 819 031b 20       		.byte	32
 820 031c 9C       		.byte	-100
 821 031d 20       		.byte	32
 822 031e A8       		.byte	-88
 823 031f 04       		.byte	4
 824 0320 AF       		.byte	-81
 825 0321 80       		.byte	-128
 826 0322 B4       		.byte	-76
 827 0323 02       		.byte	2
 828 0324 EA       		.byte	-22
 829 0325 08       		.byte	8
 830 0326 00       		.byte	0
 831 0327 40       		.byte	64
 832 0328 C0       		.byte	-64
 833 0329 02       		.byte	2
 834 032a B4       		.byte	-76
 835 032b 40       		.byte	64
 836 032c EA       		.byte	-22
 837 032d 02       		.byte	2
 838 032e 00       		.byte	0
 839 032f 03       		.byte	3
 840 0330 0C       		.byte	12
 841 0331 02       		.byte	2
 842 0332 0E       		.byte	14
 843 0333 03       		.byte	3
 844 0334 00       		.byte	0
 845 0335 3F       		.byte	63
 846 0336 00       		.byte	0
 847 0337 00       		.byte	0
 848 0338 00       		.byte	0
 849 0339 01       		.byte	1
 850 033a 20       		.byte	32
 851 033b 26       		.byte	38
 852 033c 2D       		.byte	45
 853 033d 00       		.byte	0
 854 033e 00       		.byte	0
 855 033f 00       		.byte	0
ARM GAS  C:\Users\barror2\AppData\Local\Temp\ccCM4S3r.s 			page 16


 856 0340 00       		.byte	0
 857 0341 14       		.byte	20
 858 0342 10       		.byte	16
 859 0343 49       		.byte	73
 860 0344 0D       		.byte	13
 861 0345 80       		.byte	-128
 862 0346 20       		.byte	32
 863 0347 00       		.byte	0
 864 0348 02       		.byte	2
 865 0349 00       		.byte	0
 866 034a 0D       		.byte	13
 867 034b 00       		.byte	0
 868 034c 02       		.byte	2
 869 034d 9F       		.byte	-97
 870 034e 08       		.byte	8
 871 034f 00       		.byte	0
 872 0350 2D       		.byte	45
 873 0351 9F       		.byte	-97
 874 0352 00       		.byte	0
 875 0353 00       		.byte	0
 876 0354 2D       		.byte	45
 877 0355 00       		.byte	0
 878 0356 00       		.byte	0
 879 0357 00       		.byte	0
 880 0358 2D       		.byte	45
 881 0359 00       		.byte	0
 882 035a 00       		.byte	0
 883 035b 00       		.byte	0
 884 035c 01       		.byte	1
 885 035d 0A       		.byte	10
 886 035e 02       		.byte	2
 887 035f 51       		.byte	81
 888 0360 02       		.byte	2
 889 0361 00       		.byte	0
 890 0362 04       		.byte	4
 891 0363 00       		.byte	0
 892 0364 00       		.byte	0
 893 0365 00       		.byte	0
 894 0366 10       		.byte	16
 895 0367 00       		.byte	0
 896 0368 0F       		.byte	15
 897 0369 07       		.byte	7
 898 036a 00       		.byte	0
 899 036b 80       		.byte	-128
 900 036c 20       		.byte	32
 901 036d 18       		.byte	24
 902 036e 10       		.byte	16
 903 036f 60       		.byte	96
 904 0370 00       		.byte	0
 905 0371 00       		.byte	0
 906 0372 02       		.byte	2
 907 0373 00       		.byte	0
 908 0374 00       		.byte	0
 909 0375 00       		.byte	0
 910 0376 50       		.byte	80
 911 0377 40       		.byte	64
 912 0378 23       		.byte	35
ARM GAS  C:\Users\barror2\AppData\Local\Temp\ccCM4S3r.s 			page 17


 913 0379 06       		.byte	6
 914 037a 05       		.byte	5
 915 037b 00       		.byte	0
 916 037c 01       		.byte	1
 917 037d E0       		.byte	-32
 918 037e 00       		.byte	0
 919 037f C0       		.byte	-64
 920 0380 22       		.byte	34
 921 0381 FF       		.byte	-1
 922 0382 FF       		.byte	-1
 923 0383 FF       		.byte	-1
 924 0384 62       		.byte	98
 925 0385 A0       		.byte	-96
 926 0386 F0       		.byte	-16
 927 0387 41       		.byte	65
 928 0388 0C       		.byte	12
 929 0389 00       		.byte	0
 930 038a 00       		.byte	0
 931 038b 00       		.byte	0
 932 038c 00       		.byte	0
 933 038d 00       		.byte	0
 934 038e 02       		.byte	2
 935 038f 2C       		.byte	44
 936 0390 04       		.byte	4
 937 0391 04       		.byte	4
 938 0392 04       		.byte	4
 939 0393 04       		.byte	4
 940 0394 10       		.byte	16
 941 0395 01       		.byte	1
 942 0396 00       		.byte	0
 943 0397 01       		.byte	1
 944 0398 00       		.byte	0
 945 0399 00       		.byte	0
 946 039a 00       		.byte	0
 947 039b 00       		.byte	0
 948 039c 00       		.byte	0
 949 039d 00       		.byte	0
 950 039e 40       		.byte	64
 951 039f 02       		.byte	2
 952 03a0 00       		.byte	0
 953 03a1 10       		.byte	16
 954 03a2 30       		.byte	48
 955 03a3 10       		.byte	16
 956 03a4 00       		.byte	0
 957 03a5 10       		.byte	16
 958 03a6 10       		.byte	16
 959 03a7 12       		.byte	18
 960 03a8 00       		.byte	0
 961 03a9 00       		.byte	0
 962 03aa 00       		.byte	0
 963 03ab 00       		.byte	0
 964 03ac 00       		.byte	0
 965 03ad 00       		.byte	0
 966 03ae 00       		.byte	0
 967 03af 00       		.byte	0
 968 03b0 00       		.byte	0
 969 03b1 00       		.byte	0
ARM GAS  C:\Users\barror2\AppData\Local\Temp\ccCM4S3r.s 			page 18


 970 03b2 00       		.byte	0
 971 03b3 00       		.byte	0
 972 03b4 00       		.byte	0
 973 03b5 00       		.byte	0
 974 03b6 00       		.byte	0
 975 03b7 00       		.byte	0
 976 03b8 07       		.byte	7
 977 03b9 07       		.byte	7
 978 03ba 38       		.byte	56
 979 03bb 68       		.byte	104
 980 03bc 84       		.byte	-124
 981 03bd 92       		.byte	-110
 982 03be 00       		.byte	0
 983 03bf 04       		.byte	4
 984 03c0 01       		.byte	1
 985 03c1 00       		.byte	0
 986 03c2 00       		.byte	0
 987 03c3 00       		.byte	0
 988 03c4 04       		.byte	4
 989 03c5 96       		.byte	-106
 990 03c6 80       		.byte	-128
 991 03c7 00       		.byte	0
 992 03c8 04       		.byte	4
 993 03c9 92       		.byte	-110
 994 03ca 00       		.byte	0
 995 03cb 04       		.byte	4
 996 03cc 0A       		.byte	10
 997 03cd 21       		.byte	33
 998 03ce 10       		.byte	16
 999 03cf D2       		.byte	-46
 1000 03d0 56       		.byte	86
 1001 03d1 04       		.byte	4
 1002 03d2 09       		.byte	9
 1003 03d3 92       		.byte	-110
 1004 03d4 00       		.byte	0
 1005 03d5 04       		.byte	4
 1006 03d6 00       		.byte	0
 1007 03d7 00       		.byte	0
 1008 03d8 84       		.byte	-124
 1009 03d9 96       		.byte	-106
 1010 03da 00       		.byte	0
 1011 03db 00       		.byte	0
 1012 03dc 80       		.byte	-128
 1013 03dd 00       		.byte	0
 1014 03de 04       		.byte	4
 1015 03df 00       		.byte	0
 1016 03e0 60       		.byte	96
 1017 03e1 FA       		.byte	-6
 1018 03e2 00       		.byte	0
 1019 03e3 05       		.byte	5
 1020 03e4 84       		.byte	-124
 1021 03e5 32       		.byte	50
 1022 03e6 00       		.byte	0
 1023 03e7 C0       		.byte	-64
 1024 03e8 00       		.byte	0
 1025 03e9 E0       		.byte	-32
 1026 03ea 7F       		.byte	127
ARM GAS  C:\Users\barror2\AppData\Local\Temp\ccCM4S3r.s 			page 19


 1027 03eb 1D       		.byte	29
 1028 03ec 80       		.byte	-128
 1029 03ed 00       		.byte	0
 1030 03ee 08       		.byte	8
 1031 03ef 07       		.byte	7
 1032 03f0 08       		.byte	8
 1033 03f1 00       		.byte	0
 1034 03f2 00       		.byte	0
 1035 03f3 0A       		.byte	10
 1036 03f4 00       		.byte	0
 1037 03f5 00       		.byte	0
 1038 03f6 50       		.byte	80
 1039 03f7 00       		.byte	0
 1040 03f8 63       		.byte	99
 1041 03f9 05       		.byte	5
 1042 03fa 20       		.byte	32
 1043 03fb 00       		.byte	0
 1044 03fc 04       		.byte	4
 1045 03fd DE       		.byte	-34
 1046 03fe FC       		.byte	-4
 1047 03ff 0B       		.byte	11
 1048 0400 1F       		.byte	31
 1049 0401 FF       		.byte	-1
 1050 0402 FF       		.byte	-1
 1051 0403 FF       		.byte	-1
 1052 0404 22       		.byte	34
 1053 0405 00       		.byte	0
 1054 0406 F0       		.byte	-16
 1055 0407 08       		.byte	8
 1056 0408 04       		.byte	4
 1057 0409 00       		.byte	0
 1058 040a 00       		.byte	0
 1059 040b 00       		.byte	0
 1060 040c 09       		.byte	9
 1061 040d 00       		.byte	0
 1062 040e 04       		.byte	4
 1063 040f 00       		.byte	0
 1064 0410 04       		.byte	4
 1065 0411 04       		.byte	4
 1066 0412 04       		.byte	4
 1067 0413 04       		.byte	4
 1068 0414 00       		.byte	0
 1069 0415 00       		.byte	0
 1070 0416 00       		.byte	0
 1071 0417 01       		.byte	1
 1072 0418 00       		.byte	0
 1073 0419 00       		.byte	0
 1074 041a C0       		.byte	-64
 1075 041b 00       		.byte	0
 1076 041c 40       		.byte	64
 1077 041d 01       		.byte	1
 1078 041e 10       		.byte	16
 1079 041f 11       		.byte	17
 1080 0420 C0       		.byte	-64
 1081 0421 01       		.byte	1
 1082 0422 00       		.byte	0
 1083 0423 11       		.byte	17
ARM GAS  C:\Users\barror2\AppData\Local\Temp\ccCM4S3r.s 			page 20


 1084 0424 40       		.byte	64
 1085 0425 01       		.byte	1
 1086 0426 40       		.byte	64
 1087 0427 01       		.byte	1
 1088 0428 00       		.byte	0
 1089 0429 00       		.byte	0
 1090 042a 00       		.byte	0
 1091 042b 00       		.byte	0
 1092 042c 00       		.byte	0
 1093 042d 00       		.byte	0
 1094 042e 00       		.byte	0
 1095 042f 00       		.byte	0
 1096 0430 00       		.byte	0
 1097 0431 00       		.byte	0
 1098 0432 00       		.byte	0
 1099 0433 00       		.byte	0
 1100 0434 00       		.byte	0
 1101 0435 00       		.byte	0
 1102 0436 00       		.byte	0
 1103 0437 00       		.byte	0
 1104 0438 04       		.byte	4
 1105 0439 00       		.byte	0
 1106 043a 00       		.byte	0
 1107 043b 00       		.byte	0
 1108 043c 00       		.byte	0
 1109 043d 00       		.byte	0
 1110 043e 00       		.byte	0
 1111 043f 00       		.byte	0
 1112 0440 00       		.byte	0
 1113 0441 10       		.byte	16
 1114 0442 10       		.byte	16
 1115 0443 00       		.byte	0
 1116 0444 10       		.byte	16
 1117 0445 00       		.byte	0
 1118 0446 00       		.byte	0
 1119 0447 00       		.byte	0
 1120 0448 10       		.byte	16
 1121 0449 2F       		.byte	47
 1122 044a 2F       		.byte	47
 1123 044b 00       		.byte	0
 1124 044c 2F       		.byte	47
 1125 044d 00       		.byte	0
 1126 044e 00       		.byte	0
 1127 044f 00       		.byte	0
 1128              		.global	cy_meta_custnvl
 1129              		.section	.cycustnvl,"a",%progbits
 1130              		.align	2
 1131              		.type	cy_meta_custnvl, %object
 1132              		.size	cy_meta_custnvl, 4
 1133              	cy_meta_custnvl:
 1134 0000 00       		.byte	0
 1135 0001 00       		.byte	0
 1136 0002 40       		.byte	64
 1137 0003 05       		.byte	5
 1138              		.global	cy_meta_wonvl
 1139              		.section	.cywolatch,"a",%progbits
 1140              		.align	2
ARM GAS  C:\Users\barror2\AppData\Local\Temp\ccCM4S3r.s 			page 21


 1141              		.type	cy_meta_wonvl, %object
 1142              		.size	cy_meta_wonvl, 4
 1143              	cy_meta_wonvl:
 1144 0000 BC       		.byte	-68
 1145 0001 90       		.byte	-112
 1146 0002 AC       		.byte	-84
 1147 0003 AF       		.byte	-81
 1148              		.global	cy_meta_flashprotect
 1149              		.section	.cyflashprotect,"a",%progbits
 1150              		.align	2
 1151              		.type	cy_meta_flashprotect, %object
 1152              		.size	cy_meta_flashprotect, 256
 1153              	cy_meta_flashprotect:
 1154 0000 00000000 		.space	256
 1154      00000000 
 1154      00000000 
 1154      00000000 
 1154      00000000 
 1155              		.global	cy_metadata
 1156              		.section	.cymeta,"a",%progbits
 1157              		.align	2
 1158              		.type	cy_metadata, %object
 1159              		.size	cy_metadata, 12
 1160              	cy_metadata:
 1161 0000 00       		.byte	0
 1162 0001 01       		.byte	1
 1163 0002 2E       		.byte	46
 1164 0003 12       		.byte	18
 1165 0004 30       		.byte	48
 1166 0005 69       		.byte	105
 1167 0006 00       		.byte	0
 1168 0007 01       		.byte	1
 1169 0008 00       		.byte	0
 1170 0009 00       		.byte	0
 1171 000a 00       		.byte	0
 1172 000b 00       		.byte	0
 1173              		.text
 1174              	.Letext0:
 1175              		.file 1 ".\\Generated_Source\\PSoC5\\cymetadata.c"
 1176              		.file 2 ".\\Generated_Source\\PSoC5\\cytypes.h"
 1177              		.section	.debug_info,"",%progbits
 1178              	.Ldebug_info0:
 1179 0000 3B010000 		.4byte	0x13b
 1180 0004 0200     		.2byte	0x2
 1181 0006 00000000 		.4byte	.Ldebug_abbrev0
 1182 000a 04       		.byte	0x4
 1183 000b 01       		.uleb128 0x1
 1184 000c 4A010000 		.4byte	.LASF18
 1185 0010 01       		.byte	0x1
 1186 0011 43000000 		.4byte	.LASF19
 1187 0015 00000000 		.4byte	.LASF20
 1188 0019 00000000 		.4byte	.Ldebug_line0
 1189 001d 02       		.uleb128 0x2
 1190 001e 01       		.byte	0x1
 1191 001f 06       		.byte	0x6
 1192 0020 9C010000 		.4byte	.LASF0
 1193 0024 02       		.uleb128 0x2
ARM GAS  C:\Users\barror2\AppData\Local\Temp\ccCM4S3r.s 			page 22


 1194 0025 01       		.byte	0x1
 1195 0026 08       		.byte	0x8
 1196 0027 7B000000 		.4byte	.LASF1
 1197 002b 02       		.uleb128 0x2
 1198 002c 02       		.byte	0x2
 1199 002d 05       		.byte	0x5
 1200 002e 3A010000 		.4byte	.LASF2
 1201 0032 02       		.uleb128 0x2
 1202 0033 02       		.byte	0x2
 1203 0034 07       		.byte	0x7
 1204 0035 9B000000 		.4byte	.LASF3
 1205 0039 02       		.uleb128 0x2
 1206 003a 04       		.byte	0x4
 1207 003b 05       		.byte	0x5
 1208 003c 93010000 		.4byte	.LASF4
 1209 0040 02       		.uleb128 0x2
 1210 0041 04       		.byte	0x4
 1211 0042 07       		.byte	0x7
 1212 0043 89000000 		.4byte	.LASF5
 1213 0047 02       		.uleb128 0x2
 1214 0048 08       		.byte	0x8
 1215 0049 05       		.byte	0x5
 1216 004a 27010000 		.4byte	.LASF6
 1217 004e 02       		.uleb128 0x2
 1218 004f 08       		.byte	0x8
 1219 0050 07       		.byte	0x7
 1220 0051 E4000000 		.4byte	.LASF7
 1221 0055 03       		.uleb128 0x3
 1222 0056 04       		.byte	0x4
 1223 0057 05       		.byte	0x5
 1224 0058 696E7400 		.ascii	"int\000"
 1225 005c 02       		.uleb128 0x2
 1226 005d 04       		.byte	0x4
 1227 005e 07       		.byte	0x7
 1228 005f D7000000 		.4byte	.LASF8
 1229 0063 04       		.uleb128 0x4
 1230 0064 44010000 		.4byte	.LASF21
 1231 0068 02       		.byte	0x2
 1232 0069 5B       		.byte	0x5b
 1233 006a 24000000 		.4byte	0x24
 1234 006e 02       		.uleb128 0x2
 1235 006f 04       		.byte	0x4
 1236 0070 04       		.byte	0x4
 1237 0071 75000000 		.4byte	.LASF9
 1238 0075 02       		.uleb128 0x2
 1239 0076 08       		.byte	0x8
 1240 0077 04       		.byte	0x4
 1241 0078 AE000000 		.4byte	.LASF10
 1242 007c 02       		.uleb128 0x2
 1243 007d 01       		.byte	0x1
 1244 007e 08       		.byte	0x8
 1245 007f 35010000 		.4byte	.LASF11
 1246 0083 05       		.uleb128 0x5
 1247 0084 63000000 		.4byte	0x63
 1248 0088 94000000 		.4byte	0x94
 1249 008c 06       		.uleb128 0x6
 1250 008d 94000000 		.4byte	0x94
ARM GAS  C:\Users\barror2\AppData\Local\Temp\ccCM4S3r.s 			page 23


 1251 0091 4F04     		.2byte	0x44f
 1252 0093 00       		.byte	0
 1253 0094 02       		.uleb128 0x2
 1254 0095 04       		.byte	0x4
 1255 0096 07       		.byte	0x7
 1256 0097 1E010000 		.4byte	.LASF12
 1257 009b 07       		.uleb128 0x7
 1258 009c C5000000 		.4byte	.LASF13
 1259 00a0 01       		.byte	0x1
 1260 00a1 1C       		.byte	0x1c
 1261 00a2 AD000000 		.4byte	0xad
 1262 00a6 01       		.byte	0x1
 1263 00a7 05       		.byte	0x5
 1264 00a8 03       		.byte	0x3
 1265 00a9 00000000 		.4byte	cy_meta_configecc
 1266 00ad 08       		.uleb128 0x8
 1267 00ae 83000000 		.4byte	0x83
 1268 00b2 05       		.uleb128 0x5
 1269 00b3 63000000 		.4byte	0x63
 1270 00b7 C2000000 		.4byte	0xc2
 1271 00bb 09       		.uleb128 0x9
 1272 00bc 94000000 		.4byte	0x94
 1273 00c0 03       		.byte	0x3
 1274 00c1 00       		.byte	0
 1275 00c2 07       		.uleb128 0x7
 1276 00c3 B5000000 		.4byte	.LASF14
 1277 00c7 01       		.byte	0x1
 1278 00c8 B0       		.byte	0xb0
 1279 00c9 D4000000 		.4byte	0xd4
 1280 00cd 01       		.byte	0x1
 1281 00ce 05       		.byte	0x5
 1282 00cf 03       		.byte	0x3
 1283 00d0 00000000 		.4byte	cy_meta_custnvl
 1284 00d4 08       		.uleb128 0x8
 1285 00d5 B2000000 		.4byte	0xb2
 1286 00d9 07       		.uleb128 0x7
 1287 00da 10010000 		.4byte	.LASF15
 1288 00de 01       		.byte	0x1
 1289 00df BB       		.byte	0xbb
 1290 00e0 EB000000 		.4byte	0xeb
 1291 00e4 01       		.byte	0x1
 1292 00e5 05       		.byte	0x5
 1293 00e6 03       		.byte	0x3
 1294 00e7 00000000 		.4byte	cy_meta_wonvl
 1295 00eb 08       		.uleb128 0x8
 1296 00ec B2000000 		.4byte	0xb2
 1297 00f0 05       		.uleb128 0x5
 1298 00f1 63000000 		.4byte	0x63
 1299 00f5 00010000 		.4byte	0x100
 1300 00f9 09       		.uleb128 0x9
 1301 00fa 94000000 		.4byte	0x94
 1302 00fe FF       		.byte	0xff
 1303 00ff 00       		.byte	0
 1304 0100 07       		.uleb128 0x7
 1305 0101 FB000000 		.4byte	.LASF16
 1306 0105 01       		.byte	0x1
 1307 0106 C6       		.byte	0xc6
ARM GAS  C:\Users\barror2\AppData\Local\Temp\ccCM4S3r.s 			page 24


 1308 0107 12010000 		.4byte	0x112
 1309 010b 01       		.byte	0x1
 1310 010c 05       		.byte	0x5
 1311 010d 03       		.byte	0x3
 1312 010e 00000000 		.4byte	cy_meta_flashprotect
 1313 0112 08       		.uleb128 0x8
 1314 0113 F0000000 		.4byte	0xf0
 1315 0117 05       		.uleb128 0x5
 1316 0118 63000000 		.4byte	0x63
 1317 011c 27010000 		.4byte	0x127
 1318 0120 09       		.uleb128 0x9
 1319 0121 94000000 		.4byte	0x94
 1320 0125 0B       		.byte	0xb
 1321 0126 00       		.byte	0
 1322 0127 07       		.uleb128 0x7
 1323 0128 69000000 		.4byte	.LASF17
 1324 012c 01       		.byte	0x1
 1325 012d F0       		.byte	0xf0
 1326 012e 39010000 		.4byte	0x139
 1327 0132 01       		.byte	0x1
 1328 0133 05       		.byte	0x5
 1329 0134 03       		.byte	0x3
 1330 0135 00000000 		.4byte	cy_metadata
 1331 0139 08       		.uleb128 0x8
 1332 013a 17010000 		.4byte	0x117
 1333 013e 00       		.byte	0
 1334              		.section	.debug_abbrev,"",%progbits
 1335              	.Ldebug_abbrev0:
 1336 0000 01       		.uleb128 0x1
 1337 0001 11       		.uleb128 0x11
 1338 0002 01       		.byte	0x1
 1339 0003 25       		.uleb128 0x25
 1340 0004 0E       		.uleb128 0xe
 1341 0005 13       		.uleb128 0x13
 1342 0006 0B       		.uleb128 0xb
 1343 0007 03       		.uleb128 0x3
 1344 0008 0E       		.uleb128 0xe
 1345 0009 1B       		.uleb128 0x1b
 1346 000a 0E       		.uleb128 0xe
 1347 000b 10       		.uleb128 0x10
 1348 000c 06       		.uleb128 0x6
 1349 000d 00       		.byte	0
 1350 000e 00       		.byte	0
 1351 000f 02       		.uleb128 0x2
 1352 0010 24       		.uleb128 0x24
 1353 0011 00       		.byte	0
 1354 0012 0B       		.uleb128 0xb
 1355 0013 0B       		.uleb128 0xb
 1356 0014 3E       		.uleb128 0x3e
 1357 0015 0B       		.uleb128 0xb
 1358 0016 03       		.uleb128 0x3
 1359 0017 0E       		.uleb128 0xe
 1360 0018 00       		.byte	0
 1361 0019 00       		.byte	0
 1362 001a 03       		.uleb128 0x3
 1363 001b 24       		.uleb128 0x24
 1364 001c 00       		.byte	0
ARM GAS  C:\Users\barror2\AppData\Local\Temp\ccCM4S3r.s 			page 25


 1365 001d 0B       		.uleb128 0xb
 1366 001e 0B       		.uleb128 0xb
 1367 001f 3E       		.uleb128 0x3e
 1368 0020 0B       		.uleb128 0xb
 1369 0021 03       		.uleb128 0x3
 1370 0022 08       		.uleb128 0x8
 1371 0023 00       		.byte	0
 1372 0024 00       		.byte	0
 1373 0025 04       		.uleb128 0x4
 1374 0026 16       		.uleb128 0x16
 1375 0027 00       		.byte	0
 1376 0028 03       		.uleb128 0x3
 1377 0029 0E       		.uleb128 0xe
 1378 002a 3A       		.uleb128 0x3a
 1379 002b 0B       		.uleb128 0xb
 1380 002c 3B       		.uleb128 0x3b
 1381 002d 0B       		.uleb128 0xb
 1382 002e 49       		.uleb128 0x49
 1383 002f 13       		.uleb128 0x13
 1384 0030 00       		.byte	0
 1385 0031 00       		.byte	0
 1386 0032 05       		.uleb128 0x5
 1387 0033 01       		.uleb128 0x1
 1388 0034 01       		.byte	0x1
 1389 0035 49       		.uleb128 0x49
 1390 0036 13       		.uleb128 0x13
 1391 0037 01       		.uleb128 0x1
 1392 0038 13       		.uleb128 0x13
 1393 0039 00       		.byte	0
 1394 003a 00       		.byte	0
 1395 003b 06       		.uleb128 0x6
 1396 003c 21       		.uleb128 0x21
 1397 003d 00       		.byte	0
 1398 003e 49       		.uleb128 0x49
 1399 003f 13       		.uleb128 0x13
 1400 0040 2F       		.uleb128 0x2f
 1401 0041 05       		.uleb128 0x5
 1402 0042 00       		.byte	0
 1403 0043 00       		.byte	0
 1404 0044 07       		.uleb128 0x7
 1405 0045 34       		.uleb128 0x34
 1406 0046 00       		.byte	0
 1407 0047 03       		.uleb128 0x3
 1408 0048 0E       		.uleb128 0xe
 1409 0049 3A       		.uleb128 0x3a
 1410 004a 0B       		.uleb128 0xb
 1411 004b 3B       		.uleb128 0x3b
 1412 004c 0B       		.uleb128 0xb
 1413 004d 49       		.uleb128 0x49
 1414 004e 13       		.uleb128 0x13
 1415 004f 3F       		.uleb128 0x3f
 1416 0050 0C       		.uleb128 0xc
 1417 0051 02       		.uleb128 0x2
 1418 0052 0A       		.uleb128 0xa
 1419 0053 00       		.byte	0
 1420 0054 00       		.byte	0
 1421 0055 08       		.uleb128 0x8
ARM GAS  C:\Users\barror2\AppData\Local\Temp\ccCM4S3r.s 			page 26


 1422 0056 26       		.uleb128 0x26
 1423 0057 00       		.byte	0
 1424 0058 49       		.uleb128 0x49
 1425 0059 13       		.uleb128 0x13
 1426 005a 00       		.byte	0
 1427 005b 00       		.byte	0
 1428 005c 09       		.uleb128 0x9
 1429 005d 21       		.uleb128 0x21
 1430 005e 00       		.byte	0
 1431 005f 49       		.uleb128 0x49
 1432 0060 13       		.uleb128 0x13
 1433 0061 2F       		.uleb128 0x2f
 1434 0062 0B       		.uleb128 0xb
 1435 0063 00       		.byte	0
 1436 0064 00       		.byte	0
 1437 0065 00       		.byte	0
 1438              		.section	.debug_aranges,"",%progbits
 1439 0000 14000000 		.4byte	0x14
 1440 0004 0200     		.2byte	0x2
 1441 0006 00000000 		.4byte	.Ldebug_info0
 1442 000a 04       		.byte	0x4
 1443 000b 00       		.byte	0
 1444 000c 0000     		.2byte	0
 1445 000e 0000     		.2byte	0
 1446 0010 00000000 		.4byte	0
 1447 0014 00000000 		.4byte	0
 1448              		.section	.debug_line,"",%progbits
 1449              	.Ldebug_line0:
 1450 0000 4F000000 		.section	.debug_str,"MS",%progbits,1
 1450      02004900 
 1450      00000201 
 1450      FB0E0D00 
 1450      01010101 
 1451              	.LASF20:
 1452 0000 433A5C55 		.ascii	"C:\\Users\\barror2\\Documents\\PSoC Creator\\tft_te"
 1452      73657273 
 1452      5C626172 
 1452      726F7232 
 1452      5C446F63 
 1453 002e 73745C74 		.ascii	"st\\tft_twitter.cydsn\000"
 1453      66745F74 
 1453      77697474 
 1453      65722E63 
 1453      7964736E 
 1454              	.LASF19:
 1455 0043 2E5C4765 		.ascii	".\\Generated_Source\\PSoC5\\cymetadata.c\000"
 1455      6E657261 
 1455      7465645F 
 1455      536F7572 
 1455      63655C50 
 1456              	.LASF17:
 1457 0069 63795F6D 		.ascii	"cy_metadata\000"
 1457      65746164 
 1457      61746100 
 1458              	.LASF9:
 1459 0075 666C6F61 		.ascii	"float\000"
 1459      7400
ARM GAS  C:\Users\barror2\AppData\Local\Temp\ccCM4S3r.s 			page 27


 1460              	.LASF1:
 1461 007b 756E7369 		.ascii	"unsigned char\000"
 1461      676E6564 
 1461      20636861 
 1461      7200
 1462              	.LASF5:
 1463 0089 6C6F6E67 		.ascii	"long unsigned int\000"
 1463      20756E73 
 1463      69676E65 
 1463      6420696E 
 1463      7400
 1464              	.LASF3:
 1465 009b 73686F72 		.ascii	"short unsigned int\000"
 1465      7420756E 
 1465      7369676E 
 1465      65642069 
 1465      6E7400
 1466              	.LASF10:
 1467 00ae 646F7562 		.ascii	"double\000"
 1467      6C6500
 1468              	.LASF14:
 1469 00b5 63795F6D 		.ascii	"cy_meta_custnvl\000"
 1469      6574615F 
 1469      63757374 
 1469      6E766C00 
 1470              	.LASF13:
 1471 00c5 63795F6D 		.ascii	"cy_meta_configecc\000"
 1471      6574615F 
 1471      636F6E66 
 1471      69676563 
 1471      6300
 1472              	.LASF8:
 1473 00d7 756E7369 		.ascii	"unsigned int\000"
 1473      676E6564 
 1473      20696E74 
 1473      00
 1474              	.LASF7:
 1475 00e4 6C6F6E67 		.ascii	"long long unsigned int\000"
 1475      206C6F6E 
 1475      6720756E 
 1475      7369676E 
 1475      65642069 
 1476              	.LASF16:
 1477 00fb 63795F6D 		.ascii	"cy_meta_flashprotect\000"
 1477      6574615F 
 1477      666C6173 
 1477      6870726F 
 1477      74656374 
 1478              	.LASF15:
 1479 0110 63795F6D 		.ascii	"cy_meta_wonvl\000"
 1479      6574615F 
 1479      776F6E76 
 1479      6C00
 1480              	.LASF12:
 1481 011e 73697A65 		.ascii	"sizetype\000"
 1481      74797065 
 1481      00
ARM GAS  C:\Users\barror2\AppData\Local\Temp\ccCM4S3r.s 			page 28


 1482              	.LASF6:
 1483 0127 6C6F6E67 		.ascii	"long long int\000"
 1483      206C6F6E 
 1483      6720696E 
 1483      7400
 1484              	.LASF11:
 1485 0135 63686172 		.ascii	"char\000"
 1485      00
 1486              	.LASF2:
 1487 013a 73686F72 		.ascii	"short int\000"
 1487      7420696E 
 1487      7400
 1488              	.LASF21:
 1489 0144 75696E74 		.ascii	"uint8\000"
 1489      3800
 1490              	.LASF18:
 1491 014a 474E5520 		.ascii	"GNU C 4.7.3 20130312 (release) [ARM/embedded-4_7-br"
 1491      4320342E 
 1491      372E3320 
 1491      32303133 
 1491      30333132 
 1492 017d 616E6368 		.ascii	"anch revision 196615]\000"
 1492      20726576 
 1492      6973696F 
 1492      6E203139 
 1492      36363135 
 1493              	.LASF4:
 1494 0193 6C6F6E67 		.ascii	"long int\000"
 1494      20696E74 
 1494      00
 1495              	.LASF0:
 1496 019c 7369676E 		.ascii	"signed char\000"
 1496      65642063 
 1496      68617200 
 1497              		.ident	"GCC: (GNU Tools for ARM Embedded Processors) 4.7.3 20130312 (release) [ARM/embedded-4_7-br
