ARM GAS  C:\Users\barror2\AppData\Local\Temp\ccziTdFu.s 			page 1


   1              		.syntax unified
   2              		.cpu cortex-m3
   3              		.fpu softvfp
   4              		.eabi_attribute 20, 1
   5              		.eabi_attribute 21, 1
   6              		.eabi_attribute 23, 3
   7              		.eabi_attribute 24, 1
   8              		.eabi_attribute 25, 1
   9              		.eabi_attribute 26, 1
  10              		.eabi_attribute 30, 6
  11              		.eabi_attribute 34, 1
  12              		.eabi_attribute 18, 4
  13              		.thumb
  14              		.file	"cymetadata.c"
  15              		.text
  16              	.Ltext0:
  17              		.cfi_sections	.debug_frame
  18              		.global	cy_meta_loadable
  19              		.section	.cyloadablemeta,"a",%progbits
  20              		.align	2
  21              		.type	cy_meta_loadable, %object
  22              		.size	cy_meta_loadable, 64
  23              	cy_meta_loadable:
  24 0000 00       		.byte	0
  25 0001 00       		.byte	0
  26 0002 00       		.byte	0
  27 0003 00       		.byte	0
  28 0004 00       		.byte	0
  29 0005 00       		.byte	0
  30 0006 00       		.byte	0
  31 0007 00       		.byte	0
  32 0008 00       		.byte	0
  33 0009 00       		.byte	0
  34 000a 00       		.byte	0
  35 000b 00       		.byte	0
  36 000c 00       		.byte	0
  37 000d 00       		.byte	0
  38 000e 00       		.byte	0
  39 000f 00       		.byte	0
  40 0010 00       		.byte	0
  41 0011 00       		.byte	0
  42 0012 00       		.byte	0
  43 0013 00       		.byte	0
  44 0014 00       		.byte	0
  45 0015 00       		.byte	0
  46 0016 01       		.byte	1
  47 0017 03       		.byte	3
  48 0018 00       		.byte	0
  49 0019 00       		.byte	0
  50 001a 00       		.byte	0
  51 001b 00       		.byte	0
  52 001c 00       		.byte	0
  53 001d 00       		.byte	0
  54 001e 00       		.byte	0
  55 001f 00       		.byte	0
  56 0020 00       		.byte	0
  57 0021 00       		.byte	0
ARM GAS  C:\Users\barror2\AppData\Local\Temp\ccziTdFu.s 			page 2


  58 0022 00       		.byte	0
  59 0023 00       		.byte	0
  60 0024 00       		.byte	0
  61 0025 00       		.byte	0
  62 0026 00       		.byte	0
  63 0027 00       		.byte	0
  64 0028 00       		.byte	0
  65 0029 00       		.byte	0
  66 002a 00       		.byte	0
  67 002b 00       		.byte	0
  68 002c 00       		.byte	0
  69 002d 00       		.byte	0
  70 002e 00       		.byte	0
  71 002f 00       		.byte	0
  72 0030 00       		.byte	0
  73 0031 00       		.byte	0
  74 0032 00       		.byte	0
  75 0033 00       		.byte	0
  76 0034 00       		.byte	0
  77 0035 00       		.byte	0
  78 0036 00       		.byte	0
  79 0037 00       		.byte	0
  80 0038 00       		.byte	0
  81 0039 00       		.byte	0
  82 003a 00       		.byte	0
  83 003b 00       		.byte	0
  84 003c 00       		.byte	0
  85 003d 00       		.byte	0
  86 003e 00       		.byte	0
  87 003f 00       		.byte	0
  88              		.global	cy_meta_configecc
  89              		.section	.cyconfigecc,"a",%progbits
  90              		.align	2
  91              		.type	cy_meta_configecc, %object
  92              		.size	cy_meta_configecc, 816
  93              	cy_meta_configecc:
  94 0000 04       		.byte	4
  95 0001 52       		.byte	82
  96 0002 00       		.byte	0
  97 0003 40       		.byte	64
  98 0004 01       		.byte	1
  99 0005 64       		.byte	100
 100 0006 00       		.byte	0
 101 0007 40       		.byte	64
 102 0008 01       		.byte	1
 103 0009 03       		.byte	3
 104 000a 01       		.byte	1
 105 000b 40       		.byte	64
 106 000c 01       		.byte	1
 107 000d 05       		.byte	5
 108 000e 01       		.byte	1
 109 000f 40       		.byte	64
 110 0010 32       		.byte	50
 111 0011 0A       		.byte	10
 112 0012 01       		.byte	1
 113 0013 40       		.byte	64
 114 0014 2D       		.byte	45
ARM GAS  C:\Users\barror2\AppData\Local\Temp\ccziTdFu.s 			page 3


 115 0015 0B       		.byte	11
 116 0016 01       		.byte	1
 117 0017 40       		.byte	64
 118 0018 05       		.byte	5
 119 0019 0C       		.byte	12
 120 001a 01       		.byte	1
 121 001b 40       		.byte	64
 122 001c 37       		.byte	55
 123 001d 0D       		.byte	13
 124 001e 01       		.byte	1
 125 001f 40       		.byte	64
 126 0020 3B       		.byte	59
 127 0021 0E       		.byte	14
 128 0022 01       		.byte	1
 129 0023 40       		.byte	64
 130 0024 26       		.byte	38
 131 0025 0F       		.byte	15
 132 0026 01       		.byte	1
 133 0027 40       		.byte	64
 134 0028 03       		.byte	3
 135 0029 40       		.byte	64
 136 002a 01       		.byte	1
 137 002b 40       		.byte	64
 138 002c 04       		.byte	4
 139 002d 41       		.byte	65
 140 002e 01       		.byte	1
 141 002f 40       		.byte	64
 142 0030 03       		.byte	3
 143 0031 42       		.byte	66
 144 0032 01       		.byte	1
 145 0033 40       		.byte	64
 146 0034 0E       		.byte	14
 147 0035 44       		.byte	68
 148 0036 01       		.byte	1
 149 0037 40       		.byte	64
 150 0038 08       		.byte	8
 151 0039 45       		.byte	69
 152 003a 01       		.byte	1
 153 003b 40       		.byte	64
 154 003c 02       		.byte	2
 155 003d 46       		.byte	70
 156 003e 01       		.byte	1
 157 003f 40       		.byte	64
 158 0040 03       		.byte	3
 159 0041 50       		.byte	80
 160 0042 01       		.byte	1
 161 0043 40       		.byte	64
 162 0044 01       		.byte	1
 163 0045 51       		.byte	81
 164 0046 01       		.byte	1
 165 0047 40       		.byte	64
 166 0048 30       		.byte	48
 167 0049 98       		.byte	-104
 168 004a 31       		.byte	49
 169 004b 80       		.byte	-128
 170 004c 34       		.byte	52
 171 004d 40       		.byte	64
ARM GAS  C:\Users\barror2\AppData\Local\Temp\ccziTdFu.s 			page 4


 172 004e 60       		.byte	96
 173 004f 40       		.byte	64
 174 0050 8D       		.byte	-115
 175 0051 0F       		.byte	15
 176 0052 E6       		.byte	-26
 177 0053 02       		.byte	2
 178 0054 E6       		.byte	-26
 179 0055 08       		.byte	8
 180 0056 00       		.byte	0
 181 0057 10       		.byte	16
 182 0058 02       		.byte	2
 183 0059 60       		.byte	96
 184 005a 04       		.byte	4
 185 005b 02       		.byte	2
 186 005c 06       		.byte	6
 187 005d 0D       		.byte	13
 188 005e 0C       		.byte	12
 189 005f 4D       		.byte	77
 190 0060 0E       		.byte	14
 191 0061 80       		.byte	-128
 192 0062 10       		.byte	16
 193 0063 01       		.byte	1
 194 0064 11       		.byte	17
 195 0065 02       		.byte	2
 196 0066 12       		.byte	18
 197 0067 32       		.byte	50
 198 0068 13       		.byte	19
 199 0069 0D       		.byte	13
 200 006a 14       		.byte	20
 201 006b 72       		.byte	114
 202 006c 15       		.byte	21
 203 006d 09       		.byte	9
 204 006e 16       		.byte	22
 205 006f 08       		.byte	8
 206 0070 17       		.byte	23
 207 0071 06       		.byte	6
 208 0072 18       		.byte	24
 209 0073 12       		.byte	18
 210 0074 19       		.byte	25
 211 0075 05       		.byte	5
 212 0076 1A       		.byte	26
 213 0077 64       		.byte	100
 214 0078 1B       		.byte	27
 215 0079 0A       		.byte	10
 216 007a 1C       		.byte	28
 217 007b CD       		.byte	-51
 218 007c 1D       		.byte	29
 219 007d 03       		.byte	3
 220 007e 1F       		.byte	31
 221 007f 0C       		.byte	12
 222 0080 20       		.byte	32
 223 0081 CD       		.byte	-51
 224 0082 24       		.byte	36
 225 0083 CD       		.byte	-51
 226 0084 28       		.byte	40
 227 0085 8D       		.byte	-115
 228 0086 2A       		.byte	42
ARM GAS  C:\Users\barror2\AppData\Local\Temp\ccziTdFu.s 			page 5


 229 0087 40       		.byte	64
 230 0088 2E       		.byte	46
 231 0089 80       		.byte	-128
 232 008a 30       		.byte	48
 233 008b 70       		.byte	112
 234 008c 31       		.byte	49
 235 008d 0F       		.byte	15
 236 008e 32       		.byte	50
 237 008f 80       		.byte	-128
 238 0090 34       		.byte	52
 239 0091 0F       		.byte	15
 240 0092 3A       		.byte	58
 241 0093 22       		.byte	34
 242 0094 3B       		.byte	59
 243 0095 02       		.byte	2
 244 0096 3E       		.byte	62
 245 0097 04       		.byte	4
 246 0098 54       		.byte	84
 247 0099 0F       		.byte	15
 248 009a 58       		.byte	88
 249 009b 04       		.byte	4
 250 009c 59       		.byte	89
 251 009d 04       		.byte	4
 252 009e 5B       		.byte	91
 253 009f 04       		.byte	4
 254 00a0 5C       		.byte	92
 255 00a1 11       		.byte	17
 256 00a2 5F       		.byte	95
 257 00a3 01       		.byte	1
 258 00a4 85       		.byte	-123
 259 00a5 01       		.byte	1
 260 00a6 95       		.byte	-107
 261 00a7 01       		.byte	1
 262 00a8 A1       		.byte	-95
 263 00a9 01       		.byte	1
 264 00aa B7       		.byte	-73
 265 00ab 01       		.byte	1
 266 00ac BF       		.byte	-65
 267 00ad 40       		.byte	64
 268 00ae D4       		.byte	-44
 269 00af 40       		.byte	64
 270 00b0 D6       		.byte	-42
 271 00b1 04       		.byte	4
 272 00b2 D9       		.byte	-39
 273 00b3 04       		.byte	4
 274 00b4 DB       		.byte	-37
 275 00b5 04       		.byte	4
 276 00b6 DD       		.byte	-35
 277 00b7 10       		.byte	16
 278 00b8 DF       		.byte	-33
 279 00b9 01       		.byte	1
 280 00ba 00       		.byte	0
 281 00bb 04       		.byte	4
 282 00bc 01       		.byte	1
 283 00bd 42       		.byte	66
 284 00be 08       		.byte	8
 285 00bf 04       		.byte	4
ARM GAS  C:\Users\barror2\AppData\Local\Temp\ccziTdFu.s 			page 6


 286 00c0 09       		.byte	9
 287 00c1 28       		.byte	40
 288 00c2 0A       		.byte	10
 289 00c3 82       		.byte	-126
 290 00c4 0B       		.byte	11
 291 00c5 80       		.byte	-128
 292 00c6 10       		.byte	16
 293 00c7 2B       		.byte	43
 294 00c8 13       		.byte	19
 295 00c9 02       		.byte	2
 296 00ca 18       		.byte	24
 297 00cb 04       		.byte	4
 298 00cc 19       		.byte	25
 299 00cd 0A       		.byte	10
 300 00ce 22       		.byte	34
 301 00cf 02       		.byte	2
 302 00d0 27       		.byte	39
 303 00d1 01       		.byte	1
 304 00d2 2F       		.byte	47
 305 00d3 40       		.byte	64
 306 00d4 31       		.byte	49
 307 00d5 28       		.byte	40
 308 00d6 32       		.byte	50
 309 00d7 42       		.byte	66
 310 00d8 34       		.byte	52
 311 00d9 04       		.byte	4
 312 00da 3C       		.byte	60
 313 00db 08       		.byte	8
 314 00dc 46       		.byte	70
 315 00dd 80       		.byte	-128
 316 00de 47       		.byte	71
 317 00df 01       		.byte	1
 318 00e0 5A       		.byte	90
 319 00e1 55       		.byte	85
 320 00e2 64       		.byte	100
 321 00e3 01       		.byte	1
 322 00e4 65       		.byte	101
 323 00e5 08       		.byte	8
 324 00e6 66       		.byte	102
 325 00e7 12       		.byte	18
 326 00e8 6A       		.byte	106
 327 00e9 55       		.byte	85
 328 00ea 86       		.byte	-122
 329 00eb 02       		.byte	2
 330 00ec 91       		.byte	-111
 331 00ed 40       		.byte	64
 332 00ee 92       		.byte	-110
 333 00ef 82       		.byte	-126
 334 00f0 9A       		.byte	-102
 335 00f1 10       		.byte	16
 336 00f2 9B       		.byte	-101
 337 00f3 02       		.byte	2
 338 00f4 9D       		.byte	-99
 339 00f5 02       		.byte	2
 340 00f6 9E       		.byte	-98
 341 00f7 80       		.byte	-128
 342 00f8 A0       		.byte	-96
ARM GAS  C:\Users\barror2\AppData\Local\Temp\ccziTdFu.s 			page 7


 343 00f9 2E       		.byte	46
 344 00fa A1       		.byte	-95
 345 00fb 28       		.byte	40
 346 00fc A6       		.byte	-90
 347 00fd 02       		.byte	2
 348 00fe B2       		.byte	-78
 349 00ff 40       		.byte	64
 350 0100 B3       		.byte	-77
 351 0101 10       		.byte	16
 352 0102 B4       		.byte	-76
 353 0103 10       		.byte	16
 354 0104 C0       		.byte	-64
 355 0105 0D       		.byte	13
 356 0106 C2       		.byte	-62
 357 0107 0F       		.byte	15
 358 0108 C4       		.byte	-60
 359 0109 0F       		.byte	15
 360 010a CA       		.byte	-54
 361 010b 80       		.byte	-128
 362 010c CC       		.byte	-52
 363 010d 4F       		.byte	79
 364 010e CE       		.byte	-50
 365 010f 40       		.byte	64
 366 0110 D6       		.byte	-42
 367 0111 0F       		.byte	15
 368 0112 D8       		.byte	-40
 369 0113 F0       		.byte	-16
 370 0114 54       		.byte	84
 371 0115 09       		.byte	9
 372 0116 56       		.byte	86
 373 0117 04       		.byte	4
 374 0118 5B       		.byte	91
 375 0119 04       		.byte	4
 376 011a 5D       		.byte	93
 377 011b 10       		.byte	16
 378 011c 5F       		.byte	95
 379 011d 01       		.byte	1
 380 011e 00       		.byte	0
 381 011f 90       		.byte	-112
 382 0120 01       		.byte	1
 383 0121 02       		.byte	2
 384 0122 09       		.byte	9
 385 0123 28       		.byte	40
 386 0124 0A       		.byte	10
 387 0125 82       		.byte	-126
 388 0126 10       		.byte	16
 389 0127 28       		.byte	40
 390 0128 11       		.byte	17
 391 0129 40       		.byte	64
 392 012a 13       		.byte	19
 393 012b 02       		.byte	2
 394 012c 18       		.byte	24
 395 012d 14       		.byte	20
 396 012e 1A       		.byte	26
 397 012f 41       		.byte	65
 398 0130 20       		.byte	32
 399 0131 08       		.byte	8
ARM GAS  C:\Users\barror2\AppData\Local\Temp\ccziTdFu.s 			page 8


 400 0132 21       		.byte	33
 401 0133 68       		.byte	104
 402 0134 22       		.byte	34
 403 0135 40       		.byte	64
 404 0136 29       		.byte	41
 405 0137 02       		.byte	2
 406 0138 2A       		.byte	42
 407 0139 40       		.byte	64
 408 013a 31       		.byte	49
 409 013b 28       		.byte	40
 410 013c 32       		.byte	50
 411 013d 41       		.byte	65
 412 013e 39       		.byte	57
 413 013f 54       		.byte	84
 414 0140 3A       		.byte	58
 415 0141 02       		.byte	2
 416 0142 40       		.byte	64
 417 0143 04       		.byte	4
 418 0144 41       		.byte	65
 419 0145 48       		.byte	72
 420 0146 48       		.byte	72
 421 0147 45       		.byte	69
 422 0148 49       		.byte	73
 423 0149 08       		.byte	8
 424 014a 50       		.byte	80
 425 014b 02       		.byte	2
 426 014c 52       		.byte	82
 427 014d 50       		.byte	80
 428 014e 5D       		.byte	93
 429 014f 08       		.byte	8
 430 0150 5E       		.byte	94
 431 0151 41       		.byte	65
 432 0152 5F       		.byte	95
 433 0153 10       		.byte	16
 434 0154 62       		.byte	98
 435 0155 02       		.byte	2
 436 0156 66       		.byte	102
 437 0157 80       		.byte	-128
 438 0158 67       		.byte	103
 439 0159 40       		.byte	64
 440 015a 68       		.byte	104
 441 015b 28       		.byte	40
 442 015c 69       		.byte	105
 443 015d 54       		.byte	84
 444 015e 6A       		.byte	106
 445 015f 02       		.byte	2
 446 0160 72       		.byte	114
 447 0161 02       		.byte	2
 448 0162 73       		.byte	115
 449 0163 02       		.byte	2
 450 0164 87       		.byte	-121
 451 0165 40       		.byte	64
 452 0166 96       		.byte	-106
 453 0167 80       		.byte	-128
 454 0168 A0       		.byte	-96
 455 0169 01       		.byte	1
 456 016a A5       		.byte	-91
ARM GAS  C:\Users\barror2\AppData\Local\Temp\ccziTdFu.s 			page 9


 457 016b 28       		.byte	40
 458 016c A8       		.byte	-88
 459 016d 04       		.byte	4
 460 016e AD       		.byte	-83
 461 016f 10       		.byte	16
 462 0170 B0       		.byte	-80
 463 0171 03       		.byte	3
 464 0172 B1       		.byte	-79
 465 0173 01       		.byte	1
 466 0174 C0       		.byte	-64
 467 0175 0B       		.byte	11
 468 0176 C2       		.byte	-62
 469 0177 0F       		.byte	15
 470 0178 C4       		.byte	-60
 471 0179 0F       		.byte	15
 472 017a CA       		.byte	-54
 473 017b 09       		.byte	9
 474 017c CC       		.byte	-52
 475 017d 0F       		.byte	15
 476 017e CE       		.byte	-50
 477 017f 0F       		.byte	15
 478 0180 D0       		.byte	-48
 479 0181 0E       		.byte	14
 480 0182 D2       		.byte	-46
 481 0183 0C       		.byte	12
 482 0184 D6       		.byte	-42
 483 0185 F0       		.byte	-16
 484 0186 D8       		.byte	-40
 485 0187 91       		.byte	-111
 486 0188 E8       		.byte	-24
 487 0189 04       		.byte	4
 488 018a EC       		.byte	-20
 489 018b 08       		.byte	8
 490 018c 03       		.byte	3
 491 018d 40       		.byte	64
 492 018e 04       		.byte	4
 493 018f 07       		.byte	7
 494 0190 09       		.byte	9
 495 0191 23       		.byte	35
 496 0192 0B       		.byte	11
 497 0193 08       		.byte	8
 498 0194 0F       		.byte	15
 499 0195 36       		.byte	54
 500 0196 10       		.byte	16
 501 0197 09       		.byte	9
 502 0198 12       		.byte	18
 503 0199 02       		.byte	2
 504 019a 14       		.byte	20
 505 019b 02       		.byte	2
 506 019c 16       		.byte	22
 507 019d 0C       		.byte	12
 508 019e 17       		.byte	23
 509 019f C0       		.byte	-64
 510 01a0 18       		.byte	24
 511 01a1 0A       		.byte	10
 512 01a2 1A       		.byte	26
 513 01a3 05       		.byte	5
ARM GAS  C:\Users\barror2\AppData\Local\Temp\ccziTdFu.s 			page 10


 514 01a4 1B       		.byte	27
 515 01a5 C0       		.byte	-64
 516 01a6 1D       		.byte	29
 517 01a7 80       		.byte	-128
 518 01a8 21       		.byte	33
 519 01a9 1F       		.byte	31
 520 01aa 29       		.byte	41
 521 01ab 28       		.byte	40
 522 01ac 2B       		.byte	43
 523 01ad 05       		.byte	5
 524 01ae 31       		.byte	49
 525 01af C0       		.byte	-64
 526 01b0 34       		.byte	52
 527 01b1 0F       		.byte	15
 528 01b2 35       		.byte	53
 529 01b3 07       		.byte	7
 530 01b4 37       		.byte	55
 531 01b5 38       		.byte	56
 532 01b6 38       		.byte	56
 533 01b7 20       		.byte	32
 534 01b8 39       		.byte	57
 535 01b9 A0       		.byte	-96
 536 01ba 3F       		.byte	63
 537 01bb 50       		.byte	80
 538 01bc 58       		.byte	88
 539 01bd 04       		.byte	4
 540 01be 59       		.byte	89
 541 01bf 04       		.byte	4
 542 01c0 5B       		.byte	91
 543 01c1 04       		.byte	4
 544 01c2 5C       		.byte	92
 545 01c3 11       		.byte	17
 546 01c4 5F       		.byte	95
 547 01c5 01       		.byte	1
 548 01c6 81       		.byte	-127
 549 01c7 13       		.byte	19
 550 01c8 83       		.byte	-125
 551 01c9 64       		.byte	100
 552 01ca 85       		.byte	-123
 553 01cb 18       		.byte	24
 554 01cc 87       		.byte	-121
 555 01cd 60       		.byte	96
 556 01ce 88       		.byte	-120
 557 01cf 36       		.byte	54
 558 01d0 8A       		.byte	-118
 559 01d1 C9       		.byte	-55
 560 01d2 90       		.byte	-112
 561 01d3 03       		.byte	3
 562 01d4 92       		.byte	-110
 563 01d5 5C       		.byte	92
 564 01d6 95       		.byte	-107
 565 01d7 05       		.byte	5
 566 01d8 97       		.byte	-105
 567 01d9 32       		.byte	50
 568 01da 9C       		.byte	-100
 569 01db 71       		.byte	113
 570 01dc 9E       		.byte	-98
ARM GAS  C:\Users\barror2\AppData\Local\Temp\ccziTdFu.s 			page 11


 571 01dd 82       		.byte	-126
 572 01de A4       		.byte	-92
 573 01df B5       		.byte	-75
 574 01e0 A6       		.byte	-90
 575 01e1 4A       		.byte	74
 576 01e2 AD       		.byte	-83
 577 01e3 51       		.byte	81
 578 01e4 AF       		.byte	-81
 579 01e5 06       		.byte	6
 580 01e6 B0       		.byte	-80
 581 01e7 11       		.byte	17
 582 01e8 B3       		.byte	-77
 583 01e9 0F       		.byte	15
 584 01ea B4       		.byte	-76
 585 01eb E0       		.byte	-32
 586 01ec B5       		.byte	-75
 587 01ed 70       		.byte	112
 588 01ee B6       		.byte	-74
 589 01ef 0F       		.byte	15
 590 01f0 B8       		.byte	-72
 591 01f1 A2       		.byte	-94
 592 01f2 B9       		.byte	-71
 593 01f3 20       		.byte	32
 594 01f4 BE       		.byte	-66
 595 01f5 51       		.byte	81
 596 01f6 BF       		.byte	-65
 597 01f7 14       		.byte	20
 598 01f8 D4       		.byte	-44
 599 01f9 7F       		.byte	127
 600 01fa D8       		.byte	-40
 601 01fb 04       		.byte	4
 602 01fc D9       		.byte	-39
 603 01fd 04       		.byte	4
 604 01fe DB       		.byte	-37
 605 01ff 04       		.byte	4
 606 0200 DF       		.byte	-33
 607 0201 01       		.byte	1
 608 0202 00       		.byte	0
 609 0203 04       		.byte	4
 610 0204 04       		.byte	4
 611 0205 20       		.byte	32
 612 0206 09       		.byte	9
 613 0207 28       		.byte	40
 614 0208 0A       		.byte	10
 615 0209 80       		.byte	-128
 616 020a 0E       		.byte	14
 617 020b 41       		.byte	65
 618 020c 17       		.byte	23
 619 020d 04       		.byte	4
 620 020e 18       		.byte	24
 621 020f 04       		.byte	4
 622 0210 1E       		.byte	30
 623 0211 82       		.byte	-126
 624 0212 1F       		.byte	31
 625 0213 10       		.byte	16
 626 0214 21       		.byte	33
 627 0215 01       		.byte	1
ARM GAS  C:\Users\barror2\AppData\Local\Temp\ccziTdFu.s 			page 12


 628 0216 23       		.byte	35
 629 0217 05       		.byte	5
 630 0218 27       		.byte	39
 631 0219 28       		.byte	40
 632 021a 2B       		.byte	43
 633 021b 88       		.byte	-120
 634 021c 2E       		.byte	46
 635 021d 40       		.byte	64
 636 021e 31       		.byte	49
 637 021f 28       		.byte	40
 638 0220 32       		.byte	50
 639 0221 40       		.byte	64
 640 0222 37       		.byte	55
 641 0223 04       		.byte	4
 642 0224 38       		.byte	56
 643 0225 20       		.byte	32
 644 0226 39       		.byte	57
 645 0227 42       		.byte	66
 646 0228 3E       		.byte	62
 647 0229 05       		.byte	5
 648 022a 5E       		.byte	94
 649 022b 82       		.byte	-126
 650 022c 5F       		.byte	95
 651 022d 28       		.byte	40
 652 022e 67       		.byte	103
 653 022f 25       		.byte	37
 654 0230 68       		.byte	104
 655 0231 22       		.byte	34
 656 0232 69       		.byte	105
 657 0233 10       		.byte	16
 658 0234 6C       		.byte	108
 659 0235 10       		.byte	16
 660 0236 6D       		.byte	109
 661 0237 40       		.byte	64
 662 0238 6E       		.byte	110
 663 0239 45       		.byte	69
 664 023a 6F       		.byte	111
 665 023b 8C       		.byte	-116
 666 023c 88       		.byte	-120
 667 023d 20       		.byte	32
 668 023e C0       		.byte	-64
 669 023f 44       		.byte	68
 670 0240 C2       		.byte	-62
 671 0241 9E       		.byte	-98
 672 0242 C4       		.byte	-60
 673 0243 20       		.byte	32
 674 0244 CA       		.byte	-54
 675 0245 15       		.byte	21
 676 0246 CC       		.byte	-52
 677 0247 4E       		.byte	78
 678 0248 CE       		.byte	-50
 679 0249 CD       		.byte	-51
 680 024a D6       		.byte	-42
 681 024b F0       		.byte	-16
 682 024c D8       		.byte	-40
 683 024d 70       		.byte	112
 684 024e 33       		.byte	51
ARM GAS  C:\Users\barror2\AppData\Local\Temp\ccziTdFu.s 			page 13


 685 024f 80       		.byte	-128
 686 0250 36       		.byte	54
 687 0251 20       		.byte	32
 688 0252 CC       		.byte	-52
 689 0253 30       		.byte	48
 690 0254 86       		.byte	-122
 691 0255 20       		.byte	32
 692 0256 A6       		.byte	-90
 693 0257 20       		.byte	32
 694 0258 A7       		.byte	-89
 695 0259 80       		.byte	-128
 696 025a E6       		.byte	-26
 697 025b 40       		.byte	64
 698 025c 87       		.byte	-121
 699 025d 80       		.byte	-128
 700 025e A7       		.byte	-89
 701 025f 80       		.byte	-128
 702 0260 E6       		.byte	-26
 703 0261 10       		.byte	16
 704 0262 08       		.byte	8
 705 0263 40       		.byte	64
 706 0264 51       		.byte	81
 707 0265 10       		.byte	16
 708 0266 57       		.byte	87
 709 0267 80       		.byte	-128
 710 0268 5B       		.byte	91
 711 0269 02       		.byte	2
 712 026a 64       		.byte	100
 713 026b 10       		.byte	16
 714 026c 66       		.byte	102
 715 026d 40       		.byte	64
 716 026e 76       		.byte	118
 717 026f 20       		.byte	32
 718 0270 89       		.byte	-119
 719 0271 10       		.byte	16
 720 0272 C2       		.byte	-62
 721 0273 02       		.byte	2
 722 0274 D4       		.byte	-44
 723 0275 06       		.byte	6
 724 0276 D6       		.byte	-42
 725 0277 03       		.byte	3
 726 0278 D8       		.byte	-40
 727 0279 01       		.byte	1
 728 027a DE       		.byte	-34
 729 027b 04       		.byte	4
 730 027c E4       		.byte	-28
 731 027d 04       		.byte	4
 732 027e 9F       		.byte	-97
 733 027f 02       		.byte	2
 734 0280 AA       		.byte	-86
 735 0281 20       		.byte	32
 736 0282 AF       		.byte	-81
 737 0283 80       		.byte	-128
 738 0284 B0       		.byte	-80
 739 0285 50       		.byte	80
 740 0286 B2       		.byte	-78
 741 0287 40       		.byte	64
ARM GAS  C:\Users\barror2\AppData\Local\Temp\ccziTdFu.s 			page 14


 742 0288 E8       		.byte	-24
 743 0289 04       		.byte	4
 744 028a EA       		.byte	-22
 745 028b 01       		.byte	1
 746 028c EC       		.byte	-20
 747 028d 01       		.byte	1
 748 028e B7       		.byte	-73
 749 028f 02       		.byte	2
 750 0290 E8       		.byte	-24
 751 0291 08       		.byte	8
 752 0292 00       		.byte	0
 753 0293 03       		.byte	3
 754 0294 0C       		.byte	12
 755 0295 03       		.byte	3
 756 0296 0E       		.byte	14
 757 0297 03       		.byte	3
 758 0298 00       		.byte	0
 759 0299 0F       		.byte	15
 760 029a 00       		.byte	0
 761 029b 00       		.byte	0
 762 029c 04       		.byte	4
 763 029d 16       		.byte	22
 764 029e 00       		.byte	0
 765 029f 00       		.byte	0
 766 02a0 00       		.byte	0
 767 02a1 12       		.byte	18
 768 02a2 00       		.byte	0
 769 02a3 04       		.byte	4
 770 02a4 01       		.byte	1
 771 02a5 04       		.byte	4
 772 02a6 00       		.byte	0
 773 02a7 12       		.byte	18
 774 02a8 60       		.byte	96
 775 02a9 12       		.byte	18
 776 02aa 00       		.byte	0
 777 02ab 04       		.byte	4
 778 02ac 07       		.byte	7
 779 02ad 16       		.byte	22
 780 02ae 38       		.byte	56
 781 02af 00       		.byte	0
 782 02b0 56       		.byte	86
 783 02b1 9A       		.byte	-102
 784 02b2 09       		.byte	9
 785 02b3 05       		.byte	5
 786 02b4 0A       		.byte	10
 787 02b5 C1       		.byte	-63
 788 02b6 10       		.byte	16
 789 02b7 32       		.byte	50
 790 02b8 84       		.byte	-124
 791 02b9 27       		.byte	39
 792 02ba 00       		.byte	0
 793 02bb 48       		.byte	72
 794 02bc 84       		.byte	-124
 795 02bd 12       		.byte	18
 796 02be 00       		.byte	0
 797 02bf 00       		.byte	0
 798 02c0 84       		.byte	-124
ARM GAS  C:\Users\barror2\AppData\Local\Temp\ccziTdFu.s 			page 15


 799 02c1 00       		.byte	0
 800 02c2 00       		.byte	0
 801 02c3 00       		.byte	0
 802 02c4 80       		.byte	-128
 803 02c5 00       		.byte	0
 804 02c6 04       		.byte	4
 805 02c7 00       		.byte	0
 806 02c8 04       		.byte	4
 807 02c9 84       		.byte	-124
 808 02ca 80       		.byte	-128
 809 02cb 00       		.byte	0
 810 02cc 08       		.byte	8
 811 02cd 00       		.byte	0
 812 02ce 7F       		.byte	127
 813 02cf E0       		.byte	-32
 814 02d0 80       		.byte	-128
 815 02d1 1D       		.byte	29
 816 02d2 80       		.byte	-128
 817 02d3 07       		.byte	7
 818 02d4 08       		.byte	8
 819 02d5 00       		.byte	0
 820 02d6 00       		.byte	0
 821 02d7 28       		.byte	40
 822 02d8 00       		.byte	0
 823 02d9 00       		.byte	0
 824 02da 51       		.byte	81
 825 02db 00       		.byte	0
 826 02dc 63       		.byte	99
 827 02dd 01       		.byte	1
 828 02de 20       		.byte	32
 829 02df 00       		.byte	0
 830 02e0 05       		.byte	5
 831 02e1 BE       		.byte	-66
 832 02e2 FC       		.byte	-4
 833 02e3 D0       		.byte	-48
 834 02e4 2F       		.byte	47
 835 02e5 FF       		.byte	-1
 836 02e6 FF       		.byte	-1
 837 02e7 FF       		.byte	-1
 838 02e8 22       		.byte	34
 839 02e9 00       		.byte	0
 840 02ea F0       		.byte	-16
 841 02eb 08       		.byte	8
 842 02ec 04       		.byte	4
 843 02ed 00       		.byte	0
 844 02ee 00       		.byte	0
 845 02ef 00       		.byte	0
 846 02f0 00       		.byte	0
 847 02f1 00       		.byte	0
 848 02f2 02       		.byte	2
 849 02f3 2C       		.byte	44
 850 02f4 04       		.byte	4
 851 02f5 04       		.byte	4
 852 02f6 04       		.byte	4
 853 02f7 04       		.byte	4
 854 02f8 11       		.byte	17
 855 02f9 11       		.byte	17
ARM GAS  C:\Users\barror2\AppData\Local\Temp\ccziTdFu.s 			page 16


 856 02fa 00       		.byte	0
 857 02fb 01       		.byte	1
 858 02fc 00       		.byte	0
 859 02fd 00       		.byte	0
 860 02fe C0       		.byte	-64
 861 02ff 00       		.byte	0
 862 0300 40       		.byte	64
 863 0301 01       		.byte	1
 864 0302 10       		.byte	16
 865 0303 11       		.byte	17
 866 0304 C0       		.byte	-64
 867 0305 01       		.byte	1
 868 0306 00       		.byte	0
 869 0307 11       		.byte	17
 870 0308 40       		.byte	64
 871 0309 01       		.byte	1
 872 030a 40       		.byte	64
 873 030b 01       		.byte	1
 874 030c 00       		.byte	0
 875 030d 00       		.byte	0
 876 030e 00       		.byte	0
 877 030f 00       		.byte	0
 878 0310 00       		.byte	0
 879 0311 00       		.byte	0
 880 0312 00       		.byte	0
 881 0313 00       		.byte	0
 882 0314 00       		.byte	0
 883 0315 00       		.byte	0
 884 0316 00       		.byte	0
 885 0317 00       		.byte	0
 886 0318 00       		.byte	0
 887 0319 00       		.byte	0
 888 031a 00       		.byte	0
 889 031b 00       		.byte	0
 890 031c 00       		.byte	0
 891 031d 40       		.byte	64
 892 031e 40       		.byte	64
 893 031f 00       		.byte	0
 894 0320 40       		.byte	64
 895 0321 00       		.byte	0
 896 0322 00       		.byte	0
 897 0323 00       		.byte	0
 898 0324 04       		.byte	4
 899 0325 00       		.byte	0
 900 0326 40       		.byte	64
 901 0327 BC       		.byte	-68
 902 0328 BC       		.byte	-68
 903 0329 00       		.byte	0
 904 032a BC       		.byte	-68
 905 032b 00       		.byte	0
 906 032c 00       		.byte	0
 907 032d 00       		.byte	0
 908 032e 00       		.byte	0
 909 032f 00       		.byte	0
 910              		.text
 911              	.Letext0:
 912              		.file 1 ".\\Generated_Source\\PSoC5\\cymetadata.c"
ARM GAS  C:\Users\barror2\AppData\Local\Temp\ccziTdFu.s 			page 17


 913              		.file 2 ".\\Generated_Source\\PSoC5\\cytypes.h"
 914              		.section	.debug_info,"",%progbits
 915              	.Ldebug_info0:
 916 0000 D6000000 		.4byte	0xd6
 917 0004 0200     		.2byte	0x2
 918 0006 00000000 		.4byte	.Ldebug_abbrev0
 919 000a 04       		.byte	0x4
 920 000b 01       		.uleb128 0x1
 921 000c D9000000 		.4byte	.LASF15
 922 0010 01       		.byte	0x1
 923 0011 00000000 		.4byte	.LASF16
 924 0015 37010000 		.4byte	.LASF17
 925 0019 00000000 		.4byte	.Ldebug_line0
 926 001d 02       		.uleb128 0x2
 927 001e 01       		.byte	0x1
 928 001f 06       		.byte	0x6
 929 0020 2B010000 		.4byte	.LASF0
 930 0024 02       		.uleb128 0x2
 931 0025 01       		.byte	0x1
 932 0026 08       		.byte	0x8
 933 0027 2C000000 		.4byte	.LASF1
 934 002b 02       		.uleb128 0x2
 935 002c 02       		.byte	0x2
 936 002d 05       		.byte	0x5
 937 002e C9000000 		.4byte	.LASF2
 938 0032 02       		.uleb128 0x2
 939 0033 02       		.byte	0x2
 940 0034 07       		.byte	0x7
 941 0035 4C000000 		.4byte	.LASF3
 942 0039 02       		.uleb128 0x2
 943 003a 04       		.byte	0x4
 944 003b 05       		.byte	0x5
 945 003c 22010000 		.4byte	.LASF4
 946 0040 02       		.uleb128 0x2
 947 0041 04       		.byte	0x4
 948 0042 07       		.byte	0x7
 949 0043 3A000000 		.4byte	.LASF5
 950 0047 02       		.uleb128 0x2
 951 0048 08       		.byte	0x8
 952 0049 05       		.byte	0x5
 953 004a B6000000 		.4byte	.LASF6
 954 004e 02       		.uleb128 0x2
 955 004f 08       		.byte	0x8
 956 0050 07       		.byte	0x7
 957 0051 85000000 		.4byte	.LASF7
 958 0055 03       		.uleb128 0x3
 959 0056 04       		.byte	0x4
 960 0057 05       		.byte	0x5
 961 0058 696E7400 		.ascii	"int\000"
 962 005c 02       		.uleb128 0x2
 963 005d 04       		.byte	0x4
 964 005e 07       		.byte	0x7
 965 005f 78000000 		.4byte	.LASF8
 966 0063 04       		.uleb128 0x4
 967 0064 D3000000 		.4byte	.LASF18
 968 0068 02       		.byte	0x2
 969 0069 5B       		.byte	0x5b
ARM GAS  C:\Users\barror2\AppData\Local\Temp\ccziTdFu.s 			page 18


 970 006a 24000000 		.4byte	0x24
 971 006e 02       		.uleb128 0x2
 972 006f 04       		.byte	0x4
 973 0070 04       		.byte	0x4
 974 0071 26000000 		.4byte	.LASF9
 975 0075 02       		.uleb128 0x2
 976 0076 08       		.byte	0x8
 977 0077 04       		.byte	0x4
 978 0078 5F000000 		.4byte	.LASF10
 979 007c 02       		.uleb128 0x2
 980 007d 01       		.byte	0x1
 981 007e 08       		.byte	0x8
 982 007f C4000000 		.4byte	.LASF11
 983 0083 05       		.uleb128 0x5
 984 0084 63000000 		.4byte	0x63
 985 0088 93000000 		.4byte	0x93
 986 008c 06       		.uleb128 0x6
 987 008d 93000000 		.4byte	0x93
 988 0091 3F       		.byte	0x3f
 989 0092 00       		.byte	0
 990 0093 02       		.uleb128 0x2
 991 0094 04       		.byte	0x4
 992 0095 07       		.byte	0x7
 993 0096 AD000000 		.4byte	.LASF12
 994 009a 07       		.uleb128 0x7
 995 009b 9C000000 		.4byte	.LASF13
 996 009f 01       		.byte	0x1
 997 00a0 1C       		.byte	0x1c
 998 00a1 AC000000 		.4byte	0xac
 999 00a5 01       		.byte	0x1
 1000 00a6 05       		.byte	0x5
 1001 00a7 03       		.byte	0x3
 1002 00a8 00000000 		.4byte	cy_meta_loadable
 1003 00ac 08       		.uleb128 0x8
 1004 00ad 83000000 		.4byte	0x83
 1005 00b1 05       		.uleb128 0x5
 1006 00b2 63000000 		.4byte	0x63
 1007 00b6 C2000000 		.4byte	0xc2
 1008 00ba 09       		.uleb128 0x9
 1009 00bb 93000000 		.4byte	0x93
 1010 00bf 2F03     		.2byte	0x32f
 1011 00c1 00       		.byte	0
 1012 00c2 07       		.uleb128 0x7
 1013 00c3 66000000 		.4byte	.LASF14
 1014 00c7 01       		.byte	0x1
 1015 00c8 2E       		.byte	0x2e
 1016 00c9 D4000000 		.4byte	0xd4
 1017 00cd 01       		.byte	0x1
 1018 00ce 05       		.byte	0x5
 1019 00cf 03       		.byte	0x3
 1020 00d0 00000000 		.4byte	cy_meta_configecc
 1021 00d4 08       		.uleb128 0x8
 1022 00d5 B1000000 		.4byte	0xb1
 1023 00d9 00       		.byte	0
 1024              		.section	.debug_abbrev,"",%progbits
 1025              	.Ldebug_abbrev0:
 1026 0000 01       		.uleb128 0x1
ARM GAS  C:\Users\barror2\AppData\Local\Temp\ccziTdFu.s 			page 19


 1027 0001 11       		.uleb128 0x11
 1028 0002 01       		.byte	0x1
 1029 0003 25       		.uleb128 0x25
 1030 0004 0E       		.uleb128 0xe
 1031 0005 13       		.uleb128 0x13
 1032 0006 0B       		.uleb128 0xb
 1033 0007 03       		.uleb128 0x3
 1034 0008 0E       		.uleb128 0xe
 1035 0009 1B       		.uleb128 0x1b
 1036 000a 0E       		.uleb128 0xe
 1037 000b 10       		.uleb128 0x10
 1038 000c 06       		.uleb128 0x6
 1039 000d 00       		.byte	0
 1040 000e 00       		.byte	0
 1041 000f 02       		.uleb128 0x2
 1042 0010 24       		.uleb128 0x24
 1043 0011 00       		.byte	0
 1044 0012 0B       		.uleb128 0xb
 1045 0013 0B       		.uleb128 0xb
 1046 0014 3E       		.uleb128 0x3e
 1047 0015 0B       		.uleb128 0xb
 1048 0016 03       		.uleb128 0x3
 1049 0017 0E       		.uleb128 0xe
 1050 0018 00       		.byte	0
 1051 0019 00       		.byte	0
 1052 001a 03       		.uleb128 0x3
 1053 001b 24       		.uleb128 0x24
 1054 001c 00       		.byte	0
 1055 001d 0B       		.uleb128 0xb
 1056 001e 0B       		.uleb128 0xb
 1057 001f 3E       		.uleb128 0x3e
 1058 0020 0B       		.uleb128 0xb
 1059 0021 03       		.uleb128 0x3
 1060 0022 08       		.uleb128 0x8
 1061 0023 00       		.byte	0
 1062 0024 00       		.byte	0
 1063 0025 04       		.uleb128 0x4
 1064 0026 16       		.uleb128 0x16
 1065 0027 00       		.byte	0
 1066 0028 03       		.uleb128 0x3
 1067 0029 0E       		.uleb128 0xe
 1068 002a 3A       		.uleb128 0x3a
 1069 002b 0B       		.uleb128 0xb
 1070 002c 3B       		.uleb128 0x3b
 1071 002d 0B       		.uleb128 0xb
 1072 002e 49       		.uleb128 0x49
 1073 002f 13       		.uleb128 0x13
 1074 0030 00       		.byte	0
 1075 0031 00       		.byte	0
 1076 0032 05       		.uleb128 0x5
 1077 0033 01       		.uleb128 0x1
 1078 0034 01       		.byte	0x1
 1079 0035 49       		.uleb128 0x49
 1080 0036 13       		.uleb128 0x13
 1081 0037 01       		.uleb128 0x1
 1082 0038 13       		.uleb128 0x13
 1083 0039 00       		.byte	0
ARM GAS  C:\Users\barror2\AppData\Local\Temp\ccziTdFu.s 			page 20


 1084 003a 00       		.byte	0
 1085 003b 06       		.uleb128 0x6
 1086 003c 21       		.uleb128 0x21
 1087 003d 00       		.byte	0
 1088 003e 49       		.uleb128 0x49
 1089 003f 13       		.uleb128 0x13
 1090 0040 2F       		.uleb128 0x2f
 1091 0041 0B       		.uleb128 0xb
 1092 0042 00       		.byte	0
 1093 0043 00       		.byte	0
 1094 0044 07       		.uleb128 0x7
 1095 0045 34       		.uleb128 0x34
 1096 0046 00       		.byte	0
 1097 0047 03       		.uleb128 0x3
 1098 0048 0E       		.uleb128 0xe
 1099 0049 3A       		.uleb128 0x3a
 1100 004a 0B       		.uleb128 0xb
 1101 004b 3B       		.uleb128 0x3b
 1102 004c 0B       		.uleb128 0xb
 1103 004d 49       		.uleb128 0x49
 1104 004e 13       		.uleb128 0x13
 1105 004f 3F       		.uleb128 0x3f
 1106 0050 0C       		.uleb128 0xc
 1107 0051 02       		.uleb128 0x2
 1108 0052 0A       		.uleb128 0xa
 1109 0053 00       		.byte	0
 1110 0054 00       		.byte	0
 1111 0055 08       		.uleb128 0x8
 1112 0056 26       		.uleb128 0x26
 1113 0057 00       		.byte	0
 1114 0058 49       		.uleb128 0x49
 1115 0059 13       		.uleb128 0x13
 1116 005a 00       		.byte	0
 1117 005b 00       		.byte	0
 1118 005c 09       		.uleb128 0x9
 1119 005d 21       		.uleb128 0x21
 1120 005e 00       		.byte	0
 1121 005f 49       		.uleb128 0x49
 1122 0060 13       		.uleb128 0x13
 1123 0061 2F       		.uleb128 0x2f
 1124 0062 05       		.uleb128 0x5
 1125 0063 00       		.byte	0
 1126 0064 00       		.byte	0
 1127 0065 00       		.byte	0
 1128              		.section	.debug_aranges,"",%progbits
 1129 0000 14000000 		.4byte	0x14
 1130 0004 0200     		.2byte	0x2
 1131 0006 00000000 		.4byte	.Ldebug_info0
 1132 000a 04       		.byte	0x4
 1133 000b 00       		.byte	0
 1134 000c 0000     		.2byte	0
 1135 000e 0000     		.2byte	0
 1136 0010 00000000 		.4byte	0
 1137 0014 00000000 		.4byte	0
 1138              		.section	.debug_line,"",%progbits
 1139              	.Ldebug_line0:
 1140 0000 4F000000 		.section	.debug_str,"MS",%progbits,1
ARM GAS  C:\Users\barror2\AppData\Local\Temp\ccziTdFu.s 			page 21


 1140      02004900 
 1140      00000201 
 1140      FB0E0D00 
 1140      01010101 
 1141              	.LASF16:
 1142 0000 2E5C4765 		.ascii	".\\Generated_Source\\PSoC5\\cymetadata.c\000"
 1142      6E657261 
 1142      7465645F 
 1142      536F7572 
 1142      63655C50 
 1143              	.LASF9:
 1144 0026 666C6F61 		.ascii	"float\000"
 1144      7400
 1145              	.LASF1:
 1146 002c 756E7369 		.ascii	"unsigned char\000"
 1146      676E6564 
 1146      20636861 
 1146      7200
 1147              	.LASF5:
 1148 003a 6C6F6E67 		.ascii	"long unsigned int\000"
 1148      20756E73 
 1148      69676E65 
 1148      6420696E 
 1148      7400
 1149              	.LASF3:
 1150 004c 73686F72 		.ascii	"short unsigned int\000"
 1150      7420756E 
 1150      7369676E 
 1150      65642069 
 1150      6E7400
 1151              	.LASF10:
 1152 005f 646F7562 		.ascii	"double\000"
 1152      6C6500
 1153              	.LASF14:
 1154 0066 63795F6D 		.ascii	"cy_meta_configecc\000"
 1154      6574615F 
 1154      636F6E66 
 1154      69676563 
 1154      6300
 1155              	.LASF8:
 1156 0078 756E7369 		.ascii	"unsigned int\000"
 1156      676E6564 
 1156      20696E74 
 1156      00
 1157              	.LASF7:
 1158 0085 6C6F6E67 		.ascii	"long long unsigned int\000"
 1158      206C6F6E 
 1158      6720756E 
 1158      7369676E 
 1158      65642069 
 1159              	.LASF13:
 1160 009c 63795F6D 		.ascii	"cy_meta_loadable\000"
 1160      6574615F 
 1160      6C6F6164 
 1160      61626C65 
 1160      00
 1161              	.LASF12:
ARM GAS  C:\Users\barror2\AppData\Local\Temp\ccziTdFu.s 			page 22


 1162 00ad 73697A65 		.ascii	"sizetype\000"
 1162      74797065 
 1162      00
 1163              	.LASF6:
 1164 00b6 6C6F6E67 		.ascii	"long long int\000"
 1164      206C6F6E 
 1164      6720696E 
 1164      7400
 1165              	.LASF11:
 1166 00c4 63686172 		.ascii	"char\000"
 1166      00
 1167              	.LASF2:
 1168 00c9 73686F72 		.ascii	"short int\000"
 1168      7420696E 
 1168      7400
 1169              	.LASF18:
 1170 00d3 75696E74 		.ascii	"uint8\000"
 1170      3800
 1171              	.LASF15:
 1172 00d9 474E5520 		.ascii	"GNU C 4.7.3 20130312 (release) [ARM/embedded-4_7-br"
 1172      4320342E 
 1172      372E3320 
 1172      32303133 
 1172      30333132 
 1173 010c 616E6368 		.ascii	"anch revision 196615]\000"
 1173      20726576 
 1173      6973696F 
 1173      6E203139 
 1173      36363135 
 1174              	.LASF4:
 1175 0122 6C6F6E67 		.ascii	"long int\000"
 1175      20696E74 
 1175      00
 1176              	.LASF0:
 1177 012b 7369676E 		.ascii	"signed char\000"
 1177      65642063 
 1177      68617200 
 1178              	.LASF17:
 1179 0137 433A5C55 		.ascii	"C:\\Users\\barror2\\Dropbox\\RPiSoC\\Projects\\tft_"
 1179      73657273 
 1179      5C626172 
 1179      726F7232 
 1179      5C44726F 
 1180 0164 74657374 		.ascii	"test.Bundle01_Rev_b - touch\\Inputs_outputs.cydsn\000"
 1180      2E42756E 
 1180      646C6530 
 1180      315F5265 
 1180      765F6220 
 1181              		.ident	"GCC: (GNU Tools for ARM Embedded Processors) 4.7.3 20130312 (release) [ARM/embedded-4_7-br
