ARM GAS  C:\Users\barror2\AppData\Local\Temp\cct6cxdx.s 			page 1


   1              		.syntax unified
   2              		.cpu cortex-m3
   3              		.fpu softvfp
   4              		.eabi_attribute 20, 1
   5              		.eabi_attribute 21, 1
   6              		.eabi_attribute 23, 3
   7              		.eabi_attribute 24, 1
   8              		.eabi_attribute 25, 1
   9              		.eabi_attribute 26, 1
  10              		.eabi_attribute 30, 6
  11              		.eabi_attribute 34, 1
  12              		.eabi_attribute 18, 4
  13              		.thumb
  14              		.file	"cymetadata.c"
  15              		.text
  16              	.Ltext0:
  17              		.cfi_sections	.debug_frame
  18              		.global	cy_meta_configecc
  19              		.section	.cyconfigecc,"a",%progbits
  20              		.align	2
  21              		.type	cy_meta_configecc, %object
  22              		.size	cy_meta_configecc, 1160
  23              	cy_meta_configecc:
  24 0000 06       		.byte	6
  25 0001 52       		.byte	82
  26 0002 00       		.byte	0
  27 0003 40       		.byte	64
  28 0004 02       		.byte	2
  29 0005 64       		.byte	100
  30 0006 00       		.byte	0
  31 0007 40       		.byte	64
  32 0008 01       		.byte	1
  33 0009 65       		.byte	101
  34 000a 00       		.byte	0
  35 000b 40       		.byte	64
  36 000c 01       		.byte	1
  37 000d 07       		.byte	7
  38 000e 01       		.byte	1
  39 000f 40       		.byte	64
  40 0010 5B       		.byte	91
  41 0011 08       		.byte	8
  42 0012 01       		.byte	1
  43 0013 40       		.byte	64
  44 0014 35       		.byte	53
  45 0015 09       		.byte	9
  46 0016 01       		.byte	1
  47 0017 40       		.byte	64
  48 0018 02       		.byte	2
  49 0019 0B       		.byte	11
  50 001a 01       		.byte	1
  51 001b 40       		.byte	64
  52 001c 03       		.byte	3
  53 001d 0D       		.byte	13
  54 001e 01       		.byte	1
  55 001f 40       		.byte	64
  56 0020 01       		.byte	1
  57 0021 15       		.byte	21
ARM GAS  C:\Users\barror2\AppData\Local\Temp\cct6cxdx.s 			page 2


  58 0022 01       		.byte	1
  59 0023 40       		.byte	64
  60 0024 01       		.byte	1
  61 0025 17       		.byte	23
  62 0026 01       		.byte	1
  63 0027 40       		.byte	64
  64 0028 4C       		.byte	76
  65 0029 18       		.byte	24
  66 002a 01       		.byte	1
  67 002b 40       		.byte	64
  68 002c 40       		.byte	64
  69 002d 19       		.byte	25
  70 002e 01       		.byte	1
  71 002f 40       		.byte	64
  72 0030 04       		.byte	4
  73 0031 1A       		.byte	26
  74 0032 01       		.byte	1
  75 0033 40       		.byte	64
  76 0034 48       		.byte	72
  77 0035 1B       		.byte	27
  78 0036 01       		.byte	1
  79 0037 40       		.byte	64
  80 0038 04       		.byte	4
  81 0039 40       		.byte	64
  82 003a 01       		.byte	1
  83 003b 40       		.byte	64
  84 003c 03       		.byte	3
  85 003d 41       		.byte	65
  86 003e 01       		.byte	1
  87 003f 40       		.byte	64
  88 0040 03       		.byte	3
  89 0041 42       		.byte	66
  90 0042 01       		.byte	1
  91 0043 40       		.byte	64
  92 0044 05       		.byte	5
  93 0045 43       		.byte	67
  94 0046 01       		.byte	1
  95 0047 40       		.byte	64
  96 0048 0A       		.byte	10
  97 0049 44       		.byte	68
  98 004a 01       		.byte	1
  99 004b 40       		.byte	64
 100 004c 08       		.byte	8
 101 004d 45       		.byte	69
 102 004e 01       		.byte	1
 103 004f 40       		.byte	64
 104 0050 04       		.byte	4
 105 0051 46       		.byte	70
 106 0052 01       		.byte	1
 107 0053 40       		.byte	64
 108 0054 04       		.byte	4
 109 0055 47       		.byte	71
 110 0056 01       		.byte	1
 111 0057 40       		.byte	64
 112 0058 03       		.byte	3
 113 0059 48       		.byte	72
 114 005a 01       		.byte	1
ARM GAS  C:\Users\barror2\AppData\Local\Temp\cct6cxdx.s 			page 3


 115 005b 40       		.byte	64
 116 005c 02       		.byte	2
 117 005d 49       		.byte	73
 118 005e 01       		.byte	1
 119 005f 40       		.byte	64
 120 0060 0C       		.byte	12
 121 0061 4C       		.byte	76
 122 0062 01       		.byte	1
 123 0063 40       		.byte	64
 124 0064 07       		.byte	7
 125 0065 4D       		.byte	77
 126 0066 01       		.byte	1
 127 0067 40       		.byte	64
 128 0068 04       		.byte	4
 129 0069 50       		.byte	80
 130 006a 01       		.byte	1
 131 006b 40       		.byte	64
 132 006c 01       		.byte	1
 133 006d 51       		.byte	81
 134 006e 01       		.byte	1
 135 006f 40       		.byte	64
 136 0070 0C       		.byte	12
 137 0071 04       		.byte	4
 138 0072 30       		.byte	48
 139 0073 84       		.byte	-124
 140 0074 31       		.byte	49
 141 0075 98       		.byte	-104
 142 0076 34       		.byte	52
 143 0077 40       		.byte	64
 144 0078 60       		.byte	96
 145 0079 40       		.byte	64
 146 007a 61       		.byte	97
 147 007b 40       		.byte	64
 148 007c 88       		.byte	-120
 149 007d 38       		.byte	56
 150 007e 89       		.byte	-119
 151 007f 72       		.byte	114
 152 0080 8B       		.byte	-117
 153 0081 0F       		.byte	15
 154 0082 E6       		.byte	-26
 155 0083 02       		.byte	2
 156 0084 00       		.byte	0
 157 0085 0E       		.byte	14
 158 0086 05       		.byte	5
 159 0087 02       		.byte	2
 160 0088 06       		.byte	6
 161 0089 40       		.byte	64
 162 008a 07       		.byte	7
 163 008b 01       		.byte	1
 164 008c 09       		.byte	9
 165 008d 02       		.byte	2
 166 008e 0B       		.byte	11
 167 008f 01       		.byte	1
 168 0090 0D       		.byte	13
 169 0091 03       		.byte	3
 170 0092 14       		.byte	20
 171 0093 05       		.byte	5
ARM GAS  C:\Users\barror2\AppData\Local\Temp\cct6cxdx.s 			page 4


 172 0094 16       		.byte	22
 173 0095 3A       		.byte	58
 174 0096 1A       		.byte	26
 175 0097 20       		.byte	32
 176 0098 1E       		.byte	30
 177 0099 40       		.byte	64
 178 009a 28       		.byte	40
 179 009b 04       		.byte	4
 180 009c 29       		.byte	41
 181 009d 03       		.byte	3
 182 009e 2A       		.byte	42
 183 009f 39       		.byte	57
 184 00a0 2C       		.byte	44
 185 00a1 13       		.byte	19
 186 00a2 2E       		.byte	46
 187 00a3 04       		.byte	4
 188 00a4 30       		.byte	48
 189 00a5 0F       		.byte	15
 190 00a6 32       		.byte	50
 191 00a7 40       		.byte	64
 192 00a8 33       		.byte	51
 193 00a9 01       		.byte	1
 194 00aa 34       		.byte	52
 195 00ab 30       		.byte	48
 196 00ac 35       		.byte	53
 197 00ad 02       		.byte	2
 198 00ae 38       		.byte	56
 199 00af 02       		.byte	2
 200 00b0 39       		.byte	57
 201 00b1 08       		.byte	8
 202 00b2 3E       		.byte	62
 203 00b3 04       		.byte	4
 204 00b4 3F       		.byte	63
 205 00b5 10       		.byte	16
 206 00b6 54       		.byte	84
 207 00b7 18       		.byte	24
 208 00b8 56       		.byte	86
 209 00b9 04       		.byte	4
 210 00ba 58       		.byte	88
 211 00bb 04       		.byte	4
 212 00bc 59       		.byte	89
 213 00bd 04       		.byte	4
 214 00be 5B       		.byte	91
 215 00bf 04       		.byte	4
 216 00c0 5C       		.byte	92
 217 00c1 10       		.byte	16
 218 00c2 5D       		.byte	93
 219 00c3 10       		.byte	16
 220 00c4 5F       		.byte	95
 221 00c5 01       		.byte	1
 222 00c6 80       		.byte	-128
 223 00c7 01       		.byte	1
 224 00c8 82       		.byte	-126
 225 00c9 84       		.byte	-124
 226 00ca 83       		.byte	-125
 227 00cb 01       		.byte	1
 228 00cc 86       		.byte	-122
ARM GAS  C:\Users\barror2\AppData\Local\Temp\cct6cxdx.s 			page 5


 229 00cd 0B       		.byte	11
 230 00ce 88       		.byte	-120
 231 00cf 3B       		.byte	59
 232 00d0 8C       		.byte	-116
 233 00d1 03       		.byte	3
 234 00d2 8E       		.byte	-114
 235 00d3 40       		.byte	64
 236 00d4 90       		.byte	-112
 237 00d5 0B       		.byte	11
 238 00d6 92       		.byte	-110
 239 00d7 30       		.byte	48
 240 00d8 94       		.byte	-108
 241 00d9 38       		.byte	56
 242 00da 96       		.byte	-106
 243 00db 03       		.byte	3
 244 00dc 98       		.byte	-104
 245 00dd 30       		.byte	48
 246 00de 9A       		.byte	-102
 247 00df 0B       		.byte	11
 248 00e0 9C       		.byte	-100
 249 00e1 02       		.byte	2
 250 00e2 9E       		.byte	-98
 251 00e3 80       		.byte	-128
 252 00e4 A0       		.byte	-96
 253 00e5 20       		.byte	32
 254 00e6 A4       		.byte	-92
 255 00e7 10       		.byte	16
 256 00e8 A7       		.byte	-89
 257 00e9 01       		.byte	1
 258 00ea A8       		.byte	-88
 259 00eb 30       		.byte	48
 260 00ec B0       		.byte	-80
 261 00ed 03       		.byte	3
 262 00ee B2       		.byte	-78
 263 00ef 38       		.byte	56
 264 00f0 B4       		.byte	-76
 265 00f1 04       		.byte	4
 266 00f2 B6       		.byte	-74
 267 00f3 C0       		.byte	-64
 268 00f4 B7       		.byte	-73
 269 00f5 01       		.byte	1
 270 00f6 BE       		.byte	-66
 271 00f7 40       		.byte	64
 272 00f8 BF       		.byte	-65
 273 00f9 40       		.byte	64
 274 00fa C0       		.byte	-64
 275 00fb 46       		.byte	70
 276 00fc C1       		.byte	-63
 277 00fd 02       		.byte	2
 278 00fe C2       		.byte	-62
 279 00ff 03       		.byte	3
 280 0100 C4       		.byte	-60
 281 0101 01       		.byte	1
 282 0102 C6       		.byte	-58
 283 0103 0E       		.byte	14
 284 0104 C7       		.byte	-57
 285 0105 C0       		.byte	-64
ARM GAS  C:\Users\barror2\AppData\Local\Temp\cct6cxdx.s 			page 6


 286 0106 C8       		.byte	-56
 287 0107 24       		.byte	36
 288 0108 C9       		.byte	-55
 289 0109 FF       		.byte	-1
 290 010a CA       		.byte	-54
 291 010b FF       		.byte	-1
 292 010c CB       		.byte	-53
 293 010d FF       		.byte	-1
 294 010e CC       		.byte	-52
 295 010f 62       		.byte	98
 296 0110 CD       		.byte	-51
 297 0111 A0       		.byte	-96
 298 0112 CE       		.byte	-50
 299 0113 F0       		.byte	-16
 300 0114 CF       		.byte	-49
 301 0115 41       		.byte	65
 302 0116 D0       		.byte	-48
 303 0117 0C       		.byte	12
 304 0118 D6       		.byte	-42
 305 0119 02       		.byte	2
 306 011a D7       		.byte	-41
 307 011b 12       		.byte	18
 308 011c D8       		.byte	-40
 309 011d 04       		.byte	4
 310 011e D9       		.byte	-39
 311 011f 04       		.byte	4
 312 0120 DA       		.byte	-38
 313 0121 04       		.byte	4
 314 0122 DB       		.byte	-37
 315 0123 04       		.byte	4
 316 0124 DC       		.byte	-36
 317 0125 01       		.byte	1
 318 0126 DD       		.byte	-35
 319 0127 11       		.byte	17
 320 0128 DF       		.byte	-33
 321 0129 01       		.byte	1
 322 012a E6       		.byte	-26
 323 012b 40       		.byte	64
 324 012c E7       		.byte	-25
 325 012d 02       		.byte	2
 326 012e E9       		.byte	-23
 327 012f 10       		.byte	16
 328 0130 EA       		.byte	-22
 329 0131 30       		.byte	48
 330 0132 EB       		.byte	-21
 331 0133 10       		.byte	16
 332 0134 ED       		.byte	-19
 333 0135 10       		.byte	16
 334 0136 EE       		.byte	-18
 335 0137 10       		.byte	16
 336 0138 EF       		.byte	-17
 337 0139 12       		.byte	18
 338 013a 00       		.byte	0
 339 013b 4A       		.byte	74
 340 013c 03       		.byte	3
 341 013d 08       		.byte	8
 342 013e 05       		.byte	5
ARM GAS  C:\Users\barror2\AppData\Local\Temp\cct6cxdx.s 			page 7


 343 013f 01       		.byte	1
 344 0140 07       		.byte	7
 345 0141 10       		.byte	16
 346 0142 0A       		.byte	10
 347 0143 46       		.byte	70
 348 0144 0B       		.byte	11
 349 0145 10       		.byte	16
 350 0146 0D       		.byte	13
 351 0147 80       		.byte	-128
 352 0148 0E       		.byte	14
 353 0149 28       		.byte	40
 354 014a 10       		.byte	16
 355 014b 88       		.byte	-120
 356 014c 13       		.byte	19
 357 014d 04       		.byte	4
 358 014e 16       		.byte	22
 359 014f 09       		.byte	9
 360 0150 18       		.byte	24
 361 0151 11       		.byte	17
 362 0152 19       		.byte	25
 363 0153 0A       		.byte	10
 364 0154 1B       		.byte	27
 365 0155 20       		.byte	32
 366 0156 1D       		.byte	29
 367 0157 01       		.byte	1
 368 0158 1E       		.byte	30
 369 0159 08       		.byte	8
 370 015a 1F       		.byte	31
 371 015b 04       		.byte	4
 372 015c 23       		.byte	35
 373 015d 01       		.byte	1
 374 015e 27       		.byte	39
 375 015f 14       		.byte	20
 376 0160 28       		.byte	40
 377 0161 08       		.byte	8
 378 0162 29       		.byte	41
 379 0163 08       		.byte	8
 380 0164 2B       		.byte	43
 381 0165 08       		.byte	8
 382 0166 2F       		.byte	47
 383 0167 08       		.byte	8
 384 0168 38       		.byte	56
 385 0169 02       		.byte	2
 386 016a 3C       		.byte	60
 387 016b 84       		.byte	-124
 388 016c 3E       		.byte	62
 389 016d 44       		.byte	68
 390 016e 3F       		.byte	63
 391 016f 10       		.byte	16
 392 0170 40       		.byte	64
 393 0171 19       		.byte	25
 394 0172 42       		.byte	66
 395 0173 40       		.byte	64
 396 0174 48       		.byte	72
 397 0175 04       		.byte	4
 398 0176 49       		.byte	73
 399 0177 10       		.byte	16
ARM GAS  C:\Users\barror2\AppData\Local\Temp\cct6cxdx.s 			page 8


 400 0178 50       		.byte	80
 401 0179 01       		.byte	1
 402 017a 51       		.byte	81
 403 017b 80       		.byte	-128
 404 017c 5B       		.byte	91
 405 017d 04       		.byte	4
 406 017e 5D       		.byte	93
 407 017f 02       		.byte	2
 408 0180 67       		.byte	103
 409 0181 49       		.byte	73
 410 0182 69       		.byte	105
 411 0183 04       		.byte	4
 412 0184 6A       		.byte	106
 413 0185 90       		.byte	-112
 414 0186 70       		.byte	112
 415 0187 98       		.byte	-104
 416 0188 71       		.byte	113
 417 0189 04       		.byte	4
 418 018a 73       		.byte	115
 419 018b 04       		.byte	4
 420 018c 87       		.byte	-121
 421 018d 40       		.byte	64
 422 018e 98       		.byte	-104
 423 018f 80       		.byte	-128
 424 0190 A4       		.byte	-92
 425 0191 10       		.byte	16
 426 0192 C0       		.byte	-64
 427 0193 3F       		.byte	63
 428 0194 C2       		.byte	-62
 429 0195 EF       		.byte	-17
 430 0196 C4       		.byte	-60
 431 0197 CE       		.byte	-50
 432 0198 CA       		.byte	-54
 433 0199 22       		.byte	34
 434 019a CE       		.byte	-50
 435 019b 71       		.byte	113
 436 019c D0       		.byte	-48
 437 019d 0F       		.byte	15
 438 019e D2       		.byte	-46
 439 019f 04       		.byte	4
 440 01a0 D6       		.byte	-42
 441 01a1 82       		.byte	-126
 442 01a2 D8       		.byte	-40
 443 01a3 B0       		.byte	-80
 444 01a4 98       		.byte	-104
 445 01a5 80       		.byte	-128
 446 01a6 A4       		.byte	-92
 447 01a7 10       		.byte	16
 448 01a8 88       		.byte	-120
 449 01a9 10       		.byte	16
 450 01aa 98       		.byte	-104
 451 01ab 80       		.byte	-128
 452 01ac B0       		.byte	-80
 453 01ad 80       		.byte	-128
 454 01ae E6       		.byte	-26
 455 01af 10       		.byte	16
 456 01b0 E2       		.byte	-30
ARM GAS  C:\Users\barror2\AppData\Local\Temp\cct6cxdx.s 			page 9


 457 01b1 20       		.byte	32
 458 01b2 00       		.byte	0
 459 01b3 4D       		.byte	77
 460 01b4 01       		.byte	1
 461 01b5 02       		.byte	2
 462 01b6 02       		.byte	2
 463 01b7 80       		.byte	-128
 464 01b8 03       		.byte	3
 465 01b9 0D       		.byte	13
 466 01ba 04       		.byte	4
 467 01bb 12       		.byte	18
 468 01bc 05       		.byte	5
 469 01bd 09       		.byte	9
 470 01be 06       		.byte	6
 471 01bf 64       		.byte	100
 472 01c0 07       		.byte	7
 473 01c1 06       		.byte	6
 474 01c2 08       		.byte	8
 475 01c3 8D       		.byte	-115
 476 01c4 0A       		.byte	10
 477 01c5 40       		.byte	64
 478 01c6 0C       		.byte	12
 479 01c7 CD       		.byte	-51
 480 01c8 10       		.byte	16
 481 01c9 02       		.byte	2
 482 01ca 11       		.byte	17
 483 01cb 03       		.byte	3
 484 01cc 12       		.byte	18
 485 01cd 0D       		.byte	13
 486 01ce 13       		.byte	19
 487 01cf 0C       		.byte	12
 488 01d0 16       		.byte	22
 489 01d1 80       		.byte	-128
 490 01d2 18       		.byte	24
 491 01d3 CD       		.byte	-51
 492 01d4 19       		.byte	25
 493 01d5 05       		.byte	5
 494 01d6 1B       		.byte	27
 495 01d7 0A       		.byte	10
 496 01d8 1C       		.byte	28
 497 01d9 10       		.byte	16
 498 01da 1E       		.byte	30
 499 01db 60       		.byte	96
 500 01dc 20       		.byte	32
 501 01dd 01       		.byte	1
 502 01de 22       		.byte	34
 503 01df 32       		.byte	50
 504 01e0 28       		.byte	40
 505 01e1 72       		.byte	114
 506 01e2 2A       		.byte	42
 507 01e3 08       		.byte	8
 508 01e4 2C       		.byte	44
 509 01e5 CD       		.byte	-51
 510 01e6 30       		.byte	48
 511 01e7 0F       		.byte	15
 512 01e8 34       		.byte	52
 513 01e9 80       		.byte	-128
ARM GAS  C:\Users\barror2\AppData\Local\Temp\cct6cxdx.s 			page 10


 514 01ea 36       		.byte	54
 515 01eb 70       		.byte	112
 516 01ec 37       		.byte	55
 517 01ed 0F       		.byte	15
 518 01ee 3A       		.byte	58
 519 01ef 82       		.byte	-126
 520 01f0 3B       		.byte	59
 521 01f1 80       		.byte	-128
 522 01f2 3E       		.byte	62
 523 01f3 10       		.byte	16
 524 01f4 54       		.byte	84
 525 01f5 40       		.byte	64
 526 01f6 56       		.byte	86
 527 01f7 04       		.byte	4
 528 01f8 58       		.byte	88
 529 01f9 04       		.byte	4
 530 01fa 59       		.byte	89
 531 01fb 04       		.byte	4
 532 01fc 5B       		.byte	91
 533 01fd 04       		.byte	4
 534 01fe 5F       		.byte	95
 535 01ff 01       		.byte	1
 536 0200 80       		.byte	-128
 537 0201 0A       		.byte	10
 538 0202 81       		.byte	-127
 539 0203 E7       		.byte	-25
 540 0204 82       		.byte	-126
 541 0205 11       		.byte	17
 542 0206 83       		.byte	-125
 543 0207 18       		.byte	24
 544 0208 85       		.byte	-123
 545 0209 DC       		.byte	-36
 546 020a 87       		.byte	-121
 547 020b 21       		.byte	33
 548 020c 89       		.byte	-119
 549 020d 08       		.byte	8
 550 020e 8C       		.byte	-116
 551 020f 01       		.byte	1
 552 0210 8D       		.byte	-115
 553 0211 C0       		.byte	-64
 554 0212 8E       		.byte	-114
 555 0213 06       		.byte	6
 556 0214 90       		.byte	-112
 557 0215 20       		.byte	32
 558 0216 91       		.byte	-111
 559 0217 80       		.byte	-128
 560 0218 94       		.byte	-108
 561 0219 3F       		.byte	63
 562 021a 95       		.byte	-107
 563 021b 1C       		.byte	28
 564 021c 97       		.byte	-105
 565 021d E2       		.byte	-30
 566 021e 9B       		.byte	-101
 567 021f E3       		.byte	-29
 568 0220 9C       		.byte	-100
 569 0221 14       		.byte	20
 570 0222 9D       		.byte	-99
ARM GAS  C:\Users\barror2\AppData\Local\Temp\cct6cxdx.s 			page 11


 571 0223 10       		.byte	16
 572 0224 9E       		.byte	-98
 573 0225 09       		.byte	9
 574 0226 A3       		.byte	-93
 575 0227 04       		.byte	4
 576 0228 A4       		.byte	-92
 577 0229 3F       		.byte	63
 578 022a A5       		.byte	-91
 579 022b 18       		.byte	24
 580 022c A9       		.byte	-87
 581 022d FF       		.byte	-1
 582 022e AD       		.byte	-83
 583 022f 44       		.byte	68
 584 0230 B0       		.byte	-80
 585 0231 07       		.byte	7
 586 0232 B1       		.byte	-79
 587 0233 D8       		.byte	-40
 588 0234 B3       		.byte	-77
 589 0235 1F       		.byte	31
 590 0236 B4       		.byte	-76
 591 0237 20       		.byte	32
 592 0238 B5       		.byte	-75
 593 0239 38       		.byte	56
 594 023a B6       		.byte	-74
 595 023b 18       		.byte	24
 596 023c BA       		.byte	-70
 597 023d 08       		.byte	8
 598 023e BB       		.byte	-69
 599 023f 2A       		.byte	42
 600 0240 D8       		.byte	-40
 601 0241 04       		.byte	4
 602 0242 D9       		.byte	-39
 603 0243 04       		.byte	4
 604 0244 DB       		.byte	-37
 605 0245 04       		.byte	4
 606 0246 DC       		.byte	-36
 607 0247 11       		.byte	17
 608 0248 DF       		.byte	-33
 609 0249 01       		.byte	1
 610 024a 00       		.byte	0
 611 024b 42       		.byte	66
 612 024c 04       		.byte	4
 613 024d 8A       		.byte	-118
 614 024e 07       		.byte	7
 615 024f 04       		.byte	4
 616 0250 0A       		.byte	10
 617 0251 92       		.byte	-110
 618 0252 0C       		.byte	12
 619 0253 08       		.byte	8
 620 0254 0E       		.byte	14
 621 0255 4A       		.byte	74
 622 0256 11       		.byte	17
 623 0257 04       		.byte	4
 624 0258 12       		.byte	18
 625 0259 80       		.byte	-128
 626 025a 13       		.byte	19
 627 025b 01       		.byte	1
ARM GAS  C:\Users\barror2\AppData\Local\Temp\cct6cxdx.s 			page 12


 628 025c 16       		.byte	22
 629 025d 0A       		.byte	10
 630 025e 17       		.byte	23
 631 025f 01       		.byte	1
 632 0260 18       		.byte	24
 633 0261 40       		.byte	64
 634 0262 19       		.byte	25
 635 0263 10       		.byte	16
 636 0264 1A       		.byte	26
 637 0265 02       		.byte	2
 638 0266 1B       		.byte	27
 639 0267 08       		.byte	8
 640 0268 1E       		.byte	30
 641 0269 42       		.byte	66
 642 026a 1F       		.byte	31
 643 026b 10       		.byte	16
 644 026c 20       		.byte	32
 645 026d 84       		.byte	-124
 646 026e 21       		.byte	33
 647 026f 09       		.byte	9
 648 0270 23       		.byte	35
 649 0271 10       		.byte	16
 650 0272 26       		.byte	38
 651 0273 80       		.byte	-128
 652 0274 29       		.byte	41
 653 0275 46       		.byte	70
 654 0276 2B       		.byte	43
 655 0277 08       		.byte	8
 656 0278 30       		.byte	48
 657 0279 80       		.byte	-128
 658 027a 31       		.byte	49
 659 027b 18       		.byte	24
 660 027c 32       		.byte	50
 661 027d 01       		.byte	1
 662 027e 36       		.byte	54
 663 027f 10       		.byte	16
 664 0280 37       		.byte	55
 665 0281 01       		.byte	1
 666 0282 38       		.byte	56
 667 0283 64       		.byte	100
 668 0284 39       		.byte	57
 669 0285 02       		.byte	2
 670 0286 3E       		.byte	62
 671 0287 08       		.byte	8
 672 0288 3F       		.byte	63
 673 0289 01       		.byte	1
 674 028a 66       		.byte	102
 675 028b A0       		.byte	-96
 676 028c 67       		.byte	103
 677 028d 60       		.byte	96
 678 028e 68       		.byte	104
 679 028f 10       		.byte	16
 680 0290 69       		.byte	105
 681 0291 90       		.byte	-112
 682 0292 89       		.byte	-119
 683 0293 10       		.byte	16
 684 0294 8B       		.byte	-117
ARM GAS  C:\Users\barror2\AppData\Local\Temp\cct6cxdx.s 			page 13


 685 0295 40       		.byte	64
 686 0296 8D       		.byte	-115
 687 0297 43       		.byte	67
 688 0298 8F       		.byte	-113
 689 0299 20       		.byte	32
 690 029a 90       		.byte	-112
 691 029b 20       		.byte	32
 692 029c 91       		.byte	-111
 693 029d 04       		.byte	4
 694 029e 92       		.byte	-110
 695 029f 90       		.byte	-112
 696 02a0 94       		.byte	-108
 697 02a1 44       		.byte	68
 698 02a2 96       		.byte	-106
 699 02a3 02       		.byte	2
 700 02a4 97       		.byte	-105
 701 02a5 10       		.byte	16
 702 02a6 98       		.byte	-104
 703 02a7 80       		.byte	-128
 704 02a8 99       		.byte	-103
 705 02a9 05       		.byte	5
 706 02aa 9D       		.byte	-99
 707 02ab 10       		.byte	16
 708 02ac 9E       		.byte	-98
 709 02ad 09       		.byte	9
 710 02ae A0       		.byte	-96
 711 02af 80       		.byte	-128
 712 02b0 A3       		.byte	-93
 713 02b1 20       		.byte	32
 714 02b2 A4       		.byte	-92
 715 02b3 51       		.byte	81
 716 02b4 A6       		.byte	-90
 717 02b5 10       		.byte	16
 718 02b6 A7       		.byte	-89
 719 02b7 08       		.byte	8
 720 02b8 B6       		.byte	-74
 721 02b9 04       		.byte	4
 722 02ba C0       		.byte	-64
 723 02bb F9       		.byte	-7
 724 02bc C2       		.byte	-62
 725 02bd FD       		.byte	-3
 726 02be C4       		.byte	-60
 727 02bf D4       		.byte	-44
 728 02c0 CA       		.byte	-54
 729 02c1 0F       		.byte	15
 730 02c2 CC       		.byte	-52
 731 02c3 AF       		.byte	-81
 732 02c4 CE       		.byte	-50
 733 02c5 CF       		.byte	-49
 734 02c6 D8       		.byte	-40
 735 02c7 F0       		.byte	-16
 736 02c8 E2       		.byte	-30
 737 02c9 20       		.byte	32
 738 02ca 54       		.byte	84
 739 02cb 09       		.byte	9
 740 02cc 56       		.byte	86
 741 02cd 04       		.byte	4
ARM GAS  C:\Users\barror2\AppData\Local\Temp\cct6cxdx.s 			page 14


 742 02ce 5B       		.byte	91
 743 02cf 04       		.byte	4
 744 02d0 5F       		.byte	95
 745 02d1 01       		.byte	1
 746 02d2 04       		.byte	4
 747 02d3 02       		.byte	2
 748 02d4 05       		.byte	5
 749 02d5 90       		.byte	-112
 750 02d6 06       		.byte	6
 751 02d7 01       		.byte	1
 752 02d8 07       		.byte	7
 753 02d9 41       		.byte	65
 754 02da 0C       		.byte	12
 755 02db 04       		.byte	4
 756 02dc 0E       		.byte	14
 757 02dd 2A       		.byte	42
 758 02de 0F       		.byte	15
 759 02df 80       		.byte	-128
 760 02e0 15       		.byte	21
 761 02e1 01       		.byte	1
 762 02e2 16       		.byte	22
 763 02e3 02       		.byte	2
 764 02e4 17       		.byte	23
 765 02e5 24       		.byte	36
 766 02e6 1C       		.byte	28
 767 02e7 11       		.byte	17
 768 02e8 1D       		.byte	29
 769 02e9 18       		.byte	24
 770 02ea 1E       		.byte	30
 771 02eb 40       		.byte	64
 772 02ec 24       		.byte	36
 773 02ed 08       		.byte	8
 774 02ee 25       		.byte	37
 775 02ef 40       		.byte	64
 776 02f0 26       		.byte	38
 777 02f1 10       		.byte	16
 778 02f2 27       		.byte	39
 779 02f3 21       		.byte	33
 780 02f4 2C       		.byte	44
 781 02f5 04       		.byte	4
 782 02f6 2D       		.byte	45
 783 02f7 01       		.byte	1
 784 02f8 2F       		.byte	47
 785 02f9 02       		.byte	2
 786 02fa 36       		.byte	54
 787 02fb 01       		.byte	1
 788 02fc 37       		.byte	55
 789 02fd 64       		.byte	100
 790 02fe 3D       		.byte	61
 791 02ff 80       		.byte	-128
 792 0300 3E       		.byte	62
 793 0301 06       		.byte	6
 794 0302 44       		.byte	68
 795 0303 80       		.byte	-128
 796 0304 45       		.byte	69
 797 0305 08       		.byte	8
 798 0306 46       		.byte	70
ARM GAS  C:\Users\barror2\AppData\Local\Temp\cct6cxdx.s 			page 15


 799 0307 08       		.byte	8
 800 0308 47       		.byte	71
 801 0309 20       		.byte	32
 802 030a 4C       		.byte	76
 803 030b 04       		.byte	4
 804 030c 4D       		.byte	77
 805 030d 88       		.byte	-120
 806 030e 54       		.byte	84
 807 030f 08       		.byte	8
 808 0310 55       		.byte	85
 809 0311 01       		.byte	1
 810 0312 56       		.byte	86
 811 0313 20       		.byte	32
 812 0314 57       		.byte	87
 813 0315 42       		.byte	66
 814 0316 58       		.byte	88
 815 0317 02       		.byte	2
 816 0318 59       		.byte	89
 817 0319 28       		.byte	40
 818 031a 5A       		.byte	90
 819 031b 40       		.byte	64
 820 031c 60       		.byte	96
 821 031d 01       		.byte	1
 822 031e 61       		.byte	97
 823 031f 02       		.byte	2
 824 0320 67       		.byte	103
 825 0321 01       		.byte	1
 826 0322 6C       		.byte	108
 827 0323 41       		.byte	65
 828 0324 6D       		.byte	109
 829 0325 01       		.byte	1
 830 0326 6E       		.byte	110
 831 0327 0C       		.byte	12
 832 0328 6F       		.byte	111
 833 0329 04       		.byte	4
 834 032a 76       		.byte	118
 835 032b 02       		.byte	2
 836 032c 80       		.byte	-128
 837 032d 12       		.byte	18
 838 032e 81       		.byte	-127
 839 032f 10       		.byte	16
 840 0330 8D       		.byte	-115
 841 0331 23       		.byte	35
 842 0332 93       		.byte	-109
 843 0333 01       		.byte	1
 844 0334 94       		.byte	-108
 845 0335 8A       		.byte	-118
 846 0336 98       		.byte	-104
 847 0337 80       		.byte	-128
 848 0338 9E       		.byte	-98
 849 0339 2B       		.byte	43
 850 033a 9F       		.byte	-97
 851 033b 05       		.byte	5
 852 033c A2       		.byte	-94
 853 033d 01       		.byte	1
 854 033e A4       		.byte	-92
 855 033f 08       		.byte	8
ARM GAS  C:\Users\barror2\AppData\Local\Temp\cct6cxdx.s 			page 16


 856 0340 A6       		.byte	-90
 857 0341 14       		.byte	20
 858 0342 B0       		.byte	-80
 859 0343 01       		.byte	1
 860 0344 B1       		.byte	-79
 861 0345 40       		.byte	64
 862 0346 B4       		.byte	-76
 863 0347 08       		.byte	8
 864 0348 B6       		.byte	-74
 865 0349 80       		.byte	-128
 866 034a C0       		.byte	-64
 867 034b D0       		.byte	-48
 868 034c C2       		.byte	-62
 869 034d F0       		.byte	-16
 870 034e C4       		.byte	-60
 871 034f F0       		.byte	-16
 872 0350 CA       		.byte	-54
 873 0351 B0       		.byte	-80
 874 0352 CC       		.byte	-52
 875 0353 F0       		.byte	-16
 876 0354 CE       		.byte	-50
 877 0355 D0       		.byte	-48
 878 0356 D0       		.byte	-48
 879 0357 E0       		.byte	-32
 880 0358 D2       		.byte	-46
 881 0359 30       		.byte	48
 882 035a D6       		.byte	-42
 883 035b 0F       		.byte	15
 884 035c D8       		.byte	-40
 885 035d 19       		.byte	25
 886 035e E4       		.byte	-28
 887 035f 04       		.byte	4
 888 0360 E6       		.byte	-26
 889 0361 10       		.byte	16
 890 0362 30       		.byte	48
 891 0363 10       		.byte	16
 892 0364 33       		.byte	51
 893 0365 08       		.byte	8
 894 0366 37       		.byte	55
 895 0367 20       		.byte	32
 896 0368 CC       		.byte	-52
 897 0369 70       		.byte	112
 898 036a 9C       		.byte	-100
 899 036b 10       		.byte	16
 900 036c 9F       		.byte	-97
 901 036d 20       		.byte	32
 902 036e A7       		.byte	-89
 903 036f 08       		.byte	8
 904 0370 9C       		.byte	-100
 905 0371 10       		.byte	16
 906 0372 9F       		.byte	-97
 907 0373 20       		.byte	32
 908 0374 A7       		.byte	-89
 909 0375 08       		.byte	8
 910 0376 87       		.byte	-121
 911 0377 08       		.byte	8
 912 0378 9C       		.byte	-100
ARM GAS  C:\Users\barror2\AppData\Local\Temp\cct6cxdx.s 			page 17


 913 0379 10       		.byte	16
 914 037a 9F       		.byte	-97
 915 037b 20       		.byte	32
 916 037c A7       		.byte	-89
 917 037d 08       		.byte	8
 918 037e E6       		.byte	-26
 919 037f 40       		.byte	64
 920 0380 08       		.byte	8
 921 0381 10       		.byte	16
 922 0382 55       		.byte	85
 923 0383 20       		.byte	32
 924 0384 58       		.byte	88
 925 0385 20       		.byte	32
 926 0386 59       		.byte	89
 927 0387 08       		.byte	8
 928 0388 61       		.byte	97
 929 0389 02       		.byte	2
 930 038a 66       		.byte	102
 931 038b 02       		.byte	2
 932 038c C2       		.byte	-62
 933 038d 02       		.byte	2
 934 038e D4       		.byte	-44
 935 038f 03       		.byte	3
 936 0390 D6       		.byte	-42
 937 0391 02       		.byte	2
 938 0392 D8       		.byte	-40
 939 0393 03       		.byte	3
 940 0394 89       		.byte	-119
 941 0395 20       		.byte	32
 942 0396 9C       		.byte	-100
 943 0397 20       		.byte	32
 944 0398 9D       		.byte	-99
 945 0399 08       		.byte	8
 946 039a 9E       		.byte	-98
 947 039b 02       		.byte	2
 948 039c A5       		.byte	-91
 949 039d 22       		.byte	34
 950 039e B0       		.byte	-80
 951 039f 10       		.byte	16
 952 03a0 E4       		.byte	-28
 953 03a1 01       		.byte	1
 954 03a2 EA       		.byte	-22
 955 03a3 04       		.byte	4
 956 03a4 9C       		.byte	-100
 957 03a5 20       		.byte	32
 958 03a6 9D       		.byte	-99
 959 03a7 08       		.byte	8
 960 03a8 9E       		.byte	-98
 961 03a9 02       		.byte	2
 962 03aa A5       		.byte	-91
 963 03ab 02       		.byte	2
 964 03ac 9C       		.byte	-100
 965 03ad 20       		.byte	32
 966 03ae 9D       		.byte	-99
 967 03af 08       		.byte	8
 968 03b0 9E       		.byte	-98
 969 03b1 02       		.byte	2
ARM GAS  C:\Users\barror2\AppData\Local\Temp\cct6cxdx.s 			page 18


 970 03b2 A5       		.byte	-91
 971 03b3 02       		.byte	2
 972 03b4 88       		.byte	-120
 973 03b5 10       		.byte	16
 974 03b6 9C       		.byte	-100
 975 03b7 10       		.byte	16
 976 03b8 9F       		.byte	-97
 977 03b9 20       		.byte	32
 978 03ba 8F       		.byte	-113
 979 03bb 20       		.byte	32
 980 03bc 9F       		.byte	-97
 981 03bd 20       		.byte	32
 982 03be 01       		.byte	1
 983 03bf 10       		.byte	16
 984 03c0 88       		.byte	-120
 985 03c1 20       		.byte	32
 986 03c2 8C       		.byte	-116
 987 03c3 02       		.byte	2
 988 03c4 8D       		.byte	-115
 989 03c5 02       		.byte	2
 990 03c6 9C       		.byte	-100
 991 03c7 20       		.byte	32
 992 03c8 9D       		.byte	-99
 993 03c9 08       		.byte	8
 994 03ca A5       		.byte	-91
 995 03cb 02       		.byte	2
 996 03cc B6       		.byte	-74
 997 03cd 02       		.byte	2
 998 03ce C0       		.byte	-64
 999 03cf 02       		.byte	2
 1000 03d0 E0       		.byte	-32
 1001 03d1 01       		.byte	1
 1002 03d2 E4       		.byte	-28
 1003 03d3 0A       		.byte	10
 1004 03d4 E8       		.byte	-24
 1005 03d5 02       		.byte	2
 1006 03d6 74       		.byte	116
 1007 03d7 02       		.byte	2
 1008 03d8 81       		.byte	-127
 1009 03d9 08       		.byte	8
 1010 03da 9D       		.byte	-99
 1011 03db 08       		.byte	8
 1012 03dc A0       		.byte	-96
 1013 03dd 02       		.byte	2
 1014 03de B1       		.byte	-79
 1015 03df 10       		.byte	16
 1016 03e0 DE       		.byte	-34
 1017 03e1 04       		.byte	4
 1018 03e2 EA       		.byte	-22
 1019 03e3 01       		.byte	1
 1020 03e4 00       		.byte	0
 1021 03e5 03       		.byte	3
 1022 03e6 0C       		.byte	12
 1023 03e7 03       		.byte	3
 1024 03e8 10       		.byte	16
 1025 03e9 03       		.byte	3
 1026 03ea 1C       		.byte	28
ARM GAS  C:\Users\barror2\AppData\Local\Temp\cct6cxdx.s 			page 19


 1027 03eb 03       		.byte	3
 1028 03ec 00       		.byte	0
 1029 03ed 3F       		.byte	63
 1030 03ee 00       		.byte	0
 1031 03ef 00       		.byte	0
 1032 03f0 04       		.byte	4
 1033 03f1 16       		.byte	22
 1034 03f2 80       		.byte	-128
 1035 03f3 00       		.byte	0
 1036 03f4 00       		.byte	0
 1037 03f5 12       		.byte	18
 1038 03f6 00       		.byte	0
 1039 03f7 04       		.byte	4
 1040 03f8 01       		.byte	1
 1041 03f9 00       		.byte	0
 1042 03fa 00       		.byte	0
 1043 03fb 00       		.byte	0
 1044 03fc 07       		.byte	7
 1045 03fd 27       		.byte	39
 1046 03fe 38       		.byte	56
 1047 03ff 48       		.byte	72
 1048 0400 60       		.byte	96
 1049 0401 12       		.byte	18
 1050 0402 00       		.byte	0
 1051 0403 00       		.byte	0
 1052 0404 0A       		.byte	10
 1053 0405 04       		.byte	4
 1054 0406 10       		.byte	16
 1055 0407 12       		.byte	18
 1056 0408 84       		.byte	-124
 1057 0409 9A       		.byte	-102
 1058 040a 00       		.byte	0
 1059 040b 05       		.byte	5
 1060 040c 04       		.byte	4
 1061 040d 12       		.byte	18
 1062 040e 00       		.byte	0
 1063 040f 04       		.byte	4
 1064 0410 84       		.byte	-124
 1065 0411 16       		.byte	22
 1066 0412 00       		.byte	0
 1067 0413 00       		.byte	0
 1068 0414 80       		.byte	-128
 1069 0415 00       		.byte	0
 1070 0416 04       		.byte	4
 1071 0417 00       		.byte	0
 1072 0418 56       		.byte	86
 1073 0419 C1       		.byte	-63
 1074 041a 09       		.byte	9
 1075 041b 32       		.byte	50
 1076 041c 84       		.byte	-124
 1077 041d 84       		.byte	-124
 1078 041e 00       		.byte	0
 1079 041f 00       		.byte	0
 1080 0420 08       		.byte	8
 1081 0421 00       		.byte	0
 1082 0422 80       		.byte	-128
 1083 0423 E0       		.byte	-32
ARM GAS  C:\Users\barror2\AppData\Local\Temp\cct6cxdx.s 			page 20


 1084 0424 7F       		.byte	127
 1085 0425 1D       		.byte	29
 1086 0426 02       		.byte	2
 1087 0427 07       		.byte	7
 1088 0428 20       		.byte	32
 1089 0429 00       		.byte	0
 1090 042a 00       		.byte	0
 1091 042b 28       		.byte	40
 1092 042c 00       		.byte	0
 1093 042d 00       		.byte	0
 1094 042e 45       		.byte	69
 1095 042f 00       		.byte	0
 1096 0430 62       		.byte	98
 1097 0431 05       		.byte	5
 1098 0432 30       		.byte	48
 1099 0433 00       		.byte	0
 1100 0434 04       		.byte	4
 1101 0435 0E       		.byte	14
 1102 0436 FB       		.byte	-5
 1103 0437 CD       		.byte	-51
 1104 0438 3D       		.byte	61
 1105 0439 FF       		.byte	-1
 1106 043a FF       		.byte	-1
 1107 043b FF       		.byte	-1
 1108 043c 22       		.byte	34
 1109 043d 00       		.byte	0
 1110 043e F0       		.byte	-16
 1111 043f 08       		.byte	8
 1112 0440 04       		.byte	4
 1113 0441 00       		.byte	0
 1114 0442 00       		.byte	0
 1115 0443 00       		.byte	0
 1116 0444 00       		.byte	0
 1117 0445 00       		.byte	0
 1118 0446 02       		.byte	2
 1119 0447 20       		.byte	32
 1120 0448 04       		.byte	4
 1121 0449 04       		.byte	4
 1122 044a 04       		.byte	4
 1123 044b 04       		.byte	4
 1124 044c 00       		.byte	0
 1125 044d 00       		.byte	0
 1126 044e 00       		.byte	0
 1127 044f 01       		.byte	1
 1128 0450 00       		.byte	0
 1129 0451 00       		.byte	0
 1130 0452 C0       		.byte	-64
 1131 0453 00       		.byte	0
 1132 0454 40       		.byte	64
 1133 0455 01       		.byte	1
 1134 0456 10       		.byte	16
 1135 0457 11       		.byte	17
 1136 0458 C0       		.byte	-64
 1137 0459 01       		.byte	1
 1138 045a 00       		.byte	0
 1139 045b 11       		.byte	17
 1140 045c 40       		.byte	64
ARM GAS  C:\Users\barror2\AppData\Local\Temp\cct6cxdx.s 			page 21


 1141 045d 01       		.byte	1
 1142 045e 40       		.byte	64
 1143 045f 01       		.byte	1
 1144 0460 00       		.byte	0
 1145 0461 00       		.byte	0
 1146 0462 00       		.byte	0
 1147 0463 00       		.byte	0
 1148 0464 00       		.byte	0
 1149 0465 00       		.byte	0
 1150 0466 00       		.byte	0
 1151 0467 00       		.byte	0
 1152 0468 00       		.byte	0
 1153 0469 00       		.byte	0
 1154 046a 00       		.byte	0
 1155 046b 00       		.byte	0
 1156 046c 00       		.byte	0
 1157 046d 00       		.byte	0
 1158 046e 00       		.byte	0
 1159 046f 00       		.byte	0
 1160 0470 00       		.byte	0
 1161 0471 40       		.byte	64
 1162 0472 40       		.byte	64
 1163 0473 00       		.byte	0
 1164 0474 40       		.byte	64
 1165 0475 00       		.byte	0
 1166 0476 00       		.byte	0
 1167 0477 00       		.byte	0
 1168 0478 04       		.byte	4
 1169 0479 00       		.byte	0
 1170 047a 00       		.byte	0
 1171 047b 00       		.byte	0
 1172 047c 00       		.byte	0
 1173 047d 00       		.byte	0
 1174 047e 00       		.byte	0
 1175 047f 00       		.byte	0
 1176 0480 40       		.byte	64
 1177 0481 BC       		.byte	-68
 1178 0482 BC       		.byte	-68
 1179 0483 00       		.byte	0
 1180 0484 BC       		.byte	-68
 1181 0485 00       		.byte	0
 1182 0486 00       		.byte	0
 1183 0487 00       		.byte	0
 1184              		.global	cy_meta_custnvl
 1185              		.section	.cycustnvl,"a",%progbits
 1186              		.align	2
 1187              		.type	cy_meta_custnvl, %object
 1188              		.size	cy_meta_custnvl, 4
 1189              	cy_meta_custnvl:
 1190 0000 00       		.byte	0
 1191 0001 00       		.byte	0
 1192 0002 40       		.byte	64
 1193 0003 05       		.byte	5
 1194              		.global	cy_meta_wonvl
 1195              		.section	.cywolatch,"a",%progbits
 1196              		.align	2
 1197              		.type	cy_meta_wonvl, %object
ARM GAS  C:\Users\barror2\AppData\Local\Temp\cct6cxdx.s 			page 22


 1198              		.size	cy_meta_wonvl, 4
 1199              	cy_meta_wonvl:
 1200 0000 BC       		.byte	-68
 1201 0001 90       		.byte	-112
 1202 0002 AC       		.byte	-84
 1203 0003 AF       		.byte	-81
 1204              		.global	cy_meta_flashprotect
 1205              		.section	.cyflashprotect,"a",%progbits
 1206              		.align	2
 1207              		.type	cy_meta_flashprotect, %object
 1208              		.size	cy_meta_flashprotect, 256
 1209              	cy_meta_flashprotect:
 1210 0000 00000000 		.space	256
 1210      00000000 
 1210      00000000 
 1210      00000000 
 1210      00000000 
 1211              		.global	cy_metadata
 1212              		.section	.cymeta,"a",%progbits
 1213              		.align	2
 1214              		.type	cy_metadata, %object
 1215              		.size	cy_metadata, 12
 1216              	cy_metadata:
 1217 0000 00       		.byte	0
 1218 0001 01       		.byte	1
 1219 0002 2E       		.byte	46
 1220 0003 12       		.byte	18
 1221 0004 30       		.byte	48
 1222 0005 69       		.byte	105
 1223 0006 00       		.byte	0
 1224 0007 01       		.byte	1
 1225 0008 00       		.byte	0
 1226 0009 00       		.byte	0
 1227 000a 00       		.byte	0
 1228 000b 00       		.byte	0
 1229              		.text
 1230              	.Letext0:
 1231              		.file 1 ".\\Generated_Source\\PSoC5\\cymetadata.c"
 1232              		.file 2 ".\\Generated_Source\\PSoC5\\cytypes.h"
 1233              		.section	.debug_info,"",%progbits
 1234              	.Ldebug_info0:
 1235 0000 3B010000 		.4byte	0x13b
 1236 0004 0200     		.2byte	0x2
 1237 0006 00000000 		.4byte	.Ldebug_abbrev0
 1238 000a 04       		.byte	0x4
 1239 000b 01       		.uleb128 0x1
 1240 000c 62010000 		.4byte	.LASF18
 1241 0010 01       		.byte	0x1
 1242 0011 5B000000 		.4byte	.LASF19
 1243 0015 00000000 		.4byte	.LASF20
 1244 0019 00000000 		.4byte	.Ldebug_line0
 1245 001d 02       		.uleb128 0x2
 1246 001e 01       		.byte	0x1
 1247 001f 06       		.byte	0x6
 1248 0020 B4010000 		.4byte	.LASF0
 1249 0024 02       		.uleb128 0x2
 1250 0025 01       		.byte	0x1
ARM GAS  C:\Users\barror2\AppData\Local\Temp\cct6cxdx.s 			page 23


 1251 0026 08       		.byte	0x8
 1252 0027 93000000 		.4byte	.LASF1
 1253 002b 02       		.uleb128 0x2
 1254 002c 02       		.byte	0x2
 1255 002d 05       		.byte	0x5
 1256 002e 52010000 		.4byte	.LASF2
 1257 0032 02       		.uleb128 0x2
 1258 0033 02       		.byte	0x2
 1259 0034 07       		.byte	0x7
 1260 0035 B3000000 		.4byte	.LASF3
 1261 0039 02       		.uleb128 0x2
 1262 003a 04       		.byte	0x4
 1263 003b 05       		.byte	0x5
 1264 003c AB010000 		.4byte	.LASF4
 1265 0040 02       		.uleb128 0x2
 1266 0041 04       		.byte	0x4
 1267 0042 07       		.byte	0x7
 1268 0043 A1000000 		.4byte	.LASF5
 1269 0047 02       		.uleb128 0x2
 1270 0048 08       		.byte	0x8
 1271 0049 05       		.byte	0x5
 1272 004a 3F010000 		.4byte	.LASF6
 1273 004e 02       		.uleb128 0x2
 1274 004f 08       		.byte	0x8
 1275 0050 07       		.byte	0x7
 1276 0051 FC000000 		.4byte	.LASF7
 1277 0055 03       		.uleb128 0x3
 1278 0056 04       		.byte	0x4
 1279 0057 05       		.byte	0x5
 1280 0058 696E7400 		.ascii	"int\000"
 1281 005c 02       		.uleb128 0x2
 1282 005d 04       		.byte	0x4
 1283 005e 07       		.byte	0x7
 1284 005f EF000000 		.4byte	.LASF8
 1285 0063 04       		.uleb128 0x4
 1286 0064 5C010000 		.4byte	.LASF21
 1287 0068 02       		.byte	0x2
 1288 0069 5B       		.byte	0x5b
 1289 006a 24000000 		.4byte	0x24
 1290 006e 02       		.uleb128 0x2
 1291 006f 04       		.byte	0x4
 1292 0070 04       		.byte	0x4
 1293 0071 8D000000 		.4byte	.LASF9
 1294 0075 02       		.uleb128 0x2
 1295 0076 08       		.byte	0x8
 1296 0077 04       		.byte	0x4
 1297 0078 C6000000 		.4byte	.LASF10
 1298 007c 02       		.uleb128 0x2
 1299 007d 01       		.byte	0x1
 1300 007e 08       		.byte	0x8
 1301 007f 4D010000 		.4byte	.LASF11
 1302 0083 05       		.uleb128 0x5
 1303 0084 63000000 		.4byte	0x63
 1304 0088 94000000 		.4byte	0x94
 1305 008c 06       		.uleb128 0x6
 1306 008d 94000000 		.4byte	0x94
 1307 0091 8704     		.2byte	0x487
ARM GAS  C:\Users\barror2\AppData\Local\Temp\cct6cxdx.s 			page 24


 1308 0093 00       		.byte	0
 1309 0094 02       		.uleb128 0x2
 1310 0095 04       		.byte	0x4
 1311 0096 07       		.byte	0x7
 1312 0097 36010000 		.4byte	.LASF12
 1313 009b 07       		.uleb128 0x7
 1314 009c DD000000 		.4byte	.LASF13
 1315 00a0 01       		.byte	0x1
 1316 00a1 1C       		.byte	0x1c
 1317 00a2 AD000000 		.4byte	0xad
 1318 00a6 01       		.byte	0x1
 1319 00a7 05       		.byte	0x5
 1320 00a8 03       		.byte	0x3
 1321 00a9 00000000 		.4byte	cy_meta_configecc
 1322 00ad 08       		.uleb128 0x8
 1323 00ae 83000000 		.4byte	0x83
 1324 00b2 05       		.uleb128 0x5
 1325 00b3 63000000 		.4byte	0x63
 1326 00b7 C2000000 		.4byte	0xc2
 1327 00bb 09       		.uleb128 0x9
 1328 00bc 94000000 		.4byte	0x94
 1329 00c0 03       		.byte	0x3
 1330 00c1 00       		.byte	0
 1331 00c2 07       		.uleb128 0x7
 1332 00c3 CD000000 		.4byte	.LASF14
 1333 00c7 01       		.byte	0x1
 1334 00c8 B7       		.byte	0xb7
 1335 00c9 D4000000 		.4byte	0xd4
 1336 00cd 01       		.byte	0x1
 1337 00ce 05       		.byte	0x5
 1338 00cf 03       		.byte	0x3
 1339 00d0 00000000 		.4byte	cy_meta_custnvl
 1340 00d4 08       		.uleb128 0x8
 1341 00d5 B2000000 		.4byte	0xb2
 1342 00d9 07       		.uleb128 0x7
 1343 00da 28010000 		.4byte	.LASF15
 1344 00de 01       		.byte	0x1
 1345 00df C2       		.byte	0xc2
 1346 00e0 EB000000 		.4byte	0xeb
 1347 00e4 01       		.byte	0x1
 1348 00e5 05       		.byte	0x5
 1349 00e6 03       		.byte	0x3
 1350 00e7 00000000 		.4byte	cy_meta_wonvl
 1351 00eb 08       		.uleb128 0x8
 1352 00ec B2000000 		.4byte	0xb2
 1353 00f0 05       		.uleb128 0x5
 1354 00f1 63000000 		.4byte	0x63
 1355 00f5 00010000 		.4byte	0x100
 1356 00f9 09       		.uleb128 0x9
 1357 00fa 94000000 		.4byte	0x94
 1358 00fe FF       		.byte	0xff
 1359 00ff 00       		.byte	0
 1360 0100 07       		.uleb128 0x7
 1361 0101 13010000 		.4byte	.LASF16
 1362 0105 01       		.byte	0x1
 1363 0106 CD       		.byte	0xcd
 1364 0107 12010000 		.4byte	0x112
ARM GAS  C:\Users\barror2\AppData\Local\Temp\cct6cxdx.s 			page 25


 1365 010b 01       		.byte	0x1
 1366 010c 05       		.byte	0x5
 1367 010d 03       		.byte	0x3
 1368 010e 00000000 		.4byte	cy_meta_flashprotect
 1369 0112 08       		.uleb128 0x8
 1370 0113 F0000000 		.4byte	0xf0
 1371 0117 05       		.uleb128 0x5
 1372 0118 63000000 		.4byte	0x63
 1373 011c 27010000 		.4byte	0x127
 1374 0120 09       		.uleb128 0x9
 1375 0121 94000000 		.4byte	0x94
 1376 0125 0B       		.byte	0xb
 1377 0126 00       		.byte	0
 1378 0127 07       		.uleb128 0x7
 1379 0128 81000000 		.4byte	.LASF17
 1380 012c 01       		.byte	0x1
 1381 012d F7       		.byte	0xf7
 1382 012e 39010000 		.4byte	0x139
 1383 0132 01       		.byte	0x1
 1384 0133 05       		.byte	0x5
 1385 0134 03       		.byte	0x3
 1386 0135 00000000 		.4byte	cy_metadata
 1387 0139 08       		.uleb128 0x8
 1388 013a 17010000 		.4byte	0x117
 1389 013e 00       		.byte	0
 1390              		.section	.debug_abbrev,"",%progbits
 1391              	.Ldebug_abbrev0:
 1392 0000 01       		.uleb128 0x1
 1393 0001 11       		.uleb128 0x11
 1394 0002 01       		.byte	0x1
 1395 0003 25       		.uleb128 0x25
 1396 0004 0E       		.uleb128 0xe
 1397 0005 13       		.uleb128 0x13
 1398 0006 0B       		.uleb128 0xb
 1399 0007 03       		.uleb128 0x3
 1400 0008 0E       		.uleb128 0xe
 1401 0009 1B       		.uleb128 0x1b
 1402 000a 0E       		.uleb128 0xe
 1403 000b 10       		.uleb128 0x10
 1404 000c 06       		.uleb128 0x6
 1405 000d 00       		.byte	0
 1406 000e 00       		.byte	0
 1407 000f 02       		.uleb128 0x2
 1408 0010 24       		.uleb128 0x24
 1409 0011 00       		.byte	0
 1410 0012 0B       		.uleb128 0xb
 1411 0013 0B       		.uleb128 0xb
 1412 0014 3E       		.uleb128 0x3e
 1413 0015 0B       		.uleb128 0xb
 1414 0016 03       		.uleb128 0x3
 1415 0017 0E       		.uleb128 0xe
 1416 0018 00       		.byte	0
 1417 0019 00       		.byte	0
 1418 001a 03       		.uleb128 0x3
 1419 001b 24       		.uleb128 0x24
 1420 001c 00       		.byte	0
 1421 001d 0B       		.uleb128 0xb
ARM GAS  C:\Users\barror2\AppData\Local\Temp\cct6cxdx.s 			page 26


 1422 001e 0B       		.uleb128 0xb
 1423 001f 3E       		.uleb128 0x3e
 1424 0020 0B       		.uleb128 0xb
 1425 0021 03       		.uleb128 0x3
 1426 0022 08       		.uleb128 0x8
 1427 0023 00       		.byte	0
 1428 0024 00       		.byte	0
 1429 0025 04       		.uleb128 0x4
 1430 0026 16       		.uleb128 0x16
 1431 0027 00       		.byte	0
 1432 0028 03       		.uleb128 0x3
 1433 0029 0E       		.uleb128 0xe
 1434 002a 3A       		.uleb128 0x3a
 1435 002b 0B       		.uleb128 0xb
 1436 002c 3B       		.uleb128 0x3b
 1437 002d 0B       		.uleb128 0xb
 1438 002e 49       		.uleb128 0x49
 1439 002f 13       		.uleb128 0x13
 1440 0030 00       		.byte	0
 1441 0031 00       		.byte	0
 1442 0032 05       		.uleb128 0x5
 1443 0033 01       		.uleb128 0x1
 1444 0034 01       		.byte	0x1
 1445 0035 49       		.uleb128 0x49
 1446 0036 13       		.uleb128 0x13
 1447 0037 01       		.uleb128 0x1
 1448 0038 13       		.uleb128 0x13
 1449 0039 00       		.byte	0
 1450 003a 00       		.byte	0
 1451 003b 06       		.uleb128 0x6
 1452 003c 21       		.uleb128 0x21
 1453 003d 00       		.byte	0
 1454 003e 49       		.uleb128 0x49
 1455 003f 13       		.uleb128 0x13
 1456 0040 2F       		.uleb128 0x2f
 1457 0041 05       		.uleb128 0x5
 1458 0042 00       		.byte	0
 1459 0043 00       		.byte	0
 1460 0044 07       		.uleb128 0x7
 1461 0045 34       		.uleb128 0x34
 1462 0046 00       		.byte	0
 1463 0047 03       		.uleb128 0x3
 1464 0048 0E       		.uleb128 0xe
 1465 0049 3A       		.uleb128 0x3a
 1466 004a 0B       		.uleb128 0xb
 1467 004b 3B       		.uleb128 0x3b
 1468 004c 0B       		.uleb128 0xb
 1469 004d 49       		.uleb128 0x49
 1470 004e 13       		.uleb128 0x13
 1471 004f 3F       		.uleb128 0x3f
 1472 0050 0C       		.uleb128 0xc
 1473 0051 02       		.uleb128 0x2
 1474 0052 0A       		.uleb128 0xa
 1475 0053 00       		.byte	0
 1476 0054 00       		.byte	0
 1477 0055 08       		.uleb128 0x8
 1478 0056 26       		.uleb128 0x26
ARM GAS  C:\Users\barror2\AppData\Local\Temp\cct6cxdx.s 			page 27


 1479 0057 00       		.byte	0
 1480 0058 49       		.uleb128 0x49
 1481 0059 13       		.uleb128 0x13
 1482 005a 00       		.byte	0
 1483 005b 00       		.byte	0
 1484 005c 09       		.uleb128 0x9
 1485 005d 21       		.uleb128 0x21
 1486 005e 00       		.byte	0
 1487 005f 49       		.uleb128 0x49
 1488 0060 13       		.uleb128 0x13
 1489 0061 2F       		.uleb128 0x2f
 1490 0062 0B       		.uleb128 0xb
 1491 0063 00       		.byte	0
 1492 0064 00       		.byte	0
 1493 0065 00       		.byte	0
 1494              		.section	.debug_aranges,"",%progbits
 1495 0000 14000000 		.4byte	0x14
 1496 0004 0200     		.2byte	0x2
 1497 0006 00000000 		.4byte	.Ldebug_info0
 1498 000a 04       		.byte	0x4
 1499 000b 00       		.byte	0
 1500 000c 0000     		.2byte	0
 1501 000e 0000     		.2byte	0
 1502 0010 00000000 		.4byte	0
 1503 0014 00000000 		.4byte	0
 1504              		.section	.debug_line,"",%progbits
 1505              	.Ldebug_line0:
 1506 0000 4F000000 		.section	.debug_str,"MS",%progbits,1
 1506      02004900 
 1506      00000201 
 1506      FB0E0D00 
 1506      01010101 
 1507              	.LASF20:
 1508 0000 433A5C55 		.ascii	"C:\\Users\\barror2\\Dropbox\\RPiSoC\\Projects\\tft_"
 1508      73657273 
 1508      5C626172 
 1508      726F7232 
 1508      5C44726F 
 1509 002d 74657374 		.ascii	"test.Bundle01_Rev_b - touch\\tft_twitter.cydsn\000"
 1509      2E42756E 
 1509      646C6530 
 1509      315F5265 
 1509      765F6220 
 1510              	.LASF19:
 1511 005b 2E5C4765 		.ascii	".\\Generated_Source\\PSoC5\\cymetadata.c\000"
 1511      6E657261 
 1511      7465645F 
 1511      536F7572 
 1511      63655C50 
 1512              	.LASF17:
 1513 0081 63795F6D 		.ascii	"cy_metadata\000"
 1513      65746164 
 1513      61746100 
 1514              	.LASF9:
 1515 008d 666C6F61 		.ascii	"float\000"
 1515      7400
 1516              	.LASF1:
ARM GAS  C:\Users\barror2\AppData\Local\Temp\cct6cxdx.s 			page 28


 1517 0093 756E7369 		.ascii	"unsigned char\000"
 1517      676E6564 
 1517      20636861 
 1517      7200
 1518              	.LASF5:
 1519 00a1 6C6F6E67 		.ascii	"long unsigned int\000"
 1519      20756E73 
 1519      69676E65 
 1519      6420696E 
 1519      7400
 1520              	.LASF3:
 1521 00b3 73686F72 		.ascii	"short unsigned int\000"
 1521      7420756E 
 1521      7369676E 
 1521      65642069 
 1521      6E7400
 1522              	.LASF10:
 1523 00c6 646F7562 		.ascii	"double\000"
 1523      6C6500
 1524              	.LASF14:
 1525 00cd 63795F6D 		.ascii	"cy_meta_custnvl\000"
 1525      6574615F 
 1525      63757374 
 1525      6E766C00 
 1526              	.LASF13:
 1527 00dd 63795F6D 		.ascii	"cy_meta_configecc\000"
 1527      6574615F 
 1527      636F6E66 
 1527      69676563 
 1527      6300
 1528              	.LASF8:
 1529 00ef 756E7369 		.ascii	"unsigned int\000"
 1529      676E6564 
 1529      20696E74 
 1529      00
 1530              	.LASF7:
 1531 00fc 6C6F6E67 		.ascii	"long long unsigned int\000"
 1531      206C6F6E 
 1531      6720756E 
 1531      7369676E 
 1531      65642069 
 1532              	.LASF16:
 1533 0113 63795F6D 		.ascii	"cy_meta_flashprotect\000"
 1533      6574615F 
 1533      666C6173 
 1533      6870726F 
 1533      74656374 
 1534              	.LASF15:
 1535 0128 63795F6D 		.ascii	"cy_meta_wonvl\000"
 1535      6574615F 
 1535      776F6E76 
 1535      6C00
 1536              	.LASF12:
 1537 0136 73697A65 		.ascii	"sizetype\000"
 1537      74797065 
 1537      00
 1538              	.LASF6:
ARM GAS  C:\Users\barror2\AppData\Local\Temp\cct6cxdx.s 			page 29


 1539 013f 6C6F6E67 		.ascii	"long long int\000"
 1539      206C6F6E 
 1539      6720696E 
 1539      7400
 1540              	.LASF11:
 1541 014d 63686172 		.ascii	"char\000"
 1541      00
 1542              	.LASF2:
 1543 0152 73686F72 		.ascii	"short int\000"
 1543      7420696E 
 1543      7400
 1544              	.LASF21:
 1545 015c 75696E74 		.ascii	"uint8\000"
 1545      3800
 1546              	.LASF18:
 1547 0162 474E5520 		.ascii	"GNU C 4.7.3 20130312 (release) [ARM/embedded-4_7-br"
 1547      4320342E 
 1547      372E3320 
 1547      32303133 
 1547      30333132 
 1548 0195 616E6368 		.ascii	"anch revision 196615]\000"
 1548      20726576 
 1548      6973696F 
 1548      6E203139 
 1548      36363135 
 1549              	.LASF4:
 1550 01ab 6C6F6E67 		.ascii	"long int\000"
 1550      20696E74 
 1550      00
 1551              	.LASF0:
 1552 01b4 7369676E 		.ascii	"signed char\000"
 1552      65642063 
 1552      68617200 
 1553              		.ident	"GCC: (GNU Tools for ARM Embedded Processors) 4.7.3 20130312 (release) [ARM/embedded-4_7-br
