--------------- Rebuild Started: 06/30/2014 14:23:45 Project: tft_twitter, Configuration: ARM GCC 4.7.3 Debug ---------------
Deleting file ".\ARM_GCC_473\Debug\main.o"
Deleting file ".\ARM_GCC_473\Debug\cyfitter_cfg.o"
Deleting file ".\ARM_GCC_473\Debug\cymetadata.o"
Deleting file ".\ARM_GCC_473\Debug\TFTSHIELD_1.o"
Deleting file ".\ARM_GCC_473\Debug\miso.o"
Deleting file ".\ARM_GCC_473\Debug\Clock_1.o"
Deleting file ".\ARM_GCC_473\Debug\ss.o"
Deleting file ".\ARM_GCC_473\Debug\sclk.o"
Deleting file ".\ARM_GCC_473\Debug\mosi.o"
Deleting file ".\ARM_GCC_473\Debug\cs.o"
Deleting file ".\ARM_GCC_473\Debug\dc.o"
Deleting file ".\ARM_GCC_473\Debug\bck.o"
Deleting file ".\ARM_GCC_473\Debug\UART_1.o"
Deleting file ".\ARM_GCC_473\Debug\UART_1_PM.o"
Deleting file ".\ARM_GCC_473\Debug\UART_1_INT.o"
Deleting file ".\ARM_GCC_473\Debug\UART_1_BOOT.o"
Deleting file ".\ARM_GCC_473\Debug\RX.o"
Deleting file ".\ARM_GCC_473\Debug\TFTSHIELD_1_SPIM_1.o"
Deleting file ".\ARM_GCC_473\Debug\TFTSHIELD_1_SPIM_1_PM.o"
Deleting file ".\ARM_GCC_473\Debug\TFTSHIELD_1_SPIM_1_INT.o"
Deleting file ".\ARM_GCC_473\Debug\TFTSHIELD_1_CR_1.o"
Deleting file ".\ARM_GCC_473\Debug\UART_1_IntClock.o"
Deleting file ".\ARM_GCC_473\Debug\Cm3Start.o"
Deleting file ".\ARM_GCC_473\Debug\CyBootAsmGnu.o"
Deleting file ".\ARM_GCC_473\Debug\CyDmac.o"
Deleting file ".\ARM_GCC_473\Debug\CyFlash.o"
Deleting file ".\ARM_GCC_473\Debug\CyLib.o"
Deleting file ".\ARM_GCC_473\Debug\cyPm.o"
Deleting file ".\ARM_GCC_473\Debug\CySpc.o"
Deleting file ".\ARM_GCC_473\Debug\cyutils.o"
Deleting file ".\ARM_GCC_473\Debug\tft_twitter.hex"
Deleting file ".\ARM_GCC_473\Debug\tft_twitter.elf"
Deleting file ".\ARM_GCC_473\Debug\tft_twitter.map"
Deleting file ".\tft_twitter.cycdx"
Deleting file ".\tft_twitter.svd"
Deleting file ".\tft_twitter.rpt"
Deleting file ".\tft_twitter_timing.html"
Deleting file ".\ARM_GCC_473\Debug\.deps\C_FILE.P"
Deleting file ".\ARM_GCC_473\Debug\.deps\ARM_C_FILE.P"
Deleting file ".\ARM_GCC_473\Debug\.deps\GNU_ARM_ASM_FILE.P"
cydsfit.exe "-.appdatapath" "C:\Users\Brian\AppData\Local\Cypress Semiconductor\PSoC Creator\3.0" "-.fdsnotice" "-.fdswarpdepfile=warp_dependencies.txt" "-.fdselabdepfile=elab_dependencies.txt" "-.fdsbldfile=generated_files.txt" "-p" "C:\Users\Brian\Dropbox\RPiSoC\Projects\tft_test.Bundle01_Rev_b - touch\tft_twitter.cydsn\tft_twitter.cyprj" "-d" "CY8C5868AXI-LP035" "-s" "C:\Users\Brian\Dropbox\RPiSoC\Projects\tft_test.Bundle01_Rev_b - touch\tft_twitter.cydsn\Generated_Source\PSoC5" "--" "-yv2" "-v3" "-ygs" "-q10" "-o2" "-.fftcfgtype=LE"
Elaborating Design...
HDL Generation ...
Synthesis ...
Place and Route ...
Tech mapping ...
Info: mpr.M0037: Unused pieces of the design have been optimized out. See the Tech mapping section of the report file for details. (App=cydsfit)
Analog Placement ...
Analog Routing ...
Analog Code Generation ...
Digital Placement ...
Digital Routing ...
Bitstream Generation ...
Static timing analysis ...
API Generation ...
Dependency Generation ...
Clean Temporary Files ...
arm-none-eabi-gcc.exe -I. -I./Generated_Source/PSoC5 -Wno-main -mcpu=cortex-m3 -mthumb -Wall -g -D DEBUG -Wa,-alh=.\ARM_GCC_473\Debug\main.lst -ffunction-sections -c .\main.c -o .\ARM_GCC_473\Debug\main.o
arm-none-eabi-gcc.exe -I. -I./Generated_Source/PSoC5 -Wno-main -mcpu=cortex-m3 -mthumb -Wall -g -D DEBUG -Wa,-alh=.\ARM_GCC_473\Debug\cyfitter_cfg.lst -ffunction-sections -c .\Generated_Source\PSoC5\cyfitter_cfg.c -o .\ARM_GCC_473\Debug\cyfitter_cfg.o
arm-none-eabi-gcc.exe -I. -I./Generated_Source/PSoC5 -Wno-main -mcpu=cortex-m3 -mthumb -Wall -g -D DEBUG -Wa,-alh=.\ARM_GCC_473\Debug\cymetadata.lst -ffunction-sections -c .\Generated_Source\PSoC5\cymetadata.c -o .\ARM_GCC_473\Debug\cymetadata.o
arm-none-eabi-gcc.exe -I. -I./Generated_Source/PSoC5 -Wno-main -mcpu=cortex-m3 -mthumb -Wall -g -D DEBUG -Wa,-alh=.\ARM_GCC_473\Debug\TFTSHIELD_1.lst -ffunction-sections -c .\Generated_Source\PSoC5\TFTSHIELD_1.c -o .\ARM_GCC_473\Debug\TFTSHIELD_1.o
.\Generated_Source\PSoC5\TFTSHIELD_1.c: In function 'TFTSHIELD_1_SPITransfer':
.\Generated_Source\PSoC5\TFTSHIELD_1.c:495:5: warning: implicit declaration of function 'TFTSHIELD_1_SPIM_1_WriteTxData' [-Wimplicit-function-declaration]
.\Generated_Source\PSoC5\TFTSHIELD_1.c: In function 'TFTSHIELD_1_DrawCircleHelper':
.\Generated_Source\PSoC5\TFTSHIELD_1.c:688:7: warning: implicit declaration of function 'TFTSHIELD_1_Set' [-Wimplicit-function-declaration]
.\Generated_Source\PSoC5\TFTSHIELD_1.c: In function 'TFTSHIELD_1_DrawTriangle':
.\Generated_Source\PSoC5\TFTSHIELD_1.c:776:5: warning: implicit declaration of function 'TFTSHIELD_1DrawLine' [-Wimplicit-function-declaration]
.\Generated_Source\PSoC5\TFTSHIELD_1.c: In function 'TFTSHIELD_1_FillTriangle':
.\Generated_Source\PSoC5\TFTSHIELD_1.c:800:5: warning: implicit declaration of function 'swap' [-Wimplicit-function-declaration]
.\Generated_Source\PSoC5\TFTSHIELD_1.c:825:5: warning: unused variable 'dy12' [-Wunused-variable]
.\Generated_Source\PSoC5\TFTSHIELD_1.c:824:5: warning: unused variable 'dx12' [-Wunused-variable]
.\Generated_Source\PSoC5\TFTSHIELD_1.c: In function 'TFTSHIELD_1_PrintString':
.\Generated_Source\PSoC5\TFTSHIELD_1.c:934:9: warning: unused variable 'unused' [-Wunused-variable]
.\Generated_Source\PSoC5\TFTSHIELD_1.c: In function 'TFTSHIELD_1_CS_LOW':
.\Generated_Source\PSoC5\TFTSHIELD_1.c:1158:5: warning: implicit declaration of function 'TFTSHIELD_1_CR_1_Read' [-Wimplicit-function-declaration]
.\Generated_Source\PSoC5\TFTSHIELD_1.c:1160:5: warning: implicit declaration of function 'TFTSHIELD_1_CR_1_Write' [-Wimplicit-function-declaration]
.\Generated_Source\PSoC5\TFTSHIELD_1.c: In function 'TFTSHIELD_1_StartTouch':
.\Generated_Source\PSoC5\TFTSHIELD_1.c:1227:5: warning: implicit declaration of function 'TFTSHIELD_1_SPIM_1_Start' [-Wimplicit-function-declaration]
.\Generated_Source\PSoC5\TFTSHIELD_1.c:1239:13: warning: variable 'val' set but not used [-Wunused-but-set-variable]
.\Generated_Source\PSoC5\TFTSHIELD_1.c: In function 'TFTSHIELD_1_ReadRegister16':
.\Generated_Source\PSoC5\TFTSHIELD_1.c:1306:5: warning: implicit declaration of function 'TFTSHIELD_1_SPIM_1_GetRxBufferSize' [-Wimplicit-function-declaration]
.\Generated_Source\PSoC5\TFTSHIELD_1.c:1309:9: warning: implicit declaration of function 'TFTSHIELD_1_SPIM_1_ReadRxData' [-Wimplicit-function-declaration]
arm-none-eabi-gcc.exe -I. -I./Generated_Source/PSoC5 -Wno-main -mcpu=cortex-m3 -mthumb -Wall -g -D DEBUG -Wa,-alh=.\ARM_GCC_473\Debug\miso.lst -ffunction-sections -c .\Generated_Source\PSoC5\miso.c -o .\ARM_GCC_473\Debug\miso.o
arm-none-eabi-gcc.exe -I. -I./Generated_Source/PSoC5 -Wno-main -mcpu=cortex-m3 -mthumb -Wall -g -D DEBUG -Wa,-alh=.\ARM_GCC_473\Debug\Clock_1.lst -ffunction-sections -c .\Generated_Source\PSoC5\Clock_1.c -o .\ARM_GCC_473\Debug\Clock_1.o
arm-none-eabi-gcc.exe -I. -I./Generated_Source/PSoC5 -Wno-main -mcpu=cortex-m3 -mthumb -Wall -g -D DEBUG -Wa,-alh=.\ARM_GCC_473\Debug\ss.lst -ffunction-sections -c .\Generated_Source\PSoC5\ss.c -o .\ARM_GCC_473\Debug\ss.o
arm-none-eabi-gcc.exe -I. -I./Generated_Source/PSoC5 -Wno-main -mcpu=cortex-m3 -mthumb -Wall -g -D DEBUG -Wa,-alh=.\ARM_GCC_473\Debug\sclk.lst -ffunction-sections -c .\Generated_Source\PSoC5\sclk.c -o .\ARM_GCC_473\Debug\sclk.o
arm-none-eabi-gcc.exe -I. -I./Generated_Source/PSoC5 -Wno-main -mcpu=cortex-m3 -mthumb -Wall -g -D DEBUG -Wa,-alh=.\ARM_GCC_473\Debug\mosi.lst -ffunction-sections -c .\Generated_Source\PSoC5\mosi.c -o .\ARM_GCC_473\Debug\mosi.o
arm-none-eabi-gcc.exe -I. -I./Generated_Source/PSoC5 -Wno-main -mcpu=cortex-m3 -mthumb -Wall -g -D DEBUG -Wa,-alh=.\ARM_GCC_473\Debug\cs.lst -ffunction-sections -c .\Generated_Source\PSoC5\cs.c -o .\ARM_GCC_473\Debug\cs.o
arm-none-eabi-gcc.exe -I. -I./Generated_Source/PSoC5 -Wno-main -mcpu=cortex-m3 -mthumb -Wall -g -D DEBUG -Wa,-alh=.\ARM_GCC_473\Debug\dc.lst -ffunction-sections -c .\Generated_Source\PSoC5\dc.c -o .\ARM_GCC_473\Debug\dc.o
arm-none-eabi-gcc.exe -I. -I./Generated_Source/PSoC5 -Wno-main -mcpu=cortex-m3 -mthumb -Wall -g -D DEBUG -Wa,-alh=.\ARM_GCC_473\Debug\bck.lst -ffunction-sections -c .\Generated_Source\PSoC5\bck.c -o .\ARM_GCC_473\Debug\bck.o
arm-none-eabi-gcc.exe -I. -I./Generated_Source/PSoC5 -Wno-main -mcpu=cortex-m3 -mthumb -Wall -g -D DEBUG -Wa,-alh=.\ARM_GCC_473\Debug\UART_1.lst -ffunction-sections -c .\Generated_Source\PSoC5\UART_1.c -o .\ARM_GCC_473\Debug\UART_1.o
arm-none-eabi-gcc.exe -I. -I./Generated_Source/PSoC5 -Wno-main -mcpu=cortex-m3 -mthumb -Wall -g -D DEBUG -Wa,-alh=.\ARM_GCC_473\Debug\UART_1_PM.lst -ffunction-sections -c .\Generated_Source\PSoC5\UART_1_PM.c -o .\ARM_GCC_473\Debug\UART_1_PM.o
arm-none-eabi-gcc.exe -I. -I./Generated_Source/PSoC5 -Wno-main -mcpu=cortex-m3 -mthumb -Wall -g -D DEBUG -Wa,-alh=.\ARM_GCC_473\Debug\UART_1_INT.lst -ffunction-sections -c .\Generated_Source\PSoC5\UART_1_INT.c -o .\ARM_GCC_473\Debug\UART_1_INT.o
arm-none-eabi-gcc.exe -I. -I./Generated_Source/PSoC5 -Wno-main -mcpu=cortex-m3 -mthumb -Wall -g -D DEBUG -Wa,-alh=.\ARM_GCC_473\Debug\UART_1_BOOT.lst -ffunction-sections -c .\Generated_Source\PSoC5\UART_1_BOOT.c -o .\ARM_GCC_473\Debug\UART_1_BOOT.o
arm-none-eabi-gcc.exe -I. -I./Generated_Source/PSoC5 -Wno-main -mcpu=cortex-m3 -mthumb -Wall -g -D DEBUG -Wa,-alh=.\ARM_GCC_473\Debug\RX.lst -ffunction-sections -c .\Generated_Source\PSoC5\RX.c -o .\ARM_GCC_473\Debug\RX.o
arm-none-eabi-gcc.exe -I. -I./Generated_Source/PSoC5 -Wno-main -mcpu=cortex-m3 -mthumb -Wall -g -D DEBUG -Wa,-alh=.\ARM_GCC_473\Debug\TFTSHIELD_1_SPIM_1.lst -ffunction-sections -c .\Generated_Source\PSoC5\TFTSHIELD_1_SPIM_1.c -o .\ARM_GCC_473\Debug\TFTSHIELD_1_SPIM_1.o
arm-none-eabi-gcc.exe -I. -I./Generated_Source/PSoC5 -Wno-main -mcpu=cortex-m3 -mthumb -Wall -g -D DEBUG -Wa,-alh=.\ARM_GCC_473\Debug\TFTSHIELD_1_SPIM_1_PM.lst -ffunction-sections -c .\Generated_Source\PSoC5\TFTSHIELD_1_SPIM_1_PM.c -o .\ARM_GCC_473\Debug\TFTSHIELD_1_SPIM_1_PM.o
arm-none-eabi-gcc.exe -I. -I./Generated_Source/PSoC5 -Wno-main -mcpu=cortex-m3 -mthumb -Wall -g -D DEBUG -Wa,-alh=.\ARM_GCC_473\Debug\TFTSHIELD_1_SPIM_1_INT.lst -ffunction-sections -c .\Generated_Source\PSoC5\TFTSHIELD_1_SPIM_1_INT.c -o .\ARM_GCC_473\Debug\TFTSHIELD_1_SPIM_1_INT.o
arm-none-eabi-gcc.exe -I. -I./Generated_Source/PSoC5 -Wno-main -mcpu=cortex-m3 -mthumb -Wall -g -D DEBUG -Wa,-alh=.\ARM_GCC_473\Debug\TFTSHIELD_1_CR_1.lst -ffunction-sections -c .\Generated_Source\PSoC5\TFTSHIELD_1_CR_1.c -o .\ARM_GCC_473\Debug\TFTSHIELD_1_CR_1.o
arm-none-eabi-gcc.exe -I. -I./Generated_Source/PSoC5 -Wno-main -mcpu=cortex-m3 -mthumb -Wall -g -D DEBUG -Wa,-alh=.\ARM_GCC_473\Debug\UART_1_IntClock.lst -ffunction-sections -c .\Generated_Source\PSoC5\UART_1_IntClock.c -o .\ARM_GCC_473\Debug\UART_1_IntClock.o
arm-none-eabi-gcc.exe -I. -I./Generated_Source/PSoC5 -Wno-main -mcpu=cortex-m3 -mthumb -Wall -g -D DEBUG -Wa,-alh=.\ARM_GCC_473\Debug\Cm3Start.lst -ffunction-sections -c .\Generated_Source\PSoC5\Cm3Start.c -o .\ARM_GCC_473\Debug\Cm3Start.o
arm-none-eabi-as.exe -I. -I./Generated_Source/PSoC5 -mcpu=cortex-m3 -mthumb -g -alh=.\ARM_GCC_473\Debug/CyBootAsmGnu.lst -o .\ARM_GCC_473\Debug\CyBootAsmGnu.o .\Generated_Source\PSoC5\CyBootAsmGnu.s
arm-none-eabi-gcc.exe -I. -I./Generated_Source/PSoC5 -Wno-main -mcpu=cortex-m3 -mthumb -Wall -g -D DEBUG -Wa,-alh=.\ARM_GCC_473\Debug\CyDmac.lst -ffunction-sections -c .\Generated_Source\PSoC5\CyDmac.c -o .\ARM_GCC_473\Debug\CyDmac.o
arm-none-eabi-gcc.exe -I. -I./Generated_Source/PSoC5 -Wno-main -mcpu=cortex-m3 -mthumb -Wall -g -D DEBUG -Wa,-alh=.\ARM_GCC_473\Debug\CyFlash.lst -ffunction-sections -c .\Generated_Source\PSoC5\CyFlash.c -o .\ARM_GCC_473\Debug\CyFlash.o
arm-none-eabi-gcc.exe -I. -I./Generated_Source/PSoC5 -Wno-main -mcpu=cortex-m3 -mthumb -Wall -g -D DEBUG -Wa,-alh=.\ARM_GCC_473\Debug\CyLib.lst -ffunction-sections -c .\Generated_Source\PSoC5\CyLib.c -o .\ARM_GCC_473\Debug\CyLib.o
arm-none-eabi-gcc.exe -I. -I./Generated_Source/PSoC5 -Wno-main -mcpu=cortex-m3 -mthumb -Wall -g -D DEBUG -Wa,-alh=.\ARM_GCC_473\Debug\cyPm.lst -ffunction-sections -c .\Generated_Source\PSoC5\cyPm.c -o .\ARM_GCC_473\Debug\cyPm.o
arm-none-eabi-gcc.exe -I. -I./Generated_Source/PSoC5 -Wno-main -mcpu=cortex-m3 -mthumb -Wall -g -D DEBUG -Wa,-alh=.\ARM_GCC_473\Debug\CySpc.lst -ffunction-sections -c .\Generated_Source\PSoC5\CySpc.c -o .\ARM_GCC_473\Debug\CySpc.o
arm-none-eabi-gcc.exe -I. -I./Generated_Source/PSoC5 -Wno-main -mcpu=cortex-m3 -mthumb -Wall -g -D DEBUG -Wa,-alh=.\ARM_GCC_473\Debug\cyutils.lst -ffunction-sections -c .\Generated_Source\PSoC5\cyutils.c -o .\ARM_GCC_473\Debug\cyutils.o
arm-none-eabi-ar.exe -rs .\ARM_GCC_473\Debug\tft_twitter.a .\ARM_GCC_473\Debug\cyfitter_cfg.o .\ARM_GCC_473\Debug\TFTSHIELD_1.o .\ARM_GCC_473\Debug\miso.o .\ARM_GCC_473\Debug\Clock_1.o .\ARM_GCC_473\Debug\ss.o .\ARM_GCC_473\Debug\sclk.o .\ARM_GCC_473\Debug\mosi.o .\ARM_GCC_473\Debug\cs.o .\ARM_GCC_473\Debug\dc.o .\ARM_GCC_473\Debug\bck.o .\ARM_GCC_473\Debug\UART_1.o .\ARM_GCC_473\Debug\UART_1_PM.o .\ARM_GCC_473\Debug\UART_1_INT.o .\ARM_GCC_473\Debug\UART_1_BOOT.o .\ARM_GCC_473\Debug\RX.o .\ARM_GCC_473\Debug\TFTSHIELD_1_SPIM_1.o .\ARM_GCC_473\Debug\TFTSHIELD_1_SPIM_1_PM.o .\ARM_GCC_473\Debug\TFTSHIELD_1_SPIM_1_INT.o .\ARM_GCC_473\Debug\TFTSHIELD_1_CR_1.o .\ARM_GCC_473\Debug\UART_1_IntClock.o .\ARM_GCC_473\Debug\CyBootAsmGnu.o .\ARM_GCC_473\Debug\CyDmac.o .\ARM_GCC_473\Debug\CyFlash.o .\ARM_GCC_473\Debug\CyLib.o .\ARM_GCC_473\Debug\cyPm.o .\ARM_GCC_473\Debug\CySpc.o .\ARM_GCC_473\Debug\cyutils.o
arm-none-eabi-ar.exe: creating .\ARM_GCC_473\Debug\tft_twitter.a
arm-none-eabi-gcc.exe -mthumb -march=armv7-m -mfix-cortex-m3-ldrd -T .\Generated_Source\PSoC5\cm3gcc.ld -g -Wl,-Map,.\ARM_GCC_473\Debug\tft_twitter.map -specs=nano.specs -Wl,--gc-sections -Wl,--start-group -o .\ARM_GCC_473\Debug\tft_twitter.elf .\ARM_GCC_473\Debug\main.o .\ARM_GCC_473\Debug\cymetadata.o .\ARM_GCC_473\Debug\Cm3Start.o .\ARM_GCC_473\Debug\tft_twitter.a "C:\Program Files (x86)\Cypress\PSoC Creator\3.0\PSoC Creator\psoc\content\cycomponentlibrary\CyComponentLibrary.cylib\CortexM3\ARM_GCC_473\Debug\CyComponentLibrary.a" -Wl,--end-group
cyelftool.exe -C "C:\Users\Brian\Dropbox\RPiSoC\Projects\tft_test.Bundle01_Rev_b - touch\tft_twitter.cydsn\ARM_GCC_473\Debug\tft_twitter.elf" --flash_size 262144 --flash_row_size 256
cyelftool.exe -S "C:\Users\Brian\Dropbox\RPiSoC\Projects\tft_test.Bundle01_Rev_b - touch\tft_twitter.cydsn\ARM_GCC_473\Debug\tft_twitter.elf"
Flash used: 8160 of 262144 bytes (3.1 %).
SRAM used: 21141 of 65536 bytes (32.3 %).
--------------- Rebuild Succeeded: 06/30/2014 14:24:45 ---------------
