--------------- Build Started: 06/14/2017 21:33:14 Project: touchpaint, Configuration: ARM GCC 4.9-2015-q1-update Debug ---------------
cydsfit.exe -.appdatapath "C:\Users\LilRobby\AppData\Local\Cypress Semiconductor\PSoC Creator\4.0" -.fdsnotice -.fdswarpdepfile=warp_dependencies.txt -.fdselabdepfile=elab_dependencies.txt -.fdsbldfile=generated_files.txt -.fdsreffile=referenced_files.txt -p "C:\Users\LilRobby\Downloads\TFTSHIELD-master - 1\Archive\tft_test_bundle\TFTSHIELD-master - 1\touchpaint.cydsn\touchpaint.cyprj" -d CY8C5868AXI-LP035 -s "C:\Users\LilRobby\Downloads\TFTSHIELD-master - 1\Archive\tft_test_bundle\TFTSHIELD-master - 1\touchpaint.cydsn\Generated_Source\PSoC5" -- -yv2 -q10 -ygs -o2 -v3 -.fftcfgtype=LE
Elaborating Design...
ADD: pft.M0074: information: A (re)build is required to use the analog device editor. Unable to load the necessary information from the cyfit file. Partial/wrong data will be displayed until this has been resolved.
 * C:\Users\LilRobby\Downloads\TFTSHIELD-master - 1\Archive\tft_test_bundle\TFTSHIELD-master - 1\touchpaint.cydsn\touchpaint.cydwr ()
HDL Generation...
Synthesis...
Tech Mapping...
Analog Placement...
Analog Routing...
Analog Code Generation...
Digital Placement...
Digital Routing...
Bitstream Generation...
Bitstream Verification...
Static timing analysis...
API Generation...
DEL: pft.M0074: information: A (re)build is required to use the analog device editor. Unable to load the necessary information from the cyfit file. Partial/wrong data will be displayed until this has been resolved.
 * C:\Users\LilRobby\Downloads\TFTSHIELD-master - 1\Archive\tft_test_bundle\TFTSHIELD-master - 1\touchpaint.cydsn\touchpaint.cydwr ()
Dependency Generation...
Cleanup...
The compile step is up to date, no work needs to be done.
arm-none-eabi-ar.exe -rs .\ARM_GCC_493\Debug\touchpaint.a .\ARM_GCC_493\Debug\cyfitter_cfg.o .\ARM_GCC_493\Debug\miso.o .\ARM_GCC_493\Debug\Clock_1.o .\ARM_GCC_493\Debug\ss.o .\ARM_GCC_493\Debug\sclk.o .\ARM_GCC_493\Debug\mosi.o .\ARM_GCC_493\Debug\cs.o .\ARM_GCC_493\Debug\dc.o .\ARM_GCC_493\Debug\rt_cs.o .\ARM_GCC_493\Debug\TFTSHIELD_1.o .\ARM_GCC_493\Debug\TFTSHIELD_1_SPIM_1.o .\ARM_GCC_493\Debug\TFTSHIELD_1_SPIM_1_PM.o .\ARM_GCC_493\Debug\TFTSHIELD_1_SPIM_1_INT.o .\ARM_GCC_493\Debug\TFTSHIELD_1_CR_1.o .\ARM_GCC_493\Debug\CyDmac.o .\ARM_GCC_493\Debug\CyFlash.o .\ARM_GCC_493\Debug\CyLib.o .\ARM_GCC_493\Debug\cyPm.o .\ARM_GCC_493\Debug\CySpc.o .\ARM_GCC_493\Debug\cyutils.o .\ARM_GCC_493\Debug\CyBootAsmGnu.o
arm-none-eabi-ar.exe: creating .\ARM_GCC_493\Debug\touchpaint.a
arm-none-eabi-gcc.exe -Wl,--start-group -o .\ARM_GCC_493\Debug\touchpaint.elf .\ARM_GCC_493\Debug\main.o .\ARM_GCC_493\Debug\cymetadata.o .\ARM_GCC_493\Debug\Cm3Start.o .\ARM_GCC_493\Debug\touchpaint.a "C:\Program Files (x86)\Cypress\PSoC Creator\4.0\PSoC Creator\psoc\content\cycomponentlibrary\CyComponentLibrary.cylib\CortexM3\ARM_GCC_493\Debug\CyComponentLibrary.a" -mcpu=cortex-m3 -mthumb -g -ffunction-sections -O0 -ffat-lto-objects -L Generated_Source\PSoC5 -Wl,-Map,.\ARM_GCC_493\Debug/touchpaint.map -T "C:\Users\LilRobby\Downloads\TFTSHIELD-master - 1\Archive\tft_test_bundle\TFTSHIELD-master - 1\touchpaint.cydsn\Generated_Source\PSoC5\cm3gcc.ld" -specs=nano.specs -Wl,--gc-sections -Wl,--end-group
cyelftool.exe -C "C:\Users\LilRobby\Downloads\TFTSHIELD-master - 1\Archive\tft_test_bundle\TFTSHIELD-master - 1\touchpaint.cydsn\ARM_GCC_493\Debug\touchpaint.elf" --flash_row_size 256 --flash_size 262144
cyelftool.exe -S "C:\Users\LilRobby\Downloads\TFTSHIELD-master - 1\Archive\tft_test_bundle\TFTSHIELD-master - 1\touchpaint.cydsn\ARM_GCC_493\Debug\touchpaint.elf"
Flash used: 8686 of 262144 bytes (3.3 %).
SRAM used: 20829 of 65536 bytes (31.8 %). Stack: 16384 bytes. Heap: 4096 bytes.
--------------- Build Succeeded: 06/14/2017 21:33:27 ---------------
