Loading plugins phase: Elapsed time ==> 0s.376ms
<CYPRESSTAG name="CyDsfit arguments...">
cydsfit arguments: -.fdsnotice -.fdswarpdepfile=warp_dependencies.txt -.fdselabdepfile=elab_dependencies.txt -.fdsbldfile=generated_files.txt -.fdsreffile=referenced_files.txt -p C:\Users\LilRobby\Downloads\TFTSHIELD-master - 1\Archive\tft_test_bundle\TFTSHIELD-master - 1\touchpaint.cydsn\touchpaint.cyprj -d CY8C5868AXI-LP035 -s C:\Users\LilRobby\Downloads\TFTSHIELD-master - 1\Archive\tft_test_bundle\TFTSHIELD-master - 1\touchpaint.cydsn\Generated_Source\PSoC5 -- -yv2 -q10 -ygs -o2 -v3 -.fftcfgtype=LE</CYPRESSTAG>
<CYPRESSTAG name="Design elaboration results...">
ADD: pft.M0074: information: A (re)build is required to use the analog device editor. Unable to load the necessary information from the cyfit file. Partial/wrong data will be displayed until this has been resolved.
 * C:\Users\LilRobby\Downloads\TFTSHIELD-master - 1\Archive\tft_test_bundle\TFTSHIELD-master - 1\touchpaint.cydsn\touchpaint.cydwr ()

</CYPRESSTAG>
Elaboration phase: Elapsed time ==> 1s.747ms
<CYPRESSTAG name="HDL generation results...">
</CYPRESSTAG>
HDL generation phase: Elapsed time ==> 0s.069ms
<CYPRESSTAG name="Synthesis results...">

     | | | | | | |
   _________________
  -|               |-
  -|               |-
  -|               |-
  -|    CYPRESS    |-
  -|               |-
  -|               |-   Warp Verilog Synthesis Compiler: Version 6.3 IR 41
  -|               |-   Copyright (C) 1991-2001 Cypress Semiconductor
   |_______________|
     | | | | | | |

======================================================================
Compiling:  touchpaint.v
Program  :   C:\Program Files (x86)\Cypress\PSoC Creator\4.0\PSoC Creator\warp\bin\warp.exe
Options  :    -yv2 -q10 -ygs -o2 -v3 -.fftcfgtype=LE -ya -.fftprj=C:\Users\LilRobby\Downloads\TFTSHIELD-master - 1\Archive\tft_test_bundle\TFTSHIELD-master - 1\touchpaint.cydsn\touchpaint.cyprj -dcpsoc3 touchpaint.v -verilog
======================================================================

======================================================================
Compiling:  touchpaint.v
Program  :   C:\Program Files (x86)\Cypress\PSoC Creator\4.0\PSoC Creator\warp\bin\warp.exe
Options  :    -yv2 -q10 -ygs -o2 -v3 -.fftcfgtype=LE -ya -.fftprj=C:\Users\LilRobby\Downloads\TFTSHIELD-master - 1\Archive\tft_test_bundle\TFTSHIELD-master - 1\touchpaint.cydsn\touchpaint.cyprj -dcpsoc3 touchpaint.v -verilog
======================================================================

======================================================================
Compiling:  touchpaint.v
Program  :   vlogfe
Options  :    -yv2 -q10 -ygs -o2 -v3 -.fftcfgtype=LE -ya -.fftprj=C:\Users\LilRobby\Downloads\TFTSHIELD-master - 1\Archive\tft_test_bundle\TFTSHIELD-master - 1\touchpaint.cydsn\touchpaint.cyprj -dcpsoc3 -verilog touchpaint.v
======================================================================

vlogfe V6.3 IR 41:  Verilog parser
Wed Jun 14 21:33:18 2017


======================================================================
Compiling:  touchpaint.v
Program  :   vpp
Options  :    -yv2 -q10 touchpaint.v
======================================================================

vpp V6.3 IR 41:  Verilog Pre-Processor
Wed Jun 14 21:33:18 2017

Flattening file 'C:\Program Files (x86)\Cypress\PSoC Creator\4.0\PSoC Creator\psoc\content\cyprimitives\CyPrimitives.cylib\cy_constant_v1_0\cy_constant_v1_0.v'
Flattening file 'C:\Program Files (x86)\Cypress\PSoC Creator\4.0\PSoC Creator\psoc\content\cyprimitives\CyPrimitives.cylib\cy_virtualmux_v1_0\cy_virtualmux_v1_0.v'
Flattening file 'C:\Program Files (x86)\Cypress\PSoC Creator\4.0\PSoC Creator\psoc\content\cycomponentlibrary\CyComponentLibrary.cylib\B_SPI_Master_v2_40\B_SPI_Master_v2_40.v'
Flattening file 'C:\Program Files (x86)\Cypress\PSoC Creator\4.0\PSoC Creator\warp\lib\common\cypress.v'
Flattening file 'C:\Program Files (x86)\Cypress\PSoC Creator\4.0\PSoC Creator\warp\lib\common\cy_psoc3_inc.v'
Flattening file 'C:\Program Files (x86)\Cypress\PSoC Creator\4.0\PSoC Creator\psoc\content\cyprimitives\CyPrimitives.cylib\ZeroTerminal\ZeroTerminal.v'
Flattening file 'C:\Program Files (x86)\Cypress\PSoC Creator\4.0\PSoC Creator\psoc\content\cyprimitives\CyPrimitives.cylib\CyControlReg_v1_70\CyControlReg_v1_70.v'
Flattening file 'C:\Program Files (x86)\Cypress\PSoC Creator\4.0\PSoC Creator\warp\lib\common\cypress.v'

vpp:  No errors.

Library 'work' => directory 'lcpsoc3'
General_symbol_table
General_symbol_table
Linking 'C:\Program Files (x86)\Cypress\PSoC Creator\4.0\PSoC Creator\warp\lib\common\std.vhd'.
Linking 'C:\Program Files (x86)\Cypress\PSoC Creator\4.0\PSoC Creator\warp\lib\common\cypress.vhd'.
Linking 'C:\Program Files (x86)\Cypress\PSoC Creator\4.0\PSoC Creator\warp\lib\common\work\cypress.vif'.
Linking 'C:\Program Files (x86)\Cypress\PSoC Creator\4.0\PSoC Creator\warp\lib\ieee\work\stdlogic.vif'.
Linking 'C:\Program Files (x86)\Cypress\PSoC Creator\4.0\PSoC Creator\warp\lib\common\stdlogic\lpmpkg.vif'.
Linking 'C:\Program Files (x86)\Cypress\PSoC Creator\4.0\PSoC Creator\warp\lib\common\stdlogic\rtlpkg.vif'.
Linking 'C:\Program Files (x86)\Cypress\PSoC Creator\4.0\PSoC Creator\warp\lib\common\stdlogic\mod_cnst.vif'.
Linking 'C:\Program Files (x86)\Cypress\PSoC Creator\4.0\PSoC Creator\warp\lib\common\stdlogic\mod_mthv.vif'.
Linking 'C:\Program Files (x86)\Cypress\PSoC Creator\4.0\PSoC Creator\warp\lib\common\stdlogic\mod_genv.vif'.
Using control file 'touchpaint.ctl'.
Linking 'C:\Program Files (x86)\Cypress\PSoC Creator\4.0\PSoC Creator\warp\lib\common\stdlogic\cy_psoc3pkg.vif'.
Linking 'C:\Program Files (x86)\Cypress\PSoC Creator\4.0\PSoC Creator\warp\lib\common\stdlogic\cy_psoc3.vif'.

vlogfe:  No errors.


======================================================================
Compiling:  touchpaint.v
Program  :   tovif
Options  :    -yv2 -q10 -ygs -o2 -v3 -.fftcfgtype=LE -ya -.fftprj=C:\Users\LilRobby\Downloads\TFTSHIELD-master - 1\Archive\tft_test_bundle\TFTSHIELD-master - 1\touchpaint.cydsn\touchpaint.cyprj -dcpsoc3 -verilog touchpaint.v
======================================================================

tovif V6.3 IR 41:  High-level synthesis
Wed Jun 14 21:33:18 2017

Linking 'C:\Program Files (x86)\Cypress\PSoC Creator\4.0\PSoC Creator\warp\lib\common\std.vhd'.
Linking 'C:\Program Files (x86)\Cypress\PSoC Creator\4.0\PSoC Creator\warp\lib\common\cypress.vhd'.
Linking 'C:\Program Files (x86)\Cypress\PSoC Creator\4.0\PSoC Creator\warp\lib\common\work\cypress.vif'.
Linking 'C:\Program Files (x86)\Cypress\PSoC Creator\4.0\PSoC Creator\warp\lib\ieee\work\stdlogic.vif'.
Linking 'C:\Program Files (x86)\Cypress\PSoC Creator\4.0\PSoC Creator\warp\lib\common\stdlogic\lpmpkg.vif'.
Linking 'C:\Program Files (x86)\Cypress\PSoC Creator\4.0\PSoC Creator\warp\lib\common\stdlogic\rtlpkg.vif'.
Linking 'C:\Program Files (x86)\Cypress\PSoC Creator\4.0\PSoC Creator\warp\lib\common\stdlogic\mod_cnst.vif'.
Linking 'C:\Program Files (x86)\Cypress\PSoC Creator\4.0\PSoC Creator\warp\lib\common\stdlogic\mod_mthv.vif'.
Linking 'C:\Program Files (x86)\Cypress\PSoC Creator\4.0\PSoC Creator\warp\lib\common\stdlogic\mod_genv.vif'.
Linking 'C:\Users\LilRobby\Downloads\TFTSHIELD-master - 1\Archive\tft_test_bundle\TFTSHIELD-master - 1\touchpaint.cydsn\codegentemp\touchpaint.ctl'.
Linking 'C:\Program Files (x86)\Cypress\PSoC Creator\4.0\PSoC Creator\psoc\content\cyprimitives\CyPrimitives.cylib\cy_constant_v1_0\cy_constant_v1_0.v'.
Linking 'C:\Users\LilRobby\Downloads\TFTSHIELD-master - 1\Archive\tft_test_bundle\TFTSHIELD-master - 1\touchpaint.cydsn\codegentemp\touchpaint.v'.
Linking 'C:\Program Files (x86)\Cypress\PSoC Creator\4.0\PSoC Creator\psoc\content\cyprimitives\CyPrimitives.cylib\cy_virtualmux_v1_0\cy_virtualmux_v1_0.v'.
Linking 'C:\Program Files (x86)\Cypress\PSoC Creator\4.0\PSoC Creator\psoc\content\cycomponentlibrary\CyComponentLibrary.cylib\B_SPI_Master_v2_40\B_SPI_Master_v2_40.v'.
Linking 'C:\Program Files (x86)\Cypress\PSoC Creator\4.0\PSoC Creator\warp\lib\common\cypress.v'.
Linking 'C:\Program Files (x86)\Cypress\PSoC Creator\4.0\PSoC Creator\warp\lib\common\cy_psoc3_inc.v'.
Linking 'C:\Program Files (x86)\Cypress\PSoC Creator\4.0\PSoC Creator\psoc\content\cyprimitives\CyPrimitives.cylib\ZeroTerminal\ZeroTerminal.v'.
Linking 'C:\Program Files (x86)\Cypress\PSoC Creator\4.0\PSoC Creator\psoc\content\cyprimitives\CyPrimitives.cylib\CyControlReg_v1_70\CyControlReg_v1_70.v'.
Linking 'C:\Program Files (x86)\Cypress\PSoC Creator\4.0\PSoC Creator\warp\lib\common\stdlogic\cy_psoc3pkg.vif'.
Linking 'C:\Program Files (x86)\Cypress\PSoC Creator\4.0\PSoC Creator\warp\lib\common\stdlogic\cy_psoc3.vif'.

tovif:  No errors.


======================================================================
Compiling:  touchpaint.v
Program  :   topld
Options  :    -yv2 -q10 -ygs -o2 -v3 -.fftcfgtype=LE -ya -.fftprj=C:\Users\LilRobby\Downloads\TFTSHIELD-master - 1\Archive\tft_test_bundle\TFTSHIELD-master - 1\touchpaint.cydsn\touchpaint.cyprj -dcpsoc3 -verilog touchpaint.v
======================================================================

topld V6.3 IR 41:  Synthesis and optimization
Wed Jun 14 21:33:18 2017

Linking 'C:\Program Files (x86)\Cypress\PSoC Creator\4.0\PSoC Creator\warp\lib\common\std.vhd'.
Linking 'C:\Program Files (x86)\Cypress\PSoC Creator\4.0\PSoC Creator\warp\lib\common\cypress.vhd'.
Linking 'C:\Program Files (x86)\Cypress\PSoC Creator\4.0\PSoC Creator\warp\lib\common\work\cypress.vif'.
Linking 'C:\Program Files (x86)\Cypress\PSoC Creator\4.0\PSoC Creator\warp\lib\ieee\work\stdlogic.vif'.
Linking 'C:\Program Files (x86)\Cypress\PSoC Creator\4.0\PSoC Creator\warp\lib\common\stdlogic\lpmpkg.vif'.
Linking 'C:\Program Files (x86)\Cypress\PSoC Creator\4.0\PSoC Creator\warp\lib\common\stdlogic\rtlpkg.vif'.
Linking 'C:\Program Files (x86)\Cypress\PSoC Creator\4.0\PSoC Creator\warp\lib\common\stdlogic\mod_cnst.vif'.
Linking 'C:\Program Files (x86)\Cypress\PSoC Creator\4.0\PSoC Creator\warp\lib\common\stdlogic\mod_mthv.vif'.
Linking 'C:\Program Files (x86)\Cypress\PSoC Creator\4.0\PSoC Creator\warp\lib\common\stdlogic\mod_genv.vif'.
Linking 'C:\Users\LilRobby\Downloads\TFTSHIELD-master - 1\Archive\tft_test_bundle\TFTSHIELD-master - 1\touchpaint.cydsn\codegentemp\touchpaint.ctl'.
Linking 'C:\Program Files (x86)\Cypress\PSoC Creator\4.0\PSoC Creator\psoc\content\cyprimitives\CyPrimitives.cylib\cy_constant_v1_0\cy_constant_v1_0.v'.
Linking 'C:\Users\LilRobby\Downloads\TFTSHIELD-master - 1\Archive\tft_test_bundle\TFTSHIELD-master - 1\touchpaint.cydsn\codegentemp\touchpaint.v'.
Linking 'C:\Program Files (x86)\Cypress\PSoC Creator\4.0\PSoC Creator\psoc\content\cyprimitives\CyPrimitives.cylib\cy_virtualmux_v1_0\cy_virtualmux_v1_0.v'.
Linking 'C:\Program Files (x86)\Cypress\PSoC Creator\4.0\PSoC Creator\psoc\content\cycomponentlibrary\CyComponentLibrary.cylib\B_SPI_Master_v2_40\B_SPI_Master_v2_40.v'.
Linking 'C:\Program Files (x86)\Cypress\PSoC Creator\4.0\PSoC Creator\warp\lib\common\cypress.v'.
Linking 'C:\Program Files (x86)\Cypress\PSoC Creator\4.0\PSoC Creator\warp\lib\common\cy_psoc3_inc.v'.
Linking 'C:\Program Files (x86)\Cypress\PSoC Creator\4.0\PSoC Creator\psoc\content\cyprimitives\CyPrimitives.cylib\ZeroTerminal\ZeroTerminal.v'.
Linking 'C:\Program Files (x86)\Cypress\PSoC Creator\4.0\PSoC Creator\psoc\content\cyprimitives\CyPrimitives.cylib\CyControlReg_v1_70\CyControlReg_v1_70.v'.
Linking 'C:\Program Files (x86)\Cypress\PSoC Creator\4.0\PSoC Creator\warp\lib\common\stdlogic\cy_psoc3pkg.vif'.
Linking 'C:\Program Files (x86)\Cypress\PSoC Creator\4.0\PSoC Creator\warp\lib\common\stdlogic\cy_psoc3.vif'.
Linking 'C:\Program Files (x86)\Cypress\PSoC Creator\4.0\PSoC Creator\warp\lib\lcpsoc3\stdlogic\cpsoc3.vif'.

----------------------------------------------------------
Detecting unused logic.
----------------------------------------------------------
    User names
	Net_4
	\TFTSHIELD_1:SPIM_1:BSPIM:mosi_after_ld\
	\TFTSHIELD_1:SPIM_1:BSPIM:so_send\
	\TFTSHIELD_1:SPIM_1:BSPIM:mosi_fin\
	\TFTSHIELD_1:SPIM_1:BSPIM:mosi_cpha_0\
	\TFTSHIELD_1:SPIM_1:BSPIM:mosi_cpha_1\
	\TFTSHIELD_1:SPIM_1:BSPIM:pre_mosi\
	\TFTSHIELD_1:SPIM_1:BSPIM:dpcounter_zero\
	\TFTSHIELD_1:SPIM_1:BSPIM:control_7\
	\TFTSHIELD_1:SPIM_1:BSPIM:control_6\
	\TFTSHIELD_1:SPIM_1:BSPIM:control_5\
	\TFTSHIELD_1:SPIM_1:BSPIM:control_4\
	\TFTSHIELD_1:SPIM_1:BSPIM:control_3\
	\TFTSHIELD_1:SPIM_1:BSPIM:control_2\
	\TFTSHIELD_1:SPIM_1:BSPIM:control_1\
	\TFTSHIELD_1:SPIM_1:BSPIM:control_0\
	\TFTSHIELD_1:SPIM_1:Net_253\
	\TFTSHIELD_1:Net_96\
	\TFTSHIELD_1:Net_97\
	\TFTSHIELD_1:Net_98\
	\TFTSHIELD_1:Net_99\
	\TFTSHIELD_1:Net_100\


Deleted 22 User equations/components.
Deleted 0 Synthesized equations/components.

------------------------------------------------------
Alias Detection
------------------------------------------------------
Aliasing one to tmpOE__miso_net_0
Aliasing tmpOE__ss_net_0 to tmpOE__miso_net_0
Aliasing tmpOE__sclk_net_0 to tmpOE__miso_net_0
Aliasing tmpOE__mosi_net_0 to tmpOE__miso_net_0
Aliasing tmpOE__cs_net_0 to tmpOE__miso_net_0
Aliasing tmpOE__dc_net_0 to tmpOE__miso_net_0
Aliasing tmpOE__rt_cs_net_0 to tmpOE__miso_net_0
Aliasing \TFTSHIELD_1:SPIM_1:BSPIM:pol_supprt\ to zero
Aliasing \TFTSHIELD_1:SPIM_1:BSPIM:tx_status_3\ to \TFTSHIELD_1:SPIM_1:BSPIM:load_rx_data\
Aliasing \TFTSHIELD_1:SPIM_1:BSPIM:tx_status_6\ to zero
Aliasing \TFTSHIELD_1:SPIM_1:BSPIM:tx_status_5\ to zero
Aliasing \TFTSHIELD_1:SPIM_1:BSPIM:rx_status_3\ to zero
Aliasing \TFTSHIELD_1:SPIM_1:BSPIM:rx_status_2\ to zero
Aliasing \TFTSHIELD_1:SPIM_1:BSPIM:rx_status_1\ to zero
Aliasing \TFTSHIELD_1:SPIM_1:BSPIM:rx_status_0\ to zero
Aliasing \TFTSHIELD_1:SPIM_1:Net_274\ to zero
Aliasing \TFTSHIELD_1:CR_1:clk\ to zero
Aliasing \TFTSHIELD_1:CR_1:rst\ to zero
Aliasing \TFTSHIELD_1:SPIM_1:BSPIM:so_send_reg\\D\ to zero
Aliasing \TFTSHIELD_1:SPIM_1:BSPIM:mosi_pre_reg\\D\ to zero
Aliasing \TFTSHIELD_1:SPIM_1:BSPIM:dpcounter_one_reg\\D\ to \TFTSHIELD_1:SPIM_1:BSPIM:load_rx_data\
Removing Lhs of wire one[6] = tmpOE__miso_net_0[1]
Removing Lhs of wire tmpOE__ss_net_0[12] = tmpOE__miso_net_0[1]
Removing Lhs of wire tmpOE__sclk_net_0[20] = tmpOE__miso_net_0[1]
Removing Lhs of wire tmpOE__mosi_net_0[28] = tmpOE__miso_net_0[1]
Removing Rhs of wire Net_20[29] = \TFTSHIELD_1:SPIM_1:BSPIM:mosi_reg\[68]
Removing Lhs of wire tmpOE__cs_net_0[35] = tmpOE__miso_net_0[1]
Removing Rhs of wire Net_21[36] = \TFTSHIELD_1:CR_1:control_out_0\[157]
Removing Rhs of wire Net_21[36] = \TFTSHIELD_1:CR_1:control_0\[178]
Removing Lhs of wire tmpOE__dc_net_0[42] = tmpOE__miso_net_0[1]
Removing Rhs of wire Net_22[43] = \TFTSHIELD_1:CR_1:control_out_1\[158]
Removing Rhs of wire Net_22[43] = \TFTSHIELD_1:CR_1:control_1\[177]
Removing Lhs of wire tmpOE__rt_cs_net_0[49] = tmpOE__miso_net_0[1]
Removing Rhs of wire Net_23[50] = \TFTSHIELD_1:CR_1:control_out_2\[159]
Removing Rhs of wire Net_23[50] = \TFTSHIELD_1:CR_1:control_2\[176]
Removing Lhs of wire \TFTSHIELD_1:SPIM_1:Net_276\[55] = Net_2[9]
Removing Rhs of wire \TFTSHIELD_1:SPIM_1:BSPIM:load_rx_data\[60] = \TFTSHIELD_1:SPIM_1:BSPIM:dpcounter_one\[61]
Removing Lhs of wire \TFTSHIELD_1:SPIM_1:BSPIM:pol_supprt\[62] = zero[2]
Removing Lhs of wire \TFTSHIELD_1:SPIM_1:BSPIM:miso_to_dp\[63] = \TFTSHIELD_1:SPIM_1:Net_244\[64]
Removing Lhs of wire \TFTSHIELD_1:SPIM_1:Net_244\[64] = Net_14[3]
Removing Rhs of wire \TFTSHIELD_1:SPIM_1:BSPIM:tx_status_1\[89] = \TFTSHIELD_1:SPIM_1:BSPIM:dpMOSI_fifo_empty\[90]
Removing Rhs of wire \TFTSHIELD_1:SPIM_1:BSPIM:tx_status_2\[91] = \TFTSHIELD_1:SPIM_1:BSPIM:dpMOSI_fifo_not_full\[92]
Removing Lhs of wire \TFTSHIELD_1:SPIM_1:BSPIM:tx_status_3\[93] = \TFTSHIELD_1:SPIM_1:BSPIM:load_rx_data\[60]
Removing Rhs of wire \TFTSHIELD_1:SPIM_1:BSPIM:rx_status_4\[95] = \TFTSHIELD_1:SPIM_1:BSPIM:dpMISO_fifo_full\[96]
Removing Rhs of wire \TFTSHIELD_1:SPIM_1:BSPIM:rx_status_5\[97] = \TFTSHIELD_1:SPIM_1:BSPIM:dpMISO_fifo_not_empty\[98]
Removing Lhs of wire \TFTSHIELD_1:SPIM_1:BSPIM:tx_status_6\[100] = zero[2]
Removing Lhs of wire \TFTSHIELD_1:SPIM_1:BSPIM:tx_status_5\[101] = zero[2]
Removing Lhs of wire \TFTSHIELD_1:SPIM_1:BSPIM:rx_status_3\[102] = zero[2]
Removing Lhs of wire \TFTSHIELD_1:SPIM_1:BSPIM:rx_status_2\[103] = zero[2]
Removing Lhs of wire \TFTSHIELD_1:SPIM_1:BSPIM:rx_status_1\[104] = zero[2]
Removing Lhs of wire \TFTSHIELD_1:SPIM_1:BSPIM:rx_status_0\[105] = zero[2]
Removing Lhs of wire \TFTSHIELD_1:SPIM_1:Net_273\[115] = zero[2]
Removing Lhs of wire \TFTSHIELD_1:SPIM_1:Net_274\[154] = zero[2]
Removing Lhs of wire \TFTSHIELD_1:CR_1:clk\[155] = zero[2]
Removing Lhs of wire \TFTSHIELD_1:CR_1:rst\[156] = zero[2]
Removing Lhs of wire \TFTSHIELD_1:SPIM_1:BSPIM:so_send_reg\\D\[181] = zero[2]
Removing Lhs of wire \TFTSHIELD_1:SPIM_1:BSPIM:mosi_pre_reg\\D\[186] = zero[2]
Removing Lhs of wire \TFTSHIELD_1:SPIM_1:BSPIM:dpcounter_one_reg\\D\[188] = \TFTSHIELD_1:SPIM_1:BSPIM:load_rx_data\[60]
Removing Lhs of wire \TFTSHIELD_1:SPIM_1:BSPIM:mosi_from_dp_reg\\D\[189] = \TFTSHIELD_1:SPIM_1:BSPIM:mosi_from_dp\[74]

------------------------------------------------------
Aliased 0 equations, 38 wires.
------------------------------------------------------

----------------------------------------------------------
Circuit simplification
----------------------------------------------------------

Substituting virtuals - pass 1:

Note:  Expanding virtual equation for 'zero' (cost = 0):
zero <=  ('0') ;

Note:  Expanding virtual equation for '\TFTSHIELD_1:SPIM_1:BSPIM:load_rx_data\' (cost = 1):
\TFTSHIELD_1:SPIM_1:BSPIM:load_rx_data\ <= ((not \TFTSHIELD_1:SPIM_1:BSPIM:count_4\ and not \TFTSHIELD_1:SPIM_1:BSPIM:count_3\ and not \TFTSHIELD_1:SPIM_1:BSPIM:count_2\ and not \TFTSHIELD_1:SPIM_1:BSPIM:count_1\ and \TFTSHIELD_1:SPIM_1:BSPIM:count_0\));


Substituting virtuals - pass 2:


----------------------------------------------------------
Circuit simplification results:

	Expanded 2 signals.
	Turned 0 signals into soft nodes.
	Maximum default expansion cost was set at 3.
----------------------------------------------------------

------------------------------------------------------
Alias Detection
------------------------------------------------------

------------------------------------------------------
Aliased 0 equations, 0 wires.
------------------------------------------------------

Last attempt to remove unused logic - pass 1:


Last attempt to remove unused logic - pass 2:


topld:  No errors.

CYPRESS_DIR    : C:\Program Files (x86)\Cypress\PSoC Creator\4.0\PSoC Creator\warp
Warp Program   : C:\Program Files (x86)\Cypress\PSoC Creator\4.0\PSoC Creator\warp\bin\warp.exe
Warp Arguments : -yv2 -q10 -ygs -o2 -v3 -.fftcfgtype=LE -ya "-.fftprj=C:\Users\LilRobby\Downloads\TFTSHIELD-master - 1\Archive\tft_test_bundle\TFTSHIELD-master - 1\touchpaint.cydsn\touchpaint.cyprj" -dcpsoc3 touchpaint.v -verilog
</CYPRESSTAG>
Warp synthesis phase: Elapsed time ==> 0s.769ms
<CYPRESSTAG name="Fitter results...">
<CYPRESSTAG name="Fitter startup details...">
cyp3fit: V4.0.0.432, Family: PSoC3, Started at: Wednesday, 14 June 2017 21:33:18
Options: -yv2 -q10 -ygs -o2 -v3 -.fftcfgtype=LE -ya -.fftprj=C:\Users\LilRobby\Downloads\TFTSHIELD-master - 1\Archive\tft_test_bundle\TFTSHIELD-master - 1\touchpaint.cydsn\touchpaint.cyprj -d CY8C5868AXI-LP035 touchpaint.v -verilog
</CYPRESSTAG>
<CYPRESSTAG name="Design parsing">
Design parsing phase: Elapsed time ==> 0s.019ms
</CYPRESSTAG>
<CYPRESSTAG name="Tech Mapping">
<CYPRESSTAG name="Initial Mapping" icon="FILE_RPT_TECHM">
    Converted constant MacroCell: \TFTSHIELD_1:SPIM_1:BSPIM:so_send_reg\ from registered to combinatorial
    Converted constant MacroCell: \TFTSHIELD_1:SPIM_1:BSPIM:mosi_pre_reg\ from registered to combinatorial
<CYPRESSTAG name="Global Clock Selection" icon="FILE_RPT_TECHM">
    Digital Clock 0: Automatic-assigning  clock 'Clock_1'. Fanout=1, Signal=Net_2
</CYPRESSTAG>

Removing unused cells resulting from optimization
Done removing unused cells.
<CYPRESSTAG name="UDB Clock/Enable Remapping Results">
    UDB Clk/Enable \TFTSHIELD_1:SPIM_1:BSPIM:ClkEn\: with output requested to be synchronous
        ClockIn: Clock_1 was determined to be a global clock that is synchronous to BUS_CLK
        EnableIn: Constant 1 was determined to be synchronous to ClockIn
        ClockOut: Clock_1, EnableOut: Constant 1
</CYPRESSTAG>

Removing unused cells resulting from optimization
Done removing unused cells.
<CYPRESSTAG name="Duplicate Macrocell detection">
</CYPRESSTAG>
</CYPRESSTAG>
<CYPRESSTAG name="Duplicate Macrocell detection">
</CYPRESSTAG>
<CYPRESSTAG name="Design Equations" icon="FILE_RPT_EQUATION">

------------------------------------------------------------
Design Equations
------------------------------------------------------------
    <CYPRESSTAG name="Pin listing">

    ------------------------------------------------------------
    Pin listing
    ------------------------------------------------------------

    Pin : Name = miso(0)
        Attributes:
            In Group/Port: True
            In Sync Option: SYNC
            Out Sync Option: AUTO
            Interrupt generated: False
            Interrupt mode: NONE
            Drive mode: HI_Z_DIGITAL
            VTrip: CMOS
            Slew: FAST
            Input Sync needed: True
            Output Sync needed: False
            SC shield enabled: False
            POR State: ANY
            LCD Mode: COMMON
            Register Mode: RegComb
            CaSense Mode: NEITHER
            Treat as pin: True
            Is OE Registered: False
            Uses Analog: False
            Can contain Digital: True
            Is SIO: False
            SIO Output Buf: NONREGULATED
            SIO Input Buf: SINGLE_ENDED
            SIO HiFreq: LOW
            SIO Hyst: DISABLED
            SIO Vtrip: MULTIPLIER_0_5
            SIO Multiplier Index: 0
            SIO RefSel: VCC_IO
            Required Capabilitites: DIGITAL, ROUTABLE
            Initial Value: 0
            IO Voltage: 0
        PORT MAP (
            pa_out => miso(0)__PA ,
            fb => Net_14 ,
            pad => miso(0)_PAD );
        Properties:
        {
        }

    Pin : Name = ss(0)
        Attributes:
            In Group/Port: True
            In Sync Option: AUTO
            Out Sync Option: NOSYNC
            Interrupt generated: False
            Interrupt mode: NONE
            Drive mode: CMOS_OUT
            VTrip: EITHER
            Slew: FAST
            Input Sync needed: False
            Output Sync needed: False
            SC shield enabled: False
            POR State: ANY
            LCD Mode: COMMON
            Register Mode: RegComb
            CaSense Mode: NEITHER
            Treat as pin: True
            Is OE Registered: False
            Uses Analog: False
            Can contain Digital: True
            Is SIO: False
            SIO Output Buf: NONREGULATED
            SIO Input Buf: SINGLE_ENDED
            SIO HiFreq: LOW
            SIO Hyst: DISABLED
            SIO Vtrip: MULTIPLIER_0_5
            SIO Multiplier Index: 0
            SIO RefSel: VCC_IO
            Required Capabilitites: DIGITAL, ROUTABLE
            Initial Value: 0
            IO Voltage: 0
        PORT MAP (
            pa_out => ss(0)__PA ,
            input => Net_17 ,
            pad => ss(0)_PAD );
        Properties:
        {
        }

    Pin : Name = sclk(0)
        Attributes:
            In Group/Port: True
            In Sync Option: AUTO
            Out Sync Option: NOSYNC
            Interrupt generated: False
            Interrupt mode: NONE
            Drive mode: CMOS_OUT
            VTrip: EITHER
            Slew: FAST
            Input Sync needed: False
            Output Sync needed: False
            SC shield enabled: False
            POR State: ANY
            LCD Mode: COMMON
            Register Mode: RegComb
            CaSense Mode: NEITHER
            Treat as pin: True
            Is OE Registered: False
            Uses Analog: False
            Can contain Digital: True
            Is SIO: False
            SIO Output Buf: NONREGULATED
            SIO Input Buf: SINGLE_ENDED
            SIO HiFreq: LOW
            SIO Hyst: DISABLED
            SIO Vtrip: MULTIPLIER_0_5
            SIO Multiplier Index: 0
            SIO RefSel: VCC_IO
            Required Capabilitites: DIGITAL, ROUTABLE
            Initial Value: 0
            IO Voltage: 0
        PORT MAP (
            pa_out => sclk(0)__PA ,
            input => Net_19 ,
            pad => sclk(0)_PAD );
        Properties:
        {
        }

    Pin : Name = mosi(0)
        Attributes:
            In Group/Port: True
            In Sync Option: AUTO
            Out Sync Option: NOSYNC
            Interrupt generated: False
            Interrupt mode: NONE
            Drive mode: CMOS_OUT
            VTrip: EITHER
            Slew: FAST
            Input Sync needed: False
            Output Sync needed: False
            SC shield enabled: False
            POR State: ANY
            LCD Mode: COMMON
            Register Mode: RegComb
            CaSense Mode: NEITHER
            Treat as pin: True
            Is OE Registered: False
            Uses Analog: False
            Can contain Digital: True
            Is SIO: False
            SIO Output Buf: NONREGULATED
            SIO Input Buf: SINGLE_ENDED
            SIO HiFreq: LOW
            SIO Hyst: DISABLED
            SIO Vtrip: MULTIPLIER_0_5
            SIO Multiplier Index: 0
            SIO RefSel: VCC_IO
            Required Capabilitites: DIGITAL, ROUTABLE
            Initial Value: 0
            IO Voltage: 0
        PORT MAP (
            pa_out => mosi(0)__PA ,
            input => Net_20 ,
            pad => mosi(0)_PAD );
        Properties:
        {
        }

    Pin : Name = cs(0)
        Attributes:
            In Group/Port: True
            In Sync Option: AUTO
            Out Sync Option: NOSYNC
            Interrupt generated: False
            Interrupt mode: NONE
            Drive mode: CMOS_OUT
            VTrip: EITHER
            Slew: FAST
            Input Sync needed: False
            Output Sync needed: False
            SC shield enabled: False
            POR State: ANY
            LCD Mode: COMMON
            Register Mode: RegComb
            CaSense Mode: NEITHER
            Treat as pin: True
            Is OE Registered: False
            Uses Analog: False
            Can contain Digital: True
            Is SIO: False
            SIO Output Buf: NONREGULATED
            SIO Input Buf: SINGLE_ENDED
            SIO HiFreq: LOW
            SIO Hyst: DISABLED
            SIO Vtrip: MULTIPLIER_0_5
            SIO Multiplier Index: 0
            SIO RefSel: VCC_IO
            Required Capabilitites: DIGITAL, ROUTABLE
            Initial Value: 0
            IO Voltage: 0
        PORT MAP (
            pa_out => cs(0)__PA ,
            input => Net_21 ,
            pad => cs(0)_PAD );
        Properties:
        {
        }

    Pin : Name = dc(0)
        Attributes:
            In Group/Port: True
            In Sync Option: AUTO
            Out Sync Option: NOSYNC
            Interrupt generated: False
            Interrupt mode: NONE
            Drive mode: CMOS_OUT
            VTrip: EITHER
            Slew: FAST
            Input Sync needed: False
            Output Sync needed: False
            SC shield enabled: False
            POR State: ANY
            LCD Mode: COMMON
            Register Mode: RegComb
            CaSense Mode: NEITHER
            Treat as pin: True
            Is OE Registered: False
            Uses Analog: False
            Can contain Digital: True
            Is SIO: False
            SIO Output Buf: NONREGULATED
            SIO Input Buf: SINGLE_ENDED
            SIO HiFreq: LOW
            SIO Hyst: DISABLED
            SIO Vtrip: MULTIPLIER_0_5
            SIO Multiplier Index: 0
            SIO RefSel: VCC_IO
            Required Capabilitites: DIGITAL, ROUTABLE
            Initial Value: 0
            IO Voltage: 0
        PORT MAP (
            pa_out => dc(0)__PA ,
            input => Net_22 ,
            pad => dc(0)_PAD );
        Properties:
        {
        }

    Pin : Name = rt_cs(0)
        Attributes:
            In Group/Port: True
            In Sync Option: AUTO
            Out Sync Option: NOSYNC
            Interrupt generated: False
            Interrupt mode: NONE
            Drive mode: CMOS_OUT
            VTrip: EITHER
            Slew: FAST
            Input Sync needed: False
            Output Sync needed: False
            SC shield enabled: False
            POR State: ANY
            LCD Mode: COMMON
            Register Mode: RegComb
            CaSense Mode: NEITHER
            Treat as pin: True
            Is OE Registered: False
            Uses Analog: False
            Can contain Digital: True
            Is SIO: False
            SIO Output Buf: NONREGULATED
            SIO Input Buf: SINGLE_ENDED
            SIO HiFreq: LOW
            SIO Hyst: DISABLED
            SIO Vtrip: MULTIPLIER_0_5
            SIO Multiplier Index: 0
            SIO RefSel: VCC_IO
            Required Capabilitites: DIGITAL, ROUTABLE
            Initial Value: 1
            IO Voltage: 0
        PORT MAP (
            pa_out => rt_cs(0)__PA ,
            input => Net_23 ,
            pad => rt_cs(0)_PAD );
        Properties:
        {
        }
    </CYPRESSTAG>
    <CYPRESSTAG name="Macrocell listing" icon="FILE_RPT_EQUATION">

    ------------------------------------------------------------
    Macrocell listing
    ------------------------------------------------------------

    MacroCell: Name=\TFTSHIELD_1:SPIM_1:BSPIM:load_rx_data\, Mode=(Combinatorial)
        Total # of inputs        : 5
        Total # of product terms : 1
            Clock Enable: True
        Main Equation            : 1 pterm
        (
              !\TFTSHIELD_1:SPIM_1:BSPIM:count_4\ * 
              !\TFTSHIELD_1:SPIM_1:BSPIM:count_3\ * 
              !\TFTSHIELD_1:SPIM_1:BSPIM:count_2\ * 
              !\TFTSHIELD_1:SPIM_1:BSPIM:count_1\ * 
              \TFTSHIELD_1:SPIM_1:BSPIM:count_0\
        );
        Output = \TFTSHIELD_1:SPIM_1:BSPIM:load_rx_data\ (fanout=2)

    MacroCell: Name=\TFTSHIELD_1:SPIM_1:BSPIM:tx_status_0\, Mode=(Combinatorial)
        Total # of inputs        : 3
        Total # of product terms : 1
            Clock Enable: True
        Main Equation            : 1 pterm
        (
              \TFTSHIELD_1:SPIM_1:BSPIM:state_2\ * 
              !\TFTSHIELD_1:SPIM_1:BSPIM:state_1\ * 
              \TFTSHIELD_1:SPIM_1:BSPIM:state_0\
        );
        Output = \TFTSHIELD_1:SPIM_1:BSPIM:tx_status_0\ (fanout=1)

    MacroCell: Name=\TFTSHIELD_1:SPIM_1:BSPIM:tx_status_4\, Mode=(Combinatorial)
        Total # of inputs        : 3
        Total # of product terms : 1
            Clock Enable: True
        Main Equation            : 1 pterm
        (
              !\TFTSHIELD_1:SPIM_1:BSPIM:state_2\ * 
              !\TFTSHIELD_1:SPIM_1:BSPIM:state_1\ * 
              !\TFTSHIELD_1:SPIM_1:BSPIM:state_0\
        );
        Output = \TFTSHIELD_1:SPIM_1:BSPIM:tx_status_4\ (fanout=1)

    MacroCell: Name=\TFTSHIELD_1:SPIM_1:BSPIM:rx_status_6\, Mode=(Combinatorial)
        Total # of inputs        : 6
        Total # of product terms : 1
            Clock Enable: True
        Main Equation            : 1 pterm
        (
              !\TFTSHIELD_1:SPIM_1:BSPIM:count_4\ * 
              !\TFTSHIELD_1:SPIM_1:BSPIM:count_3\ * 
              !\TFTSHIELD_1:SPIM_1:BSPIM:count_2\ * 
              !\TFTSHIELD_1:SPIM_1:BSPIM:count_1\ * 
              \TFTSHIELD_1:SPIM_1:BSPIM:count_0\ * 
              \TFTSHIELD_1:SPIM_1:BSPIM:rx_status_4\
        );
        Output = \TFTSHIELD_1:SPIM_1:BSPIM:rx_status_6\ (fanout=1)

    MacroCell: Name=Net_17, Mode=(D-Register)
        Total # of inputs        : 4
        Total # of product terms : 4
        List of special equations: 
            Clock  = (Net_2) => Global
            Clock Enable: True
        Main Equation            : 4 pterms
        !(
              !Net_17 * !\TFTSHIELD_1:SPIM_1:BSPIM:state_2\ * 
              \TFTSHIELD_1:SPIM_1:BSPIM:state_1\
            + !Net_17 * \TFTSHIELD_1:SPIM_1:BSPIM:state_2\ * 
              !\TFTSHIELD_1:SPIM_1:BSPIM:state_1\ * 
              !\TFTSHIELD_1:SPIM_1:BSPIM:state_0\
            + !Net_17 * \TFTSHIELD_1:SPIM_1:BSPIM:state_1\ * 
              \TFTSHIELD_1:SPIM_1:BSPIM:state_0\
            + !\TFTSHIELD_1:SPIM_1:BSPIM:state_2\ * 
              !\TFTSHIELD_1:SPIM_1:BSPIM:state_1\ * 
              \TFTSHIELD_1:SPIM_1:BSPIM:state_0\
        );
        Output = Net_17 (fanout=2)

    MacroCell: Name=Net_19, Mode=(D-Register)
        Total # of inputs        : 4
        Total # of product terms : 2
        List of special equations: 
            Clock  = (Net_2) => Global
            Clock Enable: True
        Main Equation            : 2 pterms
        (
              Net_19 * \TFTSHIELD_1:SPIM_1:BSPIM:state_1\ * 
              \TFTSHIELD_1:SPIM_1:BSPIM:state_0\
            + !\TFTSHIELD_1:SPIM_1:BSPIM:state_2\ * 
              \TFTSHIELD_1:SPIM_1:BSPIM:state_1\ * 
              \TFTSHIELD_1:SPIM_1:BSPIM:state_0\
        );
        Output = Net_19 (fanout=2)

    MacroCell: Name=Net_20, Mode=(D-Register)
        Total # of inputs        : 11
        Total # of product terms : 7
        List of special equations: 
            Clock  = (Net_2) => Global
            Clock Enable: True
        Main Equation            : 7 pterms
        !(
              !Net_20 * !\TFTSHIELD_1:SPIM_1:BSPIM:state_2\ * 
              \TFTSHIELD_1:SPIM_1:BSPIM:state_0\
            + !\TFTSHIELD_1:SPIM_1:BSPIM:state_2\ * 
              !\TFTSHIELD_1:SPIM_1:BSPIM:state_1\ * 
              !\TFTSHIELD_1:SPIM_1:BSPIM:state_0\
            + !\TFTSHIELD_1:SPIM_1:BSPIM:state_2\ * 
              !\TFTSHIELD_1:SPIM_1:BSPIM:state_0\ * 
              !\TFTSHIELD_1:SPIM_1:BSPIM:count_4\ * 
              !\TFTSHIELD_1:SPIM_1:BSPIM:count_3\ * 
              !\TFTSHIELD_1:SPIM_1:BSPIM:count_2\ * 
              \TFTSHIELD_1:SPIM_1:BSPIM:count_1\ * 
              !\TFTSHIELD_1:SPIM_1:BSPIM:count_0\ * 
              !\TFTSHIELD_1:SPIM_1:BSPIM:ld_ident\
            + \TFTSHIELD_1:SPIM_1:BSPIM:state_2\ * 
              !\TFTSHIELD_1:SPIM_1:BSPIM:state_1\ * 
              \TFTSHIELD_1:SPIM_1:BSPIM:state_0\
            + \TFTSHIELD_1:SPIM_1:BSPIM:state_2\ * 
              \TFTSHIELD_1:SPIM_1:BSPIM:state_1\ * 
              !\TFTSHIELD_1:SPIM_1:BSPIM:state_0\
            + \TFTSHIELD_1:SPIM_1:BSPIM:state_2\ * 
              !\TFTSHIELD_1:SPIM_1:BSPIM:mosi_from_dp\
            + !\TFTSHIELD_1:SPIM_1:BSPIM:state_0\ * 
              !\TFTSHIELD_1:SPIM_1:BSPIM:mosi_from_dp\
        );
        Output = Net_20 (fanout=2)

    MacroCell: Name=\TFTSHIELD_1:SPIM_1:BSPIM:state_2\, Mode=(D-Register)
        Total # of inputs        : 10
        Total # of product terms : 3
        List of special equations: 
            Clock  = (Net_2) => Global
            Clock Enable: True
        Main Equation            : 3 pterms
        (
              !\TFTSHIELD_1:SPIM_1:BSPIM:state_2\ * 
              !\TFTSHIELD_1:SPIM_1:BSPIM:state_1\ * 
              \TFTSHIELD_1:SPIM_1:BSPIM:state_0\
            + !\TFTSHIELD_1:SPIM_1:BSPIM:state_2\ * 
              \TFTSHIELD_1:SPIM_1:BSPIM:state_1\ * 
              !\TFTSHIELD_1:SPIM_1:BSPIM:state_0\ * 
              !\TFTSHIELD_1:SPIM_1:BSPIM:count_4\ * 
              !\TFTSHIELD_1:SPIM_1:BSPIM:count_3\ * 
              !\TFTSHIELD_1:SPIM_1:BSPIM:count_2\ * 
              \TFTSHIELD_1:SPIM_1:BSPIM:count_1\ * 
              !\TFTSHIELD_1:SPIM_1:BSPIM:count_0\ * 
              !\TFTSHIELD_1:SPIM_1:BSPIM:ld_ident\
            + !\TFTSHIELD_1:SPIM_1:BSPIM:state_2\ * 
              \TFTSHIELD_1:SPIM_1:BSPIM:state_0\ * 
              !\TFTSHIELD_1:SPIM_1:BSPIM:count_4\ * 
              !\TFTSHIELD_1:SPIM_1:BSPIM:count_3\ * 
              \TFTSHIELD_1:SPIM_1:BSPIM:count_2\ * 
              !\TFTSHIELD_1:SPIM_1:BSPIM:count_1\ * 
              \TFTSHIELD_1:SPIM_1:BSPIM:count_0\ * 
              !\TFTSHIELD_1:SPIM_1:BSPIM:tx_status_1\
        );
        Output = \TFTSHIELD_1:SPIM_1:BSPIM:state_2\ (fanout=12)

    MacroCell: Name=\TFTSHIELD_1:SPIM_1:BSPIM:state_1\, Mode=(T-Register)
        Total # of inputs        : 10
        Total # of product terms : 4
        List of special equations: 
            Clock  = (Net_2) => Global
            Clock Enable: True
        Main Equation            : 4 pterms
        (
              !\TFTSHIELD_1:SPIM_1:BSPIM:state_2\ * 
              !\TFTSHIELD_1:SPIM_1:BSPIM:state_1\ * 
              \TFTSHIELD_1:SPIM_1:BSPIM:state_0\
            + !\TFTSHIELD_1:SPIM_1:BSPIM:state_2\ * 
              \TFTSHIELD_1:SPIM_1:BSPIM:state_0\ * 
              !\TFTSHIELD_1:SPIM_1:BSPIM:count_4\ * 
              !\TFTSHIELD_1:SPIM_1:BSPIM:count_3\ * 
              \TFTSHIELD_1:SPIM_1:BSPIM:count_2\ * 
              !\TFTSHIELD_1:SPIM_1:BSPIM:count_1\ * 
              \TFTSHIELD_1:SPIM_1:BSPIM:count_0\ * 
              !\TFTSHIELD_1:SPIM_1:BSPIM:tx_status_1\
            + \TFTSHIELD_1:SPIM_1:BSPIM:state_2\ * 
              !\TFTSHIELD_1:SPIM_1:BSPIM:state_0\
            + \TFTSHIELD_1:SPIM_1:BSPIM:state_1\ * 
              !\TFTSHIELD_1:SPIM_1:BSPIM:state_0\ * 
              !\TFTSHIELD_1:SPIM_1:BSPIM:count_4\ * 
              !\TFTSHIELD_1:SPIM_1:BSPIM:count_3\ * 
              !\TFTSHIELD_1:SPIM_1:BSPIM:count_2\ * 
              \TFTSHIELD_1:SPIM_1:BSPIM:count_1\ * 
              !\TFTSHIELD_1:SPIM_1:BSPIM:count_0\ * 
              !\TFTSHIELD_1:SPIM_1:BSPIM:ld_ident\
        );
        Output = \TFTSHIELD_1:SPIM_1:BSPIM:state_1\ (fanout=12)

    MacroCell: Name=\TFTSHIELD_1:SPIM_1:BSPIM:state_0\, Mode=(T-Register)
        Total # of inputs        : 4
        Total # of product terms : 3
        List of special equations: 
            Clock  = (Net_2) => Global
            Clock Enable: True
        Main Equation            : 3 pterms
        (
              !\TFTSHIELD_1:SPIM_1:BSPIM:state_2\ * 
              \TFTSHIELD_1:SPIM_1:BSPIM:state_1\
            + \TFTSHIELD_1:SPIM_1:BSPIM:state_2\ * 
              !\TFTSHIELD_1:SPIM_1:BSPIM:state_1\
            + !\TFTSHIELD_1:SPIM_1:BSPIM:state_1\ * 
              !\TFTSHIELD_1:SPIM_1:BSPIM:state_0\ * 
              !\TFTSHIELD_1:SPIM_1:BSPIM:tx_status_1\
        );
        Output = \TFTSHIELD_1:SPIM_1:BSPIM:state_0\ (fanout=12)

    MacroCell: Name=\TFTSHIELD_1:SPIM_1:BSPIM:load_cond\, Mode=(T-Register)
        Total # of inputs        : 9
        Total # of product terms : 4
        List of special equations: 
            Clock  = (Net_2) => Global
            Clock Enable: True
        Main Equation            : 4 pterms
        (
              !\TFTSHIELD_1:SPIM_1:BSPIM:state_2\ * 
              !\TFTSHIELD_1:SPIM_1:BSPIM:count_4\ * 
              !\TFTSHIELD_1:SPIM_1:BSPIM:count_3\ * 
              !\TFTSHIELD_1:SPIM_1:BSPIM:count_2\ * 
              !\TFTSHIELD_1:SPIM_1:BSPIM:count_1\ * 
              !\TFTSHIELD_1:SPIM_1:BSPIM:count_0\ * 
              \TFTSHIELD_1:SPIM_1:BSPIM:load_cond\
            + \TFTSHIELD_1:SPIM_1:BSPIM:state_2\ * 
              !\TFTSHIELD_1:SPIM_1:BSPIM:state_1\ * 
              !\TFTSHIELD_1:SPIM_1:BSPIM:state_0\ * 
              !\TFTSHIELD_1:SPIM_1:BSPIM:load_cond\
            + \TFTSHIELD_1:SPIM_1:BSPIM:state_1\ * 
              !\TFTSHIELD_1:SPIM_1:BSPIM:count_4\ * 
              !\TFTSHIELD_1:SPIM_1:BSPIM:count_3\ * 
              !\TFTSHIELD_1:SPIM_1:BSPIM:count_2\ * 
              !\TFTSHIELD_1:SPIM_1:BSPIM:count_1\ * 
              !\TFTSHIELD_1:SPIM_1:BSPIM:count_0\ * 
              \TFTSHIELD_1:SPIM_1:BSPIM:load_cond\
            + \TFTSHIELD_1:SPIM_1:BSPIM:state_0\ * 
              !\TFTSHIELD_1:SPIM_1:BSPIM:count_4\ * 
              !\TFTSHIELD_1:SPIM_1:BSPIM:count_3\ * 
              !\TFTSHIELD_1:SPIM_1:BSPIM:count_2\ * 
              !\TFTSHIELD_1:SPIM_1:BSPIM:count_1\ * 
              !\TFTSHIELD_1:SPIM_1:BSPIM:count_0\ * 
              \TFTSHIELD_1:SPIM_1:BSPIM:load_cond\
        );
        Output = \TFTSHIELD_1:SPIM_1:BSPIM:load_cond\ (fanout=1)

    MacroCell: Name=\TFTSHIELD_1:SPIM_1:BSPIM:ld_ident\, Mode=(T-Register)
        Total # of inputs        : 9
        Total # of product terms : 3
        List of special equations: 
            Clock  = (Net_2) => Global
            Clock Enable: True
        Main Equation            : 3 pterms
        (
              \TFTSHIELD_1:SPIM_1:BSPIM:state_2\ * 
              !\TFTSHIELD_1:SPIM_1:BSPIM:state_1\ * 
              !\TFTSHIELD_1:SPIM_1:BSPIM:state_0\ * 
              !\TFTSHIELD_1:SPIM_1:BSPIM:ld_ident\
            + \TFTSHIELD_1:SPIM_1:BSPIM:state_2\ * 
              \TFTSHIELD_1:SPIM_1:BSPIM:state_1\ * 
              !\TFTSHIELD_1:SPIM_1:BSPIM:state_0\ * 
              \TFTSHIELD_1:SPIM_1:BSPIM:ld_ident\
            + \TFTSHIELD_1:SPIM_1:BSPIM:state_1\ * 
              !\TFTSHIELD_1:SPIM_1:BSPIM:state_0\ * 
              !\TFTSHIELD_1:SPIM_1:BSPIM:count_4\ * 
              !\TFTSHIELD_1:SPIM_1:BSPIM:count_3\ * 
              !\TFTSHIELD_1:SPIM_1:BSPIM:count_2\ * 
              \TFTSHIELD_1:SPIM_1:BSPIM:count_1\ * 
              !\TFTSHIELD_1:SPIM_1:BSPIM:count_0\ * 
              \TFTSHIELD_1:SPIM_1:BSPIM:ld_ident\
        );
        Output = \TFTSHIELD_1:SPIM_1:BSPIM:ld_ident\ (fanout=4)

    MacroCell: Name=\TFTSHIELD_1:SPIM_1:BSPIM:cnt_enable\, Mode=(T-Register)
        Total # of inputs        : 4
        Total # of product terms : 4
        List of special equations: 
            Clock  = (Net_2) => Global
            Clock Enable: True
        Main Equation            : 4 pterms
        (
              !\TFTSHIELD_1:SPIM_1:BSPIM:state_2\ * 
              !\TFTSHIELD_1:SPIM_1:BSPIM:state_1\ * 
              !\TFTSHIELD_1:SPIM_1:BSPIM:state_0\ * 
              \TFTSHIELD_1:SPIM_1:BSPIM:cnt_enable\
            + !\TFTSHIELD_1:SPIM_1:BSPIM:state_2\ * 
              \TFTSHIELD_1:SPIM_1:BSPIM:state_1\ * 
              \TFTSHIELD_1:SPIM_1:BSPIM:state_0\ * 
              !\TFTSHIELD_1:SPIM_1:BSPIM:cnt_enable\
            + \TFTSHIELD_1:SPIM_1:BSPIM:state_2\ * 
              !\TFTSHIELD_1:SPIM_1:BSPIM:state_1\ * 
              \TFTSHIELD_1:SPIM_1:BSPIM:state_0\ * 
              \TFTSHIELD_1:SPIM_1:BSPIM:cnt_enable\
            + \TFTSHIELD_1:SPIM_1:BSPIM:state_2\ * 
              \TFTSHIELD_1:SPIM_1:BSPIM:state_1\ * 
              !\TFTSHIELD_1:SPIM_1:BSPIM:state_0\ * 
              \TFTSHIELD_1:SPIM_1:BSPIM:cnt_enable\
        );
        Output = \TFTSHIELD_1:SPIM_1:BSPIM:cnt_enable\ (fanout=2)
    </CYPRESSTAG>
    <CYPRESSTAG name="Datapath listing">

    ------------------------------------------------------------
    Datapath listing
    ------------------------------------------------------------

    datapathcell: Name =\TFTSHIELD_1:SPIM_1:BSPIM:sR8:Dp:u0\
        PORT MAP (
            clock => Net_2 ,
            cs_addr_2 => \TFTSHIELD_1:SPIM_1:BSPIM:state_2\ ,
            cs_addr_1 => \TFTSHIELD_1:SPIM_1:BSPIM:state_1\ ,
            cs_addr_0 => \TFTSHIELD_1:SPIM_1:BSPIM:state_0\ ,
            route_si => Net_14 ,
            f1_load => \TFTSHIELD_1:SPIM_1:BSPIM:load_rx_data\ ,
            so_comb => \TFTSHIELD_1:SPIM_1:BSPIM:mosi_from_dp\ ,
            f0_bus_stat_comb => \TFTSHIELD_1:SPIM_1:BSPIM:tx_status_2\ ,
            f0_blk_stat_comb => \TFTSHIELD_1:SPIM_1:BSPIM:tx_status_1\ ,
            f1_bus_stat_comb => \TFTSHIELD_1:SPIM_1:BSPIM:rx_status_5\ ,
            f1_blk_stat_comb => \TFTSHIELD_1:SPIM_1:BSPIM:rx_status_4\ );
        Properties:
        {
            a0_init = "00000000"
            a1_init = "00000000"
            ce0_sync = 1
            ce1_sync = 1
            cl0_sync = 1
            cl1_sync = 1
            cmsb_sync = 1
            co_msb_sync = 1
            cy_dpconfig = "0000000000000000000000001100000000000001010000000001000100010000000000011100000000010001000000000000000101000000000000010100000011111111000000001111111111111111000000000010001000001000111100000000000000000100"
            d0_init = "00000000"
            d1_init = "00000000"
            f0_blk_sync = 1
            f0_bus_sync = 1
            f1_blk_sync = 1
            f1_bus_sync = 1
            ff0_sync = 1
            ff1_sync = 1
            ov_msb_sync = 1
            so_sync = 1
            z0_sync = 1
            z1_sync = 1
        }
        Clock Polarity: Active High
        Clock Enable: True
    </CYPRESSTAG>
    <CYPRESSTAG name="Status register listing">
    </CYPRESSTAG>
    <CYPRESSTAG name="StatusI register listing">

    ------------------------------------------------------------
    StatusI register listing
    ------------------------------------------------------------

    statusicell: Name =\TFTSHIELD_1:SPIM_1:BSPIM:TxStsReg\
        PORT MAP (
            clock => Net_2 ,
            status_4 => \TFTSHIELD_1:SPIM_1:BSPIM:tx_status_4\ ,
            status_3 => \TFTSHIELD_1:SPIM_1:BSPIM:load_rx_data\ ,
            status_2 => \TFTSHIELD_1:SPIM_1:BSPIM:tx_status_2\ ,
            status_1 => \TFTSHIELD_1:SPIM_1:BSPIM:tx_status_1\ ,
            status_0 => \TFTSHIELD_1:SPIM_1:BSPIM:tx_status_0\ ,
            interrupt => \TFTSHIELD_1:Net_59\ );
        Properties:
        {
            cy_force_order = 1
            cy_int_mask = "0000000"
            cy_md_select = "0001001"
        }
        Clock Polarity: Active High
        Clock Enable: True

    statusicell: Name =\TFTSHIELD_1:SPIM_1:BSPIM:RxStsReg\
        PORT MAP (
            clock => Net_2 ,
            status_6 => \TFTSHIELD_1:SPIM_1:BSPIM:rx_status_6\ ,
            status_5 => \TFTSHIELD_1:SPIM_1:BSPIM:rx_status_5\ ,
            status_4 => \TFTSHIELD_1:SPIM_1:BSPIM:rx_status_4\ ,
            interrupt => \TFTSHIELD_1:Net_57\ );
        Properties:
        {
            cy_force_order = 1
            cy_int_mask = "0000000"
            cy_md_select = "1000000"
        }
        Clock Polarity: Active High
        Clock Enable: True
    </CYPRESSTAG>
    <CYPRESSTAG name="Sync listing">
    </CYPRESSTAG>
    <CYPRESSTAG name="Control register listing">

    ------------------------------------------------------------
    Control register listing
    ------------------------------------------------------------

    controlcell: Name =\TFTSHIELD_1:CR_1:Sync:ctrl_reg\
        PORT MAP (
            control_7 => \TFTSHIELD_1:CR_1:control_7\ ,
            control_6 => \TFTSHIELD_1:CR_1:control_6\ ,
            control_5 => \TFTSHIELD_1:CR_1:control_5\ ,
            control_4 => \TFTSHIELD_1:CR_1:control_4\ ,
            control_3 => \TFTSHIELD_1:CR_1:control_3\ ,
            control_2 => Net_23 ,
            control_1 => Net_22 ,
            control_0 => Net_21 );
        Properties:
        {
            cy_ctrl_mode_0 = "00000000"
            cy_ctrl_mode_1 = "00000000"
            cy_ext_reset = 0
            cy_force_order = 1
            cy_init_value = "00000000"
        }
        Clock Enable: True
    </CYPRESSTAG>
    <CYPRESSTAG name="Count7 listing">

    ------------------------------------------------------------
    Count7 listing
    ------------------------------------------------------------

    count7cell: Name =\TFTSHIELD_1:SPIM_1:BSPIM:BitCounter\
        PORT MAP (
            clock => Net_2 ,
            enable => \TFTSHIELD_1:SPIM_1:BSPIM:cnt_enable\ ,
            count_6 => \TFTSHIELD_1:SPIM_1:BSPIM:count_6\ ,
            count_5 => \TFTSHIELD_1:SPIM_1:BSPIM:count_5\ ,
            count_4 => \TFTSHIELD_1:SPIM_1:BSPIM:count_4\ ,
            count_3 => \TFTSHIELD_1:SPIM_1:BSPIM:count_3\ ,
            count_2 => \TFTSHIELD_1:SPIM_1:BSPIM:count_2\ ,
            count_1 => \TFTSHIELD_1:SPIM_1:BSPIM:count_1\ ,
            count_0 => \TFTSHIELD_1:SPIM_1:BSPIM:count_0\ ,
            tc => \TFTSHIELD_1:SPIM_1:BSPIM:cnt_tc\ );
        Properties:
        {
            cy_alt_mode = 0
            cy_init_value = "0000000"
            cy_period = "0001111"
            cy_route_en = 1
            cy_route_ld = 0
        }
        Clock Polarity: Active High
        Clock Enable: True
    </CYPRESSTAG>
    <CYPRESSTAG name="DRQ listing">
    </CYPRESSTAG>
    <CYPRESSTAG name="Interrupt listing">

    ------------------------------------------------------------
    Interrupt listing
    ------------------------------------------------------------

    interrupt: Name =\TFTSHIELD_1:SPIM_1:RxInternalInterrupt\
        PORT MAP (
            interrupt => \TFTSHIELD_1:Net_57\ );
        Properties:
        {
            int_type = "10"
            is_nmi = 0
        }

    interrupt: Name =\TFTSHIELD_1:SPIM_1:TxInternalInterrupt\
        PORT MAP (
            interrupt => \TFTSHIELD_1:Net_59\ );
        Properties:
        {
            int_type = "10"
            is_nmi = 0
        }
    </CYPRESSTAG>
</CYPRESSTAG>
<CYPRESSTAG name="Technology mapping summary" expanded>

------------------------------------------------------------
Technology mapping summary
------------------------------------------------------------

Resource Type                 : Used : Free :  Max :  % Used
============================================================
Digital Clocks                :    1 :    7 :    8 : 12.50 %
Analog Clocks                 :    0 :    4 :    4 :  0.00 %
CapSense Buffers              :    0 :    2 :    2 :  0.00 %
Digital Filter Block          :    0 :    1 :    1 :  0.00 %
Interrupts                    :    2 :   30 :   32 :  6.25 %
IO                            :   10 :   62 :   72 : 13.89 %
Segment LCD                   :    0 :    1 :    1 :  0.00 %
CAN 2.0b                      :    0 :    1 :    1 :  0.00 %
I2C                           :    0 :    1 :    1 :  0.00 %
USB                           :    0 :    1 :    1 :  0.00 %
DMA Channels                  :    0 :   24 :   24 :  0.00 %
Timer                         :    0 :    4 :    4 :  0.00 %
UDB                           :      :      :      :        
  Macrocells                  :   13 :  179 :  192 :  6.77 %
  Unique P-terms              :   33 :  351 :  384 :  8.59 %
  Total P-terms               :   38 :      :      :        
  Datapath Cells              :    1 :   23 :   24 :  4.17 %
  Status Cells                :    3 :   21 :   24 : 12.50 %
    StatusI Registers         :    2 :      :      :        
    Routed Count7 Load/Enable :    1 :      :      :        
  Control Cells               :    2 :   22 :   24 :  8.33 %
    Control Registers         :    1 :      :      :        
    Count7 Cells              :    1 :      :      :        
Opamp                         :    0 :    4 :    4 :  0.00 %
Comparator                    :    0 :    4 :    4 :  0.00 %
Delta-Sigma ADC               :    0 :    1 :    1 :  0.00 %
LPF                           :    0 :    2 :    2 :  0.00 %
SAR ADC                       :    0 :    2 :    2 :  0.00 %
Analog (SC/CT) Blocks         :    0 :    4 :    4 :  0.00 %
DAC                           :      :      :      :        
  VIDAC                       :    0 :    4 :    4 :  0.00 %
</CYPRESSTAG>
Technology Mapping: Elapsed time ==> 0s.050ms
Tech Mapping phase: Elapsed time ==> 0s.160ms
</CYPRESSTAG>
<CYPRESSTAG name="Analog Placement">
Initial Analog Placement Results:
IO_4@[IOP=(6)][IoId=(4)] : cs(0) (fixed)
IO_3@[IOP=(6)][IoId=(3)] : dc(0) (fixed)
IO_6@[IOP=(6)][IoId=(6)] : miso(0) (fixed)
IO_5@[IOP=(6)][IoId=(5)] : mosi(0) (fixed)
IO_2@[IOP=(6)][IoId=(2)] : rt_cs(0) (fixed)
IO_7@[IOP=(6)][IoId=(7)] : sclk(0) (fixed)
IO_6@[IOP=(12)][IoId=(6)] : ss(0) (fixed)
Analog Placement phase: Elapsed time ==> 0s.099ms
</CYPRESSTAG>
<CYPRESSTAG name="Analog Routing">
Analog Routing phase: Elapsed time ==> 0s.000ms
</CYPRESSTAG>
<CYPRESSTAG name="Analog Code Generation">
============ Analog Final Answer Routes ============
Dump of CyAnalogRoutingResultsDB
Map of net to items {
}
Map of item to net {
}
Mux Info {
}
Dump of CyP35AnalogRoutingResultsDB
IsVddaHalfUsedForComp = False
IsVddaHalfUsedForSar0 = False
IsVddaHalfUsedForSar1 = False
Analog Code Generation phase: Elapsed time ==> 0s.456ms
</CYPRESSTAG>
<CYPRESSTAG name="Digital Placement">
<CYPRESSTAG name="Detailed placement messages">
I2076: Total run-time: 0.8 sec.

</CYPRESSTAG>
<CYPRESSTAG name="PLD Packing">
<CYPRESSTAG name="PLD Packing Summary" expanded>

------------------------------------------------------------
PLD Packing Summary
------------------------------------------------------------
            Resource Type : Used : Free :  Max :  % Used
    ====================================================
                     PLDs :    5 :   43 :   48 :  10.42%

<CYPRESSTAG name="PLD Statistics">

        PLD Resource Type :     Average/LAB
    =======================================
                   Inputs :            8.20
                   Pterms :            7.20
               Macrocells :            2.60
</CYPRESSTAG>
<CYPRESSTAG name="Packed PLD Contents">
Packed PLD Contents not displayed at this verbose level.</CYPRESSTAG>
</CYPRESSTAG>
PLD Packing: Elapsed time ==> 0s.000ms
</CYPRESSTAG>
<CYPRESSTAG name="Partitioning">
<CYPRESSTAG name="Initial Partitioning Summary">
Initial Partitioning Summary not displayed at this verbose level.</CYPRESSTAG>
<CYPRESSTAG name="Final Partitioning Summary">
Final Partitioning Summary not displayed at this verbose level.</CYPRESSTAG>
Partitioning: Elapsed time ==> 0s.019ms
</CYPRESSTAG>
<CYPRESSTAG name="Final Placement Summary">

------------------------------------------------------------
Final Placement Summary
------------------------------------------------------------

       Resource Type :      Count : Avg Inputs : Avg Outputs
    ========================================================
                 UDB :          3 :       9.67 :       4.33
<CYPRESSTAG name="Final Placement Details">
<CYPRESSTAG name="Component Details">

------------------------------------------------------------
Component Placement Details
------------------------------------------------------------
UDB [UDB=(0,0)] is empty.
UDB [UDB=(0,1)] is empty.
UDB [UDB=(0,2)] is empty.
UDB [UDB=(0,3)] contents:
LAB@[UDB=(0,3)][LB=0] #macrocells=3, #inputs=11, #pterms=8
{
    [McSlotId=0]:     MacroCell: Name=\TFTSHIELD_1:SPIM_1:BSPIM:load_cond\, Mode=(T-Register) @ [UDB=(0,3)][LB=0][MC=0]
        Total # of inputs        : 9
        Total # of product terms : 4
        List of special equations: 
            Clock  = (Net_2) => Global
            Clock Enable: True
        Main Equation            : 4 pterms
        (
              !\TFTSHIELD_1:SPIM_1:BSPIM:state_2\ * 
              !\TFTSHIELD_1:SPIM_1:BSPIM:count_4\ * 
              !\TFTSHIELD_1:SPIM_1:BSPIM:count_3\ * 
              !\TFTSHIELD_1:SPIM_1:BSPIM:count_2\ * 
              !\TFTSHIELD_1:SPIM_1:BSPIM:count_1\ * 
              !\TFTSHIELD_1:SPIM_1:BSPIM:count_0\ * 
              \TFTSHIELD_1:SPIM_1:BSPIM:load_cond\
            + \TFTSHIELD_1:SPIM_1:BSPIM:state_2\ * 
              !\TFTSHIELD_1:SPIM_1:BSPIM:state_1\ * 
              !\TFTSHIELD_1:SPIM_1:BSPIM:state_0\ * 
              !\TFTSHIELD_1:SPIM_1:BSPIM:load_cond\
            + \TFTSHIELD_1:SPIM_1:BSPIM:state_1\ * 
              !\TFTSHIELD_1:SPIM_1:BSPIM:count_4\ * 
              !\TFTSHIELD_1:SPIM_1:BSPIM:count_3\ * 
              !\TFTSHIELD_1:SPIM_1:BSPIM:count_2\ * 
              !\TFTSHIELD_1:SPIM_1:BSPIM:count_1\ * 
              !\TFTSHIELD_1:SPIM_1:BSPIM:count_0\ * 
              \TFTSHIELD_1:SPIM_1:BSPIM:load_cond\
            + \TFTSHIELD_1:SPIM_1:BSPIM:state_0\ * 
              !\TFTSHIELD_1:SPIM_1:BSPIM:count_4\ * 
              !\TFTSHIELD_1:SPIM_1:BSPIM:count_3\ * 
              !\TFTSHIELD_1:SPIM_1:BSPIM:count_2\ * 
              !\TFTSHIELD_1:SPIM_1:BSPIM:count_1\ * 
              !\TFTSHIELD_1:SPIM_1:BSPIM:count_0\ * 
              \TFTSHIELD_1:SPIM_1:BSPIM:load_cond\
        );
        Output = \TFTSHIELD_1:SPIM_1:BSPIM:load_cond\ (fanout=1)
        Properties               : 
        {
        }

    [McSlotId=1]: (empty)
    [McSlotId=2]:     MacroCell: Name=\TFTSHIELD_1:SPIM_1:BSPIM:rx_status_6\, Mode=(Combinatorial) @ [UDB=(0,3)][LB=0][MC=2]
        Total # of inputs        : 6
        Total # of product terms : 1
            Clock Enable: True
        Main Equation            : 1 pterm
        (
              !\TFTSHIELD_1:SPIM_1:BSPIM:count_4\ * 
              !\TFTSHIELD_1:SPIM_1:BSPIM:count_3\ * 
              !\TFTSHIELD_1:SPIM_1:BSPIM:count_2\ * 
              !\TFTSHIELD_1:SPIM_1:BSPIM:count_1\ * 
              \TFTSHIELD_1:SPIM_1:BSPIM:count_0\ * 
              \TFTSHIELD_1:SPIM_1:BSPIM:rx_status_4\
        );
        Output = \TFTSHIELD_1:SPIM_1:BSPIM:rx_status_6\ (fanout=1)
        Properties               : 
        {
        }

    [McSlotId=3]:     MacroCell: Name=\TFTSHIELD_1:SPIM_1:BSPIM:state_0\, Mode=(T-Register) @ [UDB=(0,3)][LB=0][MC=3]
        Total # of inputs        : 4
        Total # of product terms : 3
        List of special equations: 
            Clock  = (Net_2) => Global
            Clock Enable: True
        Main Equation            : 3 pterms
        (
              !\TFTSHIELD_1:SPIM_1:BSPIM:state_2\ * 
              \TFTSHIELD_1:SPIM_1:BSPIM:state_1\
            + \TFTSHIELD_1:SPIM_1:BSPIM:state_2\ * 
              !\TFTSHIELD_1:SPIM_1:BSPIM:state_1\
            + !\TFTSHIELD_1:SPIM_1:BSPIM:state_1\ * 
              !\TFTSHIELD_1:SPIM_1:BSPIM:state_0\ * 
              !\TFTSHIELD_1:SPIM_1:BSPIM:tx_status_1\
        );
        Output = \TFTSHIELD_1:SPIM_1:BSPIM:state_0\ (fanout=12)
        Properties               : 
        {
        }
}

LAB@[UDB=(0,3)][LB=1] #macrocells=2, #inputs=5, #pterms=6
{
    [McSlotId=0]:     MacroCell: Name=Net_17, Mode=(D-Register) @ [UDB=(0,3)][LB=1][MC=0]
        Total # of inputs        : 4
        Total # of product terms : 4
        List of special equations: 
            Clock  = (Net_2) => Global
            Clock Enable: True
        Main Equation            : 4 pterms
        !(
              !Net_17 * !\TFTSHIELD_1:SPIM_1:BSPIM:state_2\ * 
              \TFTSHIELD_1:SPIM_1:BSPIM:state_1\
            + !Net_17 * \TFTSHIELD_1:SPIM_1:BSPIM:state_2\ * 
              !\TFTSHIELD_1:SPIM_1:BSPIM:state_1\ * 
              !\TFTSHIELD_1:SPIM_1:BSPIM:state_0\
            + !Net_17 * \TFTSHIELD_1:SPIM_1:BSPIM:state_1\ * 
              \TFTSHIELD_1:SPIM_1:BSPIM:state_0\
            + !\TFTSHIELD_1:SPIM_1:BSPIM:state_2\ * 
              !\TFTSHIELD_1:SPIM_1:BSPIM:state_1\ * 
              \TFTSHIELD_1:SPIM_1:BSPIM:state_0\
        );
        Output = Net_17 (fanout=2)
        Properties               : 
        {
        }

    [McSlotId=1]:     MacroCell: Name=Net_19, Mode=(D-Register) @ [UDB=(0,3)][LB=1][MC=1]
        Total # of inputs        : 4
        Total # of product terms : 2
        List of special equations: 
            Clock  = (Net_2) => Global
            Clock Enable: True
        Main Equation            : 2 pterms
        (
              Net_19 * \TFTSHIELD_1:SPIM_1:BSPIM:state_1\ * 
              \TFTSHIELD_1:SPIM_1:BSPIM:state_0\
            + !\TFTSHIELD_1:SPIM_1:BSPIM:state_2\ * 
              \TFTSHIELD_1:SPIM_1:BSPIM:state_1\ * 
              \TFTSHIELD_1:SPIM_1:BSPIM:state_0\
        );
        Output = Net_19 (fanout=2)
        Properties               : 
        {
        }

    [McSlotId=2]: (empty)
    [McSlotId=3]: (empty)
}

statusicell: Name =\TFTSHIELD_1:SPIM_1:BSPIM:RxStsReg\
    PORT MAP (
        clock => Net_2 ,
        status_6 => \TFTSHIELD_1:SPIM_1:BSPIM:rx_status_6\ ,
        status_5 => \TFTSHIELD_1:SPIM_1:BSPIM:rx_status_5\ ,
        status_4 => \TFTSHIELD_1:SPIM_1:BSPIM:rx_status_4\ ,
        interrupt => \TFTSHIELD_1:Net_57\ );
    Properties:
    {
        cy_force_order = 1
        cy_int_mask = "0000000"
        cy_md_select = "1000000"
    }
    Clock Polarity: Active High
    Clock Enable: True

controlcell: Name =\TFTSHIELD_1:CR_1:Sync:ctrl_reg\
    PORT MAP (
        control_7 => \TFTSHIELD_1:CR_1:control_7\ ,
        control_6 => \TFTSHIELD_1:CR_1:control_6\ ,
        control_5 => \TFTSHIELD_1:CR_1:control_5\ ,
        control_4 => \TFTSHIELD_1:CR_1:control_4\ ,
        control_3 => \TFTSHIELD_1:CR_1:control_3\ ,
        control_2 => Net_23 ,
        control_1 => Net_22 ,
        control_0 => Net_21 );
    Properties:
    {
        cy_ctrl_mode_0 = "00000000"
        cy_ctrl_mode_1 = "00000000"
        cy_ext_reset = 0
        cy_force_order = 1
        cy_init_value = "00000000"
    }
    Clock Enable: True

UDB [UDB=(0,4)] contents:
LAB@[UDB=(0,4)][LB=0] #macrocells=2, #inputs=11, #pterms=8
{
    [McSlotId=0]:     MacroCell: Name=Net_20, Mode=(D-Register) @ [UDB=(0,4)][LB=0][MC=0]
        Total # of inputs        : 11
        Total # of product terms : 7
        List of special equations: 
            Clock  = (Net_2) => Global
            Clock Enable: True
        Main Equation            : 7 pterms
        !(
              !Net_20 * !\TFTSHIELD_1:SPIM_1:BSPIM:state_2\ * 
              \TFTSHIELD_1:SPIM_1:BSPIM:state_0\
            + !\TFTSHIELD_1:SPIM_1:BSPIM:state_2\ * 
              !\TFTSHIELD_1:SPIM_1:BSPIM:state_1\ * 
              !\TFTSHIELD_1:SPIM_1:BSPIM:state_0\
            + !\TFTSHIELD_1:SPIM_1:BSPIM:state_2\ * 
              !\TFTSHIELD_1:SPIM_1:BSPIM:state_0\ * 
              !\TFTSHIELD_1:SPIM_1:BSPIM:count_4\ * 
              !\TFTSHIELD_1:SPIM_1:BSPIM:count_3\ * 
              !\TFTSHIELD_1:SPIM_1:BSPIM:count_2\ * 
              \TFTSHIELD_1:SPIM_1:BSPIM:count_1\ * 
              !\TFTSHIELD_1:SPIM_1:BSPIM:count_0\ * 
              !\TFTSHIELD_1:SPIM_1:BSPIM:ld_ident\
            + \TFTSHIELD_1:SPIM_1:BSPIM:state_2\ * 
              !\TFTSHIELD_1:SPIM_1:BSPIM:state_1\ * 
              \TFTSHIELD_1:SPIM_1:BSPIM:state_0\
            + \TFTSHIELD_1:SPIM_1:BSPIM:state_2\ * 
              \TFTSHIELD_1:SPIM_1:BSPIM:state_1\ * 
              !\TFTSHIELD_1:SPIM_1:BSPIM:state_0\
            + \TFTSHIELD_1:SPIM_1:BSPIM:state_2\ * 
              !\TFTSHIELD_1:SPIM_1:BSPIM:mosi_from_dp\
            + !\TFTSHIELD_1:SPIM_1:BSPIM:state_0\ * 
              !\TFTSHIELD_1:SPIM_1:BSPIM:mosi_from_dp\
        );
        Output = Net_20 (fanout=2)
        Properties               : 
        {
        }

    [McSlotId=1]:     MacroCell: Name=\TFTSHIELD_1:SPIM_1:BSPIM:load_rx_data\, Mode=(Combinatorial) @ [UDB=(0,4)][LB=0][MC=1]
        Total # of inputs        : 5
        Total # of product terms : 1
            Clock Enable: True
        Main Equation            : 1 pterm
        (
              !\TFTSHIELD_1:SPIM_1:BSPIM:count_4\ * 
              !\TFTSHIELD_1:SPIM_1:BSPIM:count_3\ * 
              !\TFTSHIELD_1:SPIM_1:BSPIM:count_2\ * 
              !\TFTSHIELD_1:SPIM_1:BSPIM:count_1\ * 
              \TFTSHIELD_1:SPIM_1:BSPIM:count_0\
        );
        Output = \TFTSHIELD_1:SPIM_1:BSPIM:load_rx_data\ (fanout=2)
        Properties               : 
        {
        }

    [McSlotId=2]: (empty)
    [McSlotId=3]: (empty)
}

LAB@[UDB=(0,4)][LB=1] #macrocells=3, #inputs=10, #pterms=8
{
    [McSlotId=0]:     MacroCell: Name=\TFTSHIELD_1:SPIM_1:BSPIM:state_1\, Mode=(T-Register) @ [UDB=(0,4)][LB=1][MC=0]
        Total # of inputs        : 10
        Total # of product terms : 4
        List of special equations: 
            Clock  = (Net_2) => Global
            Clock Enable: True
        Main Equation            : 4 pterms
        (
              !\TFTSHIELD_1:SPIM_1:BSPIM:state_2\ * 
              !\TFTSHIELD_1:SPIM_1:BSPIM:state_1\ * 
              \TFTSHIELD_1:SPIM_1:BSPIM:state_0\
            + !\TFTSHIELD_1:SPIM_1:BSPIM:state_2\ * 
              \TFTSHIELD_1:SPIM_1:BSPIM:state_0\ * 
              !\TFTSHIELD_1:SPIM_1:BSPIM:count_4\ * 
              !\TFTSHIELD_1:SPIM_1:BSPIM:count_3\ * 
              \TFTSHIELD_1:SPIM_1:BSPIM:count_2\ * 
              !\TFTSHIELD_1:SPIM_1:BSPIM:count_1\ * 
              \TFTSHIELD_1:SPIM_1:BSPIM:count_0\ * 
              !\TFTSHIELD_1:SPIM_1:BSPIM:tx_status_1\
            + \TFTSHIELD_1:SPIM_1:BSPIM:state_2\ * 
              !\TFTSHIELD_1:SPIM_1:BSPIM:state_0\
            + \TFTSHIELD_1:SPIM_1:BSPIM:state_1\ * 
              !\TFTSHIELD_1:SPIM_1:BSPIM:state_0\ * 
              !\TFTSHIELD_1:SPIM_1:BSPIM:count_4\ * 
              !\TFTSHIELD_1:SPIM_1:BSPIM:count_3\ * 
              !\TFTSHIELD_1:SPIM_1:BSPIM:count_2\ * 
              \TFTSHIELD_1:SPIM_1:BSPIM:count_1\ * 
              !\TFTSHIELD_1:SPIM_1:BSPIM:count_0\ * 
              !\TFTSHIELD_1:SPIM_1:BSPIM:ld_ident\
        );
        Output = \TFTSHIELD_1:SPIM_1:BSPIM:state_1\ (fanout=12)
        Properties               : 
        {
        }

    [McSlotId=1]:     MacroCell: Name=\TFTSHIELD_1:SPIM_1:BSPIM:state_2\, Mode=(D-Register) @ [UDB=(0,4)][LB=1][MC=1]
        Total # of inputs        : 10
        Total # of product terms : 3
        List of special equations: 
            Clock  = (Net_2) => Global
            Clock Enable: True
        Main Equation            : 3 pterms
        (
              !\TFTSHIELD_1:SPIM_1:BSPIM:state_2\ * 
              !\TFTSHIELD_1:SPIM_1:BSPIM:state_1\ * 
              \TFTSHIELD_1:SPIM_1:BSPIM:state_0\
            + !\TFTSHIELD_1:SPIM_1:BSPIM:state_2\ * 
              \TFTSHIELD_1:SPIM_1:BSPIM:state_1\ * 
              !\TFTSHIELD_1:SPIM_1:BSPIM:state_0\ * 
              !\TFTSHIELD_1:SPIM_1:BSPIM:count_4\ * 
              !\TFTSHIELD_1:SPIM_1:BSPIM:count_3\ * 
              !\TFTSHIELD_1:SPIM_1:BSPIM:count_2\ * 
              \TFTSHIELD_1:SPIM_1:BSPIM:count_1\ * 
              !\TFTSHIELD_1:SPIM_1:BSPIM:count_0\ * 
              !\TFTSHIELD_1:SPIM_1:BSPIM:ld_ident\
            + !\TFTSHIELD_1:SPIM_1:BSPIM:state_2\ * 
              \TFTSHIELD_1:SPIM_1:BSPIM:state_0\ * 
              !\TFTSHIELD_1:SPIM_1:BSPIM:count_4\ * 
              !\TFTSHIELD_1:SPIM_1:BSPIM:count_3\ * 
              \TFTSHIELD_1:SPIM_1:BSPIM:count_2\ * 
              !\TFTSHIELD_1:SPIM_1:BSPIM:count_1\ * 
              \TFTSHIELD_1:SPIM_1:BSPIM:count_0\ * 
              !\TFTSHIELD_1:SPIM_1:BSPIM:tx_status_1\
        );
        Output = \TFTSHIELD_1:SPIM_1:BSPIM:state_2\ (fanout=12)
        Properties               : 
        {
        }

    [McSlotId=2]:     MacroCell: Name=\TFTSHIELD_1:SPIM_1:BSPIM:ld_ident\, Mode=(T-Register) @ [UDB=(0,4)][LB=1][MC=2]
        Total # of inputs        : 9
        Total # of product terms : 3
        List of special equations: 
            Clock  = (Net_2) => Global
            Clock Enable: True
        Main Equation            : 3 pterms
        (
              \TFTSHIELD_1:SPIM_1:BSPIM:state_2\ * 
              !\TFTSHIELD_1:SPIM_1:BSPIM:state_1\ * 
              !\TFTSHIELD_1:SPIM_1:BSPIM:state_0\ * 
              !\TFTSHIELD_1:SPIM_1:BSPIM:ld_ident\
            + \TFTSHIELD_1:SPIM_1:BSPIM:state_2\ * 
              \TFTSHIELD_1:SPIM_1:BSPIM:state_1\ * 
              !\TFTSHIELD_1:SPIM_1:BSPIM:state_0\ * 
              \TFTSHIELD_1:SPIM_1:BSPIM:ld_ident\
            + \TFTSHIELD_1:SPIM_1:BSPIM:state_1\ * 
              !\TFTSHIELD_1:SPIM_1:BSPIM:state_0\ * 
              !\TFTSHIELD_1:SPIM_1:BSPIM:count_4\ * 
              !\TFTSHIELD_1:SPIM_1:BSPIM:count_3\ * 
              !\TFTSHIELD_1:SPIM_1:BSPIM:count_2\ * 
              \TFTSHIELD_1:SPIM_1:BSPIM:count_1\ * 
              !\TFTSHIELD_1:SPIM_1:BSPIM:count_0\ * 
              \TFTSHIELD_1:SPIM_1:BSPIM:ld_ident\
        );
        Output = \TFTSHIELD_1:SPIM_1:BSPIM:ld_ident\ (fanout=4)
        Properties               : 
        {
        }

    [McSlotId=3]: (empty)
}

datapathcell: Name =\TFTSHIELD_1:SPIM_1:BSPIM:sR8:Dp:u0\
    PORT MAP (
        clock => Net_2 ,
        cs_addr_2 => \TFTSHIELD_1:SPIM_1:BSPIM:state_2\ ,
        cs_addr_1 => \TFTSHIELD_1:SPIM_1:BSPIM:state_1\ ,
        cs_addr_0 => \TFTSHIELD_1:SPIM_1:BSPIM:state_0\ ,
        route_si => Net_14 ,
        f1_load => \TFTSHIELD_1:SPIM_1:BSPIM:load_rx_data\ ,
        so_comb => \TFTSHIELD_1:SPIM_1:BSPIM:mosi_from_dp\ ,
        f0_bus_stat_comb => \TFTSHIELD_1:SPIM_1:BSPIM:tx_status_2\ ,
        f0_blk_stat_comb => \TFTSHIELD_1:SPIM_1:BSPIM:tx_status_1\ ,
        f1_bus_stat_comb => \TFTSHIELD_1:SPIM_1:BSPIM:rx_status_5\ ,
        f1_blk_stat_comb => \TFTSHIELD_1:SPIM_1:BSPIM:rx_status_4\ );
    Properties:
    {
        a0_init = "00000000"
        a1_init = "00000000"
        ce0_sync = 1
        ce1_sync = 1
        cl0_sync = 1
        cl1_sync = 1
        cmsb_sync = 1
        co_msb_sync = 1
        cy_dpconfig = "0000000000000000000000001100000000000001010000000001000100010000000000011100000000010001000000000000000101000000000000010100000011111111000000001111111111111111000000000010001000001000111100000000000000000100"
        d0_init = "00000000"
        d1_init = "00000000"
        f0_blk_sync = 1
        f0_bus_sync = 1
        f1_blk_sync = 1
        f1_bus_sync = 1
        ff0_sync = 1
        ff1_sync = 1
        ov_msb_sync = 1
        so_sync = 1
        z0_sync = 1
        z1_sync = 1
    }
    Clock Polarity: Active High
    Clock Enable: True

count7cell: Name =\TFTSHIELD_1:SPIM_1:BSPIM:BitCounter\
    PORT MAP (
        clock => Net_2 ,
        enable => \TFTSHIELD_1:SPIM_1:BSPIM:cnt_enable\ ,
        count_6 => \TFTSHIELD_1:SPIM_1:BSPIM:count_6\ ,
        count_5 => \TFTSHIELD_1:SPIM_1:BSPIM:count_5\ ,
        count_4 => \TFTSHIELD_1:SPIM_1:BSPIM:count_4\ ,
        count_3 => \TFTSHIELD_1:SPIM_1:BSPIM:count_3\ ,
        count_2 => \TFTSHIELD_1:SPIM_1:BSPIM:count_2\ ,
        count_1 => \TFTSHIELD_1:SPIM_1:BSPIM:count_1\ ,
        count_0 => \TFTSHIELD_1:SPIM_1:BSPIM:count_0\ ,
        tc => \TFTSHIELD_1:SPIM_1:BSPIM:cnt_tc\ );
    Properties:
    {
        cy_alt_mode = 0
        cy_init_value = "0000000"
        cy_period = "0001111"
        cy_route_en = 1
        cy_route_ld = 0
    }
    Clock Polarity: Active High
    Clock Enable: True

UDB [UDB=(0,5)] is empty.
UDB [UDB=(1,0)] is empty.
UDB [UDB=(1,1)] is empty.
UDB [UDB=(1,2)] is empty.
UDB [UDB=(1,3)] contents:
LAB@[UDB=(1,3)][LB=0] #macrocells=3, #inputs=4, #pterms=6
{
    [McSlotId=0]:     MacroCell: Name=\TFTSHIELD_1:SPIM_1:BSPIM:cnt_enable\, Mode=(T-Register) @ [UDB=(1,3)][LB=0][MC=0]
        Total # of inputs        : 4
        Total # of product terms : 4
        List of special equations: 
            Clock  = (Net_2) => Global
            Clock Enable: True
        Main Equation            : 4 pterms
        (
              !\TFTSHIELD_1:SPIM_1:BSPIM:state_2\ * 
              !\TFTSHIELD_1:SPIM_1:BSPIM:state_1\ * 
              !\TFTSHIELD_1:SPIM_1:BSPIM:state_0\ * 
              \TFTSHIELD_1:SPIM_1:BSPIM:cnt_enable\
            + !\TFTSHIELD_1:SPIM_1:BSPIM:state_2\ * 
              \TFTSHIELD_1:SPIM_1:BSPIM:state_1\ * 
              \TFTSHIELD_1:SPIM_1:BSPIM:state_0\ * 
              !\TFTSHIELD_1:SPIM_1:BSPIM:cnt_enable\
            + \TFTSHIELD_1:SPIM_1:BSPIM:state_2\ * 
              !\TFTSHIELD_1:SPIM_1:BSPIM:state_1\ * 
              \TFTSHIELD_1:SPIM_1:BSPIM:state_0\ * 
              \TFTSHIELD_1:SPIM_1:BSPIM:cnt_enable\
            + \TFTSHIELD_1:SPIM_1:BSPIM:state_2\ * 
              \TFTSHIELD_1:SPIM_1:BSPIM:state_1\ * 
              !\TFTSHIELD_1:SPIM_1:BSPIM:state_0\ * 
              \TFTSHIELD_1:SPIM_1:BSPIM:cnt_enable\
        );
        Output = \TFTSHIELD_1:SPIM_1:BSPIM:cnt_enable\ (fanout=3)
        Properties               : 
        {
        }

    [McSlotId=1]:     MacroCell: Name=\TFTSHIELD_1:SPIM_1:BSPIM:tx_status_0\, Mode=(Combinatorial) @ [UDB=(1,3)][LB=0][MC=1]
        Total # of inputs        : 3
        Total # of product terms : 1
            Clock Enable: True
        Main Equation            : 1 pterm
        (
              \TFTSHIELD_1:SPIM_1:BSPIM:state_2\ * 
              !\TFTSHIELD_1:SPIM_1:BSPIM:state_1\ * 
              \TFTSHIELD_1:SPIM_1:BSPIM:state_0\
        );
        Output = \TFTSHIELD_1:SPIM_1:BSPIM:tx_status_0\ (fanout=1)
        Properties               : 
        {
        }

    [McSlotId=2]:     MacroCell: Name=\TFTSHIELD_1:SPIM_1:BSPIM:tx_status_4\, Mode=(Combinatorial) @ [UDB=(1,3)][LB=0][MC=2]
        Total # of inputs        : 3
        Total # of product terms : 1
            Clock Enable: True
        Main Equation            : 1 pterm
        (
              !\TFTSHIELD_1:SPIM_1:BSPIM:state_2\ * 
              !\TFTSHIELD_1:SPIM_1:BSPIM:state_1\ * 
              !\TFTSHIELD_1:SPIM_1:BSPIM:state_0\
        );
        Output = \TFTSHIELD_1:SPIM_1:BSPIM:tx_status_4\ (fanout=1)
        Properties               : 
        {
        }

    [McSlotId=3]: (empty)
}

statusicell: Name =\TFTSHIELD_1:SPIM_1:BSPIM:TxStsReg\
    PORT MAP (
        clock => Net_2 ,
        status_4 => \TFTSHIELD_1:SPIM_1:BSPIM:tx_status_4\ ,
        status_3 => \TFTSHIELD_1:SPIM_1:BSPIM:load_rx_data\ ,
        status_2 => \TFTSHIELD_1:SPIM_1:BSPIM:tx_status_2\ ,
        status_1 => \TFTSHIELD_1:SPIM_1:BSPIM:tx_status_1\ ,
        status_0 => \TFTSHIELD_1:SPIM_1:BSPIM:tx_status_0\ ,
        interrupt => \TFTSHIELD_1:Net_59\ );
    Properties:
    {
        cy_force_order = 1
        cy_int_mask = "0000000"
        cy_md_select = "0001001"
    }
    Clock Polarity: Active High
    Clock Enable: True

UDB [UDB=(1,4)] is empty.
UDB [UDB=(1,5)] is empty.
UDB [UDB=(2,0)] is empty.
UDB [UDB=(2,1)] is empty.
UDB [UDB=(2,2)] is empty.
UDB [UDB=(2,3)] is empty.
UDB [UDB=(2,4)] is empty.
UDB [UDB=(2,5)] is empty.
UDB [UDB=(3,0)] is empty.
UDB [UDB=(3,1)] is empty.
UDB [UDB=(3,2)] is empty.
UDB [UDB=(3,3)] is empty.
UDB [UDB=(3,4)] is empty.
UDB [UDB=(3,5)] is empty.
Intr container @ [IntrContainer=(0)]: 
  Intr@ [IntrContainer=(0)][IntrId=(0)] 
    interrupt: Name =\TFTSHIELD_1:SPIM_1:RxInternalInterrupt\
        PORT MAP (
            interrupt => \TFTSHIELD_1:Net_57\ );
        Properties:
        {
            int_type = "10"
            is_nmi = 0
        }
  Intr@ [IntrContainer=(0)][IntrId=(1)] 
    interrupt: Name =\TFTSHIELD_1:SPIM_1:TxInternalInterrupt\
        PORT MAP (
            interrupt => \TFTSHIELD_1:Net_59\ );
        Properties:
        {
            int_type = "10"
            is_nmi = 0
        }
Drq container @ [DrqContainer=(0)]: empty
Port 0 is empty
Port 1 is empty
Port 2 is empty
Port 3 is empty
Port 4 is empty
Port 5 is empty
Port 6 contains the following IO cells:
[IoId=2]: 
Pin : Name = rt_cs(0)
    Attributes:
        In Group/Port: True
        In Sync Option: AUTO
        Out Sync Option: NOSYNC
        Interrupt generated: False
        Interrupt mode: NONE
        Drive mode: CMOS_OUT
        VTrip: EITHER
        Slew: FAST
        Input Sync needed: False
        Output Sync needed: False
        SC shield enabled: False
        POR State: ANY
        LCD Mode: COMMON
        Register Mode: RegComb
        CaSense Mode: NEITHER
        Treat as pin: True
        Is OE Registered: False
        Uses Analog: False
        Can contain Digital: True
        Is SIO: False
        SIO Output Buf: NONREGULATED
        SIO Input Buf: SINGLE_ENDED
        SIO HiFreq: LOW
        SIO Hyst: DISABLED
        SIO Vtrip: MULTIPLIER_0_5
        SIO Multiplier Index: 0
        SIO RefSel: VCC_IO
        Required Capabilitites: DIGITAL, ROUTABLE
        Initial Value: 1
        IO Voltage: 0
    PORT MAP (
        pa_out => rt_cs(0)__PA ,
        input => Net_23 ,
        pad => rt_cs(0)_PAD );
    Properties:
    {
    }

[IoId=3]: 
Pin : Name = dc(0)
    Attributes:
        In Group/Port: True
        In Sync Option: AUTO
        Out Sync Option: NOSYNC
        Interrupt generated: False
        Interrupt mode: NONE
        Drive mode: CMOS_OUT
        VTrip: EITHER
        Slew: FAST
        Input Sync needed: False
        Output Sync needed: False
        SC shield enabled: False
        POR State: ANY
        LCD Mode: COMMON
        Register Mode: RegComb
        CaSense Mode: NEITHER
        Treat as pin: True
        Is OE Registered: False
        Uses Analog: False
        Can contain Digital: True
        Is SIO: False
        SIO Output Buf: NONREGULATED
        SIO Input Buf: SINGLE_ENDED
        SIO HiFreq: LOW
        SIO Hyst: DISABLED
        SIO Vtrip: MULTIPLIER_0_5
        SIO Multiplier Index: 0
        SIO RefSel: VCC_IO
        Required Capabilitites: DIGITAL, ROUTABLE
        Initial Value: 0
        IO Voltage: 0
    PORT MAP (
        pa_out => dc(0)__PA ,
        input => Net_22 ,
        pad => dc(0)_PAD );
    Properties:
    {
    }

[IoId=4]: 
Pin : Name = cs(0)
    Attributes:
        In Group/Port: True
        In Sync Option: AUTO
        Out Sync Option: NOSYNC
        Interrupt generated: False
        Interrupt mode: NONE
        Drive mode: CMOS_OUT
        VTrip: EITHER
        Slew: FAST
        Input Sync needed: False
        Output Sync needed: False
        SC shield enabled: False
        POR State: ANY
        LCD Mode: COMMON
        Register Mode: RegComb
        CaSense Mode: NEITHER
        Treat as pin: True
        Is OE Registered: False
        Uses Analog: False
        Can contain Digital: True
        Is SIO: False
        SIO Output Buf: NONREGULATED
        SIO Input Buf: SINGLE_ENDED
        SIO HiFreq: LOW
        SIO Hyst: DISABLED
        SIO Vtrip: MULTIPLIER_0_5
        SIO Multiplier Index: 0
        SIO RefSel: VCC_IO
        Required Capabilitites: DIGITAL, ROUTABLE
        Initial Value: 0
        IO Voltage: 0
    PORT MAP (
        pa_out => cs(0)__PA ,
        input => Net_21 ,
        pad => cs(0)_PAD );
    Properties:
    {
    }

[IoId=5]: 
Pin : Name = mosi(0)
    Attributes:
        In Group/Port: True
        In Sync Option: AUTO
        Out Sync Option: NOSYNC
        Interrupt generated: False
        Interrupt mode: NONE
        Drive mode: CMOS_OUT
        VTrip: EITHER
        Slew: FAST
        Input Sync needed: False
        Output Sync needed: False
        SC shield enabled: False
        POR State: ANY
        LCD Mode: COMMON
        Register Mode: RegComb
        CaSense Mode: NEITHER
        Treat as pin: True
        Is OE Registered: False
        Uses Analog: False
        Can contain Digital: True
        Is SIO: False
        SIO Output Buf: NONREGULATED
        SIO Input Buf: SINGLE_ENDED
        SIO HiFreq: LOW
        SIO Hyst: DISABLED
        SIO Vtrip: MULTIPLIER_0_5
        SIO Multiplier Index: 0
        SIO RefSel: VCC_IO
        Required Capabilitites: DIGITAL, ROUTABLE
        Initial Value: 0
        IO Voltage: 0
    PORT MAP (
        pa_out => mosi(0)__PA ,
        input => Net_20 ,
        pad => mosi(0)_PAD );
    Properties:
    {
    }

[IoId=6]: 
Pin : Name = miso(0)
    Attributes:
        In Group/Port: True
        In Sync Option: SYNC
        Out Sync Option: AUTO
        Interrupt generated: False
        Interrupt mode: NONE
        Drive mode: HI_Z_DIGITAL
        VTrip: CMOS
        Slew: FAST
        Input Sync needed: True
        Output Sync needed: False
        SC shield enabled: False
        POR State: ANY
        LCD Mode: COMMON
        Register Mode: RegComb
        CaSense Mode: NEITHER
        Treat as pin: True
        Is OE Registered: False
        Uses Analog: False
        Can contain Digital: True
        Is SIO: False
        SIO Output Buf: NONREGULATED
        SIO Input Buf: SINGLE_ENDED
        SIO HiFreq: LOW
        SIO Hyst: DISABLED
        SIO Vtrip: MULTIPLIER_0_5
        SIO Multiplier Index: 0
        SIO RefSel: VCC_IO
        Required Capabilitites: DIGITAL, ROUTABLE
        Initial Value: 0
        IO Voltage: 0
    PORT MAP (
        pa_out => miso(0)__PA ,
        fb => Net_14 ,
        pad => miso(0)_PAD );
    Properties:
    {
    }

[IoId=7]: 
Pin : Name = sclk(0)
    Attributes:
        In Group/Port: True
        In Sync Option: AUTO
        Out Sync Option: NOSYNC
        Interrupt generated: False
        Interrupt mode: NONE
        Drive mode: CMOS_OUT
        VTrip: EITHER
        Slew: FAST
        Input Sync needed: False
        Output Sync needed: False
        SC shield enabled: False
        POR State: ANY
        LCD Mode: COMMON
        Register Mode: RegComb
        CaSense Mode: NEITHER
        Treat as pin: True
        Is OE Registered: False
        Uses Analog: False
        Can contain Digital: True
        Is SIO: False
        SIO Output Buf: NONREGULATED
        SIO Input Buf: SINGLE_ENDED
        SIO HiFreq: LOW
        SIO Hyst: DISABLED
        SIO Vtrip: MULTIPLIER_0_5
        SIO Multiplier Index: 0
        SIO RefSel: VCC_IO
        Required Capabilitites: DIGITAL, ROUTABLE
        Initial Value: 0
        IO Voltage: 0
    PORT MAP (
        pa_out => sclk(0)__PA ,
        input => Net_19 ,
        pad => sclk(0)_PAD );
    Properties:
    {
    }

Port 12 contains the following IO cells:
[IoId=6]: 
Pin : Name = ss(0)
    Attributes:
        In Group/Port: True
        In Sync Option: AUTO
        Out Sync Option: NOSYNC
        Interrupt generated: False
        Interrupt mode: NONE
        Drive mode: CMOS_OUT
        VTrip: EITHER
        Slew: FAST
        Input Sync needed: False
        Output Sync needed: False
        SC shield enabled: False
        POR State: ANY
        LCD Mode: COMMON
        Register Mode: RegComb
        CaSense Mode: NEITHER
        Treat as pin: True
        Is OE Registered: False
        Uses Analog: False
        Can contain Digital: True
        Is SIO: False
        SIO Output Buf: NONREGULATED
        SIO Input Buf: SINGLE_ENDED
        SIO HiFreq: LOW
        SIO Hyst: DISABLED
        SIO Vtrip: MULTIPLIER_0_5
        SIO Multiplier Index: 0
        SIO RefSel: VCC_IO
        Required Capabilitites: DIGITAL, ROUTABLE
        Initial Value: 0
        IO Voltage: 0
    PORT MAP (
        pa_out => ss(0)__PA ,
        input => Net_17 ,
        pad => ss(0)_PAD );
    Properties:
    {
    }

Port 15 is empty
ARM group 0: empty
CAN 2.0b group 0: empty
Cache group 0: empty
CapSense group 0: empty
Clock group 0: 
    Clock Block @ F(Clock,0): 
    clockblockcell: Name =ClockBlock
        PORT MAP (
            imo => ClockBlock_IMO ,
            pllout => ClockBlock_PLL_OUT ,
            ilo => ClockBlock_ILO ,
            clk_100k => ClockBlock_100k ,
            clk_1k => ClockBlock_1k ,
            clk_32k => ClockBlock_32k ,
            xtal => ClockBlock_XTAL ,
            clk_32k_xtal => ClockBlock_XTAL_32KHZ ,
            clk_sync => ClockBlock_MASTER_CLK ,
            clk_bus_glb => ClockBlock_BUS_CLK ,
            clk_bus => ClockBlock_BUS_CLK_local ,
            dclk_glb_0 => Net_2 ,
            dclk_0 => Net_2_local );
        Properties:
        {
        }
Comparator group 0: empty
Digital Filter Block group 0: empty
Delta-Sigma ADC group 0: empty
Decimator group 0: empty
EMIF group 0: empty
I2C group 0: empty
Segment LCD group 0: empty
LVD group 0: empty
PM group 0: empty
Analog (SC/CT) Blocks group 0: empty
SPC group 0: empty
Timer group 0: empty
USB group 0: empty
VIDAC group 0: empty
Opamp group 0: empty
CapSense Buffers group 0: empty
Vref group 0: empty
LPF group 0: empty
SAR ADC group 0: empty
</CYPRESSTAG>
<CYPRESSTAG name="Port Configuration Details">

------------------------------------------------------------
Port Configuration report
------------------------------------------------------------
     |     |       | Interrupt |                  |          | 
Port | Pin | Fixed |      Type |       Drive Mode |     Name | Connections
-----+-----+-------+-----------+------------------+----------+------------
   6 |   2 |     * |      NONE |         CMOS_OUT | rt_cs(0) | In(Net_23)
     |   3 |     * |      NONE |         CMOS_OUT |    dc(0) | In(Net_22)
     |   4 |     * |      NONE |         CMOS_OUT |    cs(0) | In(Net_21)
     |   5 |     * |      NONE |         CMOS_OUT |  mosi(0) | In(Net_20)
     |   6 |     * |      NONE |     HI_Z_DIGITAL |  miso(0) | FB(Net_14)
     |   7 |     * |      NONE |         CMOS_OUT |  sclk(0) | In(Net_19)
-----+-----+-------+-----------+------------------+----------+------------
  12 |   6 |     * |      NONE |         CMOS_OUT |    ss(0) | In(Net_17)
--------------------------------------------------------------------------
</CYPRESSTAG>
</CYPRESSTAG>
</CYPRESSTAG>
Digital component placer commit/Report: Elapsed time ==> 0s.010ms
Digital Placement phase: Elapsed time ==> 1s.277ms
</CYPRESSTAG>
<CYPRESSTAG name="Digital Routing">
Routing successful.
Digital Routing phase: Elapsed time ==> 2s.506ms
</CYPRESSTAG>
<CYPRESSTAG name="Bitstream Generation">
Bitstream Generation phase: Elapsed time ==> 0s.366ms
</CYPRESSTAG>
<CYPRESSTAG name="Bitstream Verification">
Bitstream Verification phase: Elapsed time ==> 0s.040ms
</CYPRESSTAG>
<CYPRESSTAG name="Static timing analysis">
Timing report is in touchpaint_timing.html.
Static timing analysis phase: Elapsed time ==> 0s.454ms
</CYPRESSTAG>
<CYPRESSTAG name="Data reporting">
Data reporting phase: Elapsed time ==> 0s.000ms
</CYPRESSTAG>
<CYPRESSTAG name="Database update...">
Design database save phase: Elapsed time ==> 0s.274ms
</CYPRESSTAG>
cydsfit: Elapsed time ==> 5s.727ms
</CYPRESSTAG>
Fitter phase: Elapsed time ==> 5s.727ms
DEL: pft.M0074: information: A (re)build is required to use the analog device editor. Unable to load the necessary information from the cyfit file. Partial/wrong data will be displayed until this has been resolved.
 * C:\Users\LilRobby\Downloads\TFTSHIELD-master - 1\Archive\tft_test_bundle\TFTSHIELD-master - 1\touchpaint.cydsn\touchpaint.cydwr ()

API generation phase: Elapsed time ==> 1s.436ms
Dependency generation phase: Elapsed time ==> 0s.039ms
Cleanup phase: Elapsed time ==> 0s.000ms
