--------------- Rebuild Started: 06/30/2014 14:24:45 Project: touchpaint, Configuration: ARM GCC 4.7.3 Debug ---------------
Deleting file ".\CortexM3\ARM_GCC_473\Debug\main.o"
Deleting file ".\CortexM3\ARM_GCC_473\Debug\cyfitter_cfg.o"
Deleting file ".\CortexM3\ARM_GCC_473\Debug\cymetadata.o"
Deleting file ".\CortexM3\ARM_GCC_473\Debug\miso.o"
Deleting file ".\CortexM3\ARM_GCC_473\Debug\Clock_1.o"
Deleting file ".\CortexM3\ARM_GCC_473\Debug\ss.o"
Deleting file ".\CortexM3\ARM_GCC_473\Debug\sclk.o"
Deleting file ".\CortexM3\ARM_GCC_473\Debug\mosi.o"
Deleting file ".\CortexM3\ARM_GCC_473\Debug\cs.o"
Deleting file ".\CortexM3\ARM_GCC_473\Debug\dc.o"
Deleting file ".\CortexM3\ARM_GCC_473\Debug\rt_cs.o"
Deleting file ".\touchpaint.cycdx"
Deleting file ".\touchpaint.svd"
Deleting file ".\touchpaint.rpt"
Deleting file ".\touchpaint_timing.html"
cydsfit.exe "-.appdatapath" "C:\Users\Brian\AppData\Local\Cypress Semiconductor\PSoC Creator\3.0" "-.fdsnotice" "-.fdswarpdepfile=warp_dependencies.txt" "-.fdselabdepfile=elab_dependencies.txt" "-.fdsbldfile=generated_files.txt" "-p" "C:\Users\Brian\Dropbox\RPiSoC\Projects\tft_test.Bundle01_Rev_b - touch\touchpaint.cydsn\touchpaint.cyprj" "-d" "CY8C5868AXI-LP035" "-s" "C:\Users\Brian\Dropbox\RPiSoC\Projects\tft_test.Bundle01_Rev_b - touch\touchpaint.cydsn\Generated_Source\PSoC5" "--" "-yv2" "-v3" "-ygs" "-q10" "-o2" "-.fftcfgtype=LE"
Elaborating Design...
HDL Generation ...
Synthesis ...
Place and Route ...
Tech mapping ...
Info: mpr.M0037: Unused pieces of the design have been optimized out. See the Tech mapping section of the report file for details. (App=cydsfit)
Analog Placement ...
Analog Routing ...
Analog Code Generation ...
Digital Placement ...
Digital Routing ...
Bitstream Generation ...
Static timing analysis ...
API Generation ...
Dependency Generation ...
Clean Temporary Files ...
arm-none-eabi-gcc.exe -I. -I./Generated_Source/PSoC5 -Wno-main -mcpu=cortex-m3 -mthumb -Wall -g -D DEBUG -Wa,-alh=.\CortexM3\ARM_GCC_473\Debug\main.lst -ffunction-sections -c .\main.c -o .\CortexM3\ARM_GCC_473\Debug\main.o
.\main.c: In function 'main':
.\main.c:98:14: warning: unused variable 'buffer' [-Wunused-variable]
.\main.c:97:20: warning: unused variable 'buf' [-Wunused-variable]
arm-none-eabi-gcc.exe -I. -I./Generated_Source/PSoC5 -Wno-main -mcpu=cortex-m3 -mthumb -Wall -g -D DEBUG -Wa,-alh=.\CortexM3\ARM_GCC_473\Debug\cyfitter_cfg.lst -ffunction-sections -c .\Generated_Source\PSoC5\cyfitter_cfg.c -o .\CortexM3\ARM_GCC_473\Debug\cyfitter_cfg.o
arm-none-eabi-gcc.exe -I. -I./Generated_Source/PSoC5 -Wno-main -mcpu=cortex-m3 -mthumb -Wall -g -D DEBUG -Wa,-alh=.\CortexM3\ARM_GCC_473\Debug\cymetadata.lst -ffunction-sections -c .\Generated_Source\PSoC5\cymetadata.c -o .\CortexM3\ARM_GCC_473\Debug\cymetadata.o
arm-none-eabi-gcc.exe -I. -I./Generated_Source/PSoC5 -Wno-main -mcpu=cortex-m3 -mthumb -Wall -g -D DEBUG -Wa,-alh=.\CortexM3\ARM_GCC_473\Debug\miso.lst -ffunction-sections -c .\Generated_Source\PSoC5\miso.c -o .\CortexM3\ARM_GCC_473\Debug\miso.o
arm-none-eabi-gcc.exe -I. -I./Generated_Source/PSoC5 -Wno-main -mcpu=cortex-m3 -mthumb -Wall -g -D DEBUG -Wa,-alh=.\CortexM3\ARM_GCC_473\Debug\Clock_1.lst -ffunction-sections -c .\Generated_Source\PSoC5\Clock_1.c -o .\CortexM3\ARM_GCC_473\Debug\Clock_1.o
arm-none-eabi-gcc.exe -I. -I./Generated_Source/PSoC5 -Wno-main -mcpu=cortex-m3 -mthumb -Wall -g -D DEBUG -Wa,-alh=.\CortexM3\ARM_GCC_473\Debug\ss.lst -ffunction-sections -c .\Generated_Source\PSoC5\ss.c -o .\CortexM3\ARM_GCC_473\Debug\ss.o
arm-none-eabi-gcc.exe -I. -I./Generated_Source/PSoC5 -Wno-main -mcpu=cortex-m3 -mthumb -Wall -g -D DEBUG -Wa,-alh=.\CortexM3\ARM_GCC_473\Debug\sclk.lst -ffunction-sections -c .\Generated_Source\PSoC5\sclk.c -o .\CortexM3\ARM_GCC_473\Debug\sclk.o
arm-none-eabi-gcc.exe -I. -I./Generated_Source/PSoC5 -Wno-main -mcpu=cortex-m3 -mthumb -Wall -g -D DEBUG -Wa,-alh=.\CortexM3\ARM_GCC_473\Debug\mosi.lst -ffunction-sections -c .\Generated_Source\PSoC5\mosi.c -o .\CortexM3\ARM_GCC_473\Debug\mosi.o
arm-none-eabi-gcc.exe -I. -I./Generated_Source/PSoC5 -Wno-main -mcpu=cortex-m3 -mthumb -Wall -g -D DEBUG -Wa,-alh=.\CortexM3\ARM_GCC_473\Debug\cs.lst -ffunction-sections -c .\Generated_Source\PSoC5\cs.c -o .\CortexM3\ARM_GCC_473\Debug\cs.o
arm-none-eabi-gcc.exe -I. -I./Generated_Source/PSoC5 -Wno-main -mcpu=cortex-m3 -mthumb -Wall -g -D DEBUG -Wa,-alh=.\CortexM3\ARM_GCC_473\Debug\dc.lst -ffunction-sections -c .\Generated_Source\PSoC5\dc.c -o .\CortexM3\ARM_GCC_473\Debug\dc.o
arm-none-eabi-gcc.exe -I. -I./Generated_Source/PSoC5 -Wno-main -mcpu=cortex-m3 -mthumb -Wall -g -D DEBUG -Wa,-alh=.\CortexM3\ARM_GCC_473\Debug\rt_cs.lst -ffunction-sections -c .\Generated_Source\PSoC5\rt_cs.c -o .\CortexM3\ARM_GCC_473\Debug\rt_cs.o
arm-none-eabi-gcc.exe -I. -I./Generated_Source/PSoC5 -Wno-main -mcpu=cortex-m3 -mthumb -Wall -g -D DEBUG -Wa,-alh=.\CortexM3\ARM_GCC_473\Debug\TFTSHIELD_1.lst -ffunction-sections -c .\Generated_Source\PSoC5\TFTSHIELD_1.c -o .\CortexM3\ARM_GCC_473\Debug\TFTSHIELD_1.o
.\Generated_Source\PSoC5\TFTSHIELD_1.c: In function 'TFTSHIELD_1_SPITransfer':
.\Generated_Source\PSoC5\TFTSHIELD_1.c:495:5: warning: implicit declaration of function 'TFTSHIELD_1_SPIM_1_WriteTxData' [-Wimplicit-function-declaration]
.\Generated_Source\PSoC5\TFTSHIELD_1.c: In function 'TFTSHIELD_1_DrawCircleHelper':
.\Generated_Source\PSoC5\TFTSHIELD_1.c:688:7: warning: implicit declaration of function 'TFTSHIELD_1_Set' [-Wimplicit-function-declaration]
.\Generated_Source\PSoC5\TFTSHIELD_1.c: In function 'TFTSHIELD_1_DrawTriangle':
.\Generated_Source\PSoC5\TFTSHIELD_1.c:776:5: warning: implicit declaration of function 'TFTSHIELD_1DrawLine' [-Wimplicit-function-declaration]
.\Generated_Source\PSoC5\TFTSHIELD_1.c: In function 'TFTSHIELD_1_FillTriangle':
.\Generated_Source\PSoC5\TFTSHIELD_1.c:800:5: warning: implicit declaration of function 'swap' [-Wimplicit-function-declaration]
.\Generated_Source\PSoC5\TFTSHIELD_1.c:825:5: warning: unused variable 'dy12' [-Wunused-variable]
.\Generated_Source\PSoC5\TFTSHIELD_1.c:824:5: warning: unused variable 'dx12' [-Wunused-variable]
.\Generated_Source\PSoC5\TFTSHIELD_1.c: In function 'TFTSHIELD_1_PrintString':
.\Generated_Source\PSoC5\TFTSHIELD_1.c:934:9: warning: unused variable 'unused' [-Wunused-variable]
.\Generated_Source\PSoC5\TFTSHIELD_1.c: In function 'TFTSHIELD_1_CS_LOW':
.\Generated_Source\PSoC5\TFTSHIELD_1.c:1158:5: warning: implicit declaration of function 'TFTSHIELD_1_CR_1_Read' [-Wimplicit-function-declaration]
.\Generated_Source\PSoC5\TFTSHIELD_1.c:1160:5: warning: implicit declaration of function 'TFTSHIELD_1_CR_1_Write' [-Wimplicit-function-declaration]
.\Generated_Source\PSoC5\TFTSHIELD_1.c: In function 'TFTSHIELD_1_StartTouch':
.\Generated_Source\PSoC5\TFTSHIELD_1.c:1227:5: warning: implicit declaration of function 'TFTSHIELD_1_SPIM_1_Start' [-Wimplicit-function-declaration]
.\Generated_Source\PSoC5\TFTSHIELD_1.c:1239:13: warning: variable 'val' set but not used [-Wunused-but-set-variable]
.\Generated_Source\PSoC5\TFTSHIELD_1.c: In function 'TFTSHIELD_1_ReadRegister16':
.\Generated_Source\PSoC5\TFTSHIELD_1.c:1306:5: warning: implicit declaration of function 'TFTSHIELD_1_SPIM_1_GetRxBufferSize' [-Wimplicit-function-declaration]
.\Generated_Source\PSoC5\TFTSHIELD_1.c:1309:9: warning: implicit declaration of function 'TFTSHIELD_1_SPIM_1_ReadRxData' [-Wimplicit-function-declaration]
arm-none-eabi-gcc.exe -I. -I./Generated_Source/PSoC5 -Wno-main -mcpu=cortex-m3 -mthumb -Wall -g -D DEBUG -Wa,-alh=.\CortexM3\ARM_GCC_473\Debug\TFTSHIELD_1_SPIM_1.lst -ffunction-sections -c .\Generated_Source\PSoC5\TFTSHIELD_1_SPIM_1.c -o .\CortexM3\ARM_GCC_473\Debug\TFTSHIELD_1_SPIM_1.o
arm-none-eabi-gcc.exe -I. -I./Generated_Source/PSoC5 -Wno-main -mcpu=cortex-m3 -mthumb -Wall -g -D DEBUG -Wa,-alh=.\CortexM3\ARM_GCC_473\Debug\TFTSHIELD_1_SPIM_1_PM.lst -ffunction-sections -c .\Generated_Source\PSoC5\TFTSHIELD_1_SPIM_1_PM.c -o .\CortexM3\ARM_GCC_473\Debug\TFTSHIELD_1_SPIM_1_PM.o
arm-none-eabi-gcc.exe -I. -I./Generated_Source/PSoC5 -Wno-main -mcpu=cortex-m3 -mthumb -Wall -g -D DEBUG -Wa,-alh=.\CortexM3\ARM_GCC_473\Debug\TFTSHIELD_1_SPIM_1_INT.lst -ffunction-sections -c .\Generated_Source\PSoC5\TFTSHIELD_1_SPIM_1_INT.c -o .\CortexM3\ARM_GCC_473\Debug\TFTSHIELD_1_SPIM_1_INT.o
arm-none-eabi-gcc.exe -I. -I./Generated_Source/PSoC5 -Wno-main -mcpu=cortex-m3 -mthumb -Wall -g -D DEBUG -Wa,-alh=.\CortexM3\ARM_GCC_473\Debug\TFTSHIELD_1_CR_1.lst -ffunction-sections -c .\Generated_Source\PSoC5\TFTSHIELD_1_CR_1.c -o .\CortexM3\ARM_GCC_473\Debug\TFTSHIELD_1_CR_1.o
arm-none-eabi-gcc.exe -I. -I./Generated_Source/PSoC5 -Wno-main -mcpu=cortex-m3 -mthumb -Wall -g -D DEBUG -Wa,-alh=.\CortexM3\ARM_GCC_473\Debug\Cm3Start.lst -ffunction-sections -c .\Generated_Source\PSoC5\Cm3Start.c -o .\CortexM3\ARM_GCC_473\Debug\Cm3Start.o
arm-none-eabi-as.exe -I. -I./Generated_Source/PSoC5 -mcpu=cortex-m3 -mthumb -g -alh=.\CortexM3\ARM_GCC_473\Debug/CyBootAsmGnu.lst -o .\CortexM3\ARM_GCC_473\Debug\CyBootAsmGnu.o .\Generated_Source\PSoC5\CyBootAsmGnu.s
arm-none-eabi-gcc.exe -I. -I./Generated_Source/PSoC5 -Wno-main -mcpu=cortex-m3 -mthumb -Wall -g -D DEBUG -Wa,-alh=.\CortexM3\ARM_GCC_473\Debug\CyDmac.lst -ffunction-sections -c .\Generated_Source\PSoC5\CyDmac.c -o .\CortexM3\ARM_GCC_473\Debug\CyDmac.o
arm-none-eabi-gcc.exe -I. -I./Generated_Source/PSoC5 -Wno-main -mcpu=cortex-m3 -mthumb -Wall -g -D DEBUG -Wa,-alh=.\CortexM3\ARM_GCC_473\Debug\CyFlash.lst -ffunction-sections -c .\Generated_Source\PSoC5\CyFlash.c -o .\CortexM3\ARM_GCC_473\Debug\CyFlash.o
arm-none-eabi-gcc.exe -I. -I./Generated_Source/PSoC5 -Wno-main -mcpu=cortex-m3 -mthumb -Wall -g -D DEBUG -Wa,-alh=.\CortexM3\ARM_GCC_473\Debug\CyLib.lst -ffunction-sections -c .\Generated_Source\PSoC5\CyLib.c -o .\CortexM3\ARM_GCC_473\Debug\CyLib.o
arm-none-eabi-gcc.exe -I. -I./Generated_Source/PSoC5 -Wno-main -mcpu=cortex-m3 -mthumb -Wall -g -D DEBUG -Wa,-alh=.\CortexM3\ARM_GCC_473\Debug\cyPm.lst -ffunction-sections -c .\Generated_Source\PSoC5\cyPm.c -o .\CortexM3\ARM_GCC_473\Debug\cyPm.o
arm-none-eabi-gcc.exe -I. -I./Generated_Source/PSoC5 -Wno-main -mcpu=cortex-m3 -mthumb -Wall -g -D DEBUG -Wa,-alh=.\CortexM3\ARM_GCC_473\Debug\CySpc.lst -ffunction-sections -c .\Generated_Source\PSoC5\CySpc.c -o .\CortexM3\ARM_GCC_473\Debug\CySpc.o
arm-none-eabi-gcc.exe -I. -I./Generated_Source/PSoC5 -Wno-main -mcpu=cortex-m3 -mthumb -Wall -g -D DEBUG -Wa,-alh=.\CortexM3\ARM_GCC_473\Debug\cyutils.lst -ffunction-sections -c .\Generated_Source\PSoC5\cyutils.c -o .\CortexM3\ARM_GCC_473\Debug\cyutils.o
arm-none-eabi-ar.exe -rs .\CortexM3\ARM_GCC_473\Debug\touchpaint.a .\CortexM3\ARM_GCC_473\Debug\cyfitter_cfg.o .\CortexM3\ARM_GCC_473\Debug\miso.o .\CortexM3\ARM_GCC_473\Debug\Clock_1.o .\CortexM3\ARM_GCC_473\Debug\ss.o .\CortexM3\ARM_GCC_473\Debug\sclk.o .\CortexM3\ARM_GCC_473\Debug\mosi.o .\CortexM3\ARM_GCC_473\Debug\cs.o .\CortexM3\ARM_GCC_473\Debug\dc.o .\CortexM3\ARM_GCC_473\Debug\rt_cs.o .\CortexM3\ARM_GCC_473\Debug\TFTSHIELD_1.o .\CortexM3\ARM_GCC_473\Debug\TFTSHIELD_1_SPIM_1.o .\CortexM3\ARM_GCC_473\Debug\TFTSHIELD_1_SPIM_1_PM.o .\CortexM3\ARM_GCC_473\Debug\TFTSHIELD_1_SPIM_1_INT.o .\CortexM3\ARM_GCC_473\Debug\TFTSHIELD_1_CR_1.o .\CortexM3\ARM_GCC_473\Debug\CyBootAsmGnu.o .\CortexM3\ARM_GCC_473\Debug\CyDmac.o .\CortexM3\ARM_GCC_473\Debug\CyFlash.o .\CortexM3\ARM_GCC_473\Debug\CyLib.o .\CortexM3\ARM_GCC_473\Debug\cyPm.o .\CortexM3\ARM_GCC_473\Debug\CySpc.o .\CortexM3\ARM_GCC_473\Debug\cyutils.o
arm-none-eabi-ar.exe: creating .\CortexM3\ARM_GCC_473\Debug\touchpaint.a
arm-none-eabi-gcc.exe -mthumb -march=armv7-m -mfix-cortex-m3-ldrd -T .\Generated_Source\PSoC5\cm3gcc.ld -g -Wl,-Map,.\CortexM3\ARM_GCC_473\Debug\touchpaint.map -specs=nano.specs -Wl,--gc-sections -Wl,--start-group -o .\CortexM3\ARM_GCC_473\Debug\touchpaint.elf .\CortexM3\ARM_GCC_473\Debug\main.o .\CortexM3\ARM_GCC_473\Debug\cymetadata.o .\CortexM3\ARM_GCC_473\Debug\Cm3Start.o .\CortexM3\ARM_GCC_473\Debug\touchpaint.a "C:\Program Files (x86)\Cypress\PSoC Creator\3.0\PSoC Creator\psoc\content\cycomponentlibrary\CyComponentLibrary.cylib\CortexM3\ARM_GCC_473\Debug\CyComponentLibrary.a" -Wl,--end-group
cyelftool.exe -C "C:\Users\Brian\Dropbox\RPiSoC\Projects\tft_test.Bundle01_Rev_b - touch\touchpaint.cydsn\CortexM3\ARM_GCC_473\Debug\touchpaint.elf" --flash_size 262144 --flash_row_size 256
cyelftool.exe -S "C:\Users\Brian\Dropbox\RPiSoC\Projects\tft_test.Bundle01_Rev_b - touch\touchpaint.cydsn\CortexM3\ARM_GCC_473\Debug\touchpaint.elf"
Flash used: 9990 of 262144 bytes (3.8 %).
SRAM used: 20829 of 65536 bytes (31.8 %).
--------------- Rebuild Succeeded: 06/30/2014 14:25:36 ---------------
